Information	24-11-2025 13:17:35	RFDriveFs2	1	None	"The description for Event ID 1 from source RFDriveFs2 cannot be found. Either the component that raises this event is not installed on your local computer or the installation is corrupted. You can install or repair the component on the local computer.

If the event originated on another computer, the display information had to be saved with the event.

The following information was included with the event: 

Finding mount entry; mount point = \DosDevices\C:\ShareHub\moto g85 5G.

The message resource is present but the message was not found in the message table
"
Information	24-11-2025 13:17:35	RFDriveFs2	1	None	"The description for Event ID 1 from source RFDriveFs2 cannot be found. Either the component that raises this event is not installed on your local computer or the installation is corrupted. You can install or repair the component on the local computer.

If the event originated on another computer, the display information had to be saved with the event.

The following information was included with the event: 

Ignoring keepalive close because unmount is already in progress.

The message resource is present but the message was not found in the message table
"
Information	24-11-2025 13:17:35	RFDriveFs2	1	None	"The description for Event ID 1 from source RFDriveFs2 cannot be found. Either the component that raises this event is not installed on your local computer or the installation is corrupted. You can install or repair the component on the local computer.

If the event originated on another computer, the display information had to be saved with the event.

The following information was included with the event: 

No mount entry found.

The message resource is present but the message was not found in the message table
"
Information	24-11-2025 13:17:35	RFDriveFs2	1	None	"The description for Event ID 1 from source RFDriveFs2 cannot be found. Either the component that raises this event is not installed on your local computer or the installation is corrupted. You can install or repair the component on the local computer.

If the event originated on another computer, the display information had to be saved with the event.

The following information was included with the event: 

Finding mount entry; mount point = \DosDevices\C:\ShareHub\moto g85 5G.

The message resource is present but the message was not found in the message table
"
Information	24-11-2025 13:17:35	RFDriveFs2	1	None	"The description for Event ID 1 from source RFDriveFs2 cannot be found. Either the component that raises this event is not installed on your local computer or the installation is corrupted. You can install or repair the component on the local computer.

If the event originated on another computer, the display information had to be saved with the event.

The following information was included with the event: 

Finished event release.

The message resource is present but the message was not found in the message table
"
Information	24-11-2025 13:17:35	RFDriveFs2	1	None	"The description for Event ID 1 from source RFDriveFs2 cannot be found. Either the component that raises this event is not installed on your local computer or the installation is corrupted. You can install or repair the component on the local computer.

If the event originated on another computer, the display information had to be saved with the event.

The following information was included with the event: 

Finished deleting device.

The message resource is present but the message was not found in the message table
"
Information	24-11-2025 13:17:35	RFDriveFs2	1	None	"The description for Event ID 1 from source RFDriveFs2 cannot be found. Either the component that raises this event is not installed on your local computer or the installation is corrupted. You can install or repair the component on the local computer.

If the event originated on another computer, the display information had to be saved with the event.

The following information was included with the event: 

Deleting volume device object.

The message resource is present but the message was not found in the message table
"
Information	24-11-2025 13:17:35	RFDriveFs2	1	None	"The description for Event ID 1 from source RFDriveFs2 cannot be found. Either the component that raises this event is not installed on your local computer or the installation is corrupted. You can install or repair the component on the local computer.

If the event originated on another computer, the display information had to be saved with the event.

The following information was included with the event: 

7-964f1e9f5de9}

The message resource is present but the message was not found in the message table
"
Information	24-11-2025 13:17:35	RFDriveFs2	1	None	"The description for Event ID 1 from source RFDriveFs2 cannot be found. Either the component that raises this event is not installed on your local computer or the installation is corrupted. You can install or repair the component on the local computer.

If the event originated on another computer, the display information had to be saved with the event.

The following information was included with the event: 

Mount entry found: \DosDevices\C:\ShareHub\moto g85 5G -> \Device\Volume{d6cc17c5-1734-4085-bce

The message resource is present but the message was not found in the message table
"
Information	24-11-2025 13:17:35	RFDriveFs2	1	None	"The description for Event ID 1 from source RFDriveFs2 cannot be found. Either the component that raises this event is not installed on your local computer or the installation is corrupted. You can install or repair the component on the local computer.

If the event originated on another computer, the display information had to be saved with the event.

The following information was included with the event: 

Found entry with matching device name: \Device\Volume{d6cc17c5-1734-4085-bce7-964f1e9f5de9}

The message resource is present but the message was not found in the message table
"
Information	24-11-2025 13:17:35	RFDriveFs2	1	None	"The description for Event ID 1 from source RFDriveFs2 cannot be found. Either the component that raises this event is not installed on your local computer or the installation is corrupted. You can install or repair the component on the local computer.

If the event originated on another computer, the display information had to be saved with the event.

The following information was included with the event: 

Finding mount entry; mount point = .

The message resource is present but the message was not found in the message table
"
Information	24-11-2025 13:17:35	RFDriveFs2	1	None	"The description for Event ID 1 from source RFDriveFs2 cannot be found. Either the component that raises this event is not installed on your local computer or the installation is corrupted. You can install or repair the component on the local computer.

If the event originated on another computer, the display information had to be saved with the event.

The following information was included with the event: 

Removing mount entry.

The message resource is present but the message was not found in the message table
"
Information	24-11-2025 13:17:35	RFDriveFs2	1	None	"The description for Event ID 1 from source RFDriveFs2 cannot be found. Either the component that raises this event is not installed on your local computer or the installation is corrupted. You can install or repair the component on the local computer.

If the event originated on another computer, the display information had to be saved with the event.

The following information was included with the event: 

7-964f1e9f5de9}

The message resource is present but the message was not found in the message table
"
Information	24-11-2025 13:17:35	RFDriveFs2	1	None	"The description for Event ID 1 from source RFDriveFs2 cannot be found. Either the component that raises this event is not installed on your local computer or the installation is corrupted. You can install or repair the component on the local computer.

If the event originated on another computer, the display information had to be saved with the event.

The following information was included with the event: 

Mount entry found: \DosDevices\C:\ShareHub\moto g85 5G -> \Device\Volume{d6cc17c5-1734-4085-bce

The message resource is present but the message was not found in the message table
"
Information	24-11-2025 13:17:35	RFDriveFs2	1	None	"The description for Event ID 1 from source RFDriveFs2 cannot be found. Either the component that raises this event is not installed on your local computer or the installation is corrupted. You can install or repair the component on the local computer.

If the event originated on another computer, the display information had to be saved with the event.

The following information was included with the event: 

Found entry with matching device name: \Device\Volume{d6cc17c5-1734-4085-bce7-964f1e9f5de9}

The message resource is present but the message was not found in the message table
"
Information	24-11-2025 13:17:35	RFDriveFs2	1	None	"The description for Event ID 1 from source RFDriveFs2 cannot be found. Either the component that raises this event is not installed on your local computer or the installation is corrupted. You can install or repair the component on the local computer.

If the event originated on another computer, the display information had to be saved with the event.

The following information was included with the event: 

Finding mount entry; mount point = .

The message resource is present but the message was not found in the message table
"
Information	24-11-2025 13:17:35	RFDriveFs2	1	None	"The description for Event ID 1 from source RFDriveFs2 cannot be found. Either the component that raises this event is not installed on your local computer or the installation is corrupted. You can install or repair the component on the local computer.

If the event originated on another computer, the display information had to be saved with the event.

The following information was included with the event: 

Deleting device object.

The message resource is present but the message was not found in the message table
"
Information	24-11-2025 13:17:35	RFDriveFs2	1	None	"The description for Event ID 1 from source RFDriveFs2 cannot be found. Either the component that raises this event is not installed on your local computer or the installation is corrupted. You can install or repair the component on the local computer.

If the event originated on another computer, the display information had to be saved with the event.

The following information was included with the event: 

Cleaning up all change notification waiters.

The message resource is present but the message was not found in the message table
"
Information	24-11-2025 13:17:35	RFDriveFs2	1	None	"The description for Event ID 1 from source RFDriveFs2 cannot be found. Either the component that raises this event is not installed on your local computer or the installation is corrupted. You can install or repair the component on the local computer.

If the event originated on another computer, the display information had to be saved with the event.

The following information was included with the event: 

stopFcbGarbageCollector.

The message resource is present but the message was not found in the message table
"
Information	24-11-2025 13:17:35	RFDriveFs2	1	None	"The description for Event ID 1 from source RFDriveFs2 cannot be found. Either the component that raises this event is not installed on your local computer or the installation is corrupted. You can install or repair the component on the local computer.

If the event originated on another computer, the display information had to be saved with the event.

The following information was included with the event: 

Stopping FCB garbage collector.

The message resource is present but the message was not found in the message table
"
Information	24-11-2025 13:17:35	RFDriveFs2	1	None	"The description for Event ID 1 from source RFDriveFs2 cannot be found. Either the component that raises this event is not installed on your local computer or the installation is corrupted. You can install or repair the component on the local computer.

If the event originated on another computer, the display information had to be saved with the event.

The following information was included with the event: 

Starting unmount for device ""\Device\Volume{d6cc17c5-1734-4085-bce7-964f1e9f5de9}""

The message resource is present but the message was not found in the message table
"
Information	24-11-2025 13:17:35	RFDriveFs2	1	None	"The description for Event ID 1 from source RFDriveFs2 cannot be found. Either the component that raises this event is not installed on your local computer or the installation is corrupted. You can install or repair the component on the local computer.

If the event originated on another computer, the display information had to be saved with the event.

The following information was included with the event: 

Mount manager is disabled for this device or dokan initiated deletion; ignoring.

The message resource is present but the message was not found in the message table
"
Information	24-11-2025 13:17:35	RFDriveFs2	1	None	"The description for Event ID 1 from source RFDriveFs2 cannot be found. Either the component that raises this event is not installed on your local computer or the installation is corrupted. You can install or repair the component on the local computer.

If the event originated on another computer, the display information had to be saved with the event.

The following information was included with the event: 

Link deleted: ""\??\Volume{4b881275-c908-11f0-b8ee-a529585dd75b}""

The message resource is present but the message was not found in the message table
"
Information	24-11-2025 13:17:35	RFDriveFs2	1	None	"The description for Event ID 1 from source RFDriveFs2 cannot be found. Either the component that raises this event is not installed on your local computer or the installation is corrupted. You can install or repair the component on the local computer.

If the event originated on another computer, the display information had to be saved with the event.

The following information was included with the event: 

Entered event release.

The message resource is present but the message was not found in the message table
"
Information	24-11-2025 13:17:35	RFDriveFs2	1	None	"The description for Event ID 1 from source RFDriveFs2 cannot be found. Either the component that raises this event is not installed on your local computer or the installation is corrupted. You can install or repair the component on the local computer.

If the event originated on another computer, the display information had to be saved with the event.

The following information was included with the event: 

7-964f1e9f5de9}

The message resource is present but the message was not found in the message table
"
Information	24-11-2025 13:17:35	RFDriveFs2	1	None	"The description for Event ID 1 from source RFDriveFs2 cannot be found. Either the component that raises this event is not installed on your local computer or the installation is corrupted. You can install or repair the component on the local computer.

If the event originated on another computer, the display information had to be saved with the event.

The following information was included with the event: 

Mount entry found: \DosDevices\C:\ShareHub\moto g85 5G -> \Device\Volume{d6cc17c5-1734-4085-bce

The message resource is present but the message was not found in the message table
"
Information	24-11-2025 13:17:35	RFDriveFs2	1	None	"The description for Event ID 1 from source RFDriveFs2 cannot be found. Either the component that raises this event is not installed on your local computer or the installation is corrupted. You can install or repair the component on the local computer.

If the event originated on another computer, the display information had to be saved with the event.

The following information was included with the event: 

Found entry with matching mount point.

The message resource is present but the message was not found in the message table
"
Information	24-11-2025 13:17:35	RFDriveFs2	1	None	"The description for Event ID 1 from source RFDriveFs2 cannot be found. Either the component that raises this event is not installed on your local computer or the installation is corrupted. You can install or repair the component on the local computer.

If the event originated on another computer, the display information had to be saved with the event.

The following information was included with the event: 

Finding mount entry; mount point = \DosDevices\C:\ShareHub\moto g85 5G.

The message resource is present but the message was not found in the message table
"
Warning	24-11-2025 13:16:46	Microsoft-Windows-DNS-Client	1014	(1014)	Name resolution for the name inference.location.live.net timed out after none of the configured DNS servers responded. Client PID 10108.
Warning	24-11-2025 13:16:36	Netwtw14	6062	None	6062 - Lso was triggered
Information	24-11-2025 13:16:28	Netwtw14	7021	None	7021 - Connection telemetry fields and analysis usage
Information	24-11-2025 13:16:25	Netwtw14	7021	None	7021 - Connection telemetry fields and analysis usage
Information	24-11-2025 13:16:25	Netwtw14	7021	None	7021 - Connection telemetry fields and analysis usage
Information	24-11-2025 13:16:23	Netwtw14	7021	None	7021 - Connection telemetry fields and analysis usage
Information	24-11-2025 13:16:23	Netwtw14	7021	None	7021 - Connection telemetry fields and analysis usage
Information	24-11-2025 13:16:23	Netwtw14	7021	None	7021 - Connection telemetry fields and analysis usage
Information	24-11-2025 13:16:23	Netwtw14	7021	None	7021 - Connection telemetry fields and analysis usage
Information	24-11-2025 13:16:22	Netwtw14	7021	None	7021 - Connection telemetry fields and analysis usage
Information	24-11-2025 13:16:22	Netwtw14	7021	None	7021 - Connection telemetry fields and analysis usage
Information	24-11-2025 13:16:22	Netwtw14	7021	None	7021 - Connection telemetry fields and analysis usage
Information	24-11-2025 13:16:19	Netwtw14	7021	None	7021 - Connection telemetry fields and analysis usage
Information	24-11-2025 13:16:17	Netwtw14	7021	None	7021 - Connection telemetry fields and analysis usage
Information	24-11-2025 13:16:17	Netwtw14	7021	None	7021 - Connection telemetry fields and analysis usage
Information	24-11-2025 13:13:44	Microsoft-Windows-Kernel-General	16	None	The access history in hive \??\C:\Users\gunis\AppData\Local\Packages\Microsoft.ScreenSketch_8wekyb3d8bbwe\Settings\settings.dat was cleared updating 2 keys and creating 1 modified pages.
Information	24-11-2025 13:13:43	Microsoft-Windows-Kernel-General	16	None	The access history in hive \??\C:\ProgramData\Packages\Microsoft.ScreenSketch_8wekyb3d8bbwe\S-1-5-21-2782663264-3991100608-3008750438-1001\SystemAppData\Helium\Cache\73701833180b0978_COM15.dat was cleared updating 1 keys and creating 1 modified pages.
Information	24-11-2025 13:13:43	Microsoft-Windows-Kernel-General	16	None	The access history in hive \??\C:\Users\gunis\AppData\Local\Packages\Microsoft.ScreenSketch_8wekyb3d8bbwe\SystemAppData\Helium\UserClasses.dat was cleared updating 5 keys and creating 2 modified pages.
Information	24-11-2025 13:13:43	Microsoft-Windows-Kernel-General	16	None	The access history in hive \??\C:\Users\gunis\AppData\Local\Packages\Microsoft.ScreenSketch_8wekyb3d8bbwe\SystemAppData\Helium\User.dat was cleared updating 10 keys and creating 1 modified pages.
Information	24-11-2025 13:12:40	RFDriveFs2	1	None	"The description for Event ID 1 from source RFDriveFs2 cannot be found. Either the component that raises this event is not installed on your local computer or the installation is corrupted. You can install or repair the component on the local computer.

If the event originated on another computer, the display information had to be saved with the event.

The following information was included with the event: 

Opened file with user mode dispatch blocked: ""\drive_fs_notification""

The message resource is present but the message was not found in the message table
"
Information	24-11-2025 13:12:40	RFDriveFs2	1	None	"The description for Event ID 1 from source RFDriveFs2 cannot be found. Either the component that raises this event is not installed on your local computer or the installation is corrupted. You can install or repair the component on the local computer.

If the event originated on another computer, the display information had to be saved with the event.

The following information was included with the event: 

Activating keepalive handle from process 3304.

The message resource is present but the message was not found in the message table
"
Information	24-11-2025 13:12:40	RFDriveFs2	1	None	"The description for Event ID 1 from source RFDriveFs2 cannot be found. Either the component that raises this event is not installed on your local computer or the installation is corrupted. You can install or repair the component on the local computer.

If the event originated on another computer, the display information had to be saved with the event.

The following information was included with the event: 

Opened keepalive file from process 3304.

The message resource is present but the message was not found in the message table
"
Information	24-11-2025 13:12:40	RFDriveFs2	1	None	"The description for Event ID 1 from source RFDriveFs2 cannot be found. Either the component that raises this event is not installed on your local computer or the installation is corrupted. You can install or repair the component on the local computer.

If the event originated on another computer, the display information had to be saved with the event.

The following information was included with the event: 

Opened file with user mode dispatch blocked: ""\__drive_fs_keepalive""

The message resource is present but the message was not found in the message table
"
Information	24-11-2025 13:12:40	RFDriveFs2	1	None	"The description for Event ID 1 from source RFDriveFs2 cannot be found. Either the component that raises this event is not installed on your local computer or the installation is corrupted. You can install or repair the component on the local computer.

If the event originated on another computer, the display information had to be saved with the event.

The following information was included with the event: 

Finished event start with status 1 and flags: 0

The message resource is present but the message was not found in the message table
"
Information	24-11-2025 13:12:40	RFDriveFs2	1	None	"The description for Event ID 1 from source RFDriveFs2 cannot be found. Either the component that raises this event is not installed on your local computer or the installation is corrupted. You can install or repair the component on the local computer.

If the event originated on another computer, the display information had to be saved with the event.

The following information was included with the event: 

Handle created before IOCTL_EVENT_WAIT for file ""\$Extend\$Reparse:$R:$INDEX_ALLOCATION""

The message resource is present but the message was not found in the message table
"
Information	24-11-2025 13:12:40	RFDriveFs2	1	None	"The description for Event ID 1 from source RFDriveFs2 cannot be found. Either the component that raises this event is not installed on your local computer or the installation is corrupted. You can install or repair the component on the local computer.

If the event originated on another computer, the display information had to be saved with the event.

The following information was included with the event: 

7-964f1e9f5de9}

The message resource is present but the message was not found in the message table
"
Information	24-11-2025 13:12:40	RFDriveFs2	1	None	"The description for Event ID 1 from source RFDriveFs2 cannot be found. Either the component that raises this event is not installed on your local computer or the installation is corrupted. You can install or repair the component on the local computer.

If the event originated on another computer, the display information had to be saved with the event.

The following information was included with the event: 

Mount entry found: \DosDevices\C:\ShareHub\moto g85 5G -> \Device\Volume{d6cc17c5-1734-4085-bce

The message resource is present but the message was not found in the message table
"
Information	24-11-2025 13:12:40	RFDriveFs2	1	None	"The description for Event ID 1 from source RFDriveFs2 cannot be found. Either the component that raises this event is not installed on your local computer or the installation is corrupted. You can install or repair the component on the local computer.

If the event originated on another computer, the display information had to be saved with the event.

The following information was included with the event: 

Found entry with matching mount point.

The message resource is present but the message was not found in the message table
"
Information	24-11-2025 13:12:40	RFDriveFs2	1	None	"The description for Event ID 1 from source RFDriveFs2 cannot be found. Either the component that raises this event is not installed on your local computer or the installation is corrupted. You can install or repair the component on the local computer.

If the event originated on another computer, the display information had to be saved with the event.

The following information was included with the event: 

Finding mount entry; mount point = \DosDevices\C:\ShareHub\moto g85 5G.

The message resource is present but the message was not found in the message table
"
Information	24-11-2025 13:12:40	RFDriveFs2	1	None	"The description for Event ID 1 from source RFDriveFs2 cannot be found. Either the component that raises this event is not installed on your local computer or the installation is corrupted. You can install or repair the component on the local computer.

If the event originated on another computer, the display information had to be saved with the event.

The following information was included with the event: 

Mounting successfully done.

The message resource is present but the message was not found in the message table
"
Information	24-11-2025 13:12:40	RFDriveFs2	1	None	"The description for Event ID 1 from source RFDriveFs2 cannot be found. Either the component that raises this event is not installed on your local computer or the installation is corrupted. You can install or repair the component on the local computer.

If the event originated on another computer, the display information had to be saved with the event.

The following information was included with the event: 

Link created: ""\??\Volume{4b881275-c908-11f0-b8ee-a529585dd75b}""

The message resource is present but the message was not found in the message table
"
Information	24-11-2025 13:12:40	RFDriveFs2	1	None	"The description for Event ID 1 from source RFDriveFs2 cannot be found. Either the component that raises this event is not installed on your local computer or the installation is corrupted. You can install or repair the component on the local computer.

If the event originated on another computer, the display information had to be saved with the event.

The following information was included with the event: 

 5G""

The message resource is present but the message was not found in the message table
"
Information	24-11-2025 13:12:40	RFDriveFs2	1	None	"The description for Event ID 1 from source RFDriveFs2 cannot be found. Either the component that raises this event is not installed on your local computer or the installation is corrupted. You can install or repair the component on the local computer.

If the event originated on another computer, the display information had to be saved with the event.

The following information was included with the event: 

Not suggesting link name due to non-drive-letter mount point: ""\DosDevices\C:\ShareHub\moto g85

The message resource is present but the message was not found in the message table
"
Information	24-11-2025 13:12:40	RFDriveFs2	1	None	"The description for Event ID 1 from source RFDriveFs2 cannot be found. Either the component that raises this event is not installed on your local computer or the installation is corrupted. You can install or repair the component on the local computer.

If the event originated on another computer, the display information had to be saved with the event.

The following information was included with the event: 

Mount manager is querying for desired drive letter. ForceDriveLetterAutoAssignment = 0

The message resource is present but the message was not found in the message table
"
Information	24-11-2025 13:12:40	RFDriveFs2	1	None	"The description for Event ID 1 from source RFDriveFs2 cannot be found. Either the component that raises this event is not installed on your local computer or the installation is corrupted. You can install or repair the component on the local computer.

If the event originated on another computer, the display information had to be saved with the event.

The following information was included with the event: 

7-964f1e9f5de9}

The message resource is present but the message was not found in the message table
"
Information	24-11-2025 13:12:40	RFDriveFs2	1	None	"The description for Event ID 1 from source RFDriveFs2 cannot be found. Either the component that raises this event is not installed on your local computer or the installation is corrupted. You can install or repair the component on the local computer.

If the event originated on another computer, the display information had to be saved with the event.

The following information was included with the event: 

Mount entry found: \DosDevices\C:\ShareHub\moto g85 5G -> \Device\Volume{d6cc17c5-1734-4085-bce

The message resource is present but the message was not found in the message table
"
Information	24-11-2025 13:12:40	RFDriveFs2	1	None	"The description for Event ID 1 from source RFDriveFs2 cannot be found. Either the component that raises this event is not installed on your local computer or the installation is corrupted. You can install or repair the component on the local computer.

If the event originated on another computer, the display information had to be saved with the event.

The following information was included with the event: 

Starting FCB garbage collector with 2000 ms interval.

The message resource is present but the message was not found in the message table
"
Information	24-11-2025 13:12:40	RFDriveFs2	1	None	"The description for Event ID 1 from source RFDriveFs2 cannot be found. Either the component that raises this event is not installed on your local computer or the installation is corrupted. You can install or repair the component on the local computer.

If the event originated on another computer, the display information had to be saved with the event.

The following information was included with the event: 

Found entry with matching device name: \Device\Volume{d6cc17c5-1734-4085-bce7-964f1e9f5de9}

The message resource is present but the message was not found in the message table
"
Information	24-11-2025 13:12:40	RFDriveFs2	1	None	"The description for Event ID 1 from source RFDriveFs2 cannot be found. Either the component that raises this event is not installed on your local computer or the installation is corrupted. You can install or repair the component on the local computer.

If the event originated on another computer, the display information had to be saved with the event.

The following information was included with the event: 

Finding mount entry; mount point = .

The message resource is present but the message was not found in the message table
"
Information	24-11-2025 13:12:40	RFDriveFs2	1	None	"The description for Event ID 1 from source RFDriveFs2 cannot be found. Either the component that raises this event is not installed on your local computer or the installation is corrupted. You can install or repair the component on the local computer.

If the event originated on another computer, the display information had to be saved with the event.

The following information was included with the event: 

6cc17c5-1734-4085-bce7-964f1e9f5de9}""

The message resource is present but the message was not found in the message table
"
Information	24-11-2025 13:12:40	RFDriveFs2	1	None	"The description for Event ID 1 from source RFDriveFs2 cannot be found. Either the component that raises this event is not installed on your local computer or the installation is corrupted. You can install or repair the component on the local computer.

If the event originated on another computer, the display information had to be saved with the event.

The following information was included with the event: 

Mounting volume using MountPoint ""\DosDevices\C:\ShareHub\moto g85 5G"" device ""\Device\Volume{d

The message resource is present but the message was not found in the message table
"
Information	24-11-2025 13:12:40	RFDriveFs2	1	None	"The description for Event ID 1 from source RFDriveFs2 cannot be found. Either the component that raises this event is not installed on your local computer or the installation is corrupted. You can install or repair the component on the local computer.

If the event originated on another computer, the display information had to be saved with the event.

The following information was included with the event: 

Event start using mount ID: 1; device name: \Volume{d6cc17c5-1734-4085-bce7-964f1e9f5de9}.

The message resource is present but the message was not found in the message table
"
Information	24-11-2025 13:12:40	RFDriveFs2	1	None	"The description for Event ID 1 from source RFDriveFs2 cannot be found. Either the component that raises this event is not installed on your local computer or the installation is corrupted. You can install or repair the component on the local computer.

If the event originated on another computer, the display information had to be saved with the event.

The following information was included with the event: 

Inserted new mount entry.

The message resource is present but the message was not found in the message table
"
Information	24-11-2025 13:12:40	RFDriveFs2	1	None	"The description for Event ID 1 from source RFDriveFs2 cannot be found. Either the component that raises this event is not installed on your local computer or the installation is corrupted. You can install or repair the component on the local computer.

If the event originated on another computer, the display information had to be saved with the event.

The following information was included with the event: 

ume{d6cc17c5-1734-4085-bce7-964f1e9f5de9}"" created

The message resource is present but the message was not found in the message table
"
Information	24-11-2025 13:12:40	RFDriveFs2	1	None	"The description for Event ID 1 from source RFDriveFs2 cannot be found. Either the component that raises this event is not installed on your local computer or the installation is corrupted. You can install or repair the component on the local computer.

If the event originated on another computer, the display information had to be saved with the event.

The following information was included with the event: 

SymbolicLink: ""\DosDevices\Global\Volume{d6cc17c5-1734-4085-bce7-964f1e9f5de9}"" -> ""\Device\Vol

The message resource is present but the message was not found in the message table
"
Information	24-11-2025 13:12:40	RFDriveFs2	1	None	"The description for Event ID 1 from source RFDriveFs2 cannot be found. Either the component that raises this event is not installed on your local computer or the installation is corrupted. You can install or repair the component on the local computer.

If the event originated on another computer, the display information had to be saved with the event.

The following information was included with the event: 

ShareHub\moto g85 5G""; type: 8

The message resource is present but the message was not found in the message table
"
Information	24-11-2025 13:12:40	RFDriveFs2	1	None	"The description for Event ID 1 from source RFDriveFs2 cannot be found. Either the component that raises this event is not installed on your local computer or the installation is corrupted. You can install or repair the component on the local computer.

If the event originated on another computer, the display information had to be saved with the event.

The following information was included with the event: 

\DosDevices\Global\Volume{d6cc17c5-1734-4085-bce7-964f1e9f5de9}""; mount point: ""\DosDevices\C:\

The message resource is present but the message was not found in the message table
"
Information	24-11-2025 13:12:40	RFDriveFs2	1	None	"The description for Event ID 1 from source RFDriveFs2 cannot be found. Either the component that raises this event is not installed on your local computer or the installation is corrupted. You can install or repair the component on the local computer.

If the event originated on another computer, the display information had to be saved with the event.

The following information was included with the event: 

disk device name: ""\Device\Volume{d6cc17c5-1734-4085-bce7-964f1e9f5de9}""; symbolic link name: ""

The message resource is present but the message was not found in the message table
"
Information	24-11-2025 13:12:40	RFDriveFs2	1	None	"The description for Event ID 1 from source RFDriveFs2 cannot be found. Either the component that raises this event is not installed on your local computer or the installation is corrupted. You can install or repair the component on the local computer.

If the event originated on another computer, the display information had to be saved with the event.

The following information was included with the event: 

Creating disk device; mount point = C:\ShareHub\moto g85 5G; mount ID = 1l

The message resource is present but the message was not found in the message table
"
Information	24-11-2025 13:12:40	RFDriveFs2	1	None	"The description for Event ID 1 from source RFDriveFs2 cannot be found. Either the component that raises this event is not installed on your local computer or the installation is corrupted. You can install or repair the component on the local computer.

If the event originated on another computer, the display information had to be saved with the event.

The following information was included with the event: 

No mount entry found.

The message resource is present but the message was not found in the message table
"
Information	24-11-2025 13:12:40	RFDriveFs2	1	None	"The description for Event ID 1 from source RFDriveFs2 cannot be found. Either the component that raises this event is not installed on your local computer or the installation is corrupted. You can install or repair the component on the local computer.

If the event originated on another computer, the display information had to be saved with the event.

The following information was included with the event: 

Finding mount entry; mount point = \DosDevices\C:\ShareHub\moto g85 5G.

The message resource is present but the message was not found in the message table
"
Information	24-11-2025 13:12:40	RFDriveFs2	1	None	"The description for Event ID 1 from source RFDriveFs2 cannot be found. Either the component that raises this event is not installed on your local computer or the installation is corrupted. You can install or repair the component on the local computer.

If the event originated on another computer, the display information had to be saved with the event.

The following information was included with the event: 

Entered event start.

The message resource is present but the message was not found in the message table
"
Information	24-11-2025 13:12:34	Microsoft-Windows-DeviceAssociationService	2500	(7000)	Device Association (Pairing) Succeeded.
Information	24-11-2025 13:12:34	Service Control Manager	7040	None	The start type of the Device Association Service service was changed from demand start to auto start.
Error	24-11-2025 13:11:47	Microsoft-Windows-TPM-WMI	1801	None	"Secure Boot CA/keys need to be updated. This device signature information is included here.
DeviceAttributes: FirmwareVersion:LTCN33WW;OEMManufacturerName:LENOVO;OEMModelSKU:LENOVO_MT_83EM_BU_idea_FM_IdeaPad Slim 3 15IRH8;OSArchitecture:amd64;
BucketId: 19f5521a9a11b038ff2fbabfc2e3398b7331dde01e995bceb019686a7da0c8d3
BucketConfidenceLevel: 
UpdateType: 0
HResult: The operation completed successfully."
Warning	24-11-2025 13:11:12	Microsoft-Windows-DNS-Client	1014	(1014)	Name resolution for the name data-ai.microsoft.com timed out after none of the configured DNS servers responded. Client PID 24556.
Information	24-11-2025 13:11:08	Netwtw14	7021	None	7021 - Connection telemetry fields and analysis usage
Information	24-11-2025 13:11:08	Netwtw14	7021	None	7021 - Connection telemetry fields and analysis usage
Information	24-11-2025 13:11:07	Netwtw14	7021	None	7021 - Connection telemetry fields and analysis usage
Information	24-11-2025 13:11:06	Netwtw14	7021	None	7021 - Connection telemetry fields and analysis usage
Information	24-11-2025 13:11:06	Netwtw14	7021	None	7021 - Connection telemetry fields and analysis usage
Information	24-11-2025 13:11:05	Netwtw14	7021	None	7021 - Connection telemetry fields and analysis usage
Information	24-11-2025 13:11:05	Netwtw14	7021	None	7021 - Connection telemetry fields and analysis usage
Information	24-11-2025 13:11:04	Netwtw14	7021	None	7021 - Connection telemetry fields and analysis usage
Information	24-11-2025 13:11:04	Netwtw14	7021	None	7021 - Connection telemetry fields and analysis usage
Information	24-11-2025 13:11:04	Netwtw14	7021	None	7021 - Connection telemetry fields and analysis usage
Information	24-11-2025 13:11:03	Netwtw14	7021	None	7021 - Connection telemetry fields and analysis usage
Information	24-11-2025 13:11:03	Netwtw14	7021	None	7021 - Connection telemetry fields and analysis usage
Information	24-11-2025 13:11:03	Netwtw14	7021	None	7021 - Connection telemetry fields and analysis usage
Information	24-11-2025 13:11:03	Netwtw14	7021	None	7021 - Connection telemetry fields and analysis usage
Information	24-11-2025 13:11:02	Netwtw14	7021	None	7021 - Connection telemetry fields and analysis usage
Information	24-11-2025 13:11:02	Netwtw14	7021	None	7021 - Connection telemetry fields and analysis usage
Information	24-11-2025 13:11:02	Netwtw14	7021	None	7021 - Connection telemetry fields and analysis usage
Information	24-11-2025 13:11:02	Netwtw14	7021	None	7021 - Connection telemetry fields and analysis usage
Information	24-11-2025 13:11:02	Netwtw14	7021	None	7021 - Connection telemetry fields and analysis usage
Information	24-11-2025 13:11:01	Netwtw14	7021	None	7021 - Connection telemetry fields and analysis usage
Warning	24-11-2025 13:10:50	Microsoft-Windows-DNS-Client	1014	(1014)	Name resolution for the name mtalk.google.com timed out after none of the configured DNS servers responded. Client PID 22000.
Information	24-11-2025 13:10:47	Netwtw14	7003	None	7003 - Roam Complete
Information	24-11-2025 13:10:47	Netwtw14	7021	None	7021 - Connection telemetry fields and analysis usage
Information	24-11-2025 13:10:47	Netwtw14	7021	None	7021 - Connection telemetry fields and analysis usage
Information	24-11-2025 13:10:47	Netwtw14	7021	None	7021 - Connection telemetry fields and analysis usage
Information	24-11-2025 13:10:47	Netwtw14	7021	None	7021 - Connection telemetry fields and analysis usage
Information	24-11-2025 13:10:46	Netwtw14	7021	None	7021 - Connection telemetry fields and analysis usage
Information	24-11-2025 13:10:46	Netwtw14	7021	None	7021 - Connection telemetry fields and analysis usage
Information	24-11-2025 13:10:46	Netwtw14	7021	None	7021 - Connection telemetry fields and analysis usage
Information	24-11-2025 13:10:45	Netwtw14	7021	None	7021 - Connection telemetry fields and analysis usage
Information	24-11-2025 13:10:45	Netwtw14	7021	None	7021 - Connection telemetry fields and analysis usage
Information	24-11-2025 13:10:45	Netwtw14	7021	None	7021 - Connection telemetry fields and analysis usage
Information	24-11-2025 13:10:45	Netwtw14	7021	None	7021 - Connection telemetry fields and analysis usage
Information	24-11-2025 13:10:44	Netwtw14	7021	None	7021 - Connection telemetry fields and analysis usage
Information	24-11-2025 13:10:44	Netwtw14	7021	None	7021 - Connection telemetry fields and analysis usage
Information	24-11-2025 13:10:42	Netwtw14	7021	None	7021 - Connection telemetry fields and analysis usage
Information	24-11-2025 13:10:36	Netwtw14	7021	None	7021 - Connection telemetry fields and analysis usage
Information	24-11-2025 13:10:36	Netwtw14	7021	None	7021 - Connection telemetry fields and analysis usage
Information	24-11-2025 13:10:35	Netwtw14	7021	None	7021 - Connection telemetry fields and analysis usage
Information	24-11-2025 13:10:34	Netwtw14	7021	None	7021 - Connection telemetry fields and analysis usage
Information	24-11-2025 13:10:33	Netwtw14	7021	None	7021 - Connection telemetry fields and analysis usage
Information	24-11-2025 13:10:33	Netwtw14	7021	None	7021 - Connection telemetry fields and analysis usage
Information	24-11-2025 13:10:30	Microsoft-Windows-IsolatedUserMode	5	None	Secure Trustlet NULL Id 0 and Pid 0 started with status STATUS_SUCCESS.
Information	24-11-2025 13:10:26	Netwtw14	7021	None	7021 - Connection telemetry fields and analysis usage
Information	24-11-2025 13:10:24	Netwtw14	7021	None	7021 - Connection telemetry fields and analysis usage
Information	24-11-2025 13:10:24	Netwtw14	7021	None	7021 - Connection telemetry fields and analysis usage
Information	24-11-2025 13:10:23	Netwtw14	7021	None	7021 - Connection telemetry fields and analysis usage
Information	24-11-2025 13:10:22	Netwtw14	7021	None	7021 - Connection telemetry fields and analysis usage
Information	24-11-2025 13:10:22	Netwtw14	7021	None	7021 - Connection telemetry fields and analysis usage
Information	24-11-2025 13:10:22	Netwtw14	7021	None	7021 - Connection telemetry fields and analysis usage
Information	24-11-2025 13:10:11	Microsoft-Windows-DeviceAssociationService	2500	(7000)	Device Association (Pairing) Succeeded.
Information	24-11-2025 13:10:10	BTHUSB	8	None	The remote adapter (cc:a5:a2:3e:62:90) successfully paired with the local adapter.
Warning	24-11-2025 13:09:48	Microsoft-Windows-DistributedCOM	10016	None	"The machine-default permission settings do not grant Local Activation permission for the COM Server application with CLSID 
{C2F03A33-21F5-47FA-B4BB-156362A2F239}
 and APPID 
{316CDED5-E4AE-4B15-9113-7055D84DCC97}
 to the user NT AUTHORITY\LOCAL SERVICE SID (S-1-5-19) from address LocalHost (Using LRPC) running in the application container Unavailable SID (Unavailable). This security permission can be modified using the Component Services administrative tool."
Warning	24-11-2025 13:09:48	Microsoft-Windows-DistributedCOM	10016	None	"The application-specific permission settings do not grant Local Activation permission for the COM Server application with CLSID 
{6B3B8D23-FA8D-40B9-8DBD-B950333E2C52}
 and APPID 
{4839DDB7-58C2-48F5-8283-E1D1807D0D7D}
 to the user NT AUTHORITY\LOCAL SERVICE SID (S-1-5-19) from address LocalHost (Using LRPC) running in the application container Unavailable SID (Unavailable). This security permission can be modified using the Component Services administrative tool."
Warning	24-11-2025 13:09:48	Microsoft-Windows-DistributedCOM	10016	None	"The machine-default permission settings do not grant Local Activation permission for the COM Server application with CLSID 
{C2F03A33-21F5-47FA-B4BB-156362A2F239}
 and APPID 
{316CDED5-E4AE-4B15-9113-7055D84DCC97}
 to the user NT AUTHORITY\LOCAL SERVICE SID (S-1-5-19) from address LocalHost (Using LRPC) running in the application container Unavailable SID (Unavailable). This security permission can be modified using the Component Services administrative tool."
Warning	24-11-2025 13:09:48	Microsoft-Windows-DistributedCOM	10016	None	"The application-specific permission settings do not grant Local Activation permission for the COM Server application with CLSID 
{6B3B8D23-FA8D-40B9-8DBD-B950333E2C52}
 and APPID 
{4839DDB7-58C2-48F5-8283-E1D1807D0D7D}
 to the user NT AUTHORITY\LOCAL SERVICE SID (S-1-5-19) from address LocalHost (Using LRPC) running in the application container Unavailable SID (Unavailable). This security permission can be modified using the Component Services administrative tool."
Information	24-11-2025 13:09:44	BTHUSB	18	None	Windows cannot store Bluetooth authentication codes (link keys) on the local adapter. Bluetooth keyboards might not work in the system BIOS during startup.
Warning	24-11-2025 13:09:13	Microsoft-Windows-DNS-Client	1014	(1014)	Name resolution for the name v10.events.data.microsoft.com timed out after none of the configured DNS servers responded. Client PID 4564.
Error	24-11-2025 13:09:03	Schannel	36882	None	"The certificate received from the remote server was issued by an untrusted certificate authority. Because of this, none of the data contained in the certificate can be validated. The TLS connection request has failed. The attached data contains the server certificate.
 The SSPI client process is svchost[WpnService] (PID: 4832)."
