Information	18-11-2025 21:39:13	Intel-SST-OED	28	This task logs error codes to system event log.	Library is not supported in BIOS: \??\C:\Windows\System32\DriverStore\FileRepository\intcoed_oemlibpath.inf_amd64_2e7cef2f8051560b\adl_rtkdrc_lib.bin, status = The request is not supported..
Information	18-11-2025 21:39:13	Intel-SST-OED	29	This task logs error codes to system event log.	FX module is not supported in BIOS:  {bb303551-0914-4d56-a3ff-20955c598a8f} from \??\C:\Windows\System32\DriverStore\FileRepository\intcoed_oemlibpath.inf_amd64_2e7cef2f8051560b\adl_rtkdrc_lib.bin.
Information	18-11-2025 21:39:13	Intel-SST-OED	28	This task logs error codes to system event log.	Library is not supported in BIOS: \??\C:\Windows\System32\DriverStore\FileRepository\intcoed_oemlibpath.inf_amd64_2e7cef2f8051560b\adl_nahimic_lib.bin, status = The request is not supported..
Information	18-11-2025 21:39:13	Intel-SST-OED	29	This task logs error codes to system event log.	FX module is not supported in BIOS:  {6522c274-b55b-41d7-8363-49cfe2e10580} from \??\C:\Windows\System32\DriverStore\FileRepository\intcoed_oemlibpath.inf_amd64_2e7cef2f8051560b\adl_nahimic_lib.bin.
Information	18-11-2025 21:39:13	Intel-SST-OED	28	This task logs error codes to system event log.	Library is not supported in BIOS: \??\C:\Windows\System32\DriverStore\FileRepository\intcoed_oemlibpath.inf_amd64_2e7cef2f8051560b\adl_cirrusaec_lib.bin, status = The request is not supported..
Information	18-11-2025 21:39:13	Intel-SST-OED	29	This task logs error codes to system event log.	FX module is not supported in BIOS:  {29606035-3bf7-4e96-a613-ca8c90022652} from \??\C:\Windows\System32\DriverStore\FileRepository\intcoed_oemlibpath.inf_amd64_2e7cef2f8051560b\adl_cirrusaec_lib.bin.
Information	18-11-2025 21:39:13	Intel-SST-OED	28	This task logs error codes to system event log.	Library is not supported in BIOS: \??\C:\Windows\System32\DriverStore\FileRepository\intcoed_oemlibpath.inf_amd64_2e7cef2f8051560b\adl_bandcalc_lib.bin, status = The request is not supported..
Information	18-11-2025 21:39:13	Intel-SST-OED	29	This task logs error codes to system event log.	FX module is not supported in BIOS:  {7cc564a1-e702-4876-9511-6e9e2f208007} from \??\C:\Windows\System32\DriverStore\FileRepository\intcoed_oemlibpath.inf_amd64_2e7cef2f8051560b\adl_bandcalc_lib.bin.
Information	18-11-2025 21:39:13	MEIx64	2	None	Intel(R) Management Engine Interface driver has started successfully.
Information	18-11-2025 21:39:13	Microsoft-Windows-Kernel-Power	521	(220)	Active battery count change.
Information	18-11-2025 21:39:12	Microsoft-Windows-Kernel-Power	521	(220)	Active battery count change.
Information	18-11-2025 21:39:12	Microsoft-Windows-Kernel-General	24	(11)	The time zone information was refreshed with exit reason 0. Current time zone bias is -330.
Information	18-11-2025 21:39:11	Netwtw14	7018	None	7018 - secure boot (SB4) configuration
Information	18-11-2025 21:39:11	Netwtw14	7017	None	7017 - secure boot (SB) configuration
Information	18-11-2025 21:39:11	Microsoft-Windows-Ntfs	98	None	Volume \\?\Volume{62de1141-d3e0-4619-a2fd-2ddc31761ed3} (\Device\HarddiskVolume5) is healthy.  No action is needed.
Information	18-11-2025 21:39:11	Netwtw14	7010	None	7010 - driver enabled (miniport init)
Information	18-11-2025 21:39:11	Microsoft-Windows-Kernel-Processor-Power	55	(47)	"Processor 15 in group 0 exposes the following power management capabilities:

Idle state type: Micro Power Engine Plugin (11 state(s))

Performance state type: ACPI Collaborative Processor Performance Control
Nominal Frequency (MHz): 2400
Maximum performance percentage: 150
Minimum performance percentage: 58
Minimum throttle percentage: 4"
Information	18-11-2025 21:39:11	Netwtw14	7002	None	7002 - CTDP power limit value (SPLC)
Information	18-11-2025 21:39:11	Netwtw14	7005	None	7005 - SAR value max TX power (WRDS)
Information	18-11-2025 21:39:11	Microsoft-Windows-Kernel-Processor-Power	55	(47)	"Processor 14 in group 0 exposes the following power management capabilities:

Idle state type: Micro Power Engine Plugin (11 state(s))

Performance state type: ACPI Collaborative Processor Performance Control
Nominal Frequency (MHz): 2400
Maximum performance percentage: 150
Minimum performance percentage: 54
Minimum throttle percentage: 4"
Information	18-11-2025 21:39:11	Microsoft-Windows-Kernel-Processor-Power	55	(47)	"Processor 13 in group 0 exposes the following power management capabilities:

Idle state type: Micro Power Engine Plugin (11 state(s))

Performance state type: ACPI Collaborative Processor Performance Control
Nominal Frequency (MHz): 2400
Maximum performance percentage: 150
Minimum performance percentage: 54
Minimum throttle percentage: 4"
Information	18-11-2025 21:39:11	Microsoft-Windows-Kernel-Processor-Power	55	(47)	"Processor 12 in group 0 exposes the following power management capabilities:

Idle state type: Micro Power Engine Plugin (11 state(s))

Performance state type: ACPI Collaborative Processor Performance Control
Nominal Frequency (MHz): 2400
Maximum performance percentage: 150
Minimum performance percentage: 54
Minimum throttle percentage: 4"
Information	18-11-2025 21:39:11	Microsoft-Windows-Kernel-Processor-Power	55	(47)	"Processor 11 in group 0 exposes the following power management capabilities:

Idle state type: Micro Power Engine Plugin (11 state(s))

Performance state type: ACPI Collaborative Processor Performance Control
Nominal Frequency (MHz): 2400
Maximum performance percentage: 200
Minimum performance percentage: 56
Minimum throttle percentage: 3"
Information	18-11-2025 21:39:11	Microsoft-Windows-Kernel-Processor-Power	55	(47)	"Processor 10 in group 0 exposes the following power management capabilities:

Idle state type: Micro Power Engine Plugin (11 state(s))

Performance state type: ACPI Collaborative Processor Performance Control
Nominal Frequency (MHz): 2400
Maximum performance percentage: 200
Minimum performance percentage: 56
Minimum throttle percentage: 3"
Information	18-11-2025 21:39:11	Microsoft-Windows-Kernel-Processor-Power	55	(47)	"Processor 9 in group 0 exposes the following power management capabilities:

Idle state type: Micro Power Engine Plugin (11 state(s))

Performance state type: ACPI Collaborative Processor Performance Control
Nominal Frequency (MHz): 2400
Maximum performance percentage: 200
Minimum performance percentage: 56
Minimum throttle percentage: 3"
Information	18-11-2025 21:39:11	Microsoft-Windows-Kernel-Processor-Power	55	(47)	"Processor 8 in group 0 exposes the following power management capabilities:

Idle state type: Micro Power Engine Plugin (11 state(s))

Performance state type: ACPI Collaborative Processor Performance Control
Nominal Frequency (MHz): 2400
Maximum performance percentage: 200
Minimum performance percentage: 56
Minimum throttle percentage: 3"
Information	18-11-2025 21:39:11	Microsoft-Windows-Kernel-Processor-Power	55	(47)	"Processor 7 in group 0 exposes the following power management capabilities:

Idle state type: Micro Power Engine Plugin (11 state(s))

Performance state type: ACPI Collaborative Processor Performance Control
Nominal Frequency (MHz): 2400
Maximum performance percentage: 210
Minimum performance percentage: 56
Minimum throttle percentage: 3"
Information	18-11-2025 21:39:11	Microsoft-Windows-Kernel-Processor-Power	55	(47)	"Processor 6 in group 0 exposes the following power management capabilities:

Idle state type: Micro Power Engine Plugin (11 state(s))

Performance state type: ACPI Collaborative Processor Performance Control
Nominal Frequency (MHz): 2400
Maximum performance percentage: 210
Minimum performance percentage: 56
Minimum throttle percentage: 3"
Information	18-11-2025 21:39:11	Microsoft-Windows-Kernel-Processor-Power	55	(47)	"Processor 5 in group 0 exposes the following power management capabilities:

Idle state type: Micro Power Engine Plugin (11 state(s))

Performance state type: ACPI Collaborative Processor Performance Control
Nominal Frequency (MHz): 2400
Maximum performance percentage: 210
Minimum performance percentage: 56
Minimum throttle percentage: 3"
Information	18-11-2025 21:39:11	Microsoft-Windows-Kernel-Processor-Power	55	(47)	"Processor 4 in group 0 exposes the following power management capabilities:

Idle state type: Micro Power Engine Plugin (11 state(s))

Performance state type: ACPI Collaborative Processor Performance Control
Nominal Frequency (MHz): 2400
Maximum performance percentage: 210
Minimum performance percentage: 56
Minimum throttle percentage: 3"
Information	18-11-2025 21:39:11	Microsoft-Windows-Kernel-Processor-Power	55	(47)	"Processor 3 in group 0 exposes the following power management capabilities:

Idle state type: Micro Power Engine Plugin (11 state(s))

Performance state type: ACPI Collaborative Processor Performance Control
Nominal Frequency (MHz): 2400
Maximum performance percentage: 200
Minimum performance percentage: 60
Minimum throttle percentage: 3"
Information	18-11-2025 21:39:11	Microsoft-Windows-Kernel-Processor-Power	55	(47)	"Processor 2 in group 0 exposes the following power management capabilities:

Idle state type: Micro Power Engine Plugin (11 state(s))

Performance state type: ACPI Collaborative Processor Performance Control
Nominal Frequency (MHz): 2400
Maximum performance percentage: 200
Minimum performance percentage: 56
Minimum throttle percentage: 3"
Information	18-11-2025 21:39:11	Microsoft-Windows-Kernel-Processor-Power	55	(47)	"Processor 1 in group 0 exposes the following power management capabilities:

Idle state type: Micro Power Engine Plugin (11 state(s))

Performance state type: ACPI Collaborative Processor Performance Control
Nominal Frequency (MHz): 2400
Maximum performance percentage: 200
Minimum performance percentage: 56
Minimum throttle percentage: 3"
Information	18-11-2025 21:39:11	Microsoft-Windows-Kernel-Processor-Power	55	(47)	"Processor 0 in group 0 exposes the following power management capabilities:

Idle state type: Micro Power Engine Plugin (11 state(s))

Performance state type: ACPI Collaborative Processor Performance Control
Nominal Frequency (MHz): 2400
Maximum performance percentage: 200
Minimum performance percentage: 56
Minimum throttle percentage: 3"
Information	18-11-2025 21:39:11	Netwtw14	7027	None	7027 - get Nic Manufacturere on init
Information	18-11-2025 21:39:11	Netwtw14	7029	None	7029 - Driver initialization
Information	18-11-2025 21:39:11	Netwtw14	7036	None	The \Device\NDMP1 service entered the Intel(R) Wi-Fi 6 AX203 state.
Warning	18-11-2025 21:39:11	Microsoft-Windows-Kernel-PnP	219	(212)	"The driver \Driver\WUDFRd failed to load.
Device: ROOT\SYSTEM\0002
Status: 0xC0000365"
Information	18-11-2025 21:39:11	Microsoft-Windows-DriverFrameworks-UserMode	10118	Startup of the UMDF reflector	UMDF reflector is unable to connect to service control manager (SCM). This is expected during boot, when SCM has not started yet. Will retry when it starts.
Warning	18-11-2025 21:39:11	Microsoft-Windows-Kernel-PnP	219	(212)	"The driver \Driver\WUDFRd failed to load.
Device: ROOT\SYSTEM\0001
Status: 0xC0000365"
Information	18-11-2025 21:39:11	Microsoft-Windows-DriverFrameworks-UserMode	10118	Startup of the UMDF reflector	UMDF reflector is unable to connect to service control manager (SCM). This is expected during boot, when SCM has not started yet. Will retry when it starts.
Warning	18-11-2025 21:39:10	Microsoft-Windows-Kernel-PnP	219	(212)	"The driver \Driver\WUDFRd failed to load.
Device: PCI\VEN_8086&DEV_A71D&SUBSYS_381D17AA&REV_00\3&11583659&1&20
Status: 0xC0000365"
Information	18-11-2025 21:39:10	Microsoft-Windows-DriverFrameworks-UserMode	10118	Startup of the UMDF reflector	UMDF reflector is unable to connect to service control manager (SCM). This is expected during boot, when SCM has not started yet. Will retry when it starts.
Information	18-11-2025 21:39:09	Microsoft-Windows-Kernel-Power	125	(86)	"ACPI thermal zone \_TZ.TZ00 has been enumerated.             
_PSV = 0K             
_TC1 = 0             
_TC2 = 0             
_TSP = 0ms             
_AC0 = 373K             
_AC1 = 328K             
_AC2 = 323K             
_AC3 = 318K             
_AC4 = 313K             
_AC5 = 0K             
_AC6 = 0K             
_AC7 = 0K             
_AC8 = 0K             
_AC9 = 0K             
_CRT = 378K             
_HOT = 0K             
minimum throttle = 0             
_CR3 = 0K"
Information	18-11-2025 21:39:09	googlehaxm	4	None	"The description for Event ID 4 from source googlehaxm cannot be found. Either the component that raises this event is not installed on your local computer or the installation is corrupted. You can install or repair the component on the local computer.

If the event originated on another computer, the display information had to be saved with the event.

The following information was included with the event: 


The message resource is present but the message was not found in the message table
"
Information	18-11-2025 21:39:09	Microsoft-Windows-FilterManager	6	None	File System Filter 'npsvctrig' (10.0, ‎1978‎-‎05‎-‎14T14:43:30.000000000Z) has successfully loaded and registered with Filter Manager.
Information	18-11-2025 21:39:08	Microsoft-Windows-FilterManager	6	None	File System Filter '360Box64' (6.1, ‎2024‎-‎10‎-‎08T14:49:39.000000000Z) has successfully loaded and registered with Filter Manager.
Information	18-11-2025 21:39:08	Microsoft-Windows-FilterManager	6	None	File System Filter '360FsFlt' (6.1, ‎2025‎-‎07‎-‎21T12:25:24.000000000Z) has successfully loaded and registered with Filter Manager.
Information	18-11-2025 21:39:08	Microsoft-Windows-FilterManager	6	None	File System Filter 'UCPD' (10.0, ‎1998‎-‎05‎-‎25T20:10:41.000000000Z) has successfully loaded and registered with Filter Manager.
Information	18-11-2025 21:39:08	Microsoft-Windows-FilterManager	6	None	File System Filter 'FileCrypt' (10.0, ‎2075‎-‎09‎-‎01T03:37:07.000000000Z) has successfully loaded and registered with Filter Manager.
Information	18-11-2025 21:39:08	Microsoft-Windows-Ntfs	98	None	Volume C: (\Device\HarddiskVolume3) is healthy.  No action is needed.
Information	18-11-2025 21:39:07	Microsoft-Windows-Ntfs	98	None	Volume S: (\Device\HarddiskVolume4) is healthy.  No action is needed.
Information	18-11-2025 21:39:07	Microsoft-Windows-BitLocker-Driver	24709	None	This event contains the boot-time final TPM PCR values and TCG log data.
Information	18-11-2025 21:39:07	Microsoft-Windows-BitLocker-Driver	24711	None	"A V2 TPM protector was used to start Windows.
Binding ID: {e0f3b476-a73e-4425-805b-0c939f260e04}."
Information	18-11-2025 21:39:07	Microsoft-Windows-BitLocker-Driver	24709	None	This event contains the boot-time final TPM PCR values and TCG log data.
Information	18-11-2025 21:39:07	Microsoft-Windows-FilterManager	6	None	File System Filter 'Wof' (10.0, ‎2089‎-‎07‎-‎15T08:28:05.000000000Z) has successfully loaded and registered with Filter Manager.
Information	18-11-2025 21:39:07	Microsoft-Windows-FilterManager	6	None	File System Filter 'FileInfo' (10.0, ‎2093‎-‎04‎-‎02T06:59:43.000000000Z) has successfully loaded and registered with Filter Manager.
Information	18-11-2025 21:39:05	Microsoft-Windows-HAL	16	None	IOMMU fault reporting has been initialized.
Information	18-11-2025 21:39:05	Microsoft-Windows-Kernel-General	20	(6)	"The leap second configuration has been updated.
Reason: Leap second data initialized from registry during boot
Leap seconds enabled: true
New leap second count: 0
Old leap second count: 0"
Information	18-11-2025 21:39:05	Microsoft-Windows-Kernel-Boot	30	(21)	The firmware reported boot metrics.
Information	18-11-2025 21:39:05	Microsoft-Windows-IsolatedUserMode	3	None	Secure Kernel started with status STATUS_SUCCESS and flags HvciEnabled,HvciStrictMode.
Warning	18-11-2025 21:39:05	Microsoft-Windows-Hyper-V-Hypervisor	167	None	The hypervisor did not enable mitigations for side channel vulnerabilities for virtual machines because HyperThreading is enabled. To enable mitigations for virtual machines, disable HyperThreading.
Information	18-11-2025 21:39:05	Microsoft-Windows-Hyper-V-Hypervisor	165	None	"Hypervisor configured mitigations for CVE-2019-11091, CVE-2018-12126, CVE-2018-12127, CVE-2018-12130 for virtual machines.

Processor not affected: true
Processor family not affected: false
Processor supports microarchitectural buffer flush: true
Buffer flush needed: true
"
Information	18-11-2025 21:39:05	Microsoft-Windows-Hyper-V-Hypervisor	156	None	"Hypervisor configured mitigations for CVE-2018-3646 for virtual machines.

Processor not affected: true
Processor family not affected: false
Processor supports cache flush: true
HyperThreading enabled: false
Parent hypervisor applies mitigations: false
Mitigations disabled by bcdedit: false
Mitigations enabled: true
Cache flush needed: false
"
Information	18-11-2025 21:39:05	Microsoft-Windows-Hyper-V-Hypervisor	129	None	"Hypervisor initialized I/O remapping.

Hardware present: true
Hardware enabled: true
Policy: 0x0
Enabled features: 0x43
Internal information: 0x0
Problems: 0x0
Additional information: 0x0"
Information	18-11-2025 21:39:05	Microsoft-Windows-Hyper-V-Hypervisor	2	None	Hypervisor scheduler type is 0x4.
Information	18-11-2025 21:39:05	Microsoft-Windows-Hyper-V-Hypervisor	1	None	Hypervisor successfully started.
Information	18-11-2025 21:39:05	Microsoft-Windows-Kernel-Boot	27	(33)	The boot type was 0x0.
Information	18-11-2025 21:39:05	Microsoft-Windows-Kernel-Boot	25	(32)	The boot menu policy was 0x1.
Information	18-11-2025 21:39:05	Microsoft-Windows-Kernel-Boot	238	(101)	EFI time zone bias: 2047. Daylight flags: 0. Firmware time: ‎2025‎-‎11‎-‎18T21:39:02.000000000Z.
Information	18-11-2025 21:39:05	Microsoft-Windows-Kernel-Boot	247	(99)	Unable to load Pluton-Windows firmware. StatusCode: STATUS_SUCCESS, Reason: Failed to apply firmware.
Information	18-11-2025 21:39:05	Microsoft-Windows-Kernel-Boot	20	(31)	The last shutdown's success status was true. The last boot's success status was true.
Information	18-11-2025 21:39:05	Microsoft-Windows-Kernel-Boot	32	(58)	The bootmgr spent 0 ms waiting for user input.
Information	18-11-2025 21:39:05	Microsoft-Windows-Kernel-Boot	18	(57)	There are 0x1 boot options on this system.
Information	18-11-2025 21:39:05	Microsoft-Windows-Kernel-Boot	153	(62)	Virtualization-based security (policies: VBS Enabled,VSM Required,Hvci,Boot Chain Signer Soft Enforced) is enabled due to VBS registry configuration.
Information	18-11-2025 21:39:05	Microsoft-Windows-Kernel-General	25	(12)	"The system time was initialized to ‎2025‎-‎11‎-‎18T16:09:04.500000000Z. 

Loader time: ‎2025‎-‎11‎-‎18T16:09:02.000000000Z
Internal boot flags: 0x2
HAL RTC error code: 0x0
RTC time is in UTC: false
Soft boot: false
Success: true
Phase: 0"
Information	18-11-2025 21:39:05	Microsoft-Windows-Kernel-General	12	(1)	The operating system started at system time ‎2025‎-‎11‎-‎18T16:09:04.500000000Z.
Information	18-11-2025 12:12:33	Microsoft-Windows-Kernel-General	13	(2)	The operating system is shutting down at system time ‎2025‎-‎11‎-‎18T06:42:33.289652900Z.
Information	18-11-2025 12:12:33	Microsoft-Windows-Kernel-Power	577	(280)	The system has prepared for a system initiated reboot from Active.
Information	18-11-2025 12:12:32	Microsoft-Windows-Kernel-Power	109	(103)	"The kernel power manager has initiated a shutdown transition.

Action: Power Action Shutdown Off 
Event Code: 0x0 
Reason: Kernel API"
Information	18-11-2025 12:12:28	Microsoft-Windows-WLAN-AutoConfig	4001	None	"WLAN AutoConfig service has successfully stopped.
"
Warning	18-11-2025 12:12:28	Microsoft-Windows-WLAN-AutoConfig	10002	None	"WLAN Extensibility Module has stopped.

Module Path: C:\Windows\system32\IntelIHVRouter14.dll
"
Information	18-11-2025 21:39:22	EventLog	6013	None	The system uptime is 17 seconds.
Information	18-11-2025 21:39:22	EventLog	6005	None	The Event log service was started.
Information	18-11-2025 21:39:22	EventLog	6009	None	Microsoft (R) Windows (R) 10.00. 26200  Multiprocessor Free.
Information	18-11-2025 12:12:27	Microsoft-Windows-Dhcp-Client	50037	Service State Event	DHCPv4 client service is stopped. ShutDown Flag value is 1
Information	18-11-2025 12:12:27	Microsoft-Windows-Dhcp-Client	50106	Service State Event	DHCPv4 is waiting on DHCPv6 service to stop
Information	18-11-2025 12:12:27	Microsoft-Windows-DHCPv6-Client	51057	Service State Event	DHCPv6 client service stop is almost done.DHCP Context Ref count is 1
Information	18-11-2025 12:12:27	Microsoft-Windows-DHCPv6-Client	51047	Service State Event	DHCPv6 client service is stopped. ShutDown Flag value is 1
Information	18-11-2025 12:12:27	Microsoft-Windows-Dhcp-Client	50105	Service State Event	DHCPv4 client ProcessDHCPRequestForever received TERMINATE_EVENT
Information	18-11-2025 12:12:27	Microsoft-Windows-Dhcp-Client	50104	Service State Event	DHCPv4 client received shutdown notification
Error	18-11-2025 12:12:27	Service Control Manager	7043	None	The Universal Device Client Service service did not shut down properly after receiving a preshutdown control.
Information	18-11-2025 12:12:27	EventLog	6006	None	The Event log service was stopped.
Information	18-11-2025 12:12:11	Microsoft-Windows-IsolatedUserMode	2	None	Secure Trustlet Id 6 and Pid 11100 stopped with status STATUS_SUCCESS.
Information	18-11-2025 12:12:11	Microsoft-Windows-Winlogon	7002	(1102)	User Logoff Notification for Customer Experience Improvement Program
Warning	18-11-2025 12:12:09	winsrvext	100	None	Process C:\Users\gunis\AppData\Local\Kingsoft\WPS Office\12.2.0.23155\office6\wpscloudsvr.exe is delaying system shutdown after 5078 milliseconds.
Information	18-11-2025 12:12:05	Application Popup	26	None	"Application popup: AdskAccessUIHost.exe - Application Error : The exception Breakpoint
A breakpoint has been reached.
 (0x80000003) occurred in the application at location 0x00007FF7C9DE77BB.

Click on OK to terminate the program"
Information	18-11-2025 12:12:04	Microsoft-Windows-IsolatedUserMode	2	None	Secure Trustlet Id 0 and Pid 0 stopped with status STATUS_SUCCESS.
Information	18-11-2025 12:12:04	User32	1074	None	"The process C:\Windows\SystemApps\Microsoft.Windows.StartMenuExperienceHost_cw5n1h2txyewy\StartMenuExperienceHost.exe (SAIGANESH) has initiated the power off of computer SAIGANESH on behalf of user Saiganesh\gunis for the following reason: Other (Unplanned)
 Reason Code: 0x0
 Shutdown Type: power off
 Comment: "
Information	18-11-2025 12:00:00	EventLog	6013	None	The system uptime is 6111 seconds.
Warning	18-11-2025 11:57:10	Microsoft-Windows-DistributedCOM	10016	None	"The application-specific permission settings do not grant Local Activation permission for the COM Server application with CLSID 
{B52D54BB-4818-4EB9-AA80-F9EACD371DF8}
 and APPID 
{9E175B9C-F52A-11D8-B9A5-505054503030}
 to the user Saiganesh\gunis SID (S-1-5-21-2782663264-3991100608-3008750438-1001) from address LocalHost (Using LRPC) running in the application container Unavailable SID (Unavailable). This security permission can be modified using the Component Services administrative tool."
Error	18-11-2025 11:54:16	Schannel	36882	None	"The certificate received from the remote server was issued by an untrusted certificate authority. Because of this, none of the data contained in the certificate can be validated. The TLS connection request has failed. The attached data contains the server certificate.
 The SSPI client process is AdskUpdateCheck (PID: 16812)."
Error	18-11-2025 11:54:13	Schannel	36882	None	"The certificate received from the remote server was issued by an untrusted certificate authority. Because of this, none of the data contained in the certificate can be validated. The TLS connection request has failed. The attached data contains the server certificate.
 The SSPI client process is AdskUpdateCheck (PID: 16812)."
Error	18-11-2025 11:54:10	Schannel	36882	None	"The certificate received from the remote server was issued by an untrusted certificate authority. Because of this, none of the data contained in the certificate can be validated. The TLS connection request has failed. The attached data contains the server certificate.
 The SSPI client process is AdskUpdateCheck (PID: 16812)."
Error	18-11-2025 11:54:07	Schannel	36882	None	"The certificate received from the remote server was issued by an untrusted certificate authority. Because of this, none of the data contained in the certificate can be validated. The TLS connection request has failed. The attached data contains the server certificate.
 The SSPI client process is AdskUpdateCheck (PID: 21596)."
Error	18-11-2025 11:54:04	Schannel	36882	None	"The certificate received from the remote server was issued by an untrusted certificate authority. Because of this, none of the data contained in the certificate can be validated. The TLS connection request has failed. The attached data contains the server certificate.
 The SSPI client process is AdskUpdateCheck (PID: 21596)."
Error	18-11-2025 11:54:01	Schannel	36882	None	"The certificate received from the remote server was issued by an untrusted certificate authority. Because of this, none of the data contained in the certificate can be validated. The TLS connection request has failed. The attached data contains the server certificate.
 The SSPI client process is AdskUpdateCheck (PID: 21596)."
Error	18-11-2025 11:53:57	Schannel	36882	None	"The certificate received from the remote server was issued by an untrusted certificate authority. Because of this, none of the data contained in the certificate can be validated. The TLS connection request has failed. The attached data contains the server certificate.
 The SSPI client process is AdskUpdateCheck (PID: 30188)."
Error	18-11-2025 11:53:54	Schannel	36882	None	"The certificate received from the remote server was issued by an untrusted certificate authority. Because of this, none of the data contained in the certificate can be validated. The TLS connection request has failed. The attached data contains the server certificate.
 The SSPI client process is AdskUpdateCheck (PID: 30188)."
Error	18-11-2025 11:53:51	Schannel	36882	None	"The certificate received from the remote server was issued by an untrusted certificate authority. Because of this, none of the data contained in the certificate can be validated. The TLS connection request has failed. The attached data contains the server certificate.
 The SSPI client process is AdskUpdateCheck (PID: 30188)."
Information	18-11-2025 11:53:43	Netwtw14	7021	None	7021 - Connection telemetry fields and analysis usage
Information	18-11-2025 11:53:42	Microsoft-Windows-Kernel-Power	566	(268)	"The system session has transitioned from 12 to 13.

Reason PolicyChange 

BootId: 596"
Information	18-11-2025 11:53:42	Microsoft-Windows-Kernel-Power	507	(158)	"The system is exiting Modern Standby 

Reason: Lid."
Information	18-11-2025 11:53:42	BTHUSB	18	None	Windows cannot store Bluetooth authentication codes (link keys) on the local adapter. Bluetooth keyboards might not work in the system BIOS during startup.
Information	18-11-2025 11:53:42	Microsoft-Windows-Kernel-Power	172	(203)	Connectivity state in standby: Connected, Reason: None
Warning	18-11-2025 11:53:42	Win32k	701	None	Power Manager has not requested suppression of all input (INPUT_SUPPRESS_REQUEST=0)
Warning	18-11-2025 11:53:42	Win32k	701	None	Power Manager has not requested suppression of all input (INPUT_SUPPRESS_REQUEST=0)
Information	18-11-2025 11:37:37	Microsoft-Windows-Kernel-Power	172	(203)	Connectivity state in standby: Disconnected, Reason: Policy Setting
Information	18-11-2025 11:37:37	BTHUSB	18	None	Windows cannot store Bluetooth authentication codes (link keys) on the local adapter. Bluetooth keyboards might not work in the system BIOS during startup.
Information	18-11-2025 11:37:30	Microsoft-Windows-Kernel-Power	566	(268)	"The system session has transitioned from 11 to 12.

Reason 55 

BootId: 596"
Information	18-11-2025 11:37:30	Microsoft-Windows-IsolatedUserMode	2	None	Secure Trustlet Id 0 and Pid 0 stopped with status STATUS_SUCCESS.
Information	18-11-2025 11:37:26	Microsoft-Windows-IsolatedUserMode	5	None	Secure Trustlet NULL Id 0 and Pid 0 started with status STATUS_SUCCESS.
Information	18-11-2025 11:37:23	Microsoft-Windows-Kernel-Power	506	(157)	"The system is entering Modern Standby 

Reason: Austerity Battery Drain Budget Exceeded."
Information	18-11-2025 11:37:23	Microsoft-Windows-Kernel-Power	566	(268)	"The system session has transitioned from 10 to 11.

Reason 55 

BootId: 596"
Information	18-11-2025 11:37:23	Microsoft-Windows-Kernel-Power	507	(158)	"The system is exiting Modern Standby 

Reason: Austerity Battery Drain Budget Exceeded."
Information	18-11-2025 11:37:23	Microsoft-Windows-Kernel-Power	172	(203)	Connectivity state in standby: Connected, Reason: None
Information	18-11-2025 11:11:44	Microsoft-Windows-Kernel-Power	172	(203)	Connectivity state in standby: Disconnected, Reason: Adaptive Connected Standby
Information	18-11-2025 11:11:37	Microsoft-Windows-Kernel-Power	566	(268)	"The system session has transitioned from 9 to 10.

Reason PolicyChange 

BootId: 596"
Information	18-11-2025 11:11:32	Microsoft-Windows-Kernel-Power	506	(157)	"The system is entering Modern Standby 

Reason: Lid."
Information	18-11-2025 11:11:32	Microsoft-Windows-Kernel-Power	566	(268)	"The system session has transitioned from 8 to 9.

Reason PolicyChange 

BootId: 596"
Information	18-11-2025 11:11:32	Microsoft-Windows-Kernel-Power	507	(158)	"The system is exiting Modern Standby 

Reason: Lid."
Information	18-11-2025 11:11:32	Microsoft-Windows-Kernel-Power	172	(203)	Connectivity state in standby: Connected, Reason: None
Warning	18-11-2025 11:11:32	Win32k	700	None	Power Manager has requested suppression of all input (INPUT_SUPPRESS_REQUEST=1)
Warning	18-11-2025 11:11:32	Win32k	700	None	Power Manager has requested suppression of all input (INPUT_SUPPRESS_REQUEST=1)
Information	18-11-2025 11:08:33	Microsoft-Windows-Kernel-Power	172	(203)	Connectivity state in standby: Disconnected, Reason: Adaptive Connected Standby
Information	18-11-2025 11:08:25	Microsoft-Windows-Kernel-Power	566	(268)	"The system session has transitioned from 7 to 8.

Reason SessionUnlock 

BootId: 596"
Information	18-11-2025 11:08:00	Microsoft-Windows-Kernel-Power	506	(157)	"The system is entering Modern Standby 

Reason: Idle Timeout."
Information	18-11-2025 11:08:00	Microsoft-Windows-Kernel-Power	566	(268)	"The system session has transitioned from 6 to 7.

Reason SessionUnlock 

BootId: 596"
Information	18-11-2025 11:02:55	Microsoft-Windows-Kernel-Power	566	(268)	"The system session has transitioned from 5 to 6.

Reason PolicyChange 

BootId: 596"
Information	18-11-2025 11:02:55	Microsoft-Windows-Kernel-Power	507	(158)	"The system is exiting Modern Standby 

Reason: Lid."
Information	18-11-2025 11:02:55	Microsoft-Windows-Kernel-Power	172	(203)	Connectivity state in standby: Connected, Reason: None
Warning	18-11-2025 11:02:55	Win32k	701	None	Power Manager has not requested suppression of all input (INPUT_SUPPRESS_REQUEST=0)
Warning	18-11-2025 11:02:55	Win32k	701	None	Power Manager has not requested suppression of all input (INPUT_SUPPRESS_REQUEST=0)
Information	18-11-2025 10:42:21	Microsoft-Windows-Kernel-Power	172	(203)	Connectivity state in standby: Disconnected, Reason: Adaptive Connected Standby
Information	18-11-2025 10:42:16	Microsoft-Windows-Kernel-General	16	None	The access history in hive \??\C:\ProgramData\Microsoft\Provisioning\Microsoft-Desktop-Provisioning-Sequence.dat was cleared updating 0 keys and creating 0 modified pages.
Information	18-11-2025 10:42:15	Microsoft-Windows-Kernel-Power	566	(268)	"The system session has transitioned from 4 to 5.

Reason PolicyChange 

BootId: 596"
Information	18-11-2025 10:42:15	Microsoft-Windows-Kernel-Power	506	(157)	"The system is entering Modern Standby 

Reason: Lid."
Information	18-11-2025 10:42:15	Microsoft-Windows-Kernel-Power	566	(268)	"The system session has transitioned from 3 to 4.

Reason PolicyChange 

BootId: 596"
Warning	18-11-2025 10:42:14	Win32k	700	None	Power Manager has requested suppression of all input (INPUT_SUPPRESS_REQUEST=1)
Warning	18-11-2025 10:42:14	Win32k	700	None	Power Manager has requested suppression of all input (INPUT_SUPPRESS_REQUEST=1)
Information	18-11-2025 10:37:04	Microsoft-Windows-Kernel-General	16	None	The access history in hive \??\C:\Users\gunis\AppData\Local\Packages\AdobeNotificationClient_enpm4xejd91yc\Settings\settings.dat was cleared updating 2 keys and creating 1 modified pages.
Error	18-11-2025 10:34:33	Schannel	36882	None	"The certificate received from the remote server was issued by an untrusted certificate authority. Because of this, none of the data contained in the certificate can be validated. The TLS connection request has failed. The attached data contains the server certificate.
 The SSPI client process is AdskUpdateCheck (PID: 19968)."
Error	18-11-2025 10:34:30	Schannel	36882	None	"The certificate received from the remote server was issued by an untrusted certificate authority. Because of this, none of the data contained in the certificate can be validated. The TLS connection request has failed. The attached data contains the server certificate.
 The SSPI client process is AdskUpdateCheck (PID: 19968)."
Error	18-11-2025 10:34:27	Schannel	36882	None	"The certificate received from the remote server was issued by an untrusted certificate authority. Because of this, none of the data contained in the certificate can be validated. The TLS connection request has failed. The attached data contains the server certificate.
 The SSPI client process is AdskUpdateCheck (PID: 19968)."
Error	18-11-2025 10:34:26	Schannel	36882	None	"The certificate received from the remote server was issued by an untrusted certificate authority. Because of this, none of the data contained in the certificate can be validated. The TLS connection request has failed. The attached data contains the server certificate.
 The SSPI client process is AdskUpdateCheck (PID: 10004)."
Error	18-11-2025 10:34:22	Schannel	36882	None	"The certificate received from the remote server was issued by an untrusted certificate authority. Because of this, none of the data contained in the certificate can be validated. The TLS connection request has failed. The attached data contains the server certificate.
 The SSPI client process is AdskUpdateCheck (PID: 10004)."
Error	18-11-2025 10:34:19	Schannel	36882	None	"The certificate received from the remote server was issued by an untrusted certificate authority. Because of this, none of the data contained in the certificate can be validated. The TLS connection request has failed. The attached data contains the server certificate.
 The SSPI client process is AdskUpdateCheck (PID: 10004)."
Error	18-11-2025 10:34:18	Schannel	36882	None	"The certificate received from the remote server was issued by an untrusted certificate authority. Because of this, none of the data contained in the certificate can be validated. The TLS connection request has failed. The attached data contains the server certificate.
 The SSPI client process is AdskUpdateCheck (PID: 24008)."
Error	18-11-2025 10:34:15	Schannel	36882	None	"The certificate received from the remote server was issued by an untrusted certificate authority. Because of this, none of the data contained in the certificate can be validated. The TLS connection request has failed. The attached data contains the server certificate.
 The SSPI client process is AdskUpdateCheck (PID: 24008)."
Error	18-11-2025 10:34:12	Schannel	36882	None	"The certificate received from the remote server was issued by an untrusted certificate authority. Because of this, none of the data contained in the certificate can be validated. The TLS connection request has failed. The attached data contains the server certificate.
 The SSPI client process is AdskUpdateCheck (PID: 24008)."
Information	18-11-2025 10:32:42	Microsoft-Windows-IsolatedUserMode	5	None	Secure Trustlet NULL Id 0 and Pid 0 started with status STATUS_SUCCESS.
Information	18-11-2025 10:32:15	Microsoft-Windows-Kernel-General	16	None	The access history in hive \??\C:\ProgramData\Packages\E046963F.LenovoCompanion_k1h2ywk1493x8\S-1-5-21-2782663264-3991100608-3008750438-1001\SystemAppData\Helium\Cache\cbe2a97449d476f5_COM15.dat was cleared updating 1 keys and creating 1 modified pages.
Error	18-11-2025 10:31:20	Schannel	36882	None	"The certificate received from the remote server was issued by an untrusted certificate authority. Because of this, none of the data contained in the certificate can be validated. The TLS connection request has failed. The attached data contains the server certificate.
 The SSPI client process is ADPClientService (PID: 8276)."
Error	18-11-2025 10:31:20	Schannel	36882	None	"The certificate received from the remote server was issued by an untrusted certificate authority. Because of this, none of the data contained in the certificate can be validated. The TLS connection request has failed. The attached data contains the server certificate.
 The SSPI client process is ADPClientService (PID: 8276)."
Error	18-11-2025 10:31:20	Schannel	36882	None	"The certificate received from the remote server was issued by an untrusted certificate authority. Because of this, none of the data contained in the certificate can be validated. The TLS connection request has failed. The attached data contains the server certificate.
 The SSPI client process is ADPClientService (PID: 8276)."
Error	18-11-2025 10:31:07	Schannel	36882	None	"The certificate received from the remote server was issued by an untrusted certificate authority. Because of this, none of the data contained in the certificate can be validated. The TLS connection request has failed. The attached data contains the server certificate.
 The SSPI client process is AdskExecutorProxy (PID: 536)."
Error	18-11-2025 10:31:04	Schannel	36882	None	"The certificate received from the remote server was issued by an untrusted certificate authority. Because of this, none of the data contained in the certificate can be validated. The TLS connection request has failed. The attached data contains the server certificate.
 The SSPI client process is AdskExecutorProxy (PID: 536)."
Error	18-11-2025 10:31:01	Schannel	36882	None	"The certificate received from the remote server was issued by an untrusted certificate authority. Because of this, none of the data contained in the certificate can be validated. The TLS connection request has failed. The attached data contains the server certificate.
 The SSPI client process is AdskExecutorProxy (PID: 536)."
Error	18-11-2025 10:30:57	Schannel	36882	None	"The certificate received from the remote server was issued by an untrusted certificate authority. Because of this, none of the data contained in the certificate can be validated. The TLS connection request has failed. The attached data contains the server certificate.
 The SSPI client process is AdskExecutorProxy (PID: 20740)."
Error	18-11-2025 10:30:54	Schannel	36882	None	"The certificate received from the remote server was issued by an untrusted certificate authority. Because of this, none of the data contained in the certificate can be validated. The TLS connection request has failed. The attached data contains the server certificate.
 The SSPI client process is AdskExecutorProxy (PID: 20740)."
Error	18-11-2025 10:30:51	Schannel	36882	None	"The certificate received from the remote server was issued by an untrusted certificate authority. Because of this, none of the data contained in the certificate can be validated. The TLS connection request has failed. The attached data contains the server certificate.
 The SSPI client process is AdskExecutorProxy (PID: 20740)."
Error	18-11-2025 10:30:48	Schannel	36882	None	"The certificate received from the remote server was issued by an untrusted certificate authority. Because of this, none of the data contained in the certificate can be validated. The TLS connection request has failed. The attached data contains the server certificate.
 The SSPI client process is AdskExecutorProxy (PID: 15604)."
Error	18-11-2025 10:30:45	Schannel	36882	None	"The certificate received from the remote server was issued by an untrusted certificate authority. Because of this, none of the data contained in the certificate can be validated. The TLS connection request has failed. The attached data contains the server certificate.
 The SSPI client process is AdskExecutorProxy (PID: 15604)."
Error	18-11-2025 10:30:42	Schannel	36882	None	"The certificate received from the remote server was issued by an untrusted certificate authority. Because of this, none of the data contained in the certificate can be validated. The TLS connection request has failed. The attached data contains the server certificate.
 The SSPI client process is AdskExecutorProxy (PID: 15604)."
Error	18-11-2025 10:30:30	Schannel	36882	None	"The certificate received from the remote server was issued by an untrusted certificate authority. Because of this, none of the data contained in the certificate can be validated. The TLS connection request has failed. The attached data contains the server certificate.
 The SSPI client process is AdskExecutorProxy (PID: 19928)."
Error	18-11-2025 10:30:27	Schannel	36882	None	"The certificate received from the remote server was issued by an untrusted certificate authority. Because of this, none of the data contained in the certificate can be validated. The TLS connection request has failed. The attached data contains the server certificate.
 The SSPI client process is AdskExecutorProxy (PID: 19928)."
Error	18-11-2025 10:30:27	Schannel	36882	None	"The certificate received from the remote server was issued by an untrusted certificate authority. Because of this, none of the data contained in the certificate can be validated. The TLS connection request has failed. The attached data contains the server certificate.
 The SSPI client process is ADPClientService (PID: 8276)."
Error	18-11-2025 10:30:27	Schannel	36882	None	"The certificate received from the remote server was issued by an untrusted certificate authority. Because of this, none of the data contained in the certificate can be validated. The TLS connection request has failed. The attached data contains the server certificate.
 The SSPI client process is ADPClientService (PID: 8276)."
Error	18-11-2025 10:30:27	Schannel	36882	None	"The certificate received from the remote server was issued by an untrusted certificate authority. Because of this, none of the data contained in the certificate can be validated. The TLS connection request has failed. The attached data contains the server certificate.
 The SSPI client process is ADPClientService (PID: 8276)."
Error	18-11-2025 10:30:24	Schannel	36882	None	"The certificate received from the remote server was issued by an untrusted certificate authority. Because of this, none of the data contained in the certificate can be validated. The TLS connection request has failed. The attached data contains the server certificate.
 The SSPI client process is AdskExecutorProxy (PID: 19928)."
Error	18-11-2025 10:30:19	Schannel	36882	None	"The certificate received from the remote server was issued by an untrusted certificate authority. Because of this, none of the data contained in the certificate can be validated. The TLS connection request has failed. The attached data contains the server certificate.
 The SSPI client process is AdskExecutorProxy (PID: 14692)."
Error	18-11-2025 10:30:16	Schannel	36882	None	"The certificate received from the remote server was issued by an untrusted certificate authority. Because of this, none of the data contained in the certificate can be validated. The TLS connection request has failed. The attached data contains the server certificate.
 The SSPI client process is AdskExecutorProxy (PID: 14692)."
Error	18-11-2025 10:30:13	Schannel	36882	None	"The certificate received from the remote server was issued by an untrusted certificate authority. Because of this, none of the data contained in the certificate can be validated. The TLS connection request has failed. The attached data contains the server certificate.
 The SSPI client process is AdskExecutorProxy (PID: 14692)."
Error	18-11-2025 10:30:09	Schannel	36882	None	"The certificate received from the remote server was issued by an untrusted certificate authority. Because of this, none of the data contained in the certificate can be validated. The TLS connection request has failed. The attached data contains the server certificate.
 The SSPI client process is AdskExecutorProxy (PID: 5484)."
Information	18-11-2025 10:30:07	Microsoft-Windows-TPM-WMI	1046	None	Measured boot files deleted successfully. The following 1 files were deleted: 
Error	18-11-2025 10:30:06	Schannel	36882	None	"The certificate received from the remote server was issued by an untrusted certificate authority. Because of this, none of the data contained in the certificate can be validated. The TLS connection request has failed. The attached data contains the server certificate.
 The SSPI client process is AdskExecutorProxy (PID: 5484)."
Information	18-11-2025 10:30:06	Microsoft-Windows-TPM-WMI	1025	None	The TPM was successfully provisioned and is now ready for use.
Information	18-11-2025 10:30:06	Microsoft-Windows-TPM-WMI	1282	None	The TBS device identifier has been generated.
Error	18-11-2025 10:30:03	Schannel	36882	None	"The certificate received from the remote server was issued by an untrusted certificate authority. Because of this, none of the data contained in the certificate can be validated. The TLS connection request has failed. The attached data contains the server certificate.
 The SSPI client process is AdskExecutorProxy (PID: 5484)."
Information	18-11-2025 10:29:54	Microsoft-Windows-Kernel-General	16	None	The access history in hive \??\C:\ProgramData\Packages\Microsoft.WindowsTerminal_8wekyb3d8bbwe\S-1-5-21-2782663264-3991100608-3008750438-1001\SystemAppData\Helium\Cache\570dae3ff026d01d_COM15.dat was cleared updating 1 keys and creating 1 modified pages.
Information	18-11-2025 10:29:53	Microsoft-Windows-Kernel-General	16	None	The access history in hive \??\C:\Users\gunis\AppData\Local\Packages\MicrosoftCorporationII.WinAppRuntime.Singleton_8wekyb3d8bbwe\Settings\settings.dat was cleared updating 14 keys and creating 1 modified pages.
Information	18-11-2025 10:29:53	Microsoft-Windows-Kernel-General	16	None	The access history in hive \??\C:\Users\gunis\AppData\Local\Packages\MicrosoftCorporationII.WinAppRuntime.Singleton_8wekyb3d8bbwe\SystemAppData\Helium\UserClasses.dat was cleared updating 1 keys and creating 1 modified pages.
Information	18-11-2025 10:29:53	Microsoft-Windows-Kernel-General	16	None	The access history in hive \??\C:\Users\gunis\AppData\Local\Packages\MicrosoftCorporationII.WinAppRuntime.Singleton_8wekyb3d8bbwe\SystemAppData\Helium\User.dat was cleared updating 1 keys and creating 1 modified pages.
Information	18-11-2025 10:29:43	Microsoft-Windows-Kernel-General	16	None	The access history in hive \??\C:\ProgramData\Packages\Microsoft.WinAppRuntime.DDLM.5001.373.1736.0-x8_8wekyb3d8bbwe\S-1-5-21-2782663264-3991100608-3008750438-1001\SystemAppData\Helium\Cache\54c7569f7f702ac1_COM15.dat was cleared updating 1 keys and creating 1 modified pages.
Information	18-11-2025 10:29:43	Microsoft-Windows-Kernel-General	16	None	The access history in hive \??\C:\Users\gunis\AppData\Local\Packages\Microsoft.WinAppRuntime.DDLM.5001.373.1736.0-x8_8wekyb3d8bbwe\SystemAppData\Helium\UserClasses.dat was cleared updating 1 keys and creating 1 modified pages.
Information	18-11-2025 10:29:43	Microsoft-Windows-Kernel-General	16	None	The access history in hive \??\C:\Users\gunis\AppData\Local\Packages\Microsoft.WinAppRuntime.DDLM.5001.373.1736.0-x8_8wekyb3d8bbwe\SystemAppData\Helium\User.dat was cleared updating 1 keys and creating 1 modified pages.
Error	18-11-2025 10:29:16	Schannel	36882	None	"The certificate received from the remote server was issued by an untrusted certificate authority. Because of this, none of the data contained in the certificate can be validated. The TLS connection request has failed. The attached data contains the server certificate.
 The SSPI client process is ADPClientService (PID: 8276)."
Error	18-11-2025 10:29:16	Schannel	36882	None	"The certificate received from the remote server was issued by an untrusted certificate authority. Because of this, none of the data contained in the certificate can be validated. The TLS connection request has failed. The attached data contains the server certificate.
 The SSPI client process is ADPClientService (PID: 8276)."
Error	18-11-2025 10:29:16	Schannel	36882	None	"The certificate received from the remote server was issued by an untrusted certificate authority. Because of this, none of the data contained in the certificate can be validated. The TLS connection request has failed. The attached data contains the server certificate.
 The SSPI client process is ADPClientService (PID: 8276)."
Error	18-11-2025 10:29:12	Schannel	36882	None	"The certificate received from the remote server was issued by an untrusted certificate authority. Because of this, none of the data contained in the certificate can be validated. The TLS connection request has failed. The attached data contains the server certificate.
 The SSPI client process is ADPClientService (PID: 8276)."
