Information	17-11-2025 15:40:05	Netwtw14	7021	None	7021 - Connection telemetry fields and analysis usage
Information	17-11-2025 15:40:04	Microsoft-Windows-Kernel-Power	566	(268)	"The system session has transitioned from 14 to 15.

Reason InputAccelerometer 

BootId: 595"
Information	17-11-2025 15:40:04	Microsoft-Windows-Kernel-Power	507	(158)	"The system is exiting Modern Standby 

Reason: Input Keyboard."
Information	17-11-2025 15:40:04	Microsoft-Windows-Kernel-Power	172	(203)	Connectivity state in standby: Connected, Reason: None
Information	17-11-2025 15:37:42	Microsoft-Windows-Kernel-Power	172	(203)	Connectivity state in standby: Disconnected, Reason: Adaptive Connected Standby
Information	17-11-2025 15:37:42	Netwtw14	7018	None	7018 - secure boot (SB4) configuration
Information	17-11-2025 15:37:42	Netwtw14	7017	None	7017 - secure boot (SB) configuration
Information	17-11-2025 15:37:42	Netwtw14	7010	None	7010 - driver enabled (miniport init)
Information	17-11-2025 15:37:42	Netwtw14	7002	None	7002 - CTDP power limit value (SPLC)
Information	17-11-2025 15:37:42	Netwtw14	7005	None	7005 - SAR value max TX power (WRDS)
Information	17-11-2025 15:37:42	Netwtw14	7027	None	7027 - get Nic Manufacturere on init
Information	17-11-2025 15:37:42	Netwtw14	7029	None	7029 - Driver initialization
Information	17-11-2025 15:37:42	Netwtw14	7036	None	The \Device\NDMP24 service entered the Intel(R) Wi-Fi 6 AX203 state.
Information	17-11-2025 15:37:42	Netwtw14	8000	None	8000 - Miniport Halt flow (driver disable)
Information	17-11-2025 15:37:41	Microsoft-Windows-Kernel-Power	172	(203)	Connectivity state in standby: Disconnected, Reason: NIC compliance
Information	17-11-2025 15:37:41	Microsoft-Windows-Kernel-Power	172	(203)	Connectivity state in standby: Disconnected, Reason: Adaptive Connected Standby
Warning	17-11-2025 15:37:41	Microsoft-Windows-WLAN-AutoConfig	4003	None	"WLAN AutoConfig detected limited connectivity, attempting automatic recovery.

Recovery Type: 4
Error Code: 0x0
Trigger Reason: 7
IP Family: 0
"
Information	17-11-2025 15:37:36	Microsoft-Windows-Kernel-Power	566	(268)	"The system session has transitioned from 13 to 14.

Reason SessionUnlock 

BootId: 595"
Information	17-11-2025 15:37:28	Netwtw14	7021	None	7021 - Connection telemetry fields and analysis usage
Information	17-11-2025 15:37:28	Netwtw14	7021	None	7021 - Connection telemetry fields and analysis usage
Information	17-11-2025 15:37:27	Netwtw14	7021	None	7021 - Connection telemetry fields and analysis usage
Information	17-11-2025 15:37:11	Netwtw14	7003	None	7003 - Roam Complete
Information	17-11-2025 15:37:11	Netwtw14	7021	None	7021 - Connection telemetry fields and analysis usage
Information	17-11-2025 15:37:07	Microsoft-Windows-Kernel-Power	506	(157)	"The system is entering Modern Standby 

Reason: Idle Timeout."
Information	17-11-2025 15:37:07	Microsoft-Windows-Kernel-Power	566	(268)	"The system session has transitioned from 12 to 13.

Reason SessionUnlock 

BootId: 595"
Information	17-11-2025 15:36:51	Netwtw14	7003	None	7003 - Roam Complete
Information	17-11-2025 15:36:51	Netwtw14	7021	None	7021 - Connection telemetry fields and analysis usage
Information	17-11-2025 15:36:48	Netwtw14	7003	None	7003 - Roam Complete
Information	17-11-2025 15:36:48	Netwtw14	7021	None	7021 - Connection telemetry fields and analysis usage
Information	17-11-2025 15:32:55	Netwtw14	7003	None	7003 - Roam Complete
Information	17-11-2025 15:32:55	Netwtw14	7021	None	7021 - Connection telemetry fields and analysis usage
Information	17-11-2025 15:32:46	Netwtw14	7003	None	7003 - Roam Complete
Information	17-11-2025 15:32:46	Netwtw14	7021	None	7021 - Connection telemetry fields and analysis usage
Information	17-11-2025 15:30:04	Netwtw14	7003	None	7003 - Roam Complete
Information	17-11-2025 15:28:43	Netwtw14	7021	None	7021 - Connection telemetry fields and analysis usage
Information	17-11-2025 15:28:42	Netwtw14	7003	None	7003 - Roam Complete
Information	17-11-2025 15:28:42	Netwtw14	7021	None	7021 - Connection telemetry fields and analysis usage
Information	17-11-2025 15:28:42	Netwtw14	7021	None	7021 - Connection telemetry fields and analysis usage
Information	17-11-2025 15:28:42	Netwtw14	7021	None	7021 - Connection telemetry fields and analysis usage
Information	17-11-2025 15:28:41	Netwtw14	7021	None	7021 - Connection telemetry fields and analysis usage
Information	17-11-2025 15:28:41	Netwtw14	7021	None	7021 - Connection telemetry fields and analysis usage
Warning	17-11-2025 15:28:40	Microsoft-Windows-DNS-Client	1014	(1014)	Name resolution for the name safebrowsing.googleapis.com timed out after none of the configured DNS servers responded. Client PID 23256.
Information	17-11-2025 15:28:38	Netwtw14	7021	None	7021 - Connection telemetry fields and analysis usage
Information	17-11-2025 15:28:38	Netwtw14	7021	None	7021 - Connection telemetry fields and analysis usage
Information	17-11-2025 15:28:37	Netwtw14	7021	None	7021 - Connection telemetry fields and analysis usage
Information	17-11-2025 15:28:36	Netwtw14	7021	None	7021 - Connection telemetry fields and analysis usage
Information	17-11-2025 15:28:31	Netwtw14	7003	None	7003 - Roam Complete
Information	17-11-2025 15:28:31	Netwtw14	7021	None	7021 - Connection telemetry fields and analysis usage
Information	17-11-2025 15:28:29	Microsoft-Windows-Kernel-Power	566	(268)	"The system session has transitioned from 11 to 12.

Reason InputAccelerometer 

BootId: 595"
Information	17-11-2025 15:28:29	Microsoft-Windows-Kernel-Power	507	(158)	"The system is exiting Modern Standby 

Reason: Input Keyboard."
Information	17-11-2025 15:28:29	Microsoft-Windows-Kernel-Power	172	(203)	Connectivity state in standby: Connected, Reason: None
Information	17-11-2025 15:26:44	Microsoft-Windows-Kernel-Power	172	(203)	Connectivity state in standby: Disconnected, Reason: Adaptive Connected Standby
Information	17-11-2025 15:26:37	Microsoft-Windows-Kernel-Power	566	(268)	"The system session has transitioned from 10 to 11.

Reason SessionUnlock 

BootId: 595"
Information	17-11-2025 15:26:21	Microsoft-Windows-Kernel-Power	506	(157)	"The system is entering Modern Standby 

Reason: Idle Timeout."
Information	17-11-2025 15:26:21	Microsoft-Windows-Kernel-Power	566	(268)	"The system session has transitioned from 9 to 10.

Reason SessionUnlock 

BootId: 595"
Information	17-11-2025 15:22:53	Microsoft-Windows-Kernel-Power	566	(268)	"The system session has transitioned from 8 to 9.

Reason InputAccelerometer 

BootId: 595"
Information	17-11-2025 15:22:53	Microsoft-Windows-Kernel-Power	507	(158)	"The system is exiting Modern Standby 

Reason: Input Keyboard."
Information	17-11-2025 15:22:53	Microsoft-Windows-Kernel-Power	172	(203)	Connectivity state in standby: Connected, Reason: None
Information	17-11-2025 15:22:12	Microsoft-Windows-Kernel-Power	172	(203)	Connectivity state in standby: Disconnected, Reason: Adaptive Connected Standby
Information	17-11-2025 15:22:07	Microsoft-Windows-Kernel-Power	566	(268)	"The system session has transitioned from 7 to 8.

Reason SessionUnlock 

BootId: 595"
Information	17-11-2025 15:21:47	Microsoft-Windows-Kernel-Power	506	(157)	"The system is entering Modern Standby 

Reason: Idle Timeout."
Information	17-11-2025 15:21:47	Microsoft-Windows-Kernel-Power	566	(268)	"The system session has transitioned from 6 to 7.

Reason SessionUnlock 

BootId: 595"
Information	17-11-2025 15:21:17	Netwtw14	7021	None	7021 - Connection telemetry fields and analysis usage
Information	17-11-2025 15:21:14	Netwtw14	7003	None	7003 - Roam Complete
Information	17-11-2025 15:21:14	Netwtw14	7021	None	7021 - Connection telemetry fields and analysis usage
Information	17-11-2025 15:18:52	Netwtw14	7003	None	7003 - Roam Complete
Information	17-11-2025 15:18:52	Netwtw14	7021	None	7021 - Connection telemetry fields and analysis usage
Warning	17-11-2025 15:18:41	Microsoft-Windows-DNS-Client	1014	(1014)	Name resolution for the name tconf.cloud.360safe.com timed out after none of the configured DNS servers responded. Client PID 2904.
Information	17-11-2025 15:18:26	Netwtw14	7003	None	7003 - Roam Complete
Information	17-11-2025 15:18:26	Netwtw14	7021	None	7021 - Connection telemetry fields and analysis usage
Information	17-11-2025 15:18:26	Netwtw14	7021	None	7021 - Connection telemetry fields and analysis usage
Error	17-11-2025 15:14:46	Schannel	36882	None	"The certificate received from the remote server was issued by an untrusted certificate authority. Because of this, none of the data contained in the certificate can be validated. The TLS connection request has failed. The attached data contains the server certificate.
 The SSPI client process is GooglePlayGamesServices (PID: 5464)."
Information	17-11-2025 15:14:31	Microsoft-Windows-Kernel-Power	566	(268)	"The system session has transitioned from 5 to 6.

Reason InputAccelerometer 

BootId: 595"
Information	17-11-2025 15:14:31	Microsoft-Windows-Kernel-Power	507	(158)	"The system is exiting Modern Standby 

Reason: Input Keyboard."
Information	17-11-2025 15:14:31	Microsoft-Windows-Kernel-Power	172	(203)	Connectivity state in standby: Connected, Reason: None
Information	17-11-2025 14:41:23	Microsoft-Windows-Kernel-Power	172	(203)	Connectivity state in standby: Disconnected, Reason: Adaptive Connected Standby
Information	17-11-2025 14:41:16	Microsoft-Windows-Kernel-Power	566	(268)	"The system session has transitioned from 4 to 5.

Reason SessionUnlock 

BootId: 595"
Information	17-11-2025 14:41:11	Microsoft-Windows-Kernel-Power	506	(157)	"The system is entering Modern Standby 

Reason: Idle Timeout."
Information	17-11-2025 14:41:11	Microsoft-Windows-Kernel-Power	566	(268)	"The system session has transitioned from 3 to 4.

Reason SessionUnlock 

BootId: 595"
Warning	17-11-2025 14:38:13	Microsoft-Windows-DNS-Client	1014	(1014)	Name resolution for the name 196193-ipv4fdsmte.gr.global.aa-rt.sharepoint.com timed out after none of the configured DNS servers responded. Client PID 12856.
Information	17-11-2025 14:38:01	Microsoft-Windows-Kernel-Power	566	(268)	"The system session has transitioned from 2 to 3.

Reason InputAccelerometer 

BootId: 595"
Information	17-11-2025 14:38:01	Microsoft-Windows-Kernel-Power	507	(158)	"The system is exiting Modern Standby 

Reason: Input Keyboard."
Information	17-11-2025 14:38:01	Microsoft-Windows-Kernel-Power	172	(203)	Connectivity state in standby: Connected, Reason: None
Information	17-11-2025 14:30:21	Netwtw14	7021	None	7021 - Connection telemetry fields and analysis usage
Information	17-11-2025 14:30:21	Netwtw14	7021	None	7021 - Connection telemetry fields and analysis usage
Information	17-11-2025 14:30:20	Netwtw14	7021	None	7021 - Connection telemetry fields and analysis usage
Information	17-11-2025 14:25:04	Netwtw14	7021	None	7021 - Connection telemetry fields and analysis usage
Information	17-11-2025 14:25:04	Netwtw14	7021	None	7021 - Connection telemetry fields and analysis usage
Information	17-11-2025 14:25:03	Netwtw14	7021	None	7021 - Connection telemetry fields and analysis usage
Information	17-11-2025 14:20:07	Microsoft-Windows-Kernel-Power	172	(203)	Connectivity state in standby: Disconnected, Reason: Adaptive Connected Standby
Information	17-11-2025 14:20:00	Microsoft-Windows-Kernel-Power	566	(268)	"The system session has transitioned from 1 to 2.

Reason SessionUnlock 

BootId: 595"
Information	17-11-2025 14:19:43	Microsoft-Windows-Kernel-Power	506	(157)	"The system is entering Modern Standby 

Reason: Idle Timeout."
Information	17-11-2025 14:19:43	Microsoft-Windows-Kernel-Power	566	(268)	"The system session has transitioned from 0 to 1.

Reason SessionUnlock 

BootId: 595"
Information	17-11-2025 14:19:41	Microsoft-Windows-Kernel-General	16	None	The access history in hive \??\C:\ProgramData\Microsoft\Provisioning\Microsoft-Desktop-Provisioning-Sequence.dat was cleared updating 0 keys and creating 0 modified pages.
Information	17-11-2025 14:19:40	Netwtw14	7021	None	7021 - Connection telemetry fields and analysis usage
Information	17-11-2025 14:19:39	Netwtw14	7021	None	7021 - Connection telemetry fields and analysis usage
Information	17-11-2025 14:19:39	Netwtw14	7021	None	7021 - Connection telemetry fields and analysis usage
Information	17-11-2025 14:19:39	Netwtw14	7021	None	7021 - Connection telemetry fields and analysis usage
Information	17-11-2025 14:19:33	Netwtw14	7021	None	7021 - Connection telemetry fields and analysis usage
Information	17-11-2025 14:19:33	Netwtw14	7021	None	7021 - Connection telemetry fields and analysis usage
Information	17-11-2025 14:19:33	Netwtw14	7021	None	7021 - Connection telemetry fields and analysis usage
Information	17-11-2025 14:19:32	Netwtw14	7021	None	7021 - Connection telemetry fields and analysis usage
Information	17-11-2025 14:19:20	Netwtw14	7021	None	7021 - Connection telemetry fields and analysis usage
Information	17-11-2025 14:19:20	Netwtw14	7021	None	7021 - Connection telemetry fields and analysis usage
Information	17-11-2025 14:19:19	Netwtw14	7021	None	7021 - Connection telemetry fields and analysis usage
Information	17-11-2025 14:19:19	Netwtw14	7021	None	7021 - Connection telemetry fields and analysis usage
Information	17-11-2025 14:19:13	Netwtw14	7021	None	7021 - Connection telemetry fields and analysis usage
Information	17-11-2025 14:19:13	Netwtw14	7021	None	7021 - Connection telemetry fields and analysis usage
Information	17-11-2025 14:19:13	Netwtw14	7021	None	7021 - Connection telemetry fields and analysis usage
Information	17-11-2025 14:19:13	Netwtw14	7021	None	7021 - Connection telemetry fields and analysis usage
Information	17-11-2025 14:19:03	Netwtw14	7021	None	7021 - Connection telemetry fields and analysis usage
Information	17-11-2025 14:19:03	Netwtw14	7021	None	7021 - Connection telemetry fields and analysis usage
Information	17-11-2025 14:19:03	Netwtw14	7021	None	7021 - Connection telemetry fields and analysis usage
Information	17-11-2025 14:19:03	Netwtw14	7021	None	7021 - Connection telemetry fields and analysis usage
Information	17-11-2025 14:19:00	Netwtw14	7021	None	7021 - Connection telemetry fields and analysis usage
Information	17-11-2025 14:19:00	Netwtw14	7021	None	7021 - Connection telemetry fields and analysis usage
Information	17-11-2025 14:19:00	Netwtw14	7021	None	7021 - Connection telemetry fields and analysis usage
Information	17-11-2025 14:19:00	Netwtw14	7021	None	7021 - Connection telemetry fields and analysis usage
Information	17-11-2025 14:18:58	Netwtw14	7021	None	7021 - Connection telemetry fields and analysis usage
Information	17-11-2025 14:18:57	Netwtw14	7021	None	7021 - Connection telemetry fields and analysis usage
Information	17-11-2025 14:18:57	Netwtw14	7021	None	7021 - Connection telemetry fields and analysis usage
Information	17-11-2025 14:18:57	Netwtw14	7021	None	7021 - Connection telemetry fields and analysis usage
Information	17-11-2025 14:18:52	Netwtw14	7021	None	7021 - Connection telemetry fields and analysis usage
Information	17-11-2025 14:18:52	Netwtw14	7021	None	7021 - Connection telemetry fields and analysis usage
Information	17-11-2025 14:18:52	Netwtw14	7021	None	7021 - Connection telemetry fields and analysis usage
Information	17-11-2025 14:18:50	Netwtw14	7021	None	7021 - Connection telemetry fields and analysis usage
Information	17-11-2025 14:18:47	Netwtw14	7003	None	7003 - Roam Complete
Information	17-11-2025 14:18:47	Netwtw14	7021	None	7021 - Connection telemetry fields and analysis usage
Information	17-11-2025 14:18:29	Netwtw14	7021	None	7021 - Connection telemetry fields and analysis usage
Information	17-11-2025 14:18:28	Netwtw14	7021	None	7021 - Connection telemetry fields and analysis usage
Information	17-11-2025 14:18:28	Netwtw14	7021	None	7021 - Connection telemetry fields and analysis usage
Information	17-11-2025 14:18:27	Netwtw14	7021	None	7021 - Connection telemetry fields and analysis usage
Information	17-11-2025 14:18:27	Netwtw14	7021	None	7021 - Connection telemetry fields and analysis usage
Information	17-11-2025 14:18:26	Netwtw14	7021	None	7021 - Connection telemetry fields and analysis usage
Information	17-11-2025 14:18:26	Netwtw14	7021	None	7021 - Connection telemetry fields and analysis usage
Information	17-11-2025 14:18:25	Netwtw14	7021	None	7021 - Connection telemetry fields and analysis usage
Information	17-11-2025 14:18:24	Netwtw14	7021	None	7021 - Connection telemetry fields and analysis usage
Information	17-11-2025 14:18:21	Netwtw14	7003	None	7003 - Roam Complete
Information	17-11-2025 14:18:21	Netwtw14	7021	None	7021 - Connection telemetry fields and analysis usage
Information	17-11-2025 14:18:19	Netwtw14	7003	None	7003 - Roam Complete
Information	17-11-2025 14:18:19	Netwtw14	7021	None	7021 - Connection telemetry fields and analysis usage
Information	17-11-2025 14:18:19	Netwtw14	7021	None	7021 - Connection telemetry fields and analysis usage
Information	17-11-2025 14:17:52	Netwtw14	7021	None	7021 - Connection telemetry fields and analysis usage
Information	17-11-2025 14:17:48	Netwtw14	7003	None	7003 - Roam Complete
Information	17-11-2025 14:17:48	Netwtw14	7021	None	7021 - Connection telemetry fields and analysis usage
Information	17-11-2025 14:17:48	Netwtw14	7021	None	7021 - Connection telemetry fields and analysis usage
Information	17-11-2025 14:17:41	Netwtw14	7021	None	7021 - Connection telemetry fields and analysis usage
Warning	17-11-2025 14:17:38	Microsoft-Windows-DNS-Client	1014	(1014)	Name resolution for the name vscjava.gallery.vsassets.io timed out after none of the configured DNS servers responded. Client PID 16836.
Information	17-11-2025 14:17:38	Microsoft-Windows-Kernel-Power	172	(203)	Connectivity state in standby: Connected, Reason: None
Information	17-11-2025 14:17:37	Netwtw14	7018	None	7018 - secure boot (SB4) configuration
Information	17-11-2025 14:17:37	Netwtw14	7017	None	7017 - secure boot (SB) configuration
Information	17-11-2025 14:17:37	Netwtw14	7010	None	7010 - driver enabled (miniport init)
Information	17-11-2025 14:17:37	Netwtw14	7002	None	7002 - CTDP power limit value (SPLC)
Information	17-11-2025 14:17:37	Netwtw14	7005	None	7005 - SAR value max TX power (WRDS)
Information	17-11-2025 14:17:37	Netwtw14	7027	None	7027 - get Nic Manufacturere on init
Information	17-11-2025 14:17:37	Netwtw14	7029	None	7029 - Driver initialization
Information	17-11-2025 14:17:37	Netwtw14	7036	None	The \Device\NDMP21 service entered the Intel(R) Wi-Fi 6 AX203 state.
Information	17-11-2025 14:17:37	Netwtw14	8000	None	8000 - Miniport Halt flow (driver disable)
Information	17-11-2025 14:17:37	Microsoft-Windows-Kernel-Power	172	(203)	Connectivity state in standby: Disconnected, Reason: NIC compliance
Warning	17-11-2025 14:17:36	Microsoft-Windows-WLAN-AutoConfig	4003	None	"WLAN AutoConfig detected limited connectivity, attempting automatic recovery.

Recovery Type: 4
Error Code: 0x0
Trigger Reason: 7
IP Family: 0
"
Warning	17-11-2025 14:17:31	Microsoft-Windows-DNS-Client	1014	(1014)	Name resolution for the name unleash.codeium.com timed out after none of the configured DNS servers responded. Client PID 4244.
Information	17-11-2025 14:17:28	Netwtw14	7021	None	7021 - Connection telemetry fields and analysis usage
Information	17-11-2025 14:17:28	Netwtw14	7021	None	7021 - Connection telemetry fields and analysis usage
Information	17-11-2025 14:17:27	Netwtw14	7021	None	7021 - Connection telemetry fields and analysis usage
Information	17-11-2025 14:17:26	Netwtw14	7021	None	7021 - Connection telemetry fields and analysis usage
Information	17-11-2025 14:17:26	Netwtw14	7021	None	7021 - Connection telemetry fields and analysis usage
Information	17-11-2025 14:17:25	Netwtw14	7021	None	7021 - Connection telemetry fields and analysis usage
Information	17-11-2025 14:17:24	Netwtw14	7021	None	7021 - Connection telemetry fields and analysis usage
Information	17-11-2025 14:17:23	Netwtw14	7021	None	7021 - Connection telemetry fields and analysis usage
Warning	17-11-2025 14:17:21	Microsoft-Windows-DNS-Client	1014	(1014)	Name resolution for the name tconf2.cloud.360safe.com timed out after none of the configured DNS servers responded. Client PID 2904.
Warning	17-11-2025 14:17:16	Microsoft-Windows-DNS-Client	1014	(1014)	Name resolution for the name tconf2.cloud.360safe.com timed out after none of the configured DNS servers responded. Client PID 2904.
Information	17-11-2025 14:17:04	Netwtw14	7021	None	7021 - Connection telemetry fields and analysis usage
Information	17-11-2025 14:17:04	Netwtw14	7021	None	7021 - Connection telemetry fields and analysis usage
Information	17-11-2025 14:17:03	Netwtw14	7021	None	7021 - Connection telemetry fields and analysis usage
Information	17-11-2025 14:17:02	Netwtw14	7021	None	7021 - Connection telemetry fields and analysis usage
Information	17-11-2025 14:17:02	Netwtw14	7021	None	7021 - Connection telemetry fields and analysis usage
Information	17-11-2025 14:17:02	Netwtw14	7021	None	7021 - Connection telemetry fields and analysis usage
Information	17-11-2025 14:17:02	Netwtw14	7021	None	7021 - Connection telemetry fields and analysis usage
Information	17-11-2025 14:17:01	Netwtw14	7021	None	7021 - Connection telemetry fields and analysis usage
Information	17-11-2025 14:17:00	Netwtw14	7021	None	7021 - Connection telemetry fields and analysis usage
Information	17-11-2025 14:16:59	Netwtw14	7021	None	7021 - Connection telemetry fields and analysis usage
Information	17-11-2025 14:16:51	Netwtw14	7021	None	7021 - Connection telemetry fields and analysis usage
Information	17-11-2025 14:16:50	Netwtw14	7021	None	7021 - Connection telemetry fields and analysis usage
Information	17-11-2025 14:16:50	Netwtw14	7021	None	7021 - Connection telemetry fields and analysis usage
Information	17-11-2025 14:16:50	Netwtw14	7021	None	7021 - Connection telemetry fields and analysis usage
Information	17-11-2025 14:16:45	Netwtw14	7021	None	7021 - Connection telemetry fields and analysis usage
Information	17-11-2025 14:16:45	Netwtw14	7021	None	7021 - Connection telemetry fields and analysis usage
Information	17-11-2025 14:16:45	Netwtw14	7021	None	7021 - Connection telemetry fields and analysis usage
Information	17-11-2025 14:16:44	Netwtw14	7021	None	7021 - Connection telemetry fields and analysis usage
Information	17-11-2025 14:16:38	Netwtw14	7021	None	7021 - Connection telemetry fields and analysis usage
Information	17-11-2025 14:14:24	Microsoft-Windows-IsolatedUserMode	5	None	Secure Trustlet NULL Id 0 and Pid 0 started with status STATUS_SUCCESS.
Information	17-11-2025 14:14:23	Microsoft-Windows-IsolatedUserMode	2	None	Secure Trustlet Id 0 and Pid 0 stopped with status STATUS_SUCCESS.
Warning	17-11-2025 14:05:58	Netwtw14	6062	None	6062 - Lso was triggered
Warning	17-11-2025 14:05:57	Microsoft-Windows-DNS-Client	1014	(1014)	Name resolution for the name unleash.codeium.com timed out after none of the configured DNS servers responded. Client PID 19004.
Information	17-11-2025 14:05:54	Netwtw14	7021	None	7021 - Connection telemetry fields and analysis usage
Warning	17-11-2025 14:05:54	Microsoft-Windows-DNS-Client	1014	(1014)	Name resolution for the name unleash.codeium.com timed out after none of the configured DNS servers responded. Client PID 19004.
Information	17-11-2025 14:05:45	Netwtw14	7003	None	7003 - Roam Complete
Information	17-11-2025 14:05:45	Netwtw14	7021	None	7021 - Connection telemetry fields and analysis usage
Information	17-11-2025 14:05:45	Netwtw14	7021	None	7021 - Connection telemetry fields and analysis usage
Information	17-11-2025 14:05:40	Netwtw14	7021	None	7021 - Connection telemetry fields and analysis usage
Information	17-11-2025 14:05:34	Netwtw14	7003	None	7003 - Roam Complete
Information	17-11-2025 14:05:34	Netwtw14	7021	None	7021 - Connection telemetry fields and analysis usage
Information	17-11-2025 14:05:34	Netwtw14	7021	None	7021 - Connection telemetry fields and analysis usage
Information	17-11-2025 14:05:31	Netwtw14	7003	None	7003 - Roam Complete
Information	17-11-2025 14:05:31	Netwtw14	7021	None	7021 - Connection telemetry fields and analysis usage
Information	17-11-2025 14:05:31	Netwtw14	7021	None	7021 - Connection telemetry fields and analysis usage
Information	17-11-2025 14:05:30	Netwtw14	7021	None	7021 - Connection telemetry fields and analysis usage
Information	17-11-2025 14:05:30	Netwtw14	7021	None	7021 - Connection telemetry fields and analysis usage
Information	17-11-2025 14:05:29	Netwtw14	7021	None	7021 - Connection telemetry fields and analysis usage
Information	17-11-2025 14:05:29	Netwtw14	7021	None	7021 - Connection telemetry fields and analysis usage
Information	17-11-2025 14:05:28	Netwtw14	7021	None	7021 - Connection telemetry fields and analysis usage
Information	17-11-2025 14:05:27	Netwtw14	7021	None	7021 - Connection telemetry fields and analysis usage
Information	17-11-2025 14:05:24	Netwtw14	7003	None	7003 - Roam Complete
Information	17-11-2025 14:05:24	Netwtw14	7021	None	7021 - Connection telemetry fields and analysis usage
Warning	17-11-2025 14:03:32	Microsoft-Windows-DNS-Client	1014	(1014)	Name resolution for the name ss-prod-an1-ns.aws.adobess.com timed out after none of the configured DNS servers responded. Client PID 27488.
Warning	17-11-2025 14:02:50	Microsoft-Windows-DNS-Client	1014	(1014)	Name resolution for the name ss-prod-an1-ns.aws.adobess.com timed out after none of the configured DNS servers responded. Client PID 27488.
Information	17-11-2025 14:02:44	Netwtw14	7003	None	7003 - Roam Complete
Information	17-11-2025 14:02:44	Netwtw14	7021	None	7021 - Connection telemetry fields and analysis usage
Information	17-11-2025 14:02:44	Netwtw14	7021	None	7021 - Connection telemetry fields and analysis usage
Information	17-11-2025 14:00:36	Netwtw14	7003	None	7003 - Roam Complete
Information	17-11-2025 13:59:53	Netwtw14	7003	None	7003 - Roam Complete
Information	17-11-2025 13:59:53	Netwtw14	7021	None	7021 - Connection telemetry fields and analysis usage
Information	17-11-2025 13:59:50	Netwtw14	7021	None	7021 - Connection telemetry fields and analysis usage
Information	17-11-2025 13:59:50	Netwtw14	7021	None	7021 - Connection telemetry fields and analysis usage
Information	17-11-2025 13:59:49	Netwtw14	7021	None	7021 - Connection telemetry fields and analysis usage
Information	17-11-2025 13:59:39	Netwtw14	7021	None	7021 - Connection telemetry fields and analysis usage
Information	17-11-2025 13:59:39	Netwtw14	7021	None	7021 - Connection telemetry fields and analysis usage
Information	17-11-2025 13:59:39	Netwtw14	7021	None	7021 - Connection telemetry fields and analysis usage
Information	17-11-2025 13:59:39	Netwtw14	7021	None	7021 - Connection telemetry fields and analysis usage
Warning	17-11-2025 13:59:37	Microsoft-Windows-DNS-Client	1014	(1014)	Name resolution for the name capi.grammarly.com timed out after none of the configured DNS servers responded. Client PID 21564.
Information	17-11-2025 13:59:34	Netwtw14	7021	None	7021 - Connection telemetry fields and analysis usage
Information	17-11-2025 13:59:34	Netwtw14	7021	None	7021 - Connection telemetry fields and analysis usage
Information	17-11-2025 13:59:33	Netwtw14	7021	None	7021 - Connection telemetry fields and analysis usage
Information	17-11-2025 13:59:33	Netwtw14	7021	None	7021 - Connection telemetry fields and analysis usage
Information	17-11-2025 13:59:17	Netwtw14	7003	None	7003 - Roam Complete
Information	17-11-2025 13:59:17	Netwtw14	7021	None	7021 - Connection telemetry fields and analysis usage
Information	17-11-2025 13:59:17	Netwtw14	7021	None	7021 - Connection telemetry fields and analysis usage
Information	17-11-2025 13:59:16	Netwtw14	7021	None	7021 - Connection telemetry fields and analysis usage
Information	17-11-2025 13:59:16	Netwtw14	7021	None	7021 - Connection telemetry fields and analysis usage
Information	17-11-2025 13:59:16	Netwtw14	7021	None	7021 - Connection telemetry fields and analysis usage
Information	17-11-2025 13:59:15	Netwtw14	7021	None	7021 - Connection telemetry fields and analysis usage
Information	17-11-2025 13:59:14	Netwtw14	7021	None	7021 - Connection telemetry fields and analysis usage
Information	17-11-2025 13:59:14	Netwtw14	7021	None	7021 - Connection telemetry fields and analysis usage
Information	17-11-2025 13:59:14	Netwtw14	7021	None	7021 - Connection telemetry fields and analysis usage
Information	17-11-2025 13:59:14	Netwtw14	7021	None	7021 - Connection telemetry fields and analysis usage
Information	17-11-2025 13:59:08	Netwtw14	7021	None	7021 - Connection telemetry fields and analysis usage
Information	17-11-2025 13:58:59	Netwtw14	7003	None	7003 - Roam Complete
Information	17-11-2025 13:58:59	Netwtw14	7021	None	7021 - Connection telemetry fields and analysis usage
Information	17-11-2025 13:58:51	Netwtw14	7003	None	7003 - Roam Complete
Information	17-11-2025 13:58:51	Netwtw14	7021	None	7021 - Connection telemetry fields and analysis usage
Information	17-11-2025 13:58:42	Netwtw14	7021	None	7021 - Connection telemetry fields and analysis usage
Information	17-11-2025 13:58:42	Netwtw14	7021	None	7021 - Connection telemetry fields and analysis usage
Information	17-11-2025 13:58:40	Netwtw14	7021	None	7021 - Connection telemetry fields and analysis usage
Information	17-11-2025 13:58:40	Netwtw14	7021	None	7021 - Connection telemetry fields and analysis usage
Information	17-11-2025 13:58:35	Netwtw14	7003	None	7003 - Roam Complete
Information	17-11-2025 13:58:35	Netwtw14	7021	None	7021 - Connection telemetry fields and analysis usage
Information	17-11-2025 13:58:35	Netwtw14	7021	None	7021 - Connection telemetry fields and analysis usage
Information	17-11-2025 13:58:35	Netwtw14	7021	None	7021 - Connection telemetry fields and analysis usage
Information	17-11-2025 13:58:27	Netwtw14	7021	None	7021 - Connection telemetry fields and analysis usage
Information	17-11-2025 13:58:27	Netwtw14	7021	None	7021 - Connection telemetry fields and analysis usage
Information	17-11-2025 13:58:26	Netwtw14	7021	None	7021 - Connection telemetry fields and analysis usage
Information	17-11-2025 13:58:25	Netwtw14	7021	None	7021 - Connection telemetry fields and analysis usage
Information	17-11-2025 13:58:20	Netwtw14	7021	None	7021 - Connection telemetry fields and analysis usage
Information	17-11-2025 13:58:20	Netwtw14	7021	None	7021 - Connection telemetry fields and analysis usage
Information	17-11-2025 13:58:19	Netwtw14	7021	None	7021 - Connection telemetry fields and analysis usage
Information	17-11-2025 13:58:19	Netwtw14	7021	None	7021 - Connection telemetry fields and analysis usage
Information	17-11-2025 13:58:19	Netwtw14	7021	None	7021 - Connection telemetry fields and analysis usage
Information	17-11-2025 13:58:18	Netwtw14	7021	None	7021 - Connection telemetry fields and analysis usage
Information	17-11-2025 13:58:18	Netwtw14	7021	None	7021 - Connection telemetry fields and analysis usage
Information	17-11-2025 13:58:14	Microsoft-Windows-WLAN-AutoConfig	10001	None	"WLAN Extensibility Module has successfully started.

Module Path: C:\Windows\system32\IntelIHVRouter14.dll
"
Warning	17-11-2025 13:58:14	Microsoft-Windows-WLAN-AutoConfig	10002	None	"WLAN Extensibility Module has stopped.

Module Path: C:\Windows\system32\IntelIHVRouter14.dll
"
Information	17-11-2025 13:58:14	Microsoft-Windows-Kernel-Power	172	(203)	Connectivity state in standby: Connected, Reason: None
Information	17-11-2025 13:58:14	Netwtw14	7018	None	7018 - secure boot (SB4) configuration
Information	17-11-2025 13:58:14	Netwtw14	7017	None	7017 - secure boot (SB) configuration
Information	17-11-2025 13:58:14	Netwtw14	7010	None	7010 - driver enabled (miniport init)
Information	17-11-2025 13:58:14	Netwtw14	7002	None	7002 - CTDP power limit value (SPLC)
Information	17-11-2025 13:58:14	Netwtw14	7005	None	7005 - SAR value max TX power (WRDS)
Information	17-11-2025 13:58:14	Netwtw14	7027	None	7027 - get Nic Manufacturere on init
Information	17-11-2025 13:58:14	Netwtw14	7029	None	7029 - Driver initialization
Information	17-11-2025 13:58:14	Netwtw14	7036	None	The \Device\NDMP18 service entered the Intel(R) Wi-Fi 6 AX203 state.
Information	17-11-2025 13:58:14	Netwtw14	8000	None	8000 - Miniport Halt flow (driver disable)
Information	17-11-2025 13:58:13	Microsoft-Windows-Kernel-Power	172	(203)	Connectivity state in standby: Disconnected, Reason: NIC compliance
Warning	17-11-2025 13:58:13	Microsoft-Windows-WLAN-AutoConfig	4003	None	"WLAN AutoConfig detected limited connectivity, attempting automatic recovery.

Recovery Type: 4
Error Code: 0x0
Trigger Reason: 7
IP Family: 0
"
Information	17-11-2025 13:58:01	Netwtw14	7021	None	7021 - Connection telemetry fields and analysis usage
Information	17-11-2025 13:58:01	Netwtw14	7021	None	7021 - Connection telemetry fields and analysis usage
Information	17-11-2025 13:58:00	Netwtw14	7021	None	7021 - Connection telemetry fields and analysis usage
Warning	17-11-2025 13:57:43	Microsoft-Windows-DNS-Client	1014	(1014)	Name resolution for the name www.baidu.com timed out after none of the configured DNS servers responded. Client PID 7128.
Warning	17-11-2025 13:57:31	Microsoft-Windows-DNS-Client	1014	(1014)	Name resolution for the name www.baidu.com timed out after none of the configured DNS servers responded. Client PID 7128.
Information	17-11-2025 13:57:15	Netwtw14	7003	None	7003 - Roam Complete
Information	17-11-2025 13:57:15	Netwtw14	7021	None	7021 - Connection telemetry fields and analysis usage
Information	17-11-2025 13:57:15	Netwtw14	7021	None	7021 - Connection telemetry fields and analysis usage
Warning	17-11-2025 13:56:38	Microsoft-Windows-DNS-Client	1014	(1014)	Name resolution for the name unleash.codeium.com timed out after none of the configured DNS servers responded. Client PID 19004.
Information	17-11-2025 13:56:37	Netwtw14	7003	None	7003 - Roam Complete
Information	17-11-2025 13:56:37	Netwtw14	7021	None	7021 - Connection telemetry fields and analysis usage
Information	17-11-2025 13:56:37	Netwtw14	7021	None	7021 - Connection telemetry fields and analysis usage
Information	17-11-2025 13:56:06	Netwtw14	7021	None	7021 - Connection telemetry fields and analysis usage
Information	17-11-2025 13:54:59	Netwtw14	7021	None	7021 - Connection telemetry fields and analysis usage
Information	17-11-2025 13:54:58	Netwtw14	7021	None	7021 - Connection telemetry fields and analysis usage
Information	17-11-2025 13:54:54	Netwtw14	7021	None	7021 - Connection telemetry fields and analysis usage
Information	17-11-2025 13:54:50	Netwtw14	7021	None	7021 - Connection telemetry fields and analysis usage
Information	17-11-2025 13:54:49	Netwtw14	7021	None	7021 - Connection telemetry fields and analysis usage
Information	17-11-2025 13:54:49	Netwtw14	7021	None	7021 - Connection telemetry fields and analysis usage
Information	17-11-2025 13:54:49	Netwtw14	7021	None	7021 - Connection telemetry fields and analysis usage
Information	17-11-2025 13:54:48	Netwtw14	7021	None	7021 - Connection telemetry fields and analysis usage
Information	17-11-2025 13:54:43	Netwtw14	7021	None	7021 - Connection telemetry fields and analysis usage
Information	17-11-2025 13:54:43	Netwtw14	7021	None	7021 - Connection telemetry fields and analysis usage
Information	17-11-2025 13:54:43	Netwtw14	7021	None	7021 - Connection telemetry fields and analysis usage
Information	17-11-2025 13:54:42	Netwtw14	7021	None	7021 - Connection telemetry fields and analysis usage
Information	17-11-2025 13:54:30	Netwtw14	7021	None	7021 - Connection telemetry fields and analysis usage
Information	17-11-2025 13:54:30	Netwtw14	7021	None	7021 - Connection telemetry fields and analysis usage
Information	17-11-2025 13:54:30	Netwtw14	7021	None	7021 - Connection telemetry fields and analysis usage
Information	17-11-2025 13:54:30	Netwtw14	7021	None	7021 - Connection telemetry fields and analysis usage
Information	17-11-2025 13:54:24	Netwtw14	7021	None	7021 - Connection telemetry fields and analysis usage
Information	17-11-2025 13:54:24	Netwtw14	7021	None	7021 - Connection telemetry fields and analysis usage
Information	17-11-2025 13:54:24	Netwtw14	7021	None	7021 - Connection telemetry fields and analysis usage
Information	17-11-2025 13:54:24	Netwtw14	7021	None	7021 - Connection telemetry fields and analysis usage
Information	17-11-2025 13:54:15	Netwtw14	7021	None	7021 - Connection telemetry fields and analysis usage
Information	17-11-2025 13:54:13	Netwtw14	7021	None	7021 - Connection telemetry fields and analysis usage
Information	17-11-2025 13:54:12	Netwtw14	7021	None	7021 - Connection telemetry fields and analysis usage
Information	17-11-2025 13:54:11	Netwtw14	7021	None	7021 - Connection telemetry fields and analysis usage
Information	17-11-2025 13:54:11	Netwtw14	7021	None	7021 - Connection telemetry fields and analysis usage
Information	17-11-2025 13:54:04	Netwtw14	7021	None	7021 - Connection telemetry fields and analysis usage
Information	17-11-2025 13:54:04	Netwtw14	7021	None	7021 - Connection telemetry fields and analysis usage
Information	17-11-2025 13:54:04	Netwtw14	7021	None	7021 - Connection telemetry fields and analysis usage
Information	17-11-2025 13:54:04	Netwtw14	7021	None	7021 - Connection telemetry fields and analysis usage
Information	17-11-2025 13:53:55	Netwtw14	7021	None	7021 - Connection telemetry fields and analysis usage
Information	17-11-2025 13:53:55	Netwtw14	7021	None	7021 - Connection telemetry fields and analysis usage
Information	17-11-2025 13:53:55	Netwtw14	7021	None	7021 - Connection telemetry fields and analysis usage
Information	17-11-2025 13:53:54	Netwtw14	7021	None	7021 - Connection telemetry fields and analysis usage
Warning	17-11-2025 13:53:49	Microsoft-Windows-DNS-Client	1014	(1014)	Name resolution for the name unleash.codeium.com timed out after none of the configured DNS servers responded. Client PID 19004.
Information	17-11-2025 13:53:49	Netwtw14	7021	None	7021 - Connection telemetry fields and analysis usage
Information	17-11-2025 13:53:48	Netwtw14	7021	None	7021 - Connection telemetry fields and analysis usage
Information	17-11-2025 13:53:48	Netwtw14	7021	None	7021 - Connection telemetry fields and analysis usage
Information	17-11-2025 13:53:48	Netwtw14	7021	None	7021 - Connection telemetry fields and analysis usage
Information	17-11-2025 13:53:43	Netwtw14	7003	None	7003 - Roam Complete
Information	17-11-2025 13:53:43	Netwtw14	7021	None	7021 - Connection telemetry fields and analysis usage
Information	17-11-2025 13:53:42	Netwtw14	7021	None	7021 - Connection telemetry fields and analysis usage
Information	17-11-2025 13:53:41	Netwtw14	7021	None	7021 - Connection telemetry fields and analysis usage
Warning	17-11-2025 13:53:40	Microsoft-Windows-DNS-Client	1014	(1014)	Name resolution for the name www.baidu.com timed out after none of the configured DNS servers responded. Client PID 7128.
Information	17-11-2025 13:53:35	Netwtw14	7003	None	7003 - Roam Complete
Information	17-11-2025 13:53:35	Netwtw14	7021	None	7021 - Connection telemetry fields and analysis usage
Information	17-11-2025 13:53:35	Netwtw14	7021	None	7021 - Connection telemetry fields and analysis usage
Information	17-11-2025 13:53:34	Netwtw14	7021	None	7021 - Connection telemetry fields and analysis usage
Warning	17-11-2025 13:53:33	Microsoft-Windows-DNS-Client	1014	(1014)	Name resolution for the name assets.msn.com timed out after none of the configured DNS servers responded. Client PID 4552.
Information	17-11-2025 13:53:33	Netwtw14	7021	None	7021 - Connection telemetry fields and analysis usage
Information	17-11-2025 13:53:32	Netwtw14	7021	None	7021 - Connection telemetry fields and analysis usage
Information	17-11-2025 13:53:11	Netwtw14	7003	None	7003 - Roam Complete
Information	17-11-2025 13:53:11	Netwtw14	7021	None	7021 - Connection telemetry fields and analysis usage
Information	17-11-2025 13:53:11	Netwtw14	7021	None	7021 - Connection telemetry fields and analysis usage
Information	17-11-2025 13:53:10	Netwtw14	7021	None	7021 - Connection telemetry fields and analysis usage
Information	17-11-2025 13:52:48	Netwtw14	7003	None	7003 - Roam Complete
Information	17-11-2025 13:52:48	Netwtw14	7021	None	7021 - Connection telemetry fields and analysis usage
Information	17-11-2025 13:52:48	Netwtw14	7021	None	7021 - Connection telemetry fields and analysis usage
Information	17-11-2025 13:52:46	Netwtw14	7021	None	7021 - Connection telemetry fields and analysis usage
Information	17-11-2025 13:52:42	Netwtw14	7021	None	7021 - Connection telemetry fields and analysis usage
Information	17-11-2025 13:52:42	Netwtw14	7021	None	7021 - Connection telemetry fields and analysis usage
Information	17-11-2025 13:52:42	Netwtw14	7021	None	7021 - Connection telemetry fields and analysis usage
Information	17-11-2025 13:52:41	Netwtw14	7021	None	7021 - Connection telemetry fields and analysis usage
Information	17-11-2025 13:52:41	Netwtw14	7021	None	7021 - Connection telemetry fields and analysis usage
Warning	17-11-2025 13:52:37	Microsoft-Windows-DNS-Client	1014	(1014)	Name resolution for the name unleash.codeium.com timed out after none of the configured DNS servers responded. Client PID 19004.
Information	17-11-2025 13:52:37	Microsoft-Windows-Kernel-Power	172	(203)	Connectivity state in standby: Connected, Reason: None
Information	17-11-2025 13:52:37	Netwtw14	7018	None	7018 - secure boot (SB4) configuration
Information	17-11-2025 13:52:37	Netwtw14	7017	None	7017 - secure boot (SB) configuration
Information	17-11-2025 13:52:37	Netwtw14	7010	None	7010 - driver enabled (miniport init)
Information	17-11-2025 13:52:37	Netwtw14	7002	None	7002 - CTDP power limit value (SPLC)
Information	17-11-2025 13:52:37	Netwtw14	7005	None	7005 - SAR value max TX power (WRDS)
Information	17-11-2025 13:52:37	Netwtw14	7027	None	7027 - get Nic Manufacturere on init
Information	17-11-2025 13:52:37	Netwtw14	7029	None	7029 - Driver initialization
Information	17-11-2025 13:52:37	Netwtw14	7036	None	The \Device\NDMP16 service entered the Intel(R) Wi-Fi 6 AX203 state.
Information	17-11-2025 13:52:36	Netwtw14	8000	None	8000 - Miniport Halt flow (driver disable)
Information	17-11-2025 13:52:36	Microsoft-Windows-Kernel-Power	172	(203)	Connectivity state in standby: Disconnected, Reason: NIC compliance
Warning	17-11-2025 13:52:36	Microsoft-Windows-WLAN-AutoConfig	4003	None	"WLAN AutoConfig detected limited connectivity, attempting automatic recovery.

Recovery Type: 4
Error Code: 0x0
Trigger Reason: 7
IP Family: 0
"
Warning	17-11-2025 13:52:32	Microsoft-Windows-DNS-Client	1014	(1014)	Name resolution for the name unleash.codeium.com timed out after none of the configured DNS servers responded. Client PID 19004.
Information	17-11-2025 13:52:32	Netwtw14	7021	None	7021 - Connection telemetry fields and analysis usage
Information	17-11-2025 13:52:32	Netwtw14	7021	None	7021 - Connection telemetry fields and analysis usage
Information	17-11-2025 13:52:31	Netwtw14	7021	None	7021 - Connection telemetry fields and analysis usage
Information	17-11-2025 13:52:31	Netwtw14	7021	None	7021 - Connection telemetry fields and analysis usage
Information	17-11-2025 13:52:30	Netwtw14	7021	None	7021 - Connection telemetry fields and analysis usage
Information	17-11-2025 13:52:30	Netwtw14	7021	None	7021 - Connection telemetry fields and analysis usage
Information	17-11-2025 13:52:30	Netwtw14	7021	None	7021 - Connection telemetry fields and analysis usage
Information	17-11-2025 13:52:30	Netwtw14	7021	None	7021 - Connection telemetry fields and analysis usage
Information	17-11-2025 13:52:30	Netwtw14	7021	None	7021 - Connection telemetry fields and analysis usage
Information	17-11-2025 13:52:30	Netwtw14	7021	None	7021 - Connection telemetry fields and analysis usage
Warning	17-11-2025 13:52:26	Microsoft-Windows-DNS-Client	1014	(1014)	Name resolution for the name skydrive.wns.windows.com timed out after none of the configured DNS servers responded. Client PID 12856.
Information	17-11-2025 13:52:26	Netwtw14	7003	None	7003 - Roam Complete
Information	17-11-2025 13:52:26	Netwtw14	7021	None	7021 - Connection telemetry fields and analysis usage
Information	17-11-2025 13:52:26	Netwtw14	7021	None	7021 - Connection telemetry fields and analysis usage
Information	17-11-2025 13:52:23	Netwtw14	7021	None	7021 - Connection telemetry fields and analysis usage
Information	17-11-2025 13:52:23	Netwtw14	7021	None	7021 - Connection telemetry fields and analysis usage
Information	17-11-2025 13:52:23	Netwtw14	7021	None	7021 - Connection telemetry fields and analysis usage
Information	17-11-2025 13:52:23	Netwtw14	7021	None	7021 - Connection telemetry fields and analysis usage
Information	17-11-2025 13:52:22	Netwtw14	7021	None	7021 - Connection telemetry fields and analysis usage
Information	17-11-2025 13:52:19	Netwtw14	7003	None	7003 - Roam Complete
Information	17-11-2025 13:52:19	Netwtw14	7021	None	7021 - Connection telemetry fields and analysis usage
Information	17-11-2025 13:52:18	Netwtw14	7021	None	7021 - Connection telemetry fields and analysis usage
Information	17-11-2025 13:52:17	Netwtw14	7021	None	7021 - Connection telemetry fields and analysis usage
Warning	17-11-2025 13:52:15	Microsoft-Windows-DNS-Client	1014	(1014)	Name resolution for the name dns.google timed out after none of the configured DNS servers responded. Client PID 5592.
Information	17-11-2025 13:52:02	Netwtw14	7021	None	7021 - Connection telemetry fields and analysis usage
Information	17-11-2025 13:51:58	Netwtw14	7021	None	7021 - Connection telemetry fields and analysis usage
Warning	17-11-2025 13:51:38	Microsoft-Windows-DNS-Client	1014	(1014)	Name resolution for the name _ldap._tcp.dc._msdcs.mshome.net. timed out after none of the configured DNS servers responded. Client PID 2500.
Information	17-11-2025 13:51:29	Netwtw14	7021	None	7021 - Connection telemetry fields and analysis usage
Information	17-11-2025 13:51:23	Netwtw14	7003	None	7003 - Roam Complete
Information	17-11-2025 13:51:23	Netwtw14	7021	None	7021 - Connection telemetry fields and analysis usage
Information	17-11-2025 13:51:23	Netwtw14	7021	None	7021 - Connection telemetry fields and analysis usage
Warning	17-11-2025 13:18:52	Microsoft-Windows-DistributedCOM	10016	None	"The application-specific permission settings do not grant Local Activation permission for the COM Server application with CLSID 
{2593F8B9-4EAF-457C-B68A-50F6B8EA6B54}
 and APPID 
{15C20B67-12E7-4BB6-92BB-7AFF07997402}
 to the user Saiganesh\gunis SID (S-1-5-21-2782663264-3991100608-3008750438-1001) from address LocalHost (Using LRPC) running in the application container Unavailable SID (Unavailable). This security permission can be modified using the Component Services administrative tool."
Information	17-11-2025 13:17:13	Netwtw14	7021	None	7021 - Connection telemetry fields and analysis usage
Information	17-11-2025 13:15:49	Netwtw14	7021	None	7021 - Connection telemetry fields and analysis usage
Information	17-11-2025 13:15:49	Netwtw14	7021	None	7021 - Connection telemetry fields and analysis usage
Information	17-11-2025 13:15:48	Netwtw14	7021	None	7021 - Connection telemetry fields and analysis usage
Information	17-11-2025 13:15:47	Netwtw14	7021	None	7021 - Connection telemetry fields and analysis usage
Information	17-11-2025 13:15:47	Netwtw14	7021	None	7021 - Connection telemetry fields and analysis usage
Information	17-11-2025 13:15:47	Netwtw14	7021	None	7021 - Connection telemetry fields and analysis usage
Information	17-11-2025 13:15:46	Netwtw14	7021	None	7021 - Connection telemetry fields and analysis usage
Information	17-11-2025 13:15:46	Netwtw14	7021	None	7021 - Connection telemetry fields and analysis usage
Information	17-11-2025 13:15:46	Netwtw14	7021	None	7021 - Connection telemetry fields and analysis usage
Information	17-11-2025 13:15:45	Netwtw14	7021	None	7021 - Connection telemetry fields and analysis usage
Information	17-11-2025 13:15:45	Netwtw14	7021	None	7021 - Connection telemetry fields and analysis usage
Information	17-11-2025 13:15:44	Netwtw14	7021	None	7021 - Connection telemetry fields and analysis usage
Error	17-11-2025 13:15:44	Microsoft-Windows-TPM-WMI	1801	None	"Secure Boot CA/keys need to be updated. This device signature information is included here.
DeviceAttributes: FirmwareVersion:LTCN33WW;OEMManufacturerName:LENOVO;OEMModelSKU:LENOVO_MT_83EM_BU_idea_FM_IdeaPad Slim 3 15IRH8;OSArchitecture:amd64;
BucketId: 19f5521a9a11b038ff2fbabfc2e3398b7331dde01e995bceb019686a7da0c8d3
BucketConfidenceLevel: 
UpdateType: 0
HResult: The operation completed successfully."
Information	17-11-2025 13:15:44	Netwtw14	7021	None	7021 - Connection telemetry fields and analysis usage
Information	17-11-2025 13:15:43	Netwtw14	7021	None	7021 - Connection telemetry fields and analysis usage
Information	17-11-2025 13:15:43	Netwtw14	7021	None	7021 - Connection telemetry fields and analysis usage
Information	17-11-2025 13:15:43	Netwtw14	7021	None	7021 - Connection telemetry fields and analysis usage
Information	17-11-2025 13:15:42	Netwtw14	7021	None	7021 - Connection telemetry fields and analysis usage
Information	17-11-2025 13:15:38	Netwtw14	7021	None	7021 - Connection telemetry fields and analysis usage
Information	17-11-2025 13:15:38	Netwtw14	7021	None	7021 - Connection telemetry fields and analysis usage
Information	17-11-2025 13:15:38	Netwtw14	7021	None	7021 - Connection telemetry fields and analysis usage
Information	17-11-2025 13:15:38	Netwtw14	7021	None	7021 - Connection telemetry fields and analysis usage
Information	17-11-2025 13:15:33	Netwtw14	7021	None	7021 - Connection telemetry fields and analysis usage
Information	17-11-2025 13:15:33	Netwtw14	7021	None	7021 - Connection telemetry fields and analysis usage
