Information	25-11-2025 11:11:50	RFDriveFs2	1	None	"The description for Event ID 1 from source RFDriveFs2 cannot be found. Either the component that raises this event is not installed on your local computer or the installation is corrupted. You can install or repair the component on the local computer.

If the event originated on another computer, the display information had to be saved with the event.

The following information was included with the event: 

Found entry with matching mount point.

The message resource is present but the message was not found in the message table
"
Information	25-11-2025 11:11:50	RFDriveFs2	1	None	"The description for Event ID 1 from source RFDriveFs2 cannot be found. Either the component that raises this event is not installed on your local computer or the installation is corrupted. You can install or repair the component on the local computer.

If the event originated on another computer, the display information had to be saved with the event.

The following information was included with the event: 

Finding mount entry; mount point = \DosDevices\C:\ShareHub\moto g85 5G.

The message resource is present but the message was not found in the message table
"
Information	25-11-2025 11:11:50	Microsoft-Windows-Kernel-Power	566	(268)	"The system session has transitioned from 5 to 6.

Reason InputAccelerometer 

BootId: 610"
Information	25-11-2025 11:11:50	Microsoft-Windows-Kernel-Power	507	(158)	"The system is exiting Modern Standby 

Reason: Input Keyboard."
Information	25-11-2025 11:11:50	Microsoft-Windows-Kernel-Power	172	(203)	Connectivity state in standby: Connected, Reason: None
Information	25-11-2025 11:08:55	Microsoft-Windows-Kernel-Power	172	(203)	Connectivity state in standby: Disconnected, Reason: Adaptive Connected Standby
Information	25-11-2025 11:08:47	Microsoft-Windows-Kernel-Power	566	(268)	"The system session has transitioned from 4 to 5.

Reason SessionUnlock 

BootId: 610"
Information	25-11-2025 11:08:25	Microsoft-Windows-Kernel-Power	506	(157)	"The system is entering Modern Standby 

Reason: Idle Timeout."
Information	25-11-2025 11:08:25	Microsoft-Windows-Kernel-Power	566	(268)	"The system session has transitioned from 3 to 4.

Reason SessionUnlock 

BootId: 610"
Information	25-11-2025 10:38:46	Microsoft-Windows-IsolatedUserMode	5	None	Secure Trustlet NULL Id 0 and Pid 0 started with status STATUS_SUCCESS.
Information	25-11-2025 10:38:45	Microsoft-Windows-IsolatedUserMode	2	None	Secure Trustlet Id 0 and Pid 0 stopped with status STATUS_SUCCESS.
Information	25-11-2025 10:07:37	Microsoft-Windows-Kernel-Power	566	(268)	"The system session has transitioned from 1 to 3.

Reason InputAccelerometer 

BootId: 610"
Information	25-11-2025 10:07:37	Microsoft-Windows-Kernel-Power	507	(158)	"The system is exiting Modern Standby 

Reason: Input Keyboard."
Information	25-11-2025 10:06:56	Microsoft-Windows-Kernel-Power	506	(157)	"The system is entering Modern Standby 

Reason: Idle Timeout."
Information	25-11-2025 10:06:56	Microsoft-Windows-Kernel-Power	566	(268)	"The system session has transitioned from 0 to 1.

Reason SessionUnlock 

BootId: 610"
Information	25-11-2025 10:06:54	Microsoft-Windows-Kernel-General	16	None	The access history in hive \??\C:\ProgramData\Microsoft\Provisioning\Microsoft-Desktop-Provisioning-Sequence.dat was cleared updating 0 keys and creating 0 modified pages.
Warning	25-11-2025 09:44:30	Microsoft-Windows-DistributedCOM	10016	None	"The application-specific permission settings do not grant Local Activation permission for the COM Server application with CLSID 
{2593F8B9-4EAF-457C-B68A-50F6B8EA6B54}
 and APPID 
{15C20B67-12E7-4BB6-92BB-7AFF07997402}
 to the user Saiganesh\gunis SID (S-1-5-21-2782663264-3991100608-3008750438-1001) from address LocalHost (Using LRPC) running in the application container Unavailable SID (Unavailable). This security permission can be modified using the Component Services administrative tool."
Warning	25-11-2025 09:40:54	Microsoft-Windows-DistributedCOM	10016	None	"The application-specific permission settings do not grant Local Activation permission for the COM Server application with CLSID 
{2593F8B9-4EAF-457C-B68A-50F6B8EA6B54}
 and APPID 
{15C20B67-12E7-4BB6-92BB-7AFF07997402}
 to the user Saiganesh\gunis SID (S-1-5-21-2782663264-3991100608-3008750438-1001) from address LocalHost (Using LRPC) running in the application container OpenAI.ChatGPT-Desktop_1.2025.258.0_x64__2p2nqsd0c76g0 SID (Unavailable). This security permission can be modified using the Component Services administrative tool."
Information	25-11-2025 09:40:30	RFDriveFs2	1	None	"The description for Event ID 1 from source RFDriveFs2 cannot be found. Either the component that raises this event is not installed on your local computer or the installation is corrupted. You can install or repair the component on the local computer.

If the event originated on another computer, the display information had to be saved with the event.

The following information was included with the event: 

Opened file with user mode dispatch blocked: ""\drive_fs_notification""

The message resource is present but the message was not found in the message table
"
Information	25-11-2025 09:40:30	RFDriveFs2	1	None	"The description for Event ID 1 from source RFDriveFs2 cannot be found. Either the component that raises this event is not installed on your local computer or the installation is corrupted. You can install or repair the component on the local computer.

If the event originated on another computer, the display information had to be saved with the event.

The following information was included with the event: 

Activating keepalive handle from process 12308.

The message resource is present but the message was not found in the message table
"
Information	25-11-2025 09:40:30	RFDriveFs2	1	None	"The description for Event ID 1 from source RFDriveFs2 cannot be found. Either the component that raises this event is not installed on your local computer or the installation is corrupted. You can install or repair the component on the local computer.

If the event originated on another computer, the display information had to be saved with the event.

The following information was included with the event: 

Opened keepalive file from process 12308.

The message resource is present but the message was not found in the message table
"
Information	25-11-2025 09:40:30	RFDriveFs2	1	None	"The description for Event ID 1 from source RFDriveFs2 cannot be found. Either the component that raises this event is not installed on your local computer or the installation is corrupted. You can install or repair the component on the local computer.

If the event originated on another computer, the display information had to be saved with the event.

The following information was included with the event: 

Opened file with user mode dispatch blocked: ""\__drive_fs_keepalive""

The message resource is present but the message was not found in the message table
"
Information	25-11-2025 09:40:30	RFDriveFs2	1	None	"The description for Event ID 1 from source RFDriveFs2 cannot be found. Either the component that raises this event is not installed on your local computer or the installation is corrupted. You can install or repair the component on the local computer.

If the event originated on another computer, the display information had to be saved with the event.

The following information was included with the event: 

Finished event start with status 1 and flags: 0

The message resource is present but the message was not found in the message table
"
Information	25-11-2025 09:40:30	RFDriveFs2	1	None	"The description for Event ID 1 from source RFDriveFs2 cannot be found. Either the component that raises this event is not installed on your local computer or the installation is corrupted. You can install or repair the component on the local computer.

If the event originated on another computer, the display information had to be saved with the event.

The following information was included with the event: 

Handle created before IOCTL_EVENT_WAIT for file ""\$Extend\$Reparse:$R:$INDEX_ALLOCATION""

The message resource is present but the message was not found in the message table
"
Information	25-11-2025 09:40:30	RFDriveFs2	1	None	"The description for Event ID 1 from source RFDriveFs2 cannot be found. Either the component that raises this event is not installed on your local computer or the installation is corrupted. You can install or repair the component on the local computer.

If the event originated on another computer, the display information had to be saved with the event.

The following information was included with the event: 

7-964f1e9f5de9}

The message resource is present but the message was not found in the message table
"
Information	25-11-2025 09:40:30	RFDriveFs2	1	None	"The description for Event ID 1 from source RFDriveFs2 cannot be found. Either the component that raises this event is not installed on your local computer or the installation is corrupted. You can install or repair the component on the local computer.

If the event originated on another computer, the display information had to be saved with the event.

The following information was included with the event: 

Mount entry found: \DosDevices\C:\ShareHub\moto g85 5G -> \Device\Volume{d6cc17c5-1734-4085-bce

The message resource is present but the message was not found in the message table
"
Information	25-11-2025 09:40:30	RFDriveFs2	1	None	"The description for Event ID 1 from source RFDriveFs2 cannot be found. Either the component that raises this event is not installed on your local computer or the installation is corrupted. You can install or repair the component on the local computer.

If the event originated on another computer, the display information had to be saved with the event.

The following information was included with the event: 

Found entry with matching mount point.

The message resource is present but the message was not found in the message table
"
Information	25-11-2025 09:40:30	RFDriveFs2	1	None	"The description for Event ID 1 from source RFDriveFs2 cannot be found. Either the component that raises this event is not installed on your local computer or the installation is corrupted. You can install or repair the component on the local computer.

If the event originated on another computer, the display information had to be saved with the event.

The following information was included with the event: 

Finding mount entry; mount point = \DosDevices\C:\ShareHub\moto g85 5G.

The message resource is present but the message was not found in the message table
"
Information	25-11-2025 09:40:30	RFDriveFs2	1	None	"The description for Event ID 1 from source RFDriveFs2 cannot be found. Either the component that raises this event is not installed on your local computer or the installation is corrupted. You can install or repair the component on the local computer.

If the event originated on another computer, the display information had to be saved with the event.

The following information was included with the event: 

Mounting successfully done.

The message resource is present but the message was not found in the message table
"
Information	25-11-2025 09:40:30	RFDriveFs2	1	None	"The description for Event ID 1 from source RFDriveFs2 cannot be found. Either the component that raises this event is not installed on your local computer or the installation is corrupted. You can install or repair the component on the local computer.

If the event originated on another computer, the display information had to be saved with the event.

The following information was included with the event: 

Link created: ""\??\Volume{dffd77ae-c9b3-11f0-b8f0-6c2f80c1590c}""

The message resource is present but the message was not found in the message table
"
Information	25-11-2025 09:40:30	RFDriveFs2	1	None	"The description for Event ID 1 from source RFDriveFs2 cannot be found. Either the component that raises this event is not installed on your local computer or the installation is corrupted. You can install or repair the component on the local computer.

If the event originated on another computer, the display information had to be saved with the event.

The following information was included with the event: 

 5G""

The message resource is present but the message was not found in the message table
"
Information	25-11-2025 09:40:30	RFDriveFs2	1	None	"The description for Event ID 1 from source RFDriveFs2 cannot be found. Either the component that raises this event is not installed on your local computer or the installation is corrupted. You can install or repair the component on the local computer.

If the event originated on another computer, the display information had to be saved with the event.

The following information was included with the event: 

Not suggesting link name due to non-drive-letter mount point: ""\DosDevices\C:\ShareHub\moto g85

The message resource is present but the message was not found in the message table
"
Information	25-11-2025 09:40:30	RFDriveFs2	1	None	"The description for Event ID 1 from source RFDriveFs2 cannot be found. Either the component that raises this event is not installed on your local computer or the installation is corrupted. You can install or repair the component on the local computer.

If the event originated on another computer, the display information had to be saved with the event.

The following information was included with the event: 

Mount manager is querying for desired drive letter. ForceDriveLetterAutoAssignment = 0

The message resource is present but the message was not found in the message table
"
Information	25-11-2025 09:40:30	RFDriveFs2	1	None	"The description for Event ID 1 from source RFDriveFs2 cannot be found. Either the component that raises this event is not installed on your local computer or the installation is corrupted. You can install or repair the component on the local computer.

If the event originated on another computer, the display information had to be saved with the event.

The following information was included with the event: 

Starting FCB garbage collector with 2000 ms interval.

The message resource is present but the message was not found in the message table
"
Information	25-11-2025 09:40:30	RFDriveFs2	1	None	"The description for Event ID 1 from source RFDriveFs2 cannot be found. Either the component that raises this event is not installed on your local computer or the installation is corrupted. You can install or repair the component on the local computer.

If the event originated on another computer, the display information had to be saved with the event.

The following information was included with the event: 

7-964f1e9f5de9}

The message resource is present but the message was not found in the message table
"
Information	25-11-2025 09:40:30	RFDriveFs2	1	None	"The description for Event ID 1 from source RFDriveFs2 cannot be found. Either the component that raises this event is not installed on your local computer or the installation is corrupted. You can install or repair the component on the local computer.

If the event originated on another computer, the display information had to be saved with the event.

The following information was included with the event: 

Mount entry found: \DosDevices\C:\ShareHub\moto g85 5G -> \Device\Volume{d6cc17c5-1734-4085-bce

The message resource is present but the message was not found in the message table
"
Information	25-11-2025 09:40:30	RFDriveFs2	1	None	"The description for Event ID 1 from source RFDriveFs2 cannot be found. Either the component that raises this event is not installed on your local computer or the installation is corrupted. You can install or repair the component on the local computer.

If the event originated on another computer, the display information had to be saved with the event.

The following information was included with the event: 

Found entry with matching device name: \Device\Volume{d6cc17c5-1734-4085-bce7-964f1e9f5de9}

The message resource is present but the message was not found in the message table
"
Information	25-11-2025 09:40:30	RFDriveFs2	1	None	"The description for Event ID 1 from source RFDriveFs2 cannot be found. Either the component that raises this event is not installed on your local computer or the installation is corrupted. You can install or repair the component on the local computer.

If the event originated on another computer, the display information had to be saved with the event.

The following information was included with the event: 

Finding mount entry; mount point = .

The message resource is present but the message was not found in the message table
"
Information	25-11-2025 09:40:30	RFDriveFs2	1	None	"The description for Event ID 1 from source RFDriveFs2 cannot be found. Either the component that raises this event is not installed on your local computer or the installation is corrupted. You can install or repair the component on the local computer.

If the event originated on another computer, the display information had to be saved with the event.

The following information was included with the event: 

6cc17c5-1734-4085-bce7-964f1e9f5de9}""

The message resource is present but the message was not found in the message table
"
Information	25-11-2025 09:40:30	RFDriveFs2	1	None	"The description for Event ID 1 from source RFDriveFs2 cannot be found. Either the component that raises this event is not installed on your local computer or the installation is corrupted. You can install or repair the component on the local computer.

If the event originated on another computer, the display information had to be saved with the event.

The following information was included with the event: 

Mounting volume using MountPoint ""\DosDevices\C:\ShareHub\moto g85 5G"" device ""\Device\Volume{d

The message resource is present but the message was not found in the message table
"
Information	25-11-2025 09:40:30	RFDriveFs2	1	None	"The description for Event ID 1 from source RFDriveFs2 cannot be found. Either the component that raises this event is not installed on your local computer or the installation is corrupted. You can install or repair the component on the local computer.

If the event originated on another computer, the display information had to be saved with the event.

The following information was included with the event: 

Event start using mount ID: 1; device name: \Volume{d6cc17c5-1734-4085-bce7-964f1e9f5de9}.

The message resource is present but the message was not found in the message table
"
Information	25-11-2025 09:40:30	RFDriveFs2	1	None	"The description for Event ID 1 from source RFDriveFs2 cannot be found. Either the component that raises this event is not installed on your local computer or the installation is corrupted. You can install or repair the component on the local computer.

If the event originated on another computer, the display information had to be saved with the event.

The following information was included with the event: 

Inserted new mount entry.

The message resource is present but the message was not found in the message table
"
Information	25-11-2025 09:40:30	RFDriveFs2	1	None	"The description for Event ID 1 from source RFDriveFs2 cannot be found. Either the component that raises this event is not installed on your local computer or the installation is corrupted. You can install or repair the component on the local computer.

If the event originated on another computer, the display information had to be saved with the event.

The following information was included with the event: 

ume{d6cc17c5-1734-4085-bce7-964f1e9f5de9}"" created

The message resource is present but the message was not found in the message table
"
Information	25-11-2025 09:40:30	RFDriveFs2	1	None	"The description for Event ID 1 from source RFDriveFs2 cannot be found. Either the component that raises this event is not installed on your local computer or the installation is corrupted. You can install or repair the component on the local computer.

If the event originated on another computer, the display information had to be saved with the event.

The following information was included with the event: 

SymbolicLink: ""\DosDevices\Global\Volume{d6cc17c5-1734-4085-bce7-964f1e9f5de9}"" -> ""\Device\Vol

The message resource is present but the message was not found in the message table
"
Information	25-11-2025 09:40:30	RFDriveFs2	1	None	"The description for Event ID 1 from source RFDriveFs2 cannot be found. Either the component that raises this event is not installed on your local computer or the installation is corrupted. You can install or repair the component on the local computer.

If the event originated on another computer, the display information had to be saved with the event.

The following information was included with the event: 

ShareHub\moto g85 5G""; type: 8

The message resource is present but the message was not found in the message table
"
Information	25-11-2025 09:40:30	RFDriveFs2	1	None	"The description for Event ID 1 from source RFDriveFs2 cannot be found. Either the component that raises this event is not installed on your local computer or the installation is corrupted. You can install or repair the component on the local computer.

If the event originated on another computer, the display information had to be saved with the event.

The following information was included with the event: 

\DosDevices\Global\Volume{d6cc17c5-1734-4085-bce7-964f1e9f5de9}""; mount point: ""\DosDevices\C:\

The message resource is present but the message was not found in the message table
"
Information	25-11-2025 09:40:30	RFDriveFs2	1	None	"The description for Event ID 1 from source RFDriveFs2 cannot be found. Either the component that raises this event is not installed on your local computer or the installation is corrupted. You can install or repair the component on the local computer.

If the event originated on another computer, the display information had to be saved with the event.

The following information was included with the event: 

disk device name: ""\Device\Volume{d6cc17c5-1734-4085-bce7-964f1e9f5de9}""; symbolic link name: ""

The message resource is present but the message was not found in the message table
"
Information	25-11-2025 09:40:30	RFDriveFs2	1	None	"The description for Event ID 1 from source RFDriveFs2 cannot be found. Either the component that raises this event is not installed on your local computer or the installation is corrupted. You can install or repair the component on the local computer.

If the event originated on another computer, the display information had to be saved with the event.

The following information was included with the event: 

Creating disk device; mount point = C:\ShareHub\moto g85 5G; mount ID = 1l

The message resource is present but the message was not found in the message table
"
Information	25-11-2025 09:40:30	RFDriveFs2	1	None	"The description for Event ID 1 from source RFDriveFs2 cannot be found. Either the component that raises this event is not installed on your local computer or the installation is corrupted. You can install or repair the component on the local computer.

If the event originated on another computer, the display information had to be saved with the event.

The following information was included with the event: 

No mount entry found.

The message resource is present but the message was not found in the message table
"
Information	25-11-2025 09:40:30	RFDriveFs2	1	None	"The description for Event ID 1 from source RFDriveFs2 cannot be found. Either the component that raises this event is not installed on your local computer or the installation is corrupted. You can install or repair the component on the local computer.

If the event originated on another computer, the display information had to be saved with the event.

The following information was included with the event: 

Finding mount entry; mount point = \DosDevices\C:\ShareHub\moto g85 5G.

The message resource is present but the message was not found in the message table
"
Information	25-11-2025 09:40:30	RFDriveFs2	1	None	"The description for Event ID 1 from source RFDriveFs2 cannot be found. Either the component that raises this event is not installed on your local computer or the installation is corrupted. You can install or repair the component on the local computer.

If the event originated on another computer, the display information had to be saved with the event.

The following information was included with the event: 

Entered event start.

The message resource is present but the message was not found in the message table
"
Error	25-11-2025 09:40:02	Microsoft-Windows-TPM-WMI	1801	None	"Secure Boot CA/keys need to be updated. This device signature information is included here.
DeviceAttributes: FirmwareVersion:LTCN33WW;OEMManufacturerName:LENOVO;OEMModelSKU:LENOVO_MT_83EM_BU_idea_FM_IdeaPad Slim 3 15IRH8;OSArchitecture:amd64;
BucketId: 19f5521a9a11b038ff2fbabfc2e3398b7331dde01e995bceb019686a7da0c8d3
BucketConfidenceLevel: 
UpdateType: 0
HResult: The operation completed successfully."
Information	25-11-2025 09:38:45	Microsoft-Windows-IsolatedUserMode	5	None	Secure Trustlet NULL Id 0 and Pid 0 started with status STATUS_SUCCESS.
Warning	25-11-2025 09:37:13	Microsoft-Windows-DistributedCOM	10016	None	"The application-specific permission settings do not grant Local Launch permission for the COM Server application with CLSID 
Windows.SecurityCenter.WscBrokerManager
 and APPID 
Unavailable
 to the user NT AUTHORITY\SYSTEM SID (S-1-5-18) from address LocalHost (Using LRPC) running in the application container Unavailable SID (Unavailable). This security permission can be modified using the Component Services administrative tool."
Warning	25-11-2025 09:37:13	Microsoft-Windows-DistributedCOM	10016	None	"The application-specific permission settings do not grant Local Launch permission for the COM Server application with CLSID 
Windows.SecurityCenter.SecurityAppBroker
 and APPID 
Unavailable
 to the user NT AUTHORITY\SYSTEM SID (S-1-5-18) from address LocalHost (Using LRPC) running in the application container Unavailable SID (Unavailable). This security permission can be modified using the Component Services administrative tool."
Error	25-11-2025 09:36:29	Schannel	36882	None	"The certificate received from the remote server was issued by an untrusted certificate authority. Because of this, none of the data contained in the certificate can be validated. The TLS connection request has failed. The attached data contains the server certificate.
 The SSPI client process is AdskExecutorProxy (PID: 19588)."
Error	25-11-2025 09:36:26	Schannel	36882	None	"The certificate received from the remote server was issued by an untrusted certificate authority. Because of this, none of the data contained in the certificate can be validated. The TLS connection request has failed. The attached data contains the server certificate.
 The SSPI client process is AdskExecutorProxy (PID: 19588)."
Error	25-11-2025 09:36:19	Schannel	36882	None	"The certificate received from the remote server was issued by an untrusted certificate authority. Because of this, none of the data contained in the certificate can be validated. The TLS connection request has failed. The attached data contains the server certificate.
 The SSPI client process is AdskExecutorProxy (PID: 19268)."
Error	25-11-2025 09:36:16	Schannel	36882	None	"The certificate received from the remote server was issued by an untrusted certificate authority. Because of this, none of the data contained in the certificate can be validated. The TLS connection request has failed. The attached data contains the server certificate.
 The SSPI client process is AdskExecutorProxy (PID: 19268)."
Error	25-11-2025 09:36:13	Schannel	36882	None	"The certificate received from the remote server was issued by an untrusted certificate authority. Because of this, none of the data contained in the certificate can be validated. The TLS connection request has failed. The attached data contains the server certificate.
 The SSPI client process is AdskExecutorProxy (PID: 19268)."
Error	25-11-2025 09:36:12	Schannel	36882	None	"The certificate received from the remote server was issued by an untrusted certificate authority. Because of this, none of the data contained in the certificate can be validated. The TLS connection request has failed. The attached data contains the server certificate.
 The SSPI client process is AdskExecutorProxy (PID: 8588)."
Error	25-11-2025 09:36:08	Schannel	36882	None	"The certificate received from the remote server was issued by an untrusted certificate authority. Because of this, none of the data contained in the certificate can be validated. The TLS connection request has failed. The attached data contains the server certificate.
 The SSPI client process is AdskExecutorProxy (PID: 8588)."
Error	25-11-2025 09:36:05	Schannel	36882	None	"The certificate received from the remote server was issued by an untrusted certificate authority. Because of this, none of the data contained in the certificate can be validated. The TLS connection request has failed. The attached data contains the server certificate.
 The SSPI client process is AdskExecutorProxy (PID: 8588)."
Warning	25-11-2025 09:36:02	Microsoft-Windows-Kernel-Processor-Power	37	(7)	The speed of processor 15 in group 0 is being limited by system firmware. The processor has been in this reduced performance state for 71 seconds since the last report.
Warning	25-11-2025 09:36:02	Microsoft-Windows-Kernel-Processor-Power	37	(7)	The speed of processor 12 in group 0 is being limited by system firmware. The processor has been in this reduced performance state for 71 seconds since the last report.
Warning	25-11-2025 09:36:02	Microsoft-Windows-Kernel-Processor-Power	37	(7)	The speed of processor 13 in group 0 is being limited by system firmware. The processor has been in this reduced performance state for 71 seconds since the last report.
Warning	25-11-2025 09:36:02	Microsoft-Windows-Kernel-Processor-Power	37	(7)	The speed of processor 14 in group 0 is being limited by system firmware. The processor has been in this reduced performance state for 71 seconds since the last report.
Information	25-11-2025 09:35:57	Netwtw14	7021	None	7021 - Connection telemetry fields and analysis usage
Information	25-11-2025 09:35:35	TPM	17	None	The Trusted Platform Module (TPM) hardware failed to execute a TPM command.
Information	25-11-2025 09:35:16	Microsoft-Windows-TPM-WMI	1046	None	Measured boot files deleted successfully. The following 1 files were deleted: 
Information	25-11-2025 09:35:15	Microsoft-Windows-TPM-WMI	1025	None	The TPM was successfully provisioned and is now ready for use.
Information	25-11-2025 09:35:09	Microsoft-Windows-FilterManager	6	None	File System Filter 'gameflt' (10.0, ‎2009‎-‎11‎-‎23T00:41:52.000000000Z) has successfully loaded and registered with Filter Manager.
Information	25-11-2025 09:35:09	Microsoft-Windows-TPM-WMI	1282	None	The TBS device identifier has been generated.
Warning	25-11-2025 09:35:06	Microsoft-Windows-DistributedCOM	10016	None	"The application-specific permission settings do not grant Local Activation permission for the COM Server application with CLSID 
{6B3B8D23-FA8D-40B9-8DBD-B950333E2C52}
 and APPID 
{4839DDB7-58C2-48F5-8283-E1D1807D0D7D}
 to the user NT AUTHORITY\LOCAL SERVICE SID (S-1-5-19) from address LocalHost (Using LRPC) running in the application container Unavailable SID (Unavailable). This security permission can be modified using the Component Services administrative tool."
Warning	25-11-2025 09:35:06	Microsoft-Windows-DistributedCOM	10016	None	"The application-specific permission settings do not grant Local Activation permission for the COM Server application with CLSID 
{6B3B8D23-FA8D-40B9-8DBD-B950333E2C52}
 and APPID 
{4839DDB7-58C2-48F5-8283-E1D1807D0D7D}
 to the user NT AUTHORITY\LOCAL SERVICE SID (S-1-5-19) from address LocalHost (Using LRPC) running in the application container Unavailable SID (Unavailable). This security permission can be modified using the Component Services administrative tool."
Information	25-11-2025 09:35:06	Microsoft-Windows-IsolatedUserMode	1	None	Secure Trustlet \??\C:\Windows\System32\NgcIso.exe Id 6 and Pid 10700 started with status STATUS_SUCCESS.
Information	25-11-2025 09:35:05	Microsoft-Windows-IsolatedUserMode	5	None	Secure Trustlet NULL Id 0 and Pid 0 started with status STATUS_SUCCESS.
Information	25-11-2025 09:35:05	Microsoft-Windows-WLAN-AutoConfig	10001	None	"WLAN Extensibility Module has successfully started.

Module Path: C:\Windows\system32\IntelIHVRouter14.dll
"
Information	25-11-2025 09:35:05	Microsoft-Windows-WLAN-AutoConfig	4000	None	"WLAN AutoConfig service has successfully started.
"
Information	25-11-2025 09:35:05	TPM	18	None	This event triggers the Trusted Platform Module (TPM) provisioning/status check to run.
Information	25-11-2025 09:35:03	Microsoft-Windows-UserModePowerService	12	(10)	Process C:\Windows\System32\DriverStore\FileRepository\ipf_cpu.inf_amd64_392cd02685ab99ce\ipf_uf.exe (process ID:5320) reset policy scheme from {381b4222-f694-41f0-9685-ff5bb260df2e} to {381b4222-f694-41f0-9685-ff5bb260df2e}
Information	25-11-2025 09:35:03	Microsoft-Windows-UserModePowerService	12	(10)	Process C:\Windows\System32\DriverStore\FileRepository\ipf_cpu.inf_amd64_392cd02685ab99ce\ipf_uf.exe (process ID:5320) reset policy scheme from {381b4222-f694-41f0-9685-ff5bb260df2e} to {381b4222-f694-41f0-9685-ff5bb260df2e}
Information	25-11-2025 09:35:02	Microsoft-Windows-HttpService	112	HTTP Setup Trace Task	Attempted to reserve URL https://+:443/sra_{BA195980-CD49-458b-9E23-C84EE0ADCD75}/. Status 0x0. Process Id 0x4 Executable path , User SYSTEM
Information	25-11-2025 09:35:02	Microsoft-Windows-HttpService	112	HTTP Setup Trace Task	Attempted to reserve URL http://+:10246/MDEServer/. Status 0x0. Process Id 0x4 Executable path , User SYSTEM
Information	25-11-2025 09:35:02	Microsoft-Windows-HttpService	112	HTTP Setup Trace Task	Attempted to reserve URL http://+:10247/apps/. Status 0x0. Process Id 0x4 Executable path , User SYSTEM
Information	25-11-2025 09:35:02	Microsoft-Windows-HttpService	112	HTTP Setup Trace Task	Attempted to reserve URL http://+:10243/WMPNSSv4/. Status 0x0. Process Id 0x4 Executable path , User SYSTEM
Information	25-11-2025 09:35:02	Microsoft-Windows-HttpService	112	HTTP Setup Trace Task	Attempted to reserve URL https://+:10245/WMPNSSv4/. Status 0x0. Process Id 0x4 Executable path , User SYSTEM
Information	25-11-2025 09:35:02	Microsoft-Windows-HttpService	112	HTTP Setup Trace Task	Attempted to reserve URL http://+:3387/rdp/. Status 0x0. Process Id 0x4 Executable path , User SYSTEM
Information	25-11-2025 09:35:02	Microsoft-Windows-HttpService	112	HTTP Setup Trace Task	Attempted to reserve URL https://+:3392/rdp/. Status 0x0. Process Id 0x4 Executable path , User SYSTEM
Information	25-11-2025 09:35:02	Microsoft-Windows-HttpService	112	HTTP Setup Trace Task	Attempted to reserve URL http://+:5985/wsman/. Status 0x0. Process Id 0x4 Executable path , User SYSTEM
Information	25-11-2025 09:35:02	Microsoft-Windows-HttpService	112	HTTP Setup Trace Task	Attempted to reserve URL http://+:47001/wsman/. Status 0x0. Process Id 0x4 Executable path , User SYSTEM
Information	25-11-2025 09:35:02	Microsoft-Windows-HttpService	112	HTTP Setup Trace Task	Attempted to reserve URL https://+:5986/wsman/. Status 0x0. Process Id 0x4 Executable path , User SYSTEM
Information	25-11-2025 09:35:02	Microsoft-Windows-HttpService	112	HTTP Setup Trace Task	Attempted to reserve URL http://*:2869/. Status 0x0. Process Id 0x4 Executable path , User SYSTEM
Information	25-11-2025 09:35:02	Microsoft-Windows-HttpService	112	HTTP Setup Trace Task	Attempted to reserve URL https://*:5358/. Status 0x0. Process Id 0x4 Executable path , User SYSTEM
Information	25-11-2025 09:35:02	Microsoft-Windows-HttpService	112	HTTP Setup Trace Task	Attempted to reserve URL http://+:80/Temporary_Listen_Addresses/. Status 0x0. Process Id 0x4 Executable path , User SYSTEM
Information	25-11-2025 09:35:02	Microsoft-Windows-HttpService	112	HTTP Setup Trace Task	Attempted to reserve URL http://*:5357/. Status 0x0. Process Id 0x4 Executable path , User SYSTEM
Information	25-11-2025 09:35:02	Microsoft-Windows-TPM-WMI	1038	None	"Pre-attestation health checks confirm that the device is expected to pass attestation.
 Please see C:\Windows\Logs\MeasuredBoot\0000000608-0000000000.json for detailed information on what checks were made."
Information	25-11-2025 09:35:02	Microsoft-Windows-TPM-WMI	1041	None	"Pre-attestation health check detailed information: {""Version"":1,""HealthStatus"":""Attestable"",""Required"":[{""Field"":""TpmPresent"",""Value"":true,""DesiredValue"":true},{""Field"":""TpmMeetsMinimumVersion"",""Value"":true,""DesiredValue"":true},{""Field"":""TpmIsResponsive"",""Value"":true,""DesiredValue"":true},{""Field"":""EkCertIsAvailable"",""Value"":true,""DesiredValue"":true},{""Field"":""TcgLogFound"",""Value"":true,""DesiredValue"":true}],""Expected"":[{""Field"":""PcrsMatchTcgLog"",""Value"":true,""DesiredValue"":true}],""Informational"":[{""Field"":""SecureBootEnabled"",""ValueFromComputer"":true,""ValueFromTcgLog"":true,""DesiredValue"":true,""TcgValueIsVerifiable"":true},{""Field"":""VirtualSecureMemory"",""ValueFromComputer"":false,""ValueFromTcgLog"":false,""DesiredValue"":true,""TcgValueIsVerifiable"":true},{""Field"":""SecureCorePCCompliant"",""ValueFromComputer"":false,""ValueFromTcgLog"":false,""DesiredValue"":true,""TcgValueIsVerifiable"":true}{""Field"":""BootTcgLogFoundInFileSystem"",""Value"":true,""DesiredValue"":true},{""Field"":""CurrentTcgLogFoundInFileSystem"",""Value"":true,""DesiredValue"":true}]}"
Information	25-11-2025 09:35:01	Microsoft-Windows-Winlogon	7001	(1101)	User Logon Notification for Customer Experience Improvement Program
Information	25-11-2025 09:35:01	Microsoft-Windows-FilterManager	6	None	File System Filter 'bindflt' (10.0, ‎2055‎-‎05‎-‎15T02:47:06.000000000Z) has successfully loaded and registered with Filter Manager.
Information	25-11-2025 09:35:01	Win32k	267	None	Touch/Touchpad Hardware Quality Assurance verification succeeded.
Information	25-11-2025 09:35:01	Microsoft-Windows-FilterManager	6	None	File System Filter 'storqosflt' (10.0, ‎2021‎-‎03‎-‎19T16:17:34.000000000Z) has successfully loaded and registered with Filter Manager.
Information	25-11-2025 09:35:01	Microsoft-Windows-FilterManager	6	None	File System Filter 'UnionFS' (10.0, ‎2047‎-‎02‎-‎21T16:31:20.000000000Z) has successfully loaded and registered with Filter Manager.
Information	25-11-2025 09:35:01	Microsoft-Windows-FilterManager	6	None	File System Filter 'CldFlt' (10.0, ‎2029‎-‎01‎-‎27T10:14:20.000000000Z) has successfully loaded and registered with Filter Manager.
Information	25-11-2025 09:35:01	Microsoft-Windows-FilterManager	1	None	File System Filter 'CldFlt' (Version 10.0, ‎2029‎-‎01‎-‎27T10:14:20.000000000Z) unloaded successfully.
Information	25-11-2025 09:35:01	Microsoft-Windows-FilterManager	6	None	File System Filter 'CldFlt' (10.0, ‎2029‎-‎01‎-‎27T10:14:20.000000000Z) has successfully loaded and registered with Filter Manager.
Information	25-11-2025 09:35:01	Microsoft-Windows-FilterManager	6	None	File System Filter 'wcifs' (10.0, ‎2099‎-‎02‎-‎09T18:35:05.000000000Z) has successfully loaded and registered with Filter Manager.
Information	25-11-2025 09:35:01	Microsoft-Windows-FilterManager	6	None	File System Filter 'luafv' (10.0, ‎2092‎-‎04‎-‎06T04:21:15.000000000Z) has successfully loaded and registered with Filter Manager.
Information	25-11-2025 09:35:01	Microsoft-Windows-FilterManager	6	None	File System Filter 'bfs' (10.0, ‎1984‎-‎12‎-‎31T15:38:23.000000000Z) has successfully loaded and registered with Filter Manager.
Information	25-11-2025 09:35:01	Microsoft-Windows-DHCPv6-Client	51046	Service State Event	DHCPv6 client service is started
Information	25-11-2025 09:35:01	Microsoft-Windows-Dhcp-Client	50036	Service State Event	DHCPv4 client service is started
Information	25-11-2025 09:35:01	Microsoft-Windows-Dhcp-Client	50103	Service State Event	DHCPv4 client registered for shutdown notification
Information	25-11-2025 09:35:01	Microsoft-Windows-Dhcp-Client	50036	Service State Event	DHCPv4 client service is started
Information	25-11-2025 09:35:00	Microsoft-Windows-Directory-Services-SAM	16983	None	"The security account manager is now logging periodic summary events for remote clients that call legacy password change or set RPC methods.

For more information please see https://go.microsoft.com/fwlink/?linkid=2150956.
"
Information	25-11-2025 09:35:00	Microsoft-Windows-Directory-Services-SAM	16977	None	"The domain is configured with the following minimum password length-related settings.

MinimumPasswordLength: 0

RelaxMinimumPasswordLengthLimits: 0

MinimumPasswordLengthAudit: -1

For more information see https://go.microsoft.com/fwlink/?LinkId=2097191.
"
Information	25-11-2025 09:35:00	Microsoft-Windows-Directory-Services-SAM	16962	None	"Remote calls to the SAM database are being restricted using the default security descriptor: O:SYG:SYD:(A;;RC;;;BA).
For more information please see http://go.microsoft.com/fwlink/?LinkId=787651."
Information	25-11-2025 09:35:00	Microsoft-Windows-IsolatedUserMode	5	None	Secure Trustlet NULL Id 0 and Pid 0 started with status STATUS_SUCCESS.
Information	25-11-2025 09:35:00	LsaSrv	6156	None	"Credential Guard auto enablement status.

Hardware Requirements for Virtualization Based Security:	1
Domain Joined:	0
Azure AD Joined:	0
 Licensed for Credential Guard:	0
Domain Controller:	0"
Information	25-11-2025 09:35:00	Microsoft-Windows-Wininit	12	None	LSASS.exe was started as a protected process with level: 4.
Information	25-11-2025 09:35:00	Microsoft-Windows-Wininit	18	None	VBS Key Isolation was started and will protect VSM-isolated keys.
Information	25-11-2025 09:35:00	Microsoft-Windows-IsolatedUserMode	1	None	Secure Trustlet \??\C:\Windows\system32\lsaiso.exe Id 1 and Pid 1392 started with status STATUS_SUCCESS.
Information	25-11-2025 09:35:00	Microsoft-Windows-IsolatedUserMode	5	None	Secure Trustlet NULL Id 0 and Pid 0 started with status STATUS_SUCCESS.
Information	25-11-2025 09:35:00	Microsoft-Windows-Wininit	14	None	"Credential Guard configuration:

Registry Configuration: 0x0
Test Configuration: 0
Auto Enablement: 0"
Information	25-11-2025 09:34:57	Microsoft-Windows-Wininit	23	None	"Boot App Anti-Rollback: Initialize Completed with status:
HRESULT: The operation completed successfully.
New timer needed: false
New timer waiting for system update completion: false
Previous latch timer exists but disabled by registry: false
"
Information	25-11-2025 09:34:57	Microsoft-Windows-Wininit	25	None	"Boot App Anti-Rollback: Previous timer resumed with status:

HRESULT: The operation completed successfully.
Previous timer present: true
Start time: ‎2025‎-‎11‎-‎12T15:44:58.397911300Z
Grace period: 51840000000000
Attempted recovery enforcement succeeded: false
"
Information	25-11-2025 09:34:57	Microsoft-Windows-Wininit	24	None	"Boot App Anti-Rollback: Timer start completed with status:

Win32Error: 0
Start time: ‎2025‎-‎11‎-‎12T15:44:58.397911300Z
Grace period: 51840000000000
Due time: ‎2026‎-‎01‎-‎11T15:44:58.397911300Z
"
Information	25-11-2025 09:34:57	Microsoft-Windows-Wininit	19	None	"Virtualization Based Security new timer creation status

HRESULT: The operation completed successfully.
New latch timer needed: false
New latch timer waiting for system update completion: false
Previous latch timer exists but disabled by registry: false
Policy file exists: false
"
Information	25-11-2025 09:34:56	BTHUSB	18	None	Windows cannot store Bluetooth authentication codes (link keys) on the local adapter. Bluetooth keyboards might not work in the system BIOS during startup.
Warning	25-11-2025 09:34:52	Microsoft-Windows-Kernel-PnP	219	(212)	"The driver \Driver\WUDFRd failed to load.
Device: INTELAUDIO\DIF_0000&UIF_0000&CTLR_DEV_51CA&VEN_8086&DetectionVerification\5&3773b073&0&DIF_000A&UIF_0000
Status: 0xC0000365"
Information	25-11-2025 09:34:52	Microsoft-Windows-DriverFrameworks-UserMode	10118	Startup of the UMDF reflector	UMDF reflector is unable to connect to service control manager (SCM). This is expected during boot, when SCM has not started yet. Will retry when it starts.
Information	25-11-2025 09:34:52	Intel-SST-OED	28	This task logs error codes to system event log.	Loaded DSP FW library: \??\C:\Windows\System32\DriverStore\FileRepository\intcoed_oemlibpath.inf_amd64_2e7cef2f8051560b\adl_vlldp15x_lite_lib.bin, status = STATUS_SUCCESS.
Information	25-11-2025 09:34:52	Intel-SST-OED	28	This task logs error codes to system event log.	Loaded DSP FW library: Libs\dsp_lib_whm_adl_release.bin, status = STATUS_SUCCESS.
Information	25-11-2025 09:34:52	Intel-SST-OED	28	This task logs error codes to system event log.	Loaded DSP FW library: Libs\dsp_lib_intel_wov_adl_release.bin, status = STATUS_SUCCESS.
Information	25-11-2025 09:34:52	Intel-SST-OED	28	This task logs error codes to system event log.	Loaded DSP FW library: Libs\dsp_lib_asrc_adl_release.bin, status = STATUS_SUCCESS.
Information	25-11-2025 09:34:52	Intel-SST-OED	28	This task logs error codes to system event log.	Library is not supported in BIOS: \??\C:\Windows\System32\DriverStore\FileRepository\intcoed_oemlibpath.inf_amd64_2e7cef2f8051560b\adl_vlldp_131_lite_lib.bin, status = The request is not supported..
Information	25-11-2025 09:34:52	Intel-SST-OED	29	This task logs error codes to system event log.	FX module is not supported in BIOS:  {f7922237-511f-4203-a780-2c2ce0a13af2} from \??\C:\Windows\System32\DriverStore\FileRepository\intcoed_oemlibpath.inf_amd64_2e7cef2f8051560b\adl_vlldp_131_lite_lib.bin.
Information	25-11-2025 09:34:52	Intel-SST-OED	28	This task logs error codes to system event log.	Library is not supported in BIOS: \??\C:\Windows\System32\DriverStore\FileRepository\intcoed_oemlibpath.inf_amd64_2e7cef2f8051560b\adl_vlldp14x_lite_lib.bin, status = The request is not supported..
Information	25-11-2025 09:34:52	Intel-SST-OED	29	This task logs error codes to system event log.	FX module is not supported in BIOS:  {56a9ea76-3745-4cc0-815c-a621faa8c9cb} from \??\C:\Windows\System32\DriverStore\FileRepository\intcoed_oemlibpath.inf_amd64_2e7cef2f8051560b\adl_vlldp14x_lite_lib.bin.
Information	25-11-2025 09:34:52	Intel-SST-OED	28	This task logs error codes to system event log.	Library is not supported in BIOS: \??\C:\Windows\System32\DriverStore\FileRepository\intcoed_oemlibpath.inf_amd64_2e7cef2f8051560b\adl_tisa_ext_lib.bin, status = The request is not supported..
Information	25-11-2025 09:34:52	Intel-SST-OED	29	This task logs error codes to system event log.	FX module is not supported in BIOS:  {47fa9f7e-4b03-422a-930f-536a5eff4c35} from \??\C:\Windows\System32\DriverStore\FileRepository\intcoed_oemlibpath.inf_amd64_2e7cef2f8051560b\adl_tisa_ext_lib.bin.
Information	25-11-2025 09:34:52	Intel-SST-OED	28	This task logs error codes to system event log.	Library is not supported in BIOS: \??\C:\Windows\System32\DriverStore\FileRepository\intcoed_oemlibpath.inf_amd64_2e7cef2f8051560b\adl_rtksep483_lib.bin, status = The request is not supported..
Information	25-11-2025 09:34:52	Intel-SST-OED	29	This task logs error codes to system event log.	FX module is not supported in BIOS:  {7bbe0c2c-9c46-4450-b322-114ece31c6bd} from \??\C:\Windows\System32\DriverStore\FileRepository\intcoed_oemlibpath.inf_amd64_2e7cef2f8051560b\adl_rtksep483_lib.bin.
Information	25-11-2025 09:34:52	Intel-SST-OED	28	This task logs error codes to system event log.	Library is not supported in BIOS: \??\C:\Windows\System32\DriverStore\FileRepository\intcoed_oemlibpath.inf_amd64_2e7cef2f8051560b\adl_rtksep481_lib.bin, status = The request is not supported..
Information	25-11-2025 09:34:52	Intel-SST-OED	29	This task logs error codes to system event log.	FX module is not supported in BIOS:  {7aa4db02-6b41-4bc3-a712-80a2dde29e11} from \??\C:\Windows\System32\DriverStore\FileRepository\intcoed_oemlibpath.inf_amd64_2e7cef2f8051560b\adl_rtksep481_lib.bin.
Information	25-11-2025 09:34:52	Intel-SST-OED	28	This task logs error codes to system event log.	Library is not supported in BIOS: \??\C:\Windows\System32\DriverStore\FileRepository\intcoed_oemlibpath.inf_amd64_2e7cef2f8051560b\adl_rtkeq_lib.bin, status = The request is not supported..
Information	25-11-2025 09:34:52	Intel-SST-OED	29	This task logs error codes to system event log.	FX module is not supported in BIOS:  {b55eba24-8349-4dad-afc7-8489d23c93ef} from \??\C:\Windows\System32\DriverStore\FileRepository\intcoed_oemlibpath.inf_amd64_2e7cef2f8051560b\adl_rtkeq_lib.bin.
Information	25-11-2025 09:34:52	Intel-SST-OED	28	This task logs error codes to system event log.	Library is not supported in BIOS: \??\C:\Windows\System32\DriverStore\FileRepository\intcoed_oemlibpath.inf_amd64_2e7cef2f8051560b\adl_rtkdrc_lib.bin, status = The request is not supported..
Information	25-11-2025 09:34:52	Intel-SST-OED	29	This task logs error codes to system event log.	FX module is not supported in BIOS:  {bb303551-0914-4d56-a3ff-20955c598a8f} from \??\C:\Windows\System32\DriverStore\FileRepository\intcoed_oemlibpath.inf_amd64_2e7cef2f8051560b\adl_rtkdrc_lib.bin.
