Error	24-11-2025 01:12:46	Microsoft-Windows-DistributedCOM	10010	None	The server {AB8902B4-09CA-4BB6-B78D-A8F59079A8D5} did not register with DCOM within the required timeout.
Error	24-11-2025 01:12:46	Microsoft-Windows-DistributedCOM	10010	None	The server {021E4F06-9DCC-49AD-88CF-ECC2DA314C8A} did not register with DCOM within the required timeout.
Error	24-11-2025 01:12:46	Microsoft-Windows-DistributedCOM	10010	None	The server {AB8902B4-09CA-4BB6-B78D-A8F59079A8D5} did not register with DCOM within the required timeout.
Error	24-11-2025 01:12:46	Microsoft-Windows-DistributedCOM	10010	None	The server {AB8902B4-09CA-4BB6-B78D-A8F59079A8D5} did not register with DCOM within the required timeout.
Error	24-11-2025 01:12:46	Microsoft-Windows-DistributedCOM	10010	None	The server {AB8902B4-09CA-4BB6-B78D-A8F59079A8D5} did not register with DCOM within the required timeout.
Error	24-11-2025 01:12:46	Microsoft-Windows-DistributedCOM	10010	None	The server {AB8902B4-09CA-4BB6-B78D-A8F59079A8D5} did not register with DCOM within the required timeout.
Error	24-11-2025 01:12:46	Microsoft-Windows-DistributedCOM	10010	None	The server DolbyLaboratories.DolbyAccess_3.27.5940.0_x64__rz1tebttyb220!App.AppX1vq60yhpapky3fc2vj8qa51f0d03x54j.mca did not register with DCOM within the required timeout.
Information	24-11-2025 01:12:42	Microsoft-Windows-IsolatedUserMode	2	None	Secure Trustlet Id 0 and Pid 0 stopped with status STATUS_SUCCESS.
Information	24-11-2025 01:12:42	User32	1074	None	"The process C:\Windows\SystemApps\Microsoft.Windows.StartMenuExperienceHost_cw5n1h2txyewy\StartMenuExperienceHost.exe (SAIGANESH) has initiated the power off of computer SAIGANESH on behalf of user Saiganesh\gunis for the following reason: Other (Unplanned)
 Reason Code: 0x0
 Shutdown Type: power off
 Comment: "
Warning	24-11-2025 00:38:23	Microsoft-Windows-DNS-Client	1014	(1014)	Name resolution for the name www.baidu.com timed out after none of the configured DNS servers responded. Client PID 1152.
Information	24-11-2025 00:34:33	Netwtw14	7003	None	7003 - Roam Complete
Information	24-11-2025 00:34:33	Netwtw14	7021	None	7021 - Connection telemetry fields and analysis usage
Information	24-11-2025 00:33:27	Netwtw14	7003	None	7003 - Roam Complete
Information	24-11-2025 00:33:27	Netwtw14	7021	None	7021 - Connection telemetry fields and analysis usage
Information	24-11-2025 00:26:54	Microsoft-Windows-Kernel-Power	566	(268)	"The system session has transitioned from 29 to 30.

Reason PolicyChange 

BootId: 606"
Information	24-11-2025 00:26:54	Microsoft-Windows-Kernel-Power	507	(158)	"The system is exiting Modern Standby 

Reason: Lid."
Warning	24-11-2025 00:26:54	Win32k	701	None	Power Manager has not requested suppression of all input (INPUT_SUPPRESS_REQUEST=0)
Warning	24-11-2025 00:26:54	Win32k	701	None	Power Manager has not requested suppression of all input (INPUT_SUPPRESS_REQUEST=0)
Information	24-11-2025 00:26:54	Microsoft-Windows-Kernel-Power	172	(203)	Connectivity state in standby: Connected, Reason: None
Information	24-11-2025 00:17:04	Microsoft-Windows-Kernel-Power	172	(203)	Connectivity state in standby: Disconnected, Reason: Adaptive Connected Standby
Information	24-11-2025 00:16:56	Microsoft-Windows-Kernel-Power	566	(268)	"The system session has transitioned from 28 to 29.

Reason InputMouse 

BootId: 606"
Information	24-11-2025 00:16:51	Microsoft-Windows-Kernel-Power	506	(157)	"The system is entering Modern Standby 

Reason: AC/DC Display Burst Suppressed."
Information	24-11-2025 00:16:51	Microsoft-Windows-Kernel-Power	566	(268)	"The system session has transitioned from 27 to 28.

Reason InputMouse 

BootId: 606"
Information	24-11-2025 00:16:51	Microsoft-Windows-Kernel-Power	507	(158)	"The system is exiting Modern Standby 

Reason: AC/DC Display Burst Suppressed."
Information	24-11-2025 00:16:51	Microsoft-Windows-Kernel-Power	105	(100)	Power source change.
Information	23-11-2025 23:34:17	Microsoft-Windows-Kernel-Power	566	(268)	"The system session has transitioned from 26 to 27.

Reason PolicyChange 

BootId: 606"
Information	23-11-2025 23:34:17	Microsoft-Windows-Kernel-Power	506	(157)	"The system is entering Modern Standby 

Reason: Lid."
Information	23-11-2025 23:34:17	Microsoft-Windows-Kernel-Power	566	(268)	"The system session has transitioned from 25 to 26.

Reason PolicyChange 

BootId: 606"
Warning	23-11-2025 23:34:17	Win32k	700	None	Power Manager has requested suppression of all input (INPUT_SUPPRESS_REQUEST=1)
Warning	23-11-2025 23:34:17	Win32k	700	None	Power Manager has requested suppression of all input (INPUT_SUPPRESS_REQUEST=1)
Information	23-11-2025 23:31:20	Microsoft-Windows-Kernel-Power	105	(100)	Power source change.
Information	23-11-2025 23:25:11	RFDriveFs2	1	None	"The description for Event ID 1 from source RFDriveFs2 cannot be found. Either the component that raises this event is not installed on your local computer or the installation is corrupted. You can install or repair the component on the local computer.

If the event originated on another computer, the display information had to be saved with the event.

The following information was included with the event: 

No mount entry found.

The message resource is present but the message was not found in the message table
"
Information	23-11-2025 23:25:11	RFDriveFs2	1	None	"The description for Event ID 1 from source RFDriveFs2 cannot be found. Either the component that raises this event is not installed on your local computer or the installation is corrupted. You can install or repair the component on the local computer.

If the event originated on another computer, the display information had to be saved with the event.

The following information was included with the event: 

Finding mount entry; mount point = \DosDevices\C:\ShareHub\moto g85 5G.

The message resource is present but the message was not found in the message table
"
Information	23-11-2025 23:25:11	RFDriveFs2	1	None	"The description for Event ID 1 from source RFDriveFs2 cannot be found. Either the component that raises this event is not installed on your local computer or the installation is corrupted. You can install or repair the component on the local computer.

If the event originated on another computer, the display information had to be saved with the event.

The following information was included with the event: 

Ignoring keepalive close because unmount is already in progress.

The message resource is present but the message was not found in the message table
"
Information	23-11-2025 23:25:11	RFDriveFs2	1	None	"The description for Event ID 1 from source RFDriveFs2 cannot be found. Either the component that raises this event is not installed on your local computer or the installation is corrupted. You can install or repair the component on the local computer.

If the event originated on another computer, the display information had to be saved with the event.

The following information was included with the event: 

No mount entry found.

The message resource is present but the message was not found in the message table
"
Information	23-11-2025 23:25:11	RFDriveFs2	1	None	"The description for Event ID 1 from source RFDriveFs2 cannot be found. Either the component that raises this event is not installed on your local computer or the installation is corrupted. You can install or repair the component on the local computer.

If the event originated on another computer, the display information had to be saved with the event.

The following information was included with the event: 

Finding mount entry; mount point = \DosDevices\C:\ShareHub\moto g85 5G.

The message resource is present but the message was not found in the message table
"
Information	23-11-2025 23:25:11	RFDriveFs2	1	None	"The description for Event ID 1 from source RFDriveFs2 cannot be found. Either the component that raises this event is not installed on your local computer or the installation is corrupted. You can install or repair the component on the local computer.

If the event originated on another computer, the display information had to be saved with the event.

The following information was included with the event: 

Finished event release.

The message resource is present but the message was not found in the message table
"
Information	23-11-2025 23:25:11	RFDriveFs2	1	None	"The description for Event ID 1 from source RFDriveFs2 cannot be found. Either the component that raises this event is not installed on your local computer or the installation is corrupted. You can install or repair the component on the local computer.

If the event originated on another computer, the display information had to be saved with the event.

The following information was included with the event: 

Finished deleting device.

The message resource is present but the message was not found in the message table
"
Information	23-11-2025 23:25:11	RFDriveFs2	1	None	"The description for Event ID 1 from source RFDriveFs2 cannot be found. Either the component that raises this event is not installed on your local computer or the installation is corrupted. You can install or repair the component on the local computer.

If the event originated on another computer, the display information had to be saved with the event.

The following information was included with the event: 

Deleting volume device object.

The message resource is present but the message was not found in the message table
"
Information	23-11-2025 23:25:11	RFDriveFs2	1	None	"The description for Event ID 1 from source RFDriveFs2 cannot be found. Either the component that raises this event is not installed on your local computer or the installation is corrupted. You can install or repair the component on the local computer.

If the event originated on another computer, the display information had to be saved with the event.

The following information was included with the event: 

7-964f1e9f5de9}

The message resource is present but the message was not found in the message table
"
Information	23-11-2025 23:25:11	RFDriveFs2	1	None	"The description for Event ID 1 from source RFDriveFs2 cannot be found. Either the component that raises this event is not installed on your local computer or the installation is corrupted. You can install or repair the component on the local computer.

If the event originated on another computer, the display information had to be saved with the event.

The following information was included with the event: 

Mount entry found: \DosDevices\C:\ShareHub\moto g85 5G -> \Device\Volume{d6cc17c5-1734-4085-bce

The message resource is present but the message was not found in the message table
"
Information	23-11-2025 23:25:11	RFDriveFs2	1	None	"The description for Event ID 1 from source RFDriveFs2 cannot be found. Either the component that raises this event is not installed on your local computer or the installation is corrupted. You can install or repair the component on the local computer.

If the event originated on another computer, the display information had to be saved with the event.

The following information was included with the event: 

Found entry with matching device name: \Device\Volume{d6cc17c5-1734-4085-bce7-964f1e9f5de9}

The message resource is present but the message was not found in the message table
"
Information	23-11-2025 23:25:11	RFDriveFs2	1	None	"The description for Event ID 1 from source RFDriveFs2 cannot be found. Either the component that raises this event is not installed on your local computer or the installation is corrupted. You can install or repair the component on the local computer.

If the event originated on another computer, the display information had to be saved with the event.

The following information was included with the event: 

Finding mount entry; mount point = .

The message resource is present but the message was not found in the message table
"
Information	23-11-2025 23:25:11	RFDriveFs2	1	None	"The description for Event ID 1 from source RFDriveFs2 cannot be found. Either the component that raises this event is not installed on your local computer or the installation is corrupted. You can install or repair the component on the local computer.

If the event originated on another computer, the display information had to be saved with the event.

The following information was included with the event: 

Removing mount entry.

The message resource is present but the message was not found in the message table
"
Information	23-11-2025 23:25:11	RFDriveFs2	1	None	"The description for Event ID 1 from source RFDriveFs2 cannot be found. Either the component that raises this event is not installed on your local computer or the installation is corrupted. You can install or repair the component on the local computer.

If the event originated on another computer, the display information had to be saved with the event.

The following information was included with the event: 

7-964f1e9f5de9}

The message resource is present but the message was not found in the message table
"
Information	23-11-2025 23:25:11	RFDriveFs2	1	None	"The description for Event ID 1 from source RFDriveFs2 cannot be found. Either the component that raises this event is not installed on your local computer or the installation is corrupted. You can install or repair the component on the local computer.

If the event originated on another computer, the display information had to be saved with the event.

The following information was included with the event: 

Mount entry found: \DosDevices\C:\ShareHub\moto g85 5G -> \Device\Volume{d6cc17c5-1734-4085-bce

The message resource is present but the message was not found in the message table
"
Information	23-11-2025 23:25:11	RFDriveFs2	1	None	"The description for Event ID 1 from source RFDriveFs2 cannot be found. Either the component that raises this event is not installed on your local computer or the installation is corrupted. You can install or repair the component on the local computer.

If the event originated on another computer, the display information had to be saved with the event.

The following information was included with the event: 

Found entry with matching device name: \Device\Volume{d6cc17c5-1734-4085-bce7-964f1e9f5de9}

The message resource is present but the message was not found in the message table
"
Information	23-11-2025 23:25:11	RFDriveFs2	1	None	"The description for Event ID 1 from source RFDriveFs2 cannot be found. Either the component that raises this event is not installed on your local computer or the installation is corrupted. You can install or repair the component on the local computer.

If the event originated on another computer, the display information had to be saved with the event.

The following information was included with the event: 

Finding mount entry; mount point = .

The message resource is present but the message was not found in the message table
"
Information	23-11-2025 23:25:11	RFDriveFs2	1	None	"The description for Event ID 1 from source RFDriveFs2 cannot be found. Either the component that raises this event is not installed on your local computer or the installation is corrupted. You can install or repair the component on the local computer.

If the event originated on another computer, the display information had to be saved with the event.

The following information was included with the event: 

Deleting device object.

The message resource is present but the message was not found in the message table
"
Information	23-11-2025 23:25:11	RFDriveFs2	1	None	"The description for Event ID 1 from source RFDriveFs2 cannot be found. Either the component that raises this event is not installed on your local computer or the installation is corrupted. You can install or repair the component on the local computer.

If the event originated on another computer, the display information had to be saved with the event.

The following information was included with the event: 

Cleaning up all change notification waiters.

The message resource is present but the message was not found in the message table
"
Information	23-11-2025 23:25:11	RFDriveFs2	1	None	"The description for Event ID 1 from source RFDriveFs2 cannot be found. Either the component that raises this event is not installed on your local computer or the installation is corrupted. You can install or repair the component on the local computer.

If the event originated on another computer, the display information had to be saved with the event.

The following information was included with the event: 

stopFcbGarbageCollector.

The message resource is present but the message was not found in the message table
"
Information	23-11-2025 23:25:11	RFDriveFs2	1	None	"The description for Event ID 1 from source RFDriveFs2 cannot be found. Either the component that raises this event is not installed on your local computer or the installation is corrupted. You can install or repair the component on the local computer.

If the event originated on another computer, the display information had to be saved with the event.

The following information was included with the event: 

Stopping FCB garbage collector.

The message resource is present but the message was not found in the message table
"
Information	23-11-2025 23:25:11	RFDriveFs2	1	None	"The description for Event ID 1 from source RFDriveFs2 cannot be found. Either the component that raises this event is not installed on your local computer or the installation is corrupted. You can install or repair the component on the local computer.

If the event originated on another computer, the display information had to be saved with the event.

The following information was included with the event: 

Starting unmount for device ""\Device\Volume{d6cc17c5-1734-4085-bce7-964f1e9f5de9}""

The message resource is present but the message was not found in the message table
"
Information	23-11-2025 23:25:11	RFDriveFs2	1	None	"The description for Event ID 1 from source RFDriveFs2 cannot be found. Either the component that raises this event is not installed on your local computer or the installation is corrupted. You can install or repair the component on the local computer.

If the event originated on another computer, the display information had to be saved with the event.

The following information was included with the event: 

Mount manager is disabled for this device or dokan initiated deletion; ignoring.

The message resource is present but the message was not found in the message table
"
Information	23-11-2025 23:25:11	RFDriveFs2	1	None	"The description for Event ID 1 from source RFDriveFs2 cannot be found. Either the component that raises this event is not installed on your local computer or the installation is corrupted. You can install or repair the component on the local computer.

If the event originated on another computer, the display information had to be saved with the event.

The following information was included with the event: 

Link deleted: ""\??\Volume{8848bfd1-c84f-11f0-b8ec-6c2f80c1590c}""

The message resource is present but the message was not found in the message table
"
Information	23-11-2025 23:25:11	RFDriveFs2	1	None	"The description for Event ID 1 from source RFDriveFs2 cannot be found. Either the component that raises this event is not installed on your local computer or the installation is corrupted. You can install or repair the component on the local computer.

If the event originated on another computer, the display information had to be saved with the event.

The following information was included with the event: 

Entered event release.

The message resource is present but the message was not found in the message table
"
Information	23-11-2025 23:25:11	RFDriveFs2	1	None	"The description for Event ID 1 from source RFDriveFs2 cannot be found. Either the component that raises this event is not installed on your local computer or the installation is corrupted. You can install or repair the component on the local computer.

If the event originated on another computer, the display information had to be saved with the event.

The following information was included with the event: 

7-964f1e9f5de9}

The message resource is present but the message was not found in the message table
"
Information	23-11-2025 23:25:11	RFDriveFs2	1	None	"The description for Event ID 1 from source RFDriveFs2 cannot be found. Either the component that raises this event is not installed on your local computer or the installation is corrupted. You can install or repair the component on the local computer.

If the event originated on another computer, the display information had to be saved with the event.

The following information was included with the event: 

Mount entry found: \DosDevices\C:\ShareHub\moto g85 5G -> \Device\Volume{d6cc17c5-1734-4085-bce

The message resource is present but the message was not found in the message table
"
Information	23-11-2025 23:25:11	RFDriveFs2	1	None	"The description for Event ID 1 from source RFDriveFs2 cannot be found. Either the component that raises this event is not installed on your local computer or the installation is corrupted. You can install or repair the component on the local computer.

If the event originated on another computer, the display information had to be saved with the event.

The following information was included with the event: 

Found entry with matching mount point.

The message resource is present but the message was not found in the message table
"
Information	23-11-2025 23:25:11	RFDriveFs2	1	None	"The description for Event ID 1 from source RFDriveFs2 cannot be found. Either the component that raises this event is not installed on your local computer or the installation is corrupted. You can install or repair the component on the local computer.

If the event originated on another computer, the display information had to be saved with the event.

The following information was included with the event: 

Finding mount entry; mount point = \DosDevices\C:\ShareHub\moto g85 5G.

The message resource is present but the message was not found in the message table
"
Information	23-11-2025 23:19:35	RFDriveFs2	1	None	"The description for Event ID 1 from source RFDriveFs2 cannot be found. Either the component that raises this event is not installed on your local computer or the installation is corrupted. You can install or repair the component on the local computer.

If the event originated on another computer, the display information had to be saved with the event.

The following information was included with the event: 

Opened file with user mode dispatch blocked: ""\drive_fs_notification""

The message resource is present but the message was not found in the message table
"
Information	23-11-2025 23:19:35	RFDriveFs2	1	None	"The description for Event ID 1 from source RFDriveFs2 cannot be found. Either the component that raises this event is not installed on your local computer or the installation is corrupted. You can install or repair the component on the local computer.

If the event originated on another computer, the display information had to be saved with the event.

The following information was included with the event: 

Handle created before IOCTL_EVENT_WAIT for file ""(null)""

The message resource is present but the message was not found in the message table
"
Information	23-11-2025 23:19:35	RFDriveFs2	1	None	"The description for Event ID 1 from source RFDriveFs2 cannot be found. Either the component that raises this event is not installed on your local computer or the installation is corrupted. You can install or repair the component on the local computer.

If the event originated on another computer, the display information had to be saved with the event.

The following information was included with the event: 

Activating keepalive handle from process 11596.

The message resource is present but the message was not found in the message table
"
Information	23-11-2025 23:19:35	RFDriveFs2	1	None	"The description for Event ID 1 from source RFDriveFs2 cannot be found. Either the component that raises this event is not installed on your local computer or the installation is corrupted. You can install or repair the component on the local computer.

If the event originated on another computer, the display information had to be saved with the event.

The following information was included with the event: 

Opened keepalive file from process 11596.

The message resource is present but the message was not found in the message table
"
Information	23-11-2025 23:19:35	RFDriveFs2	1	None	"The description for Event ID 1 from source RFDriveFs2 cannot be found. Either the component that raises this event is not installed on your local computer or the installation is corrupted. You can install or repair the component on the local computer.

If the event originated on another computer, the display information had to be saved with the event.

The following information was included with the event: 

Opened file with user mode dispatch blocked: ""\__drive_fs_keepalive""

The message resource is present but the message was not found in the message table
"
Information	23-11-2025 23:19:35	RFDriveFs2	1	None	"The description for Event ID 1 from source RFDriveFs2 cannot be found. Either the component that raises this event is not installed on your local computer or the installation is corrupted. You can install or repair the component on the local computer.

If the event originated on another computer, the display information had to be saved with the event.

The following information was included with the event: 

Finished event start with status 1 and flags: 0

The message resource is present but the message was not found in the message table
"
Information	23-11-2025 23:19:35	RFDriveFs2	1	None	"The description for Event ID 1 from source RFDriveFs2 cannot be found. Either the component that raises this event is not installed on your local computer or the installation is corrupted. You can install or repair the component on the local computer.

If the event originated on another computer, the display information had to be saved with the event.

The following information was included with the event: 

Handle created before IOCTL_EVENT_WAIT for file ""\$Extend\$Reparse:$R:$INDEX_ALLOCATION""

The message resource is present but the message was not found in the message table
"
Information	23-11-2025 23:19:35	RFDriveFs2	1	None	"The description for Event ID 1 from source RFDriveFs2 cannot be found. Either the component that raises this event is not installed on your local computer or the installation is corrupted. You can install or repair the component on the local computer.

If the event originated on another computer, the display information had to be saved with the event.

The following information was included with the event: 

7-964f1e9f5de9}

The message resource is present but the message was not found in the message table
"
Information	23-11-2025 23:19:35	RFDriveFs2	1	None	"The description for Event ID 1 from source RFDriveFs2 cannot be found. Either the component that raises this event is not installed on your local computer or the installation is corrupted. You can install or repair the component on the local computer.

If the event originated on another computer, the display information had to be saved with the event.

The following information was included with the event: 

Mount entry found: \DosDevices\C:\ShareHub\moto g85 5G -> \Device\Volume{d6cc17c5-1734-4085-bce

The message resource is present but the message was not found in the message table
"
Information	23-11-2025 23:19:35	RFDriveFs2	1	None	"The description for Event ID 1 from source RFDriveFs2 cannot be found. Either the component that raises this event is not installed on your local computer or the installation is corrupted. You can install or repair the component on the local computer.

If the event originated on another computer, the display information had to be saved with the event.

The following information was included with the event: 

Found entry with matching mount point.

The message resource is present but the message was not found in the message table
"
Information	23-11-2025 23:19:35	RFDriveFs2	1	None	"The description for Event ID 1 from source RFDriveFs2 cannot be found. Either the component that raises this event is not installed on your local computer or the installation is corrupted. You can install or repair the component on the local computer.

If the event originated on another computer, the display information had to be saved with the event.

The following information was included with the event: 

Finding mount entry; mount point = \DosDevices\C:\ShareHub\moto g85 5G.

The message resource is present but the message was not found in the message table
"
Information	23-11-2025 23:19:35	RFDriveFs2	1	None	"The description for Event ID 1 from source RFDriveFs2 cannot be found. Either the component that raises this event is not installed on your local computer or the installation is corrupted. You can install or repair the component on the local computer.

If the event originated on another computer, the display information had to be saved with the event.

The following information was included with the event: 

Mounting successfully done.

The message resource is present but the message was not found in the message table
"
Information	23-11-2025 23:19:35	RFDriveFs2	1	None	"The description for Event ID 1 from source RFDriveFs2 cannot be found. Either the component that raises this event is not installed on your local computer or the installation is corrupted. You can install or repair the component on the local computer.

If the event originated on another computer, the display information had to be saved with the event.

The following information was included with the event: 

Link created: ""\??\Volume{8848bfd1-c84f-11f0-b8ec-6c2f80c1590c}""

The message resource is present but the message was not found in the message table
"
Information	23-11-2025 23:19:35	RFDriveFs2	1	None	"The description for Event ID 1 from source RFDriveFs2 cannot be found. Either the component that raises this event is not installed on your local computer or the installation is corrupted. You can install or repair the component on the local computer.

If the event originated on another computer, the display information had to be saved with the event.

The following information was included with the event: 

 5G""

The message resource is present but the message was not found in the message table
"
Information	23-11-2025 23:19:35	RFDriveFs2	1	None	"The description for Event ID 1 from source RFDriveFs2 cannot be found. Either the component that raises this event is not installed on your local computer or the installation is corrupted. You can install or repair the component on the local computer.

If the event originated on another computer, the display information had to be saved with the event.

The following information was included with the event: 

Not suggesting link name due to non-drive-letter mount point: ""\DosDevices\C:\ShareHub\moto g85

The message resource is present but the message was not found in the message table
"
Information	23-11-2025 23:19:35	RFDriveFs2	1	None	"The description for Event ID 1 from source RFDriveFs2 cannot be found. Either the component that raises this event is not installed on your local computer or the installation is corrupted. You can install or repair the component on the local computer.

If the event originated on another computer, the display information had to be saved with the event.

The following information was included with the event: 

Mount manager is querying for desired drive letter. ForceDriveLetterAutoAssignment = 0

The message resource is present but the message was not found in the message table
"
Information	23-11-2025 23:19:35	RFDriveFs2	1	None	"The description for Event ID 1 from source RFDriveFs2 cannot be found. Either the component that raises this event is not installed on your local computer or the installation is corrupted. You can install or repair the component on the local computer.

If the event originated on another computer, the display information had to be saved with the event.

The following information was included with the event: 

Starting FCB garbage collector with 2000 ms interval.

The message resource is present but the message was not found in the message table
"
Information	23-11-2025 23:19:35	RFDriveFs2	1	None	"The description for Event ID 1 from source RFDriveFs2 cannot be found. Either the component that raises this event is not installed on your local computer or the installation is corrupted. You can install or repair the component on the local computer.

If the event originated on another computer, the display information had to be saved with the event.

The following information was included with the event: 

7-964f1e9f5de9}

The message resource is present but the message was not found in the message table
"
Information	23-11-2025 23:19:35	RFDriveFs2	1	None	"The description for Event ID 1 from source RFDriveFs2 cannot be found. Either the component that raises this event is not installed on your local computer or the installation is corrupted. You can install or repair the component on the local computer.

If the event originated on another computer, the display information had to be saved with the event.

The following information was included with the event: 

Mount entry found: \DosDevices\C:\ShareHub\moto g85 5G -> \Device\Volume{d6cc17c5-1734-4085-bce

The message resource is present but the message was not found in the message table
"
Information	23-11-2025 23:19:35	RFDriveFs2	1	None	"The description for Event ID 1 from source RFDriveFs2 cannot be found. Either the component that raises this event is not installed on your local computer or the installation is corrupted. You can install or repair the component on the local computer.

If the event originated on another computer, the display information had to be saved with the event.

The following information was included with the event: 

Found entry with matching device name: \Device\Volume{d6cc17c5-1734-4085-bce7-964f1e9f5de9}

The message resource is present but the message was not found in the message table
"
Information	23-11-2025 23:19:35	RFDriveFs2	1	None	"The description for Event ID 1 from source RFDriveFs2 cannot be found. Either the component that raises this event is not installed on your local computer or the installation is corrupted. You can install or repair the component on the local computer.

If the event originated on another computer, the display information had to be saved with the event.

The following information was included with the event: 

Finding mount entry; mount point = .

The message resource is present but the message was not found in the message table
"
Information	23-11-2025 23:19:35	RFDriveFs2	1	None	"The description for Event ID 1 from source RFDriveFs2 cannot be found. Either the component that raises this event is not installed on your local computer or the installation is corrupted. You can install or repair the component on the local computer.

If the event originated on another computer, the display information had to be saved with the event.

The following information was included with the event: 

6cc17c5-1734-4085-bce7-964f1e9f5de9}""

The message resource is present but the message was not found in the message table
"
Information	23-11-2025 23:19:35	RFDriveFs2	1	None	"The description for Event ID 1 from source RFDriveFs2 cannot be found. Either the component that raises this event is not installed on your local computer or the installation is corrupted. You can install or repair the component on the local computer.

If the event originated on another computer, the display information had to be saved with the event.

The following information was included with the event: 

Mounting volume using MountPoint ""\DosDevices\C:\ShareHub\moto g85 5G"" device ""\Device\Volume{d

The message resource is present but the message was not found in the message table
"
Information	23-11-2025 23:19:35	RFDriveFs2	1	None	"The description for Event ID 1 from source RFDriveFs2 cannot be found. Either the component that raises this event is not installed on your local computer or the installation is corrupted. You can install or repair the component on the local computer.

If the event originated on another computer, the display information had to be saved with the event.

The following information was included with the event: 

Event start using mount ID: 1; device name: \Volume{d6cc17c5-1734-4085-bce7-964f1e9f5de9}.

The message resource is present but the message was not found in the message table
"
Information	23-11-2025 23:19:35	RFDriveFs2	1	None	"The description for Event ID 1 from source RFDriveFs2 cannot be found. Either the component that raises this event is not installed on your local computer or the installation is corrupted. You can install or repair the component on the local computer.

If the event originated on another computer, the display information had to be saved with the event.

The following information was included with the event: 

Inserted new mount entry.

The message resource is present but the message was not found in the message table
"
Information	23-11-2025 23:19:35	RFDriveFs2	1	None	"The description for Event ID 1 from source RFDriveFs2 cannot be found. Either the component that raises this event is not installed on your local computer or the installation is corrupted. You can install or repair the component on the local computer.

If the event originated on another computer, the display information had to be saved with the event.

The following information was included with the event: 

ume{d6cc17c5-1734-4085-bce7-964f1e9f5de9}"" created

The message resource is present but the message was not found in the message table
"
Information	23-11-2025 23:19:35	RFDriveFs2	1	None	"The description for Event ID 1 from source RFDriveFs2 cannot be found. Either the component that raises this event is not installed on your local computer or the installation is corrupted. You can install or repair the component on the local computer.

If the event originated on another computer, the display information had to be saved with the event.

The following information was included with the event: 

SymbolicLink: ""\DosDevices\Global\Volume{d6cc17c5-1734-4085-bce7-964f1e9f5de9}"" -> ""\Device\Vol

The message resource is present but the message was not found in the message table
"
Information	23-11-2025 23:19:35	RFDriveFs2	1	None	"The description for Event ID 1 from source RFDriveFs2 cannot be found. Either the component that raises this event is not installed on your local computer or the installation is corrupted. You can install or repair the component on the local computer.

If the event originated on another computer, the display information had to be saved with the event.

The following information was included with the event: 

ShareHub\moto g85 5G""; type: 8

The message resource is present but the message was not found in the message table
"
Information	23-11-2025 23:19:35	RFDriveFs2	1	None	"The description for Event ID 1 from source RFDriveFs2 cannot be found. Either the component that raises this event is not installed on your local computer or the installation is corrupted. You can install or repair the component on the local computer.

If the event originated on another computer, the display information had to be saved with the event.

The following information was included with the event: 

\DosDevices\Global\Volume{d6cc17c5-1734-4085-bce7-964f1e9f5de9}""; mount point: ""\DosDevices\C:\

The message resource is present but the message was not found in the message table
"
Information	23-11-2025 23:19:35	RFDriveFs2	1	None	"The description for Event ID 1 from source RFDriveFs2 cannot be found. Either the component that raises this event is not installed on your local computer or the installation is corrupted. You can install or repair the component on the local computer.

If the event originated on another computer, the display information had to be saved with the event.

The following information was included with the event: 

disk device name: ""\Device\Volume{d6cc17c5-1734-4085-bce7-964f1e9f5de9}""; symbolic link name: ""

The message resource is present but the message was not found in the message table
"
Information	23-11-2025 23:19:35	RFDriveFs2	1	None	"The description for Event ID 1 from source RFDriveFs2 cannot be found. Either the component that raises this event is not installed on your local computer or the installation is corrupted. You can install or repair the component on the local computer.

If the event originated on another computer, the display information had to be saved with the event.

The following information was included with the event: 

Creating disk device; mount point = C:\ShareHub\moto g85 5G; mount ID = 1l

The message resource is present but the message was not found in the message table
"
Information	23-11-2025 23:19:35	RFDriveFs2	1	None	"The description for Event ID 1 from source RFDriveFs2 cannot be found. Either the component that raises this event is not installed on your local computer or the installation is corrupted. You can install or repair the component on the local computer.

If the event originated on another computer, the display information had to be saved with the event.

The following information was included with the event: 

No mount entry found.

The message resource is present but the message was not found in the message table
"
Information	23-11-2025 23:19:35	RFDriveFs2	1	None	"The description for Event ID 1 from source RFDriveFs2 cannot be found. Either the component that raises this event is not installed on your local computer or the installation is corrupted. You can install or repair the component on the local computer.

If the event originated on another computer, the display information had to be saved with the event.

The following information was included with the event: 

Finding mount entry; mount point = \DosDevices\C:\ShareHub\moto g85 5G.

The message resource is present but the message was not found in the message table
"
Information	23-11-2025 23:19:35	RFDriveFs2	1	None	"The description for Event ID 1 from source RFDriveFs2 cannot be found. Either the component that raises this event is not installed on your local computer or the installation is corrupted. You can install or repair the component on the local computer.

If the event originated on another computer, the display information had to be saved with the event.

The following information was included with the event: 

Entered event start.

The message resource is present but the message was not found in the message table
"
Information	23-11-2025 23:18:45	Microsoft-Windows-Configuration-Change-Monitor	1	None	"The description for Event ID 1 from source Microsoft-Windows-Configuration-Change-Monitor cannot be found. Either the component that raises this event is not installed on your local computer or the installation is corrupted. You can install or repair the component on the local computer.

If the event originated on another computer, the display information had to be saved with the event.

The following information was included with the event: 

EV_RenderedValue_0.00
""C:\Windows\system32\netsh"" advfirewall firewall add rule name=""Smart Connect"" dir=in program=""C:\Program Files\Lenovo\Ready For Assistant\ScMcpServer.exe"" action=block profile=""public""
C:\Windows\System32\netsh.exe
C:\Users\gunis\AppData\Local\Temp\WinGet\XP8JRF5SXV03ZM.Unknown\18b526c9-2311-435c-bae3-4623572dd573_8040247196bff01895d569f03ae2d0d17ebcfde0c5dcad41b09c2ccf5c05713c.exe
C:\Program Files\WindowsApps\Microsoft.DesktopAppInstaller_1.27.350.0_x64__8wekyb3d8bbwe\WindowsPackageManagerServer.exe
C:\Windows\System32\svchost.exe
C:\Windows\System32\services.exe
C:\Windows\System32\wininit.exe

The locale specific resource for the desired message is not present
"
Information	23-11-2025 23:18:45	Microsoft-Windows-Configuration-Change-Monitor	1	None	"The description for Event ID 1 from source Microsoft-Windows-Configuration-Change-Monitor cannot be found. Either the component that raises this event is not installed on your local computer or the installation is corrupted. You can install or repair the component on the local computer.

If the event originated on another computer, the display information had to be saved with the event.

The following information was included with the event: 

EV_RenderedValue_0.00
""C:\Windows\system32\netsh"" advfirewall firewall add rule name=""Smart Connect"" dir=out program=""C:\Program Files\Lenovo\Ready For Assistant\ScMcpServer.exe"" action=allow
C:\Windows\System32\netsh.exe
C:\Users\gunis\AppData\Local\Temp\WinGet\XP8JRF5SXV03ZM.Unknown\18b526c9-2311-435c-bae3-4623572dd573_8040247196bff01895d569f03ae2d0d17ebcfde0c5dcad41b09c2ccf5c05713c.exe
C:\Program Files\WindowsApps\Microsoft.DesktopAppInstaller_1.27.350.0_x64__8wekyb3d8bbwe\WindowsPackageManagerServer.exe
C:\Windows\System32\svchost.exe
C:\Windows\System32\services.exe
C:\Windows\System32\wininit.exe

The locale specific resource for the desired message is not present
"
Information	23-11-2025 23:18:44	Microsoft-Windows-Configuration-Change-Monitor	1	None	"The description for Event ID 1 from source Microsoft-Windows-Configuration-Change-Monitor cannot be found. Either the component that raises this event is not installed on your local computer or the installation is corrupted. You can install or repair the component on the local computer.

If the event originated on another computer, the display information had to be saved with the event.

The following information was included with the event: 

EV_RenderedValue_0.00
""C:\Windows\system32\netsh"" advfirewall firewall add rule name=""Smart Connect"" dir=in program=""C:\Program Files\Lenovo\Ready For Assistant\ScMcpServer.exe"" action=allow protocol=UDP localport=50000-60000  profile=""domain,private""
C:\Windows\System32\netsh.exe
C:\Users\gunis\AppData\Local\Temp\WinGet\XP8JRF5SXV03ZM.Unknown\18b526c9-2311-435c-bae3-4623572dd573_8040247196bff01895d569f03ae2d0d17ebcfde0c5dcad41b09c2ccf5c05713c.exe
C:\Program Files\WindowsApps\Microsoft.DesktopAppInstaller_1.27.350.0_x64__8wekyb3d8bbwe\WindowsPackageManagerServer.exe
C:\Windows\System32\svchost.exe
C:\Windows\System32\services.exe
C:\Windows\System32\wininit.exe

The locale specific resource for the desired message is not present
"
Information	23-11-2025 23:18:44	Microsoft-Windows-Configuration-Change-Monitor	1	None	"The description for Event ID 1 from source Microsoft-Windows-Configuration-Change-Monitor cannot be found. Either the component that raises this event is not installed on your local computer or the installation is corrupted. You can install or repair the component on the local computer.

If the event originated on another computer, the display information had to be saved with the event.

The following information was included with the event: 

EV_RenderedValue_0.00
""C:\Windows\system32\netsh"" advfirewall firewall add rule name=""Smart Connect"" dir=in program=""C:\Program Files\Lenovo\Ready For Assistant\ScMcpServer.exe"" action=allow protocol=TCP localport=50000-60000  profile=""domain,private""
C:\Windows\System32\netsh.exe
C:\Users\gunis\AppData\Local\Temp\WinGet\XP8JRF5SXV03ZM.Unknown\18b526c9-2311-435c-bae3-4623572dd573_8040247196bff01895d569f03ae2d0d17ebcfde0c5dcad41b09c2ccf5c05713c.exe
C:\Program Files\WindowsApps\Microsoft.DesktopAppInstaller_1.27.350.0_x64__8wekyb3d8bbwe\WindowsPackageManagerServer.exe
C:\Windows\System32\svchost.exe
C:\Windows\System32\services.exe
C:\Windows\System32\wininit.exe

The locale specific resource for the desired message is not present
"
Information	23-11-2025 23:18:44	Microsoft-Windows-Configuration-Change-Monitor	1	None	"The description for Event ID 1 from source Microsoft-Windows-Configuration-Change-Monitor cannot be found. Either the component that raises this event is not installed on your local computer or the installation is corrupted. You can install or repair the component on the local computer.

If the event originated on another computer, the display information had to be saved with the event.

The following information was included with the event: 

EV_RenderedValue_0.00
""C:\Windows\system32\netsh"" advfirewall firewall add rule name=""Smart Connect"" dir=in program=""C:\Program Files\Lenovo\Ready For Assistant\screenshare\ScreenShareService.exe"" action=block profile=""public""
C:\Windows\System32\netsh.exe
C:\Users\gunis\AppData\Local\Temp\WinGet\XP8JRF5SXV03ZM.Unknown\18b526c9-2311-435c-bae3-4623572dd573_8040247196bff01895d569f03ae2d0d17ebcfde0c5dcad41b09c2ccf5c05713c.exe
C:\Program Files\WindowsApps\Microsoft.DesktopAppInstaller_1.27.350.0_x64__8wekyb3d8bbwe\WindowsPackageManagerServer.exe
C:\Windows\System32\svchost.exe
C:\Windows\System32\services.exe
C:\Windows\System32\wininit.exe

The locale specific resource for the desired message is not present
"
