Information	25-11-2025 13:33:41	Microsoft-Windows-Kernel-Power	125	(86)	"ACPI thermal zone \_TZ.TZ00 has been enumerated.             
_PSV = 0K             
_TC1 = 0             
_TC2 = 0             
_TSP = 0ms             
_AC0 = 373K             
_AC1 = 328K             
_AC2 = 323K             
_AC3 = 318K             
_AC4 = 313K             
_AC5 = 0K             
_AC6 = 0K             
_AC7 = 0K             
_AC8 = 0K             
_AC9 = 0K             
_CRT = 378K             
_HOT = 0K             
minimum throttle = 0             
_CR3 = 0K"
Information	25-11-2025 13:33:41	googlehaxm	4	None	"The description for Event ID 4 from source googlehaxm cannot be found. Either the component that raises this event is not installed on your local computer or the installation is corrupted. You can install or repair the component on the local computer.

If the event originated on another computer, the display information had to be saved with the event.

The following information was included with the event: 


The message resource is present but the message was not found in the message table
"
Information	25-11-2025 13:33:41	Microsoft-Windows-FilterManager	6	None	File System Filter 'npsvctrig' (10.0, ‎1978‎-‎05‎-‎14T14:43:30.000000000Z) has successfully loaded and registered with Filter Manager.
Information	25-11-2025 13:33:41	Microsoft-Windows-FilterManager	6	None	File System Filter '360Box64' (6.1, ‎2024‎-‎10‎-‎08T14:49:39.000000000Z) has successfully loaded and registered with Filter Manager.
Information	25-11-2025 13:33:40	Microsoft-Windows-FilterManager	6	None	File System Filter '360FsFlt' (6.1, ‎2025‎-‎07‎-‎21T12:25:24.000000000Z) has successfully loaded and registered with Filter Manager.
Information	25-11-2025 13:33:40	Microsoft-Windows-FilterManager	6	None	File System Filter 'UCPD' (10.0, ‎1998‎-‎05‎-‎25T20:10:41.000000000Z) has successfully loaded and registered with Filter Manager.
Information	25-11-2025 13:33:40	Microsoft-Windows-FilterManager	6	None	File System Filter 'FileCrypt' (10.0, ‎2075‎-‎09‎-‎01T03:37:07.000000000Z) has successfully loaded and registered with Filter Manager.
Information	25-11-2025 13:33:40	Microsoft-Windows-Ntfs	98	None	Volume C: (\Device\HarddiskVolume3) is healthy.  No action is needed.
Information	25-11-2025 13:33:39	Microsoft-Windows-Ntfs	98	None	Volume S: (\Device\HarddiskVolume4) is healthy.  No action is needed.
Information	25-11-2025 13:33:39	Microsoft-Windows-BitLocker-Driver	24709	None	This event contains the boot-time final TPM PCR values and TCG log data.
Information	25-11-2025 13:33:39	Microsoft-Windows-BitLocker-Driver	24711	None	"A V2 TPM protector was used to start Windows.
Binding ID: {e0f3b476-a73e-4425-805b-0c939f260e04}."
Information	25-11-2025 13:33:39	Microsoft-Windows-BitLocker-Driver	24709	None	This event contains the boot-time final TPM PCR values and TCG log data.
Information	25-11-2025 13:33:39	Microsoft-Windows-FilterManager	6	None	File System Filter 'Wof' (10.0, ‎2089‎-‎07‎-‎15T08:28:05.000000000Z) has successfully loaded and registered with Filter Manager.
Information	25-11-2025 13:33:39	Microsoft-Windows-FilterManager	6	None	File System Filter 'FileInfo' (10.0, ‎2093‎-‎04‎-‎02T06:59:43.000000000Z) has successfully loaded and registered with Filter Manager.
Information	25-11-2025 13:33:37	Microsoft-Windows-HAL	16	None	IOMMU fault reporting has been initialized.
Information	25-11-2025 13:33:37	Microsoft-Windows-Kernel-General	20	(6)	"The leap second configuration has been updated.
Reason: Leap second data initialized from registry during boot
Leap seconds enabled: true
New leap second count: 0
Old leap second count: 0"
Information	25-11-2025 13:33:37	Microsoft-Windows-Kernel-Boot	30	(21)	The firmware reported boot metrics.
Information	25-11-2025 13:33:37	Microsoft-Windows-IsolatedUserMode	3	None	Secure Kernel started with status STATUS_SUCCESS and flags HvciEnabled,HvciStrictMode.
Warning	25-11-2025 13:33:37	Microsoft-Windows-Hyper-V-Hypervisor	167	None	The hypervisor did not enable mitigations for side channel vulnerabilities for virtual machines because HyperThreading is enabled. To enable mitigations for virtual machines, disable HyperThreading.
Information	25-11-2025 13:33:37	Microsoft-Windows-Hyper-V-Hypervisor	165	None	"Hypervisor configured mitigations for CVE-2019-11091, CVE-2018-12126, CVE-2018-12127, CVE-2018-12130 for virtual machines.

Processor not affected: true
Processor family not affected: false
Processor supports microarchitectural buffer flush: true
Buffer flush needed: true
"
Information	25-11-2025 13:33:37	Microsoft-Windows-Hyper-V-Hypervisor	156	None	"Hypervisor configured mitigations for CVE-2018-3646 for virtual machines.

Processor not affected: true
Processor family not affected: false
Processor supports cache flush: true
HyperThreading enabled: false
Parent hypervisor applies mitigations: false
Mitigations disabled by bcdedit: false
Mitigations enabled: true
Cache flush needed: false
"
Information	25-11-2025 13:33:37	Microsoft-Windows-Hyper-V-Hypervisor	129	None	"Hypervisor initialized I/O remapping.

Hardware present: true
Hardware enabled: true
Policy: 0x0
Enabled features: 0x43
Internal information: 0x0
Problems: 0x0
Additional information: 0x0"
Information	25-11-2025 13:33:37	Microsoft-Windows-Hyper-V-Hypervisor	2	None	Hypervisor scheduler type is 0x4.
Information	25-11-2025 13:33:37	Microsoft-Windows-Hyper-V-Hypervisor	1	None	Hypervisor successfully started.
Information	25-11-2025 13:33:37	Microsoft-Windows-Kernel-Boot	27	(33)	The boot type was 0x0.
Information	25-11-2025 13:33:37	Microsoft-Windows-Kernel-Boot	25	(32)	The boot menu policy was 0x1.
Information	25-11-2025 13:33:37	Microsoft-Windows-Kernel-Boot	238	(101)	EFI time zone bias: 2047. Daylight flags: 0. Firmware time: ‎2025‎-‎11‎-‎25T13:33:34.000000000Z.
Information	25-11-2025 13:33:37	Microsoft-Windows-Kernel-Boot	247	(99)	Unable to load Pluton-Windows firmware. StatusCode: STATUS_SUCCESS, Reason: Failed to apply firmware.
Information	25-11-2025 13:33:37	Microsoft-Windows-Kernel-Boot	20	(31)	The last shutdown's success status was true. The last boot's success status was true.
Information	25-11-2025 13:33:37	Microsoft-Windows-Kernel-Boot	32	(58)	The bootmgr spent 0 ms waiting for user input.
Information	25-11-2025 13:33:37	Microsoft-Windows-Kernel-Boot	18	(57)	There are 0x1 boot options on this system.
Information	25-11-2025 13:33:37	Microsoft-Windows-Kernel-Boot	153	(62)	Virtualization-based security (policies: VBS Enabled,VSM Required,Hvci,Boot Chain Signer Soft Enforced) is enabled due to VBS registry configuration.
Information	25-11-2025 13:33:37	Microsoft-Windows-Kernel-General	25	(12)	"The system time was initialized to ‎2025‎-‎11‎-‎25T08:03:36.500000000Z. 

Loader time: ‎2025‎-‎11‎-‎25T08:03:34.000000000Z
Internal boot flags: 0x2
HAL RTC error code: 0x0
RTC time is in UTC: false
Soft boot: false
Success: true
Phase: 0"
Information	25-11-2025 13:33:37	Microsoft-Windows-Kernel-General	12	(1)	The operating system started at system time ‎2025‎-‎11‎-‎25T08:03:36.500000000Z.
Information	25-11-2025 13:33:07	Microsoft-Windows-Kernel-General	13	(2)	The operating system is shutting down at system time ‎2025‎-‎11‎-‎25T08:03:07.272272000Z.
Information	25-11-2025 13:33:07	Microsoft-Windows-Kernel-Power	577	(280)	The system has prepared for a system initiated reboot from Active.
Information	25-11-2025 13:33:06	Microsoft-Windows-Kernel-Power	109	(103)	"The kernel power manager has initiated a shutdown transition.

Action: Power Action Shutdown Off 
Event Code: 0x0 
Reason: Kernel API"
Information	25-11-2025 13:33:02	Microsoft-Windows-WLAN-AutoConfig	4001	None	"WLAN AutoConfig service has successfully stopped.
"
Warning	25-11-2025 13:33:02	Microsoft-Windows-WLAN-AutoConfig	10002	None	"WLAN Extensibility Module has stopped.

Module Path: C:\Windows\system32\IntelIHVRouter14.dll
"
Information	25-11-2025 13:33:55	EventLog	6013	None	The system uptime is 19 seconds.
Information	25-11-2025 13:33:55	EventLog	6005	None	The Event log service was started.
Information	25-11-2025 13:33:55	EventLog	6009	None	Microsoft (R) Windows (R) 10.00. 26200  Multiprocessor Free.
Information	25-11-2025 13:33:01	Microsoft-Windows-Dhcp-Client	50037	Service State Event	DHCPv4 client service is stopped. ShutDown Flag value is 1
Information	25-11-2025 13:33:01	Microsoft-Windows-Dhcp-Client	50106	Service State Event	DHCPv4 is waiting on DHCPv6 service to stop
Information	25-11-2025 13:33:01	Microsoft-Windows-DHCPv6-Client	51057	Service State Event	DHCPv6 client service stop is almost done.DHCP Context Ref count is 1
Information	25-11-2025 13:33:01	Microsoft-Windows-DHCPv6-Client	51047	Service State Event	DHCPv6 client service is stopped. ShutDown Flag value is 1
Information	25-11-2025 13:33:01	Microsoft-Windows-Dhcp-Client	50105	Service State Event	DHCPv4 client ProcessDHCPRequestForever received TERMINATE_EVENT
Information	25-11-2025 13:33:01	Microsoft-Windows-Dhcp-Client	50104	Service State Event	DHCPv4 client received shutdown notification
Error	25-11-2025 13:33:01	Service Control Manager	7043	None	The Universal Device Client Service service did not shut down properly after receiving a preshutdown control.
Information	25-11-2025 13:33:01	EventLog	6006	None	The Event log service was stopped.
Information	25-11-2025 13:32:45	Microsoft-Windows-IsolatedUserMode	2	None	Secure Trustlet Id 6 and Pid 9876 stopped with status STATUS_SUCCESS.
Information	25-11-2025 13:32:45	Microsoft-Windows-Winlogon	7002	(1102)	User Logoff Notification for Customer Experience Improvement Program
Information	25-11-2025 13:32:45	User32	1074	None	"The process C:\Windows\system32\winlogon.exe (SAIGANESH) has initiated the power off of computer SAIGANESH on behalf of user NT AUTHORITY\SYSTEM for the following reason: No title for this reason could be found
 Reason Code: 0x500ff
 Shutdown Type: power off
 Comment: "
Warning	25-11-2025 13:32:43	winsrvext	100	None	Process C:\Users\gunis\AppData\Local\Kingsoft\WPS Office\12.2.0.23155\office6\wpscloudsvr.exe is delaying system shutdown after 5047 milliseconds.
Information	25-11-2025 13:32:38	Microsoft-Windows-IsolatedUserMode	2	None	Secure Trustlet Id 0 and Pid 0 stopped with status STATUS_SUCCESS.
Warning	25-11-2025 13:12:22	Microsoft-Windows-DistributedCOM	10016	None	"The application-specific permission settings do not grant Local Activation permission for the COM Server application with CLSID 
{2593F8B9-4EAF-457C-B68A-50F6B8EA6B54}
 and APPID 
{15C20B67-12E7-4BB6-92BB-7AFF07997402}
 to the user Saiganesh\gunis SID (S-1-5-21-2782663264-3991100608-3008750438-1001) from address LocalHost (Using LRPC) running in the application container Unavailable SID (Unavailable). This security permission can be modified using the Component Services administrative tool."
Information	25-11-2025 13:01:13	Microsoft-Windows-Kernel-General	16	None	The access history in hive \??\C:\Users\gunis\AppData\Local\Packages\AdobeNotificationClient_enpm4xejd91yc\Settings\settings.dat was cleared updating 2 keys and creating 1 modified pages.
Error	25-11-2025 12:59:28	Microsoft-Windows-TPM-WMI	1801	None	"Secure Boot CA/keys need to be updated. This device signature information is included here.
DeviceAttributes: FirmwareVersion:LTCN33WW;OEMManufacturerName:LENOVO;OEMModelSKU:LENOVO_MT_83EM_BU_idea_FM_IdeaPad Slim 3 15IRH8;OSArchitecture:amd64;
BucketId: 19f5521a9a11b038ff2fbabfc2e3398b7331dde01e995bceb019686a7da0c8d3
BucketConfidenceLevel: 
UpdateType: 0
HResult: The operation completed successfully."
Warning	25-11-2025 12:59:11	Microsoft-Windows-DistributedCOM	10016	None	"The application-specific permission settings do not grant Local Activation permission for the COM Server application with CLSID 
{2593F8B9-4EAF-457C-B68A-50F6B8EA6B54}
 and APPID 
{15C20B67-12E7-4BB6-92BB-7AFF07997402}
 to the user Saiganesh\gunis SID (S-1-5-21-2782663264-3991100608-3008750438-1001) from address LocalHost (Using LRPC) running in the application container OpenAI.ChatGPT-Desktop_1.2025.258.0_x64__2p2nqsd0c76g0 SID (Unavailable). This security permission can be modified using the Component Services administrative tool."
Warning	25-11-2025 12:57:35	Microsoft-Windows-DistributedCOM	10016	None	"The application-specific permission settings do not grant Local Activation permission for the COM Server application with CLSID 
{2593F8B9-4EAF-457C-B68A-50F6B8EA6B54}
 and APPID 
{15C20B67-12E7-4BB6-92BB-7AFF07997402}
 to the user Saiganesh\gunis SID (S-1-5-21-2782663264-3991100608-3008750438-1001) from address LocalHost (Using LRPC) running in the application container Unavailable SID (Unavailable). This security permission can be modified using the Component Services administrative tool."
Information	25-11-2025 12:57:17	Microsoft-Windows-IsolatedUserMode	5	None	Secure Trustlet NULL Id 0 and Pid 0 started with status STATUS_SUCCESS.
Warning	25-11-2025 12:56:49	Microsoft-Windows-DistributedCOM	10016	None	"The application-specific permission settings do not grant Local Launch permission for the COM Server application with CLSID 
Windows.SecurityCenter.SecurityAppBroker
 and APPID 
Unavailable
 to the user NT AUTHORITY\SYSTEM SID (S-1-5-18) from address LocalHost (Using LRPC) running in the application container Unavailable SID (Unavailable). This security permission can be modified using the Component Services administrative tool."
Warning	25-11-2025 12:56:49	Microsoft-Windows-DistributedCOM	10016	None	"The application-specific permission settings do not grant Local Launch permission for the COM Server application with CLSID 
Windows.SecurityCenter.WscBrokerManager
 and APPID 
Unavailable
 to the user NT AUTHORITY\SYSTEM SID (S-1-5-18) from address LocalHost (Using LRPC) running in the application container Unavailable SID (Unavailable). This security permission can be modified using the Component Services administrative tool."
Information	25-11-2025 12:56:47	Microsoft-Windows-Kernel-General	16	None	The access history in hive \??\C:\ProgramData\Packages\E046963F.LenovoCompanion_k1h2ywk1493x8\S-1-5-21-2782663264-3991100608-3008750438-1001\SystemAppData\Helium\Cache\cbe2a97449d476f5_COM15.dat was cleared updating 1 keys and creating 1 modified pages.
Warning	25-11-2025 12:56:36	Microsoft-Windows-DNS-Client	1014	(1014)	Name resolution for the name ssl.gstatic.com timed out after none of the configured DNS servers responded. Client PID 17756.
Warning	25-11-2025 12:56:27	Netwtw14	6062	None	6062 - Lso was triggered
Information	25-11-2025 12:56:24	Netwtw14	7021	None	7021 - Connection telemetry fields and analysis usage
Information	25-11-2025 12:56:16	Netwtw14	7021	None	7021 - Connection telemetry fields and analysis usage
Information	25-11-2025 12:56:15	Netwtw14	7021	None	7021 - Connection telemetry fields and analysis usage
Information	25-11-2025 12:56:15	Netwtw14	7021	None	7021 - Connection telemetry fields and analysis usage
Information	25-11-2025 12:56:14	Netwtw14	7021	None	7021 - Connection telemetry fields and analysis usage
Warning	25-11-2025 12:56:14	Microsoft-Windows-DNS-Client	1014	(1014)	Name resolution for the name chatgpt.com timed out after none of the configured DNS servers responded. Client PID 17756.
Information	25-11-2025 12:56:08	Netwtw14	7021	None	7021 - Connection telemetry fields and analysis usage
Information	25-11-2025 12:56:08	Netwtw14	7021	None	7021 - Connection telemetry fields and analysis usage
Information	25-11-2025 12:56:08	Netwtw14	7021	None	7021 - Connection telemetry fields and analysis usage
Information	25-11-2025 12:56:08	Netwtw14	7021	None	7021 - Connection telemetry fields and analysis usage
Information	25-11-2025 12:56:05	Netwtw14	7021	None	7021 - Connection telemetry fields and analysis usage
Information	25-11-2025 12:56:05	Netwtw14	7021	None	7021 - Connection telemetry fields and analysis usage
Information	25-11-2025 12:56:04	Netwtw14	7021	None	7021 - Connection telemetry fields and analysis usage
Information	25-11-2025 12:56:04	Netwtw14	7021	None	7021 - Connection telemetry fields and analysis usage
Information	25-11-2025 12:55:34	Microsoft-Windows-Kernel-General	16	None	The access history in hive \??\C:\Users\gunis\AppData\Local\Packages\MicrosoftCorporationII.WinAppRuntime.Singleton_8wekyb3d8bbwe\Settings\settings.dat was cleared updating 14 keys and creating 1 modified pages.
Information	25-11-2025 12:55:34	Microsoft-Windows-Kernel-General	16	None	The access history in hive \??\C:\Users\gunis\AppData\Local\Packages\MicrosoftCorporationII.WinAppRuntime.Singleton_8wekyb3d8bbwe\SystemAppData\Helium\UserClasses.dat was cleared updating 1 keys and creating 1 modified pages.
Information	25-11-2025 12:55:34	Microsoft-Windows-Kernel-General	16	None	The access history in hive \??\C:\Users\gunis\AppData\Local\Packages\MicrosoftCorporationII.WinAppRuntime.Singleton_8wekyb3d8bbwe\SystemAppData\Helium\User.dat was cleared updating 1 keys and creating 1 modified pages.
Information	25-11-2025 12:55:33	Microsoft-Windows-Kernel-General	16	None	The access history in hive \??\C:\ProgramData\Packages\Microsoft.WinAppRuntime.DDLM.5001.373.1736.0-x8_8wekyb3d8bbwe\S-1-5-21-2782663264-3991100608-3008750438-1001\SystemAppData\Helium\Cache\54c7569f7f702ac1_COM15.dat was cleared updating 1 keys and creating 1 modified pages.
Information	25-11-2025 12:55:33	Microsoft-Windows-Kernel-General	16	None	The access history in hive \??\C:\Users\gunis\AppData\Local\Packages\Microsoft.WinAppRuntime.DDLM.5001.373.1736.0-x8_8wekyb3d8bbwe\SystemAppData\Helium\UserClasses.dat was cleared updating 1 keys and creating 1 modified pages.
Information	25-11-2025 12:55:33	Microsoft-Windows-Kernel-General	16	None	The access history in hive \??\C:\Users\gunis\AppData\Local\Packages\Microsoft.WinAppRuntime.DDLM.5001.373.1736.0-x8_8wekyb3d8bbwe\SystemAppData\Helium\User.dat was cleared updating 1 keys and creating 1 modified pages.
Warning	25-11-2025 12:55:32	Microsoft-Windows-DNS-Client	1014	(1014)	Name resolution for the name mobile.events.data.microsoft.com timed out after none of the configured DNS servers responded. Client PID 13068.
Warning	25-11-2025 12:55:27	Microsoft-Windows-Kernel-Processor-Power	37	(7)	The speed of processor 15 in group 0 is being limited by system firmware. The processor has been in this reduced performance state for 71 seconds since the last report.
Warning	25-11-2025 12:55:27	Microsoft-Windows-Kernel-Processor-Power	37	(7)	The speed of processor 12 in group 0 is being limited by system firmware. The processor has been in this reduced performance state for 71 seconds since the last report.
Warning	25-11-2025 12:55:27	Microsoft-Windows-Kernel-Processor-Power	37	(7)	The speed of processor 14 in group 0 is being limited by system firmware. The processor has been in this reduced performance state for 71 seconds since the last report.
Warning	25-11-2025 12:55:27	Microsoft-Windows-Kernel-Processor-Power	37	(7)	The speed of processor 13 in group 0 is being limited by system firmware. The processor has been in this reduced performance state for 71 seconds since the last report.
Warning	25-11-2025 12:55:26	Microsoft-Windows-DNS-Client	1014	(1014)	Name resolution for the name www.bing.com timed out after none of the configured DNS servers responded. Client PID 14360.
Warning	25-11-2025 12:55:25	Netwtw14	6062	None	6062 - Lso was triggered
Information	25-11-2025 12:55:24	Netwtw14	7021	None	7021 - Connection telemetry fields and analysis usage
Information	25-11-2025 12:55:24	Netwtw14	7021	None	7021 - Connection telemetry fields and analysis usage
Information	25-11-2025 12:55:23	Netwtw14	7021	None	7021 - Connection telemetry fields and analysis usage
Information	25-11-2025 12:55:23	Netwtw14	7021	None	7021 - Connection telemetry fields and analysis usage
Information	25-11-2025 12:55:23	Netwtw14	7021	None	7021 - Connection telemetry fields and analysis usage
Information	25-11-2025 12:55:23	Netwtw14	7021	None	7021 - Connection telemetry fields and analysis usage
Information	25-11-2025 12:55:23	Netwtw14	7021	None	7021 - Connection telemetry fields and analysis usage
Information	25-11-2025 12:55:23	Netwtw14	7021	None	7021 - Connection telemetry fields and analysis usage
Information	25-11-2025 12:55:23	Netwtw14	7021	None	7021 - Connection telemetry fields and analysis usage
Information	25-11-2025 12:55:23	Netwtw14	7021	None	7021 - Connection telemetry fields and analysis usage
Information	25-11-2025 12:55:23	Netwtw14	7021	None	7021 - Connection telemetry fields and analysis usage
Information	25-11-2025 12:55:23	Netwtw14	7021	None	7021 - Connection telemetry fields and analysis usage
Information	25-11-2025 12:55:23	Netwtw14	7021	None	7021 - Connection telemetry fields and analysis usage
Information	25-11-2025 12:55:23	Netwtw14	7021	None	7021 - Connection telemetry fields and analysis usage
Information	25-11-2025 12:55:22	Netwtw14	7021	None	7021 - Connection telemetry fields and analysis usage
Information	25-11-2025 12:55:22	Netwtw14	7021	None	7021 - Connection telemetry fields and analysis usage
Information	25-11-2025 12:55:22	Netwtw14	7021	None	7021 - Connection telemetry fields and analysis usage
Information	25-11-2025 12:55:22	Netwtw14	7021	None	7021 - Connection telemetry fields and analysis usage
Information	25-11-2025 12:55:22	Netwtw14	7021	None	7021 - Connection telemetry fields and analysis usage
Information	25-11-2025 12:55:22	Netwtw14	7021	None	7021 - Connection telemetry fields and analysis usage
Information	25-11-2025 12:55:22	Netwtw14	7021	None	7021 - Connection telemetry fields and analysis usage
Information	25-11-2025 12:55:22	Netwtw14	7021	None	7021 - Connection telemetry fields and analysis usage
Information	25-11-2025 12:55:22	Netwtw14	7021	None	7021 - Connection telemetry fields and analysis usage
Information	25-11-2025 12:55:22	Netwtw14	7021	None	7021 - Connection telemetry fields and analysis usage
Information	25-11-2025 12:55:22	Netwtw14	7021	None	7021 - Connection telemetry fields and analysis usage
Information	25-11-2025 12:55:21	Netwtw14	7021	None	7021 - Connection telemetry fields and analysis usage
Information	25-11-2025 12:55:21	Netwtw14	7021	None	7021 - Connection telemetry fields and analysis usage
Information	25-11-2025 12:55:21	Netwtw14	7021	None	7021 - Connection telemetry fields and analysis usage
Information	25-11-2025 12:55:21	Netwtw14	7021	None	7021 - Connection telemetry fields and analysis usage
Information	25-11-2025 12:55:21	Netwtw14	7021	None	7021 - Connection telemetry fields and analysis usage
Information	25-11-2025 12:55:21	Netwtw14	7021	None	7021 - Connection telemetry fields and analysis usage
Information	25-11-2025 12:55:21	Netwtw14	7021	None	7021 - Connection telemetry fields and analysis usage
Information	25-11-2025 12:55:21	Netwtw14	7021	None	7021 - Connection telemetry fields and analysis usage
Information	25-11-2025 12:55:21	Netwtw14	7021	None	7021 - Connection telemetry fields and analysis usage
Information	25-11-2025 12:55:21	Netwtw14	7021	None	7021 - Connection telemetry fields and analysis usage
Information	25-11-2025 12:55:20	Netwtw14	7021	None	7021 - Connection telemetry fields and analysis usage
Information	25-11-2025 12:55:20	Netwtw14	7021	None	7021 - Connection telemetry fields and analysis usage
Information	25-11-2025 12:55:20	Netwtw14	7021	None	7021 - Connection telemetry fields and analysis usage
Information	25-11-2025 12:55:20	Netwtw14	7021	None	7021 - Connection telemetry fields and analysis usage
Information	25-11-2025 12:55:20	Netwtw14	7021	None	7021 - Connection telemetry fields and analysis usage
Warning	25-11-2025 12:55:20	Microsoft-Windows-DNS-Client	1014	(1014)	Name resolution for the name storeedgefd.dsx.mp.microsoft.com timed out after none of the configured DNS servers responded. Client PID 17400.
Information	25-11-2025 12:55:20	Netwtw14	7021	None	7021 - Connection telemetry fields and analysis usage
Information	25-11-2025 12:55:20	Netwtw14	7021	None	7021 - Connection telemetry fields and analysis usage
Information	25-11-2025 12:55:20	Netwtw14	7021	None	7021 - Connection telemetry fields and analysis usage
Information	25-11-2025 12:55:20	Netwtw14	7021	None	7021 - Connection telemetry fields and analysis usage
Information	25-11-2025 12:55:20	Netwtw14	7021	None	7021 - Connection telemetry fields and analysis usage
Information	25-11-2025 12:55:20	Netwtw14	7021	None	7021 - Connection telemetry fields and analysis usage
Warning	25-11-2025 12:55:20	Microsoft-Windows-DNS-Client	1014	(1014)	Name resolution for the name ecs.office.com timed out after none of the configured DNS servers responded. Client PID 13068.
Information	25-11-2025 12:55:20	Netwtw14	7021	None	7021 - Connection telemetry fields and analysis usage
Information	25-11-2025 12:55:20	Netwtw14	7021	None	7021 - Connection telemetry fields and analysis usage
Warning	25-11-2025 12:55:20	Microsoft-Windows-DNS-Client	1014	(1014)	Name resolution for the name mobile.events.data.microsoft.com timed out after none of the configured DNS servers responded. Client PID 5060.
Information	25-11-2025 12:55:19	Netwtw14	7021	None	7021 - Connection telemetry fields and analysis usage
Information	25-11-2025 12:55:19	Netwtw14	7021	None	7021 - Connection telemetry fields and analysis usage
Information	25-11-2025 12:55:19	Netwtw14	7021	None	7021 - Connection telemetry fields and analysis usage
Information	25-11-2025 12:55:19	Netwtw14	7021	None	7021 - Connection telemetry fields and analysis usage
Information	25-11-2025 12:55:19	Netwtw14	7021	None	7021 - Connection telemetry fields and analysis usage
Information	25-11-2025 12:55:19	Netwtw14	7021	None	7021 - Connection telemetry fields and analysis usage
Information	25-11-2025 12:55:19	Netwtw14	7021	None	7021 - Connection telemetry fields and analysis usage
Information	25-11-2025 12:55:19	Netwtw14	7021	None	7021 - Connection telemetry fields and analysis usage
Information	25-11-2025 12:55:19	Netwtw14	7021	None	7021 - Connection telemetry fields and analysis usage
Information	25-11-2025 12:55:18	Netwtw14	7021	None	7021 - Connection telemetry fields and analysis usage
Information	25-11-2025 12:55:18	Netwtw14	7021	None	7021 - Connection telemetry fields and analysis usage
Information	25-11-2025 12:55:18	Netwtw14	7021	None	7021 - Connection telemetry fields and analysis usage
Information	25-11-2025 12:55:18	Netwtw14	7021	None	7021 - Connection telemetry fields and analysis usage
Information	25-11-2025 12:55:18	Netwtw14	7021	None	7021 - Connection telemetry fields and analysis usage
Information	25-11-2025 12:55:18	Netwtw14	7021	None	7021 - Connection telemetry fields and analysis usage
Information	25-11-2025 12:55:18	Netwtw14	7021	None	7021 - Connection telemetry fields and analysis usage
Information	25-11-2025 12:55:18	Netwtw14	7021	None	7021 - Connection telemetry fields and analysis usage
Information	25-11-2025 12:55:18	Netwtw14	7021	None	7021 - Connection telemetry fields and analysis usage
Information	25-11-2025 12:55:17	Netwtw14	7021	None	7021 - Connection telemetry fields and analysis usage
Information	25-11-2025 12:55:17	Netwtw14	7021	None	7021 - Connection telemetry fields and analysis usage
Information	25-11-2025 12:55:17	Netwtw14	7021	None	7021 - Connection telemetry fields and analysis usage
Information	25-11-2025 12:55:17	Netwtw14	7021	None	7021 - Connection telemetry fields and analysis usage
Information	25-11-2025 12:55:17	Netwtw14	7021	None	7021 - Connection telemetry fields and analysis usage
Information	25-11-2025 12:55:17	Netwtw14	7021	None	7021 - Connection telemetry fields and analysis usage
Information	25-11-2025 12:55:17	Netwtw14	7021	None	7021 - Connection telemetry fields and analysis usage
Information	25-11-2025 12:55:17	Netwtw14	7021	None	7021 - Connection telemetry fields and analysis usage
Information	25-11-2025 12:55:17	Netwtw14	7021	None	7021 - Connection telemetry fields and analysis usage
Information	25-11-2025 12:55:17	Netwtw14	7021	None	7021 - Connection telemetry fields and analysis usage
Information	25-11-2025 12:55:17	Netwtw14	7021	None	7021 - Connection telemetry fields and analysis usage
Information	25-11-2025 12:55:17	Netwtw14	7021	None	7021 - Connection telemetry fields and analysis usage
Information	25-11-2025 12:55:16	Netwtw14	7021	None	7021 - Connection telemetry fields and analysis usage
Information	25-11-2025 12:55:16	Netwtw14	7021	None	7021 - Connection telemetry fields and analysis usage
Information	25-11-2025 12:55:16	Netwtw14	7021	None	7021 - Connection telemetry fields and analysis usage
Information	25-11-2025 12:55:16	Netwtw14	7021	None	7021 - Connection telemetry fields and analysis usage
Information	25-11-2025 12:55:16	Netwtw14	7021	None	7021 - Connection telemetry fields and analysis usage
Information	25-11-2025 12:55:16	Netwtw14	7021	None	7021 - Connection telemetry fields and analysis usage
Information	25-11-2025 12:55:16	Netwtw14	7021	None	7021 - Connection telemetry fields and analysis usage
Information	25-11-2025 12:55:16	Netwtw14	7021	None	7021 - Connection telemetry fields and analysis usage
Information	25-11-2025 12:55:16	Netwtw14	7021	None	7021 - Connection telemetry fields and analysis usage
Information	25-11-2025 12:55:15	Netwtw14	7021	None	7021 - Connection telemetry fields and analysis usage
Information	25-11-2025 12:55:15	Netwtw14	7021	None	7021 - Connection telemetry fields and analysis usage
Information	25-11-2025 12:55:15	Netwtw14	7021	None	7021 - Connection telemetry fields and analysis usage
Information	25-11-2025 12:55:15	Netwtw14	7021	None	7021 - Connection telemetry fields and analysis usage
Information	25-11-2025 12:55:15	Netwtw14	7021	None	7021 - Connection telemetry fields and analysis usage
Information	25-11-2025 12:55:15	Netwtw14	7021	None	7021 - Connection telemetry fields and analysis usage
Information	25-11-2025 12:55:15	Netwtw14	7021	None	7021 - Connection telemetry fields and analysis usage
Information	25-11-2025 12:55:15	Netwtw14	7021	None	7021 - Connection telemetry fields and analysis usage
Information	25-11-2025 12:55:15	Netwtw14	7021	None	7021 - Connection telemetry fields and analysis usage
Information	25-11-2025 12:55:14	Netwtw14	7021	None	7021 - Connection telemetry fields and analysis usage
Information	25-11-2025 12:55:14	Netwtw14	7021	None	7021 - Connection telemetry fields and analysis usage
Information	25-11-2025 12:55:14	Netwtw14	7021	None	7021 - Connection telemetry fields and analysis usage
Information	25-11-2025 12:55:14	Netwtw14	7021	None	7021 - Connection telemetry fields and analysis usage
Information	25-11-2025 12:55:13	Netwtw14	7021	None	7021 - Connection telemetry fields and analysis usage
Information	25-11-2025 12:55:13	Netwtw14	7021	None	7021 - Connection telemetry fields and analysis usage
Information	25-11-2025 12:55:13	Netwtw14	7021	None	7021 - Connection telemetry fields and analysis usage
Information	25-11-2025 12:55:13	Netwtw14	7021	None	7021 - Connection telemetry fields and analysis usage
Information	25-11-2025 12:55:13	Netwtw14	7021	None	7021 - Connection telemetry fields and analysis usage
Information	25-11-2025 12:55:13	Netwtw14	7021	None	7021 - Connection telemetry fields and analysis usage
Information	25-11-2025 12:55:13	Netwtw14	7021	None	7021 - Connection telemetry fields and analysis usage
Information	25-11-2025 12:55:12	Netwtw14	7021	None	7021 - Connection telemetry fields and analysis usage
Information	25-11-2025 12:55:12	Netwtw14	7021	None	7021 - Connection telemetry fields and analysis usage
Information	25-11-2025 12:55:12	Netwtw14	7021	None	7021 - Connection telemetry fields and analysis usage
Information	25-11-2025 12:55:12	Netwtw14	7021	None	7021 - Connection telemetry fields and analysis usage
Information	25-11-2025 12:55:12	Netwtw14	7021	None	7021 - Connection telemetry fields and analysis usage
Information	25-11-2025 12:55:12	Netwtw14	7021	None	7021 - Connection telemetry fields and analysis usage
Information	25-11-2025 12:55:12	Netwtw14	7021	None	7021 - Connection telemetry fields and analysis usage
Information	25-11-2025 12:55:12	Netwtw14	7021	None	7021 - Connection telemetry fields and analysis usage
Information	25-11-2025 12:55:11	Netwtw14	7021	None	7021 - Connection telemetry fields and analysis usage
Information	25-11-2025 12:55:11	Netwtw14	7021	None	7021 - Connection telemetry fields and analysis usage
Information	25-11-2025 12:55:11	Netwtw14	7021	None	7021 - Connection telemetry fields and analysis usage
Information	25-11-2025 12:55:11	Netwtw14	7021	None	7021 - Connection telemetry fields and analysis usage
Information	25-11-2025 12:55:11	Netwtw14	7021	None	7021 - Connection telemetry fields and analysis usage
Information	25-11-2025 12:55:11	Netwtw14	7021	None	7021 - Connection telemetry fields and analysis usage
Information	25-11-2025 12:55:11	Netwtw14	7021	None	7021 - Connection telemetry fields and analysis usage
Information	25-11-2025 12:55:11	Netwtw14	7021	None	7021 - Connection telemetry fields and analysis usage
Information	25-11-2025 12:55:10	Netwtw14	7021	None	7021 - Connection telemetry fields and analysis usage
Information	25-11-2025 12:55:10	Netwtw14	7021	None	7021 - Connection telemetry fields and analysis usage
Information	25-11-2025 12:55:10	Netwtw14	7021	None	7021 - Connection telemetry fields and analysis usage
Information	25-11-2025 12:55:10	Netwtw14	7021	None	7021 - Connection telemetry fields and analysis usage
Information	25-11-2025 12:55:10	Netwtw14	7021	None	7021 - Connection telemetry fields and analysis usage
Information	25-11-2025 12:55:10	Netwtw14	7021	None	7021 - Connection telemetry fields and analysis usage
Information	25-11-2025 12:55:09	Netwtw14	7021	None	7021 - Connection telemetry fields and analysis usage
Information	25-11-2025 12:55:09	Netwtw14	7021	None	7021 - Connection telemetry fields and analysis usage
Information	25-11-2025 12:55:09	Netwtw14	7021	None	7021 - Connection telemetry fields and analysis usage
Information	25-11-2025 12:55:09	Netwtw14	7021	None	7021 - Connection telemetry fields and analysis usage
Information	25-11-2025 12:55:09	Netwtw14	7021	None	7021 - Connection telemetry fields and analysis usage
Information	25-11-2025 12:55:09	Netwtw14	7021	None	7021 - Connection telemetry fields and analysis usage
Information	25-11-2025 12:55:08	Netwtw14	7021	None	7021 - Connection telemetry fields and analysis usage
Information	25-11-2025 12:55:08	Netwtw14	7021	None	7021 - Connection telemetry fields and analysis usage
Information	25-11-2025 12:55:08	Netwtw14	7021	None	7021 - Connection telemetry fields and analysis usage
Information	25-11-2025 12:55:08	Netwtw14	7021	None	7021 - Connection telemetry fields and analysis usage
Information	25-11-2025 12:55:08	Netwtw14	7021	None	7021 - Connection telemetry fields and analysis usage
Information	25-11-2025 12:55:08	Netwtw14	7021	None	7021 - Connection telemetry fields and analysis usage
Information	25-11-2025 12:55:08	Netwtw14	7021	None	7021 - Connection telemetry fields and analysis usage
Information	25-11-2025 12:55:08	Netwtw14	7021	None	7021 - Connection telemetry fields and analysis usage
Information	25-11-2025 12:55:08	Netwtw14	7021	None	7021 - Connection telemetry fields and analysis usage
Information	25-11-2025 12:55:08	Netwtw14	7021	None	7021 - Connection telemetry fields and analysis usage
Information	25-11-2025 12:55:07	Netwtw14	7021	None	7021 - Connection telemetry fields and analysis usage
Information	25-11-2025 12:55:07	Netwtw14	7021	None	7021 - Connection telemetry fields and analysis usage
Information	25-11-2025 12:55:07	Netwtw14	7021	None	7021 - Connection telemetry fields and analysis usage
Information	25-11-2025 12:55:07	Netwtw14	7021	None	7021 - Connection telemetry fields and analysis usage
Information	25-11-2025 12:55:07	Netwtw14	7021	None	7021 - Connection telemetry fields and analysis usage
Information	25-11-2025 12:55:07	Netwtw14	7021	None	7021 - Connection telemetry fields and analysis usage
Information	25-11-2025 12:55:07	Netwtw14	7021	None	7021 - Connection telemetry fields and analysis usage
Information	25-11-2025 12:55:07	Netwtw14	7021	None	7021 - Connection telemetry fields and analysis usage
Information	25-11-2025 12:55:07	Netwtw14	7021	None	7021 - Connection telemetry fields and analysis usage
Information	25-11-2025 12:55:07	Netwtw14	7021	None	7021 - Connection telemetry fields and analysis usage
Information	25-11-2025 12:55:06	Netwtw14	7021	None	7021 - Connection telemetry fields and analysis usage
Information	25-11-2025 12:55:06	Netwtw14	7021	None	7021 - Connection telemetry fields and analysis usage
Information	25-11-2025 12:55:04	Netwtw14	7021	None	7021 - Connection telemetry fields and analysis usage
Information	25-11-2025 12:55:04	Netwtw14	7021	None	7021 - Connection telemetry fields and analysis usage
Information	25-11-2025 12:55:04	Netwtw14	7021	None	7021 - Connection telemetry fields and analysis usage
Information	25-11-2025 12:55:04	Netwtw14	7021	None	7021 - Connection telemetry fields and analysis usage
Information	25-11-2025 12:55:04	Netwtw14	7021	None	7021 - Connection telemetry fields and analysis usage
Information	25-11-2025 12:55:04	Netwtw14	7021	None	7021 - Connection telemetry fields and analysis usage
Information	25-11-2025 12:55:04	Netwtw14	7021	None	7021 - Connection telemetry fields and analysis usage
Information	25-11-2025 12:55:04	Netwtw14	7021	None	7021 - Connection telemetry fields and analysis usage
Information	25-11-2025 12:55:03	Netwtw14	7021	None	7021 - Connection telemetry fields and analysis usage
Information	25-11-2025 12:55:03	Netwtw14	7021	None	7021 - Connection telemetry fields and analysis usage
Information	25-11-2025 12:55:03	Netwtw14	7021	None	7021 - Connection telemetry fields and analysis usage
Information	25-11-2025 12:55:03	Netwtw14	7021	None	7021 - Connection telemetry fields and analysis usage
Information	25-11-2025 12:55:03	Netwtw14	7021	None	7021 - Connection telemetry fields and analysis usage
Information	25-11-2025 12:55:03	Netwtw14	7021	None	7021 - Connection telemetry fields and analysis usage
Information	25-11-2025 12:55:03	Netwtw14	7021	None	7021 - Connection telemetry fields and analysis usage
Information	25-11-2025 12:55:03	Netwtw14	7021	None	7021 - Connection telemetry fields and analysis usage
Information	25-11-2025 12:55:03	Netwtw14	7021	None	7021 - Connection telemetry fields and analysis usage
Information	25-11-2025 12:55:03	Netwtw14	7021	None	7021 - Connection telemetry fields and analysis usage
Information	25-11-2025 12:55:03	Netwtw14	7021	None	7021 - Connection telemetry fields and analysis usage
Information	25-11-2025 12:55:02	Netwtw14	7021	None	7021 - Connection telemetry fields and analysis usage
Information	25-11-2025 12:55:02	Netwtw14	7021	None	7021 - Connection telemetry fields and analysis usage
Information	25-11-2025 12:55:02	Netwtw14	7021	None	7021 - Connection telemetry fields and analysis usage
Information	25-11-2025 12:55:02	Netwtw14	7021	None	7021 - Connection telemetry fields and analysis usage
Information	25-11-2025 12:55:02	Netwtw14	7021	None	7021 - Connection telemetry fields and analysis usage
Information	25-11-2025 12:55:02	Netwtw14	7021	None	7021 - Connection telemetry fields and analysis usage
Information	25-11-2025 12:55:02	Netwtw14	7021	None	7021 - Connection telemetry fields and analysis usage
Information	25-11-2025 12:55:02	Netwtw14	7021	None	7021 - Connection telemetry fields and analysis usage
Information	25-11-2025 12:55:02	Netwtw14	7021	None	7021 - Connection telemetry fields and analysis usage
Information	25-11-2025 12:55:02	Netwtw14	7021	None	7021 - Connection telemetry fields and analysis usage
Information	25-11-2025 12:55:02	Netwtw14	7021	None	7021 - Connection telemetry fields and analysis usage
Information	25-11-2025 12:55:01	Netwtw14	7021	None	7021 - Connection telemetry fields and analysis usage
Information	25-11-2025 12:55:01	Netwtw14	7021	None	7021 - Connection telemetry fields and analysis usage
Information	25-11-2025 12:55:01	Netwtw14	7021	None	7021 - Connection telemetry fields and analysis usage
Information	25-11-2025 12:55:01	Netwtw14	7021	None	7021 - Connection telemetry fields and analysis usage
Information	25-11-2025 12:55:01	Netwtw14	7021	None	7021 - Connection telemetry fields and analysis usage
Information	25-11-2025 12:55:01	Netwtw14	7021	None	7021 - Connection telemetry fields and analysis usage
Information	25-11-2025 12:55:01	Netwtw14	7021	None	7021 - Connection telemetry fields and analysis usage
Information	25-11-2025 12:55:01	Netwtw14	7021	None	7021 - Connection telemetry fields and analysis usage
Information	25-11-2025 12:55:01	Netwtw14	7021	None	7021 - Connection telemetry fields and analysis usage
Information	25-11-2025 12:55:01	Netwtw14	7021	None	7021 - Connection telemetry fields and analysis usage
Information	25-11-2025 12:55:01	Netwtw14	7021	None	7021 - Connection telemetry fields and analysis usage
Information	25-11-2025 12:55:01	Netwtw14	7021	None	7021 - Connection telemetry fields and analysis usage
Information	25-11-2025 12:55:00	Netwtw14	7021	None	7021 - Connection telemetry fields and analysis usage
Information	25-11-2025 12:55:00	Netwtw14	7021	None	7021 - Connection telemetry fields and analysis usage
Information	25-11-2025 12:55:00	Netwtw14	7021	None	7021 - Connection telemetry fields and analysis usage
Information	25-11-2025 12:55:00	Netwtw14	7021	None	7021 - Connection telemetry fields and analysis usage
Information	25-11-2025 12:55:00	Netwtw14	7021	None	7021 - Connection telemetry fields and analysis usage
Information	25-11-2025 12:55:00	Netwtw14	7021	None	7021 - Connection telemetry fields and analysis usage
Information	25-11-2025 12:55:00	Netwtw14	7021	None	7021 - Connection telemetry fields and analysis usage
Information	25-11-2025 12:55:00	Netwtw14	7021	None	7021 - Connection telemetry fields and analysis usage
Information	25-11-2025 12:55:00	Netwtw14	7021	None	7021 - Connection telemetry fields and analysis usage
Information	25-11-2025 12:55:00	Netwtw14	7021	None	7021 - Connection telemetry fields and analysis usage
Information	25-11-2025 12:55:00	Netwtw14	7021	None	7021 - Connection telemetry fields and analysis usage
Information	25-11-2025 12:54:59	Netwtw14	7021	None	7021 - Connection telemetry fields and analysis usage
Information	25-11-2025 12:54:59	Netwtw14	7021	None	7021 - Connection telemetry fields and analysis usage
Information	25-11-2025 12:54:59	Netwtw14	7021	None	7021 - Connection telemetry fields and analysis usage
Information	25-11-2025 12:54:59	Netwtw14	7021	None	7021 - Connection telemetry fields and analysis usage
Information	25-11-2025 12:54:59	Netwtw14	7021	None	7021 - Connection telemetry fields and analysis usage
Information	25-11-2025 12:54:59	Netwtw14	7021	None	7021 - Connection telemetry fields and analysis usage
Information	25-11-2025 12:54:59	Netwtw14	7021	None	7021 - Connection telemetry fields and analysis usage
Information	25-11-2025 12:54:59	Netwtw14	7021	None	7021 - Connection telemetry fields and analysis usage
Information	25-11-2025 12:54:59	Netwtw14	7021	None	7021 - Connection telemetry fields and analysis usage
Information	25-11-2025 12:54:59	Netwtw14	7021	None	7021 - Connection telemetry fields and analysis usage
Information	25-11-2025 12:54:59	Netwtw14	7021	None	7021 - Connection telemetry fields and analysis usage
Information	25-11-2025 12:54:59	Netwtw14	7021	None	7021 - Connection telemetry fields and analysis usage
Information	25-11-2025 12:54:59	Netwtw14	7021	None	7021 - Connection telemetry fields and analysis usage
Information	25-11-2025 12:54:58	Netwtw14	7021	None	7021 - Connection telemetry fields and analysis usage
Information	25-11-2025 12:54:58	Netwtw14	7021	None	7021 - Connection telemetry fields and analysis usage
Information	25-11-2025 12:54:58	Netwtw14	7021	None	7021 - Connection telemetry fields and analysis usage
Information	25-11-2025 12:54:58	Netwtw14	7021	None	7021 - Connection telemetry fields and analysis usage
Information	25-11-2025 12:54:58	Netwtw14	7021	None	7021 - Connection telemetry fields and analysis usage
Information	25-11-2025 12:54:58	Netwtw14	7021	None	7021 - Connection telemetry fields and analysis usage
Information	25-11-2025 12:54:58	Netwtw14	7021	None	7021 - Connection telemetry fields and analysis usage
Information	25-11-2025 12:54:58	Netwtw14	7021	None	7021 - Connection telemetry fields and analysis usage
Information	25-11-2025 12:54:58	Netwtw14	7021	None	7021 - Connection telemetry fields and analysis usage
Information	25-11-2025 12:54:58	Netwtw14	7021	None	7021 - Connection telemetry fields and analysis usage
Information	25-11-2025 12:54:58	Netwtw14	7021	None	7021 - Connection telemetry fields and analysis usage
Information	25-11-2025 12:54:57	Netwtw14	7021	None	7021 - Connection telemetry fields and analysis usage
Information	25-11-2025 12:54:57	Netwtw14	7021	None	7021 - Connection telemetry fields and analysis usage
Information	25-11-2025 12:54:57	Netwtw14	7021	None	7021 - Connection telemetry fields and analysis usage
Information	25-11-2025 12:54:57	Netwtw14	7021	None	7021 - Connection telemetry fields and analysis usage
Information	25-11-2025 12:54:57	Netwtw14	7021	None	7021 - Connection telemetry fields and analysis usage
Information	25-11-2025 12:54:57	Netwtw14	7021	None	7021 - Connection telemetry fields and analysis usage
Information	25-11-2025 12:54:57	Netwtw14	7021	None	7021 - Connection telemetry fields and analysis usage
Information	25-11-2025 12:54:57	Netwtw14	7021	None	7021 - Connection telemetry fields and analysis usage
Information	25-11-2025 12:54:57	Netwtw14	7021	None	7021 - Connection telemetry fields and analysis usage
Information	25-11-2025 12:54:57	Netwtw14	7021	None	7021 - Connection telemetry fields and analysis usage
Information	25-11-2025 12:54:56	Netwtw14	7021	None	7021 - Connection telemetry fields and analysis usage
Information	25-11-2025 12:54:56	Netwtw14	7021	None	7021 - Connection telemetry fields and analysis usage
Information	25-11-2025 12:54:56	Netwtw14	7021	None	7021 - Connection telemetry fields and analysis usage
Information	25-11-2025 12:54:56	Netwtw14	7021	None	7021 - Connection telemetry fields and analysis usage
Information	25-11-2025 12:54:56	Netwtw14	7021	None	7021 - Connection telemetry fields and analysis usage
Information	25-11-2025 12:54:56	Netwtw14	7021	None	7021 - Connection telemetry fields and analysis usage
Information	25-11-2025 12:54:56	Netwtw14	7021	None	7021 - Connection telemetry fields and analysis usage
Information	25-11-2025 12:54:56	Netwtw14	7021	None	7021 - Connection telemetry fields and analysis usage
Information	25-11-2025 12:54:56	Netwtw14	7021	None	7021 - Connection telemetry fields and analysis usage
Information	25-11-2025 12:54:56	Netwtw14	7021	None	7021 - Connection telemetry fields and analysis usage
Information	25-11-2025 12:54:56	Netwtw14	7021	None	7021 - Connection telemetry fields and analysis usage
Information	25-11-2025 12:54:56	Netwtw14	7021	None	7021 - Connection telemetry fields and analysis usage
Information	25-11-2025 12:54:55	Netwtw14	7021	None	7021 - Connection telemetry fields and analysis usage
Information	25-11-2025 12:54:55	Netwtw14	7021	None	7021 - Connection telemetry fields and analysis usage
Information	25-11-2025 12:54:55	Netwtw14	7021	None	7021 - Connection telemetry fields and analysis usage
Information	25-11-2025 12:54:55	Netwtw14	7021	None	7021 - Connection telemetry fields and analysis usage
Information	25-11-2025 12:54:55	Netwtw14	7021	None	7021 - Connection telemetry fields and analysis usage
Information	25-11-2025 12:54:55	Netwtw14	7021	None	7021 - Connection telemetry fields and analysis usage
Information	25-11-2025 12:54:55	Netwtw14	7021	None	7021 - Connection telemetry fields and analysis usage
Information	25-11-2025 12:54:55	Netwtw14	7021	None	7021 - Connection telemetry fields and analysis usage
Information	25-11-2025 12:54:55	Netwtw14	7021	None	7021 - Connection telemetry fields and analysis usage
Information	25-11-2025 12:54:55	Netwtw14	7021	None	7021 - Connection telemetry fields and analysis usage
Information	25-11-2025 12:54:55	Netwtw14	7021	None	7021 - Connection telemetry fields and analysis usage
Information	25-11-2025 12:54:54	Netwtw14	7021	None	7021 - Connection telemetry fields and analysis usage
Information	25-11-2025 12:54:54	Netwtw14	7021	None	7021 - Connection telemetry fields and analysis usage
Information	25-11-2025 12:54:54	Netwtw14	7021	None	7021 - Connection telemetry fields and analysis usage
Information	25-11-2025 12:54:54	Netwtw14	7021	None	7021 - Connection telemetry fields and analysis usage
Information	25-11-2025 12:54:54	Netwtw14	7021	None	7021 - Connection telemetry fields and analysis usage
Information	25-11-2025 12:54:54	Netwtw14	7021	None	7021 - Connection telemetry fields and analysis usage
Information	25-11-2025 12:54:54	Netwtw14	7021	None	7021 - Connection telemetry fields and analysis usage
Information	25-11-2025 12:54:54	Netwtw14	7021	None	7021 - Connection telemetry fields and analysis usage
Information	25-11-2025 12:54:54	Netwtw14	7021	None	7021 - Connection telemetry fields and analysis usage
Information	25-11-2025 12:54:54	Netwtw14	7021	None	7021 - Connection telemetry fields and analysis usage
Information	25-11-2025 12:54:54	Netwtw14	7021	None	7021 - Connection telemetry fields and analysis usage
Information	25-11-2025 12:54:54	Netwtw14	7021	None	7021 - Connection telemetry fields and analysis usage
Information	25-11-2025 12:54:54	Netwtw14	7021	None	7021 - Connection telemetry fields and analysis usage
Information	25-11-2025 12:54:54	Netwtw14	7021	None	7021 - Connection telemetry fields and analysis usage
Information	25-11-2025 12:54:53	Netwtw14	7021	None	7021 - Connection telemetry fields and analysis usage
