Information	24-11-2025 15:50:24	Intel-SST-OED	28	This task logs error codes to system event log.	Library is not supported in BIOS: \??\C:\Windows\System32\DriverStore\FileRepository\intcoed_oemlibpath.inf_amd64_2e7cef2f8051560b\adl_bandcalc_lib.bin, status = The request is not supported..
Information	24-11-2025 15:50:24	Intel-SST-OED	29	This task logs error codes to system event log.	FX module is not supported in BIOS:  {7cc564a1-e702-4876-9511-6e9e2f208007} from \??\C:\Windows\System32\DriverStore\FileRepository\intcoed_oemlibpath.inf_amd64_2e7cef2f8051560b\adl_bandcalc_lib.bin.
Information	24-11-2025 15:50:24	MEIx64	2	None	Intel(R) Management Engine Interface driver has started successfully.
Information	24-11-2025 15:50:24	Microsoft-Windows-Kernel-Power	521	(220)	Active battery count change.
Information	24-11-2025 15:50:24	Microsoft-Windows-Kernel-Power	105	(100)	Power source change.
Information	24-11-2025 15:50:24	Microsoft-Windows-Kernel-Power	521	(220)	Active battery count change.
Information	24-11-2025 15:50:23	Microsoft-Windows-Kernel-General	24	(11)	The time zone information was refreshed with exit reason 0. Current time zone bias is -330.
Information	24-11-2025 15:50:23	Netwtw14	7018	None	7018 - secure boot (SB4) configuration
Information	24-11-2025 15:50:23	Netwtw14	7017	None	7017 - secure boot (SB) configuration
Information	24-11-2025 15:50:23	Netwtw14	7010	None	7010 - driver enabled (miniport init)
Information	24-11-2025 15:50:23	Microsoft-Windows-Kernel-Processor-Power	55	(47)	"Processor 15 in group 0 exposes the following power management capabilities:

Idle state type: Micro Power Engine Plugin (11 state(s))

Performance state type: ACPI Collaborative Processor Performance Control
Nominal Frequency (MHz): 2400
Maximum performance percentage: 150
Minimum performance percentage: 58
Minimum throttle percentage: 4"
Information	24-11-2025 15:50:23	Netwtw14	7002	None	7002 - CTDP power limit value (SPLC)
Information	24-11-2025 15:50:23	Netwtw14	7005	None	7005 - SAR value max TX power (WRDS)
Information	24-11-2025 15:50:23	Microsoft-Windows-Kernel-Processor-Power	55	(47)	"Processor 14 in group 0 exposes the following power management capabilities:

Idle state type: Micro Power Engine Plugin (11 state(s))

Performance state type: ACPI Collaborative Processor Performance Control
Nominal Frequency (MHz): 2400
Maximum performance percentage: 150
Minimum performance percentage: 62
Minimum throttle percentage: 4"
Information	24-11-2025 15:50:23	Microsoft-Windows-Kernel-Processor-Power	55	(47)	"Processor 13 in group 0 exposes the following power management capabilities:

Idle state type: Micro Power Engine Plugin (11 state(s))

Performance state type: ACPI Collaborative Processor Performance Control
Nominal Frequency (MHz): 2400
Maximum performance percentage: 150
Minimum performance percentage: 58
Minimum throttle percentage: 4"
Information	24-11-2025 15:50:23	Microsoft-Windows-Kernel-Processor-Power	55	(47)	"Processor 12 in group 0 exposes the following power management capabilities:

Idle state type: Micro Power Engine Plugin (11 state(s))

Performance state type: ACPI Collaborative Processor Performance Control
Nominal Frequency (MHz): 2400
Maximum performance percentage: 150
Minimum performance percentage: 58
Minimum throttle percentage: 4"
Information	24-11-2025 15:50:23	Microsoft-Windows-Kernel-Processor-Power	55	(47)	"Processor 11 in group 0 exposes the following power management capabilities:

Idle state type: Micro Power Engine Plugin (11 state(s))

Performance state type: ACPI Collaborative Processor Performance Control
Nominal Frequency (MHz): 2400
Maximum performance percentage: 200
Minimum performance percentage: 60
Minimum throttle percentage: 3"
Information	24-11-2025 15:50:23	Microsoft-Windows-Kernel-Processor-Power	55	(47)	"Processor 10 in group 0 exposes the following power management capabilities:

Idle state type: Micro Power Engine Plugin (11 state(s))

Performance state type: ACPI Collaborative Processor Performance Control
Nominal Frequency (MHz): 2400
Maximum performance percentage: 200
Minimum performance percentage: 60
Minimum throttle percentage: 3"
Information	24-11-2025 15:50:23	Microsoft-Windows-Kernel-Processor-Power	55	(47)	"Processor 9 in group 0 exposes the following power management capabilities:

Idle state type: Micro Power Engine Plugin (11 state(s))

Performance state type: ACPI Collaborative Processor Performance Control
Nominal Frequency (MHz): 2400
Maximum performance percentage: 200
Minimum performance percentage: 60
Minimum throttle percentage: 3"
Information	24-11-2025 15:50:23	Microsoft-Windows-Kernel-Processor-Power	55	(47)	"Processor 8 in group 0 exposes the following power management capabilities:

Idle state type: Micro Power Engine Plugin (11 state(s))

Performance state type: ACPI Collaborative Processor Performance Control
Nominal Frequency (MHz): 2400
Maximum performance percentage: 200
Minimum performance percentage: 60
Minimum throttle percentage: 3"
Information	24-11-2025 15:50:23	Microsoft-Windows-Kernel-Processor-Power	55	(47)	"Processor 7 in group 0 exposes the following power management capabilities:

Idle state type: Micro Power Engine Plugin (11 state(s))

Performance state type: ACPI Collaborative Processor Performance Control
Nominal Frequency (MHz): 2400
Maximum performance percentage: 210
Minimum performance percentage: 60
Minimum throttle percentage: 3"
Information	24-11-2025 15:50:23	Microsoft-Windows-Kernel-Processor-Power	55	(47)	"Processor 6 in group 0 exposes the following power management capabilities:

Idle state type: Micro Power Engine Plugin (11 state(s))

Performance state type: ACPI Collaborative Processor Performance Control
Nominal Frequency (MHz): 2400
Maximum performance percentage: 210
Minimum performance percentage: 60
Minimum throttle percentage: 3"
Information	24-11-2025 15:50:23	Microsoft-Windows-Kernel-Processor-Power	55	(47)	"Processor 5 in group 0 exposes the following power management capabilities:

Idle state type: Micro Power Engine Plugin (11 state(s))

Performance state type: ACPI Collaborative Processor Performance Control
Nominal Frequency (MHz): 2400
Maximum performance percentage: 210
Minimum performance percentage: 56
Minimum throttle percentage: 3"
Information	24-11-2025 15:50:23	Microsoft-Windows-Kernel-Processor-Power	55	(47)	"Processor 4 in group 0 exposes the following power management capabilities:

Idle state type: Micro Power Engine Plugin (11 state(s))

Performance state type: ACPI Collaborative Processor Performance Control
Nominal Frequency (MHz): 2400
Maximum performance percentage: 210
Minimum performance percentage: 56
Minimum throttle percentage: 3"
Information	24-11-2025 15:50:23	Microsoft-Windows-Kernel-Processor-Power	55	(47)	"Processor 3 in group 0 exposes the following power management capabilities:

Idle state type: Micro Power Engine Plugin (11 state(s))

Performance state type: ACPI Collaborative Processor Performance Control
Nominal Frequency (MHz): 2400
Maximum performance percentage: 200
Minimum performance percentage: 56
Minimum throttle percentage: 3"
Information	24-11-2025 15:50:23	Microsoft-Windows-Kernel-Processor-Power	55	(47)	"Processor 2 in group 0 exposes the following power management capabilities:

Idle state type: Micro Power Engine Plugin (11 state(s))

Performance state type: ACPI Collaborative Processor Performance Control
Nominal Frequency (MHz): 2400
Maximum performance percentage: 200
Minimum performance percentage: 56
Minimum throttle percentage: 3"
Information	24-11-2025 15:50:23	Microsoft-Windows-Kernel-Processor-Power	55	(47)	"Processor 1 in group 0 exposes the following power management capabilities:

Idle state type: Micro Power Engine Plugin (11 state(s))

Performance state type: ACPI Collaborative Processor Performance Control
Nominal Frequency (MHz): 2400
Maximum performance percentage: 200
Minimum performance percentage: 56
Minimum throttle percentage: 3"
Information	24-11-2025 15:50:23	Microsoft-Windows-Ntfs	98	None	Volume \\?\Volume{62de1141-d3e0-4619-a2fd-2ddc31761ed3} (\Device\HarddiskVolume5) is healthy.  No action is needed.
Information	24-11-2025 15:50:23	Microsoft-Windows-Kernel-Processor-Power	55	(47)	"Processor 0 in group 0 exposes the following power management capabilities:

Idle state type: Micro Power Engine Plugin (11 state(s))

Performance state type: ACPI Collaborative Processor Performance Control
Nominal Frequency (MHz): 2400
Maximum performance percentage: 200
Minimum performance percentage: 20
Minimum throttle percentage: 3"
Information	24-11-2025 15:50:23	Netwtw14	7027	None	7027 - get Nic Manufacturere on init
Information	24-11-2025 15:50:23	Netwtw14	7029	None	7029 - Driver initialization
Information	24-11-2025 15:50:23	Netwtw14	7036	None	The \Device\NDMP1 service entered the Intel(R) Wi-Fi 6 AX203 state.
Warning	24-11-2025 15:50:23	Microsoft-Windows-Kernel-PnP	219	(212)	"The driver \Driver\WUDFRd failed to load.
Device: ROOT\SYSTEM\0002
Status: 0xC0000365"
Information	24-11-2025 15:50:23	Microsoft-Windows-DriverFrameworks-UserMode	10118	Startup of the UMDF reflector	UMDF reflector is unable to connect to service control manager (SCM). This is expected during boot, when SCM has not started yet. Will retry when it starts.
Warning	24-11-2025 15:50:23	Microsoft-Windows-Kernel-PnP	219	(212)	"The driver \Driver\WUDFRd failed to load.
Device: ROOT\SYSTEM\0001
Status: 0xC0000365"
Information	24-11-2025 15:50:23	Microsoft-Windows-DriverFrameworks-UserMode	10118	Startup of the UMDF reflector	UMDF reflector is unable to connect to service control manager (SCM). This is expected during boot, when SCM has not started yet. Will retry when it starts.
Warning	24-11-2025 15:50:22	Microsoft-Windows-Kernel-PnP	219	(212)	"The driver \Driver\WUDFRd failed to load.
Device: PCI\VEN_8086&DEV_A71D&SUBSYS_381D17AA&REV_00\3&11583659&1&20
Status: 0xC0000365"
Information	24-11-2025 15:50:22	Microsoft-Windows-DriverFrameworks-UserMode	10118	Startup of the UMDF reflector	UMDF reflector is unable to connect to service control manager (SCM). This is expected during boot, when SCM has not started yet. Will retry when it starts.
Information	24-11-2025 15:50:20	Microsoft-Windows-Kernel-Power	125	(86)	"ACPI thermal zone \_TZ.TZ00 has been enumerated.             
_PSV = 0K             
_TC1 = 0             
_TC2 = 0             
_TSP = 0ms             
_AC0 = 373K             
_AC1 = 328K             
_AC2 = 323K             
_AC3 = 318K             
_AC4 = 313K             
_AC5 = 0K             
_AC6 = 0K             
_AC7 = 0K             
_AC8 = 0K             
_AC9 = 0K             
_CRT = 378K             
_HOT = 0K             
minimum throttle = 0             
_CR3 = 0K"
Information	24-11-2025 15:50:20	googlehaxm	4	None	"The description for Event ID 4 from source googlehaxm cannot be found. Either the component that raises this event is not installed on your local computer or the installation is corrupted. You can install or repair the component on the local computer.

If the event originated on another computer, the display information had to be saved with the event.

The following information was included with the event: 


The message resource is present but the message was not found in the message table
"
Information	24-11-2025 15:50:20	Microsoft-Windows-FilterManager	6	None	File System Filter 'npsvctrig' (10.0, ‎1978‎-‎05‎-‎14T14:43:30.000000000Z) has successfully loaded and registered with Filter Manager.
Information	24-11-2025 15:50:20	Microsoft-Windows-FilterManager	6	None	File System Filter '360Box64' (6.1, ‎2024‎-‎10‎-‎08T14:49:39.000000000Z) has successfully loaded and registered with Filter Manager.
Information	24-11-2025 15:50:20	Microsoft-Windows-FilterManager	6	None	File System Filter '360FsFlt' (6.1, ‎2025‎-‎07‎-‎21T12:25:24.000000000Z) has successfully loaded and registered with Filter Manager.
Information	24-11-2025 15:50:20	Microsoft-Windows-FilterManager	6	None	File System Filter 'UCPD' (10.0, ‎1998‎-‎05‎-‎25T20:10:41.000000000Z) has successfully loaded and registered with Filter Manager.
Information	24-11-2025 15:50:20	Microsoft-Windows-FilterManager	6	None	File System Filter 'FileCrypt' (10.0, ‎2075‎-‎09‎-‎01T03:37:07.000000000Z) has successfully loaded and registered with Filter Manager.
Information	24-11-2025 15:50:19	Microsoft-Windows-Ntfs	98	None	Volume C: (\Device\HarddiskVolume3) is healthy.  No action is needed.
Information	24-11-2025 15:50:18	Microsoft-Windows-Ntfs	98	None	Volume S: (\Device\HarddiskVolume4) is healthy.  No action is needed.
Information	24-11-2025 15:50:18	Microsoft-Windows-BitLocker-Driver	24709	None	This event contains the boot-time final TPM PCR values and TCG log data.
Information	24-11-2025 15:50:18	Microsoft-Windows-BitLocker-Driver	24711	None	"A V2 TPM protector was used to start Windows.
Binding ID: {e0f3b476-a73e-4425-805b-0c939f260e04}."
Information	24-11-2025 15:50:18	Microsoft-Windows-BitLocker-Driver	24709	None	This event contains the boot-time final TPM PCR values and TCG log data.
Information	24-11-2025 15:50:18	Microsoft-Windows-FilterManager	6	None	File System Filter 'Wof' (10.0, ‎2089‎-‎07‎-‎15T08:28:05.000000000Z) has successfully loaded and registered with Filter Manager.
Information	24-11-2025 15:50:18	Microsoft-Windows-FilterManager	6	None	File System Filter 'FileInfo' (10.0, ‎2093‎-‎04‎-‎02T06:59:43.000000000Z) has successfully loaded and registered with Filter Manager.
Information	24-11-2025 15:50:16	Microsoft-Windows-HAL	16	None	IOMMU fault reporting has been initialized.
Information	24-11-2025 15:50:16	Microsoft-Windows-Kernel-General	20	(6)	"The leap second configuration has been updated.
Reason: Leap second data initialized from registry during boot
Leap seconds enabled: true
New leap second count: 0
Old leap second count: 0"
Information	24-11-2025 15:50:16	Microsoft-Windows-Kernel-Boot	30	(21)	The firmware reported boot metrics.
Information	24-11-2025 15:50:16	Microsoft-Windows-IsolatedUserMode	3	None	Secure Kernel started with status STATUS_SUCCESS and flags HvciEnabled,HvciStrictMode.
Warning	24-11-2025 15:50:16	Microsoft-Windows-Hyper-V-Hypervisor	167	None	The hypervisor did not enable mitigations for side channel vulnerabilities for virtual machines because HyperThreading is enabled. To enable mitigations for virtual machines, disable HyperThreading.
Information	24-11-2025 15:50:16	Microsoft-Windows-Hyper-V-Hypervisor	165	None	"Hypervisor configured mitigations for CVE-2019-11091, CVE-2018-12126, CVE-2018-12127, CVE-2018-12130 for virtual machines.

Processor not affected: true
Processor family not affected: false
Processor supports microarchitectural buffer flush: true
Buffer flush needed: true
"
Information	24-11-2025 15:50:16	Microsoft-Windows-Hyper-V-Hypervisor	156	None	"Hypervisor configured mitigations for CVE-2018-3646 for virtual machines.

Processor not affected: true
Processor family not affected: false
Processor supports cache flush: true
HyperThreading enabled: false
Parent hypervisor applies mitigations: false
Mitigations disabled by bcdedit: false
Mitigations enabled: true
Cache flush needed: false
"
Information	24-11-2025 15:50:16	Microsoft-Windows-Hyper-V-Hypervisor	129	None	"Hypervisor initialized I/O remapping.

Hardware present: true
Hardware enabled: true
Policy: 0x0
Enabled features: 0x43
Internal information: 0x0
Problems: 0x0
Additional information: 0x0"
Information	24-11-2025 15:50:16	Microsoft-Windows-Hyper-V-Hypervisor	2	None	Hypervisor scheduler type is 0x4.
Information	24-11-2025 15:50:16	Microsoft-Windows-Hyper-V-Hypervisor	1	None	Hypervisor successfully started.
Information	24-11-2025 15:50:16	Microsoft-Windows-Kernel-Boot	27	(33)	The boot type was 0x0.
Information	24-11-2025 15:50:16	Microsoft-Windows-Kernel-Boot	25	(32)	The boot menu policy was 0x1.
Information	24-11-2025 15:50:16	Microsoft-Windows-Kernel-Boot	238	(101)	EFI time zone bias: 2047. Daylight flags: 0. Firmware time: ‎2025‎-‎11‎-‎24T15:50:13.000000000Z.
Information	24-11-2025 15:50:16	Microsoft-Windows-Kernel-Boot	247	(99)	Unable to load Pluton-Windows firmware. StatusCode: STATUS_SUCCESS, Reason: Failed to apply firmware.
Information	24-11-2025 15:50:16	Microsoft-Windows-Kernel-Boot	20	(31)	The last shutdown's success status was true. The last boot's success status was true.
Information	24-11-2025 15:50:16	Microsoft-Windows-Kernel-Boot	32	(58)	The bootmgr spent 0 ms waiting for user input.
Information	24-11-2025 15:50:16	Microsoft-Windows-Kernel-Boot	18	(57)	There are 0x1 boot options on this system.
Information	24-11-2025 15:50:16	Microsoft-Windows-Kernel-Boot	153	(62)	Virtualization-based security (policies: VBS Enabled,VSM Required,Hvci,Boot Chain Signer Soft Enforced) is enabled due to VBS registry configuration.
Information	24-11-2025 15:50:16	Microsoft-Windows-Kernel-General	25	(12)	"The system time was initialized to ‎2025‎-‎11‎-‎24T10:20:15.500000000Z. 

Loader time: ‎2025‎-‎11‎-‎24T10:20:13.000000000Z
Internal boot flags: 0x2
HAL RTC error code: 0x0
RTC time is in UTC: false
Soft boot: false
Success: true
Phase: 0"
Information	24-11-2025 15:50:16	Microsoft-Windows-Kernel-General	12	(1)	The operating system started at system time ‎2025‎-‎11‎-‎24T10:20:15.500000000Z.
Information	24-11-2025 15:50:07	Microsoft-Windows-Kernel-General	13	(2)	The operating system is shutting down at system time ‎2025‎-‎11‎-‎24T10:20:07.412863200Z.
Information	24-11-2025 15:50:07	Microsoft-Windows-Kernel-Power	577	(280)	The system has prepared for a system initiated reboot from Active.
Information	24-11-2025 15:50:06	Microsoft-Windows-Kernel-Power	109	(103)	"The kernel power manager has initiated a shutdown transition.

Action: Power Action Reboot 
Event Code: 0x0 
Reason: Kernel API"
Information	24-11-2025 15:50:02	Microsoft-Windows-WLAN-AutoConfig	4001	None	"WLAN AutoConfig service has successfully stopped.
"
Warning	24-11-2025 15:50:02	Microsoft-Windows-WLAN-AutoConfig	10002	None	"WLAN Extensibility Module has stopped.

Module Path: C:\Windows\system32\IntelIHVRouter14.dll
"
Information	24-11-2025 15:50:35	EventLog	6013	None	The system uptime is 19 seconds.
Information	24-11-2025 15:50:35	EventLog	6005	None	The Event log service was started.
Information	24-11-2025 15:50:35	EventLog	6009	None	Microsoft (R) Windows (R) 10.00. 26200  Multiprocessor Free.
Information	24-11-2025 15:50:01	Microsoft-Windows-Dhcp-Client	50037	Service State Event	DHCPv4 client service is stopped. ShutDown Flag value is 1
Information	24-11-2025 15:50:01	Microsoft-Windows-Dhcp-Client	50106	Service State Event	DHCPv4 is waiting on DHCPv6 service to stop
Information	24-11-2025 15:50:01	Microsoft-Windows-DHCPv6-Client	51057	Service State Event	DHCPv6 client service stop is almost done.DHCP Context Ref count is 1
Information	24-11-2025 15:50:01	Microsoft-Windows-DHCPv6-Client	51047	Service State Event	DHCPv6 client service is stopped. ShutDown Flag value is 1
Information	24-11-2025 15:50:01	Microsoft-Windows-Dhcp-Client	50105	Service State Event	DHCPv4 client ProcessDHCPRequestForever received TERMINATE_EVENT
Information	24-11-2025 15:50:01	Microsoft-Windows-Dhcp-Client	50104	Service State Event	DHCPv4 client received shutdown notification
Error	24-11-2025 15:50:01	Service Control Manager	7043	None	The Universal Device Client Service service did not shut down properly after receiving a preshutdown control.
Information	24-11-2025 15:50:01	EventLog	6006	None	The Event log service was stopped.
Information	24-11-2025 15:49:45	Microsoft-Windows-IsolatedUserMode	2	None	Secure Trustlet Id 6 and Pid 11172 stopped with status STATUS_SUCCESS.
Information	24-11-2025 15:49:45	Microsoft-Windows-Winlogon	7002	(1102)	User Logoff Notification for Customer Experience Improvement Program
Error	24-11-2025 15:49:34	Microsoft-Windows-DistributedCOM	10010	None	The server {FD06603A-2BDF-4BB1-B7DF-5DC68F353601} did not register with DCOM within the required timeout.
Error	24-11-2025 15:49:34	Microsoft-Windows-DistributedCOM	10010	None	The server {FD06603A-2BDF-4BB1-B7DF-5DC68F353601} did not register with DCOM within the required timeout.
Error	24-11-2025 15:49:34	Microsoft-Windows-DistributedCOM	10010	None	The server {FD06603A-2BDF-4BB1-B7DF-5DC68F353601} did not register with DCOM within the required timeout.
Error	24-11-2025 15:49:34	Microsoft-Windows-DistributedCOM	10010	None	The server {FD06603A-2BDF-4BB1-B7DF-5DC68F353601} did not register with DCOM within the required timeout.
Information	24-11-2025 15:49:33	Microsoft-Windows-IsolatedUserMode	2	None	Secure Trustlet Id 0 and Pid 0 stopped with status STATUS_SUCCESS.
Warning	24-11-2025 15:49:33	winsrvext	100	None	Process C:\Users\gunis\AppData\Local\Kingsoft\WPS Office\12.2.0.23155\office6\wpscloudsvr.exe is delaying system shutdown after 5062 milliseconds.
Information	24-11-2025 15:49:28	User32	1074	None	"The process C:\Windows\SystemApps\Microsoft.Windows.StartMenuExperienceHost_cw5n1h2txyewy\StartMenuExperienceHost.exe (SAIGANESH) has initiated the restart of computer SAIGANESH on behalf of user Saiganesh\gunis for the following reason: Other (Unplanned)
 Reason Code: 0x0
 Shutdown Type: restart
 Comment: "
Information	24-11-2025 15:46:45	Microsoft-Windows-Kernel-General	16	None	The access history in hive \??\C:\Users\gunis\AppData\Local\Packages\Microsoft.GamingApp_8wekyb3d8bbwe\Settings\settings.dat was cleared updating 1 keys and creating 1 modified pages.
Information	24-11-2025 15:46:45	Microsoft-Windows-Kernel-General	16	None	The access history in hive \??\C:\Users\gunis\AppData\Local\Packages\Microsoft.Edge.GameAssist_8wekyb3d8bbwe\Settings\settings.dat was cleared updating 2 keys and creating 1 modified pages.
Information	24-11-2025 15:29:18	Microsoft-Windows-Kernel-Power	566	(268)	"The system session has transitioned from 38 to 39.

Reason PolicyChange 

BootId: 608"
Information	24-11-2025 15:29:18	Microsoft-Windows-Kernel-Power	507	(158)	"The system is exiting Modern Standby 

Reason: Lid."
Information	24-11-2025 15:29:18	Microsoft-Windows-Kernel-Power	172	(203)	Connectivity state in standby: Connected, Reason: None
Warning	24-11-2025 15:29:18	Win32k	701	None	Power Manager has not requested suppression of all input (INPUT_SUPPRESS_REQUEST=0)
Warning	24-11-2025 15:29:18	Win32k	701	None	Power Manager has not requested suppression of all input (INPUT_SUPPRESS_REQUEST=0)
Information	24-11-2025 15:25:00	Microsoft-Windows-Kernel-Power	172	(203)	Connectivity state in standby: Disconnected, Reason: Adaptive Connected Standby
Information	24-11-2025 15:24:53	Microsoft-Windows-Kernel-Power	566	(268)	"The system session has transitioned from 37 to 38.

Reason PolicyChange 

BootId: 608"
Information	24-11-2025 15:24:52	Microsoft-Windows-Kernel-Power	506	(157)	"The system is entering Modern Standby 

Reason: Lid."
Information	24-11-2025 15:24:52	Microsoft-Windows-Kernel-Power	566	(268)	"The system session has transitioned from 36 to 37.

Reason PolicyChange 

BootId: 608"
Warning	24-11-2025 15:24:52	Win32k	700	None	Power Manager has requested suppression of all input (INPUT_SUPPRESS_REQUEST=1)
Warning	24-11-2025 15:24:52	Win32k	700	None	Power Manager has requested suppression of all input (INPUT_SUPPRESS_REQUEST=1)
Information	24-11-2025 15:18:29	Microsoft-Windows-Kernel-Power	566	(268)	"The system session has transitioned from 35 to 36.

Reason PolicyChange 

BootId: 608"
Information	24-11-2025 15:18:29	Microsoft-Windows-Kernel-Power	507	(158)	"The system is exiting Modern Standby 

Reason: Lid."
Information	24-11-2025 15:18:28	Microsoft-Windows-Kernel-Power	172	(203)	Connectivity state in standby: Connected, Reason: None
Warning	24-11-2025 15:18:28	Win32k	701	None	Power Manager has not requested suppression of all input (INPUT_SUPPRESS_REQUEST=0)
Warning	24-11-2025 15:18:28	Win32k	701	None	Power Manager has not requested suppression of all input (INPUT_SUPPRESS_REQUEST=0)
Information	24-11-2025 15:17:56	Microsoft-Windows-Kernel-Power	172	(203)	Connectivity state in standby: Disconnected, Reason: Adaptive Connected Standby
Information	24-11-2025 15:17:48	Microsoft-Windows-Kernel-Power	566	(268)	"The system session has transitioned from 34 to 35.

Reason PolicyChange 

BootId: 608"
Information	24-11-2025 15:17:48	Microsoft-Windows-Kernel-Power	506	(157)	"The system is entering Modern Standby 

Reason: Lid."
Information	24-11-2025 15:17:48	Microsoft-Windows-Kernel-Power	566	(268)	"The system session has transitioned from 33 to 34.

Reason PolicyChange 

BootId: 608"
Warning	24-11-2025 15:17:48	Win32k	700	None	Power Manager has requested suppression of all input (INPUT_SUPPRESS_REQUEST=1)
Warning	24-11-2025 15:17:48	Win32k	700	None	Power Manager has requested suppression of all input (INPUT_SUPPRESS_REQUEST=1)
Information	24-11-2025 14:55:30	Netwtw14	7021	None	7021 - Connection telemetry fields and analysis usage
Warning	24-11-2025 14:54:45	Microsoft-Windows-DNS-Client	1014	(1014)	Name resolution for the name www.msftconnecttest.com timed out after none of the configured DNS servers responded. Client PID 2436.
Error	24-11-2025 14:54:30	Schannel	36882	None	"The certificate received from the remote server was issued by an untrusted certificate authority. Because of this, none of the data contained in the certificate can be validated. The TLS connection request has failed. The attached data contains the server certificate.
 The SSPI client process is svchost[WpnService] (PID: 4832)."
Warning	24-11-2025 14:54:27	Microsoft-Windows-DNS-Client	1014	(1014)	Name resolution for the name server.codeium.com timed out after none of the configured DNS servers responded. Client PID 27964.
Information	24-11-2025 14:54:22	Netwtw14	7003	None	7003 - Roam Complete
Information	24-11-2025 14:54:22	Netwtw14	7021	None	7021 - Connection telemetry fields and analysis usage
Information	24-11-2025 14:54:21	Netwtw14	7021	None	7021 - Connection telemetry fields and analysis usage
Error	24-11-2025 14:54:19	Schannel	36882	None	"The certificate received from the remote server was issued by an untrusted certificate authority. Because of this, none of the data contained in the certificate can be validated. The TLS connection request has failed. The attached data contains the server certificate.
 The SSPI client process is svchost[WpnService] (PID: 4832)."
Error	24-11-2025 14:54:18	Schannel	36882	None	"The certificate received from the remote server was issued by an untrusted certificate authority. Because of this, none of the data contained in the certificate can be validated. The TLS connection request has failed. The attached data contains the server certificate.
 The SSPI client process is svchost[WpnService] (PID: 4832)."
Warning	24-11-2025 14:54:13	Microsoft-Windows-DNS-Client	1014	(1014)	Name resolution for the name skydrive.wns.windows.com timed out after none of the configured DNS servers responded. Client PID 4460.
Information	24-11-2025 14:54:09	Netwtw14	7021	None	7021 - Connection telemetry fields and analysis usage
Information	24-11-2025 14:54:09	Netwtw14	7021	None	7021 - Connection telemetry fields and analysis usage
Information	24-11-2025 14:54:08	Netwtw14	7021	None	7021 - Connection telemetry fields and analysis usage
Information	24-11-2025 14:54:08	Netwtw14	7021	None	7021 - Connection telemetry fields and analysis usage
Information	24-11-2025 14:54:07	Netwtw14	7021	None	7021 - Connection telemetry fields and analysis usage
Information	24-11-2025 14:54:05	Netwtw14	7021	None	7021 - Connection telemetry fields and analysis usage
Information	24-11-2025 14:54:04	Netwtw14	7021	None	7021 - Connection telemetry fields and analysis usage
Information	24-11-2025 14:54:03	Netwtw14	7021	None	7021 - Connection telemetry fields and analysis usage
Information	24-11-2025 14:53:44	Netwtw14	7003	None	7003 - Roam Complete
Information	24-11-2025 14:53:44	Netwtw14	7021	None	7021 - Connection telemetry fields and analysis usage
Information	24-11-2025 14:53:43	Netwtw14	7021	None	7021 - Connection telemetry fields and analysis usage
Information	24-11-2025 14:53:42	Netwtw14	7021	None	7021 - Connection telemetry fields and analysis usage
Information	24-11-2025 14:53:40	Netwtw14	7021	None	7021 - Connection telemetry fields and analysis usage
Information	24-11-2025 14:53:36	Netwtw14	7003	None	7003 - Roam Complete
Information	24-11-2025 14:53:36	Netwtw14	7021	None	7021 - Connection telemetry fields and analysis usage
Information	24-11-2025 14:53:34	Netwtw14	7021	None	7021 - Connection telemetry fields and analysis usage
Information	24-11-2025 14:53:34	Netwtw14	7021	None	7021 - Connection telemetry fields and analysis usage
Information	24-11-2025 14:53:34	Netwtw14	7021	None	7021 - Connection telemetry fields and analysis usage
Information	24-11-2025 14:53:34	Netwtw14	7021	None	7021 - Connection telemetry fields and analysis usage
Information	24-11-2025 14:45:44	Microsoft-Windows-Kernel-General	16	None	The access history in hive \??\C:\Windows\AppCompat\Programs\Amcache.hve.tmp was cleared updating 0 keys and creating 0 modified pages.
Information	24-11-2025 14:41:56	Microsoft-Windows-Kernel-Power	566	(268)	"The system session has transitioned from 32 to 33.

Reason PolicyChange 

BootId: 608"
Information	24-11-2025 14:41:56	Microsoft-Windows-Kernel-Power	507	(158)	"The system is exiting Modern Standby 

Reason: Lid."
Information	24-11-2025 14:41:56	Microsoft-Windows-Kernel-Power	172	(203)	Connectivity state in standby: Connected, Reason: None
Warning	24-11-2025 14:41:55	Win32k	701	None	Power Manager has not requested suppression of all input (INPUT_SUPPRESS_REQUEST=0)
Warning	24-11-2025 14:41:55	Win32k	701	None	Power Manager has not requested suppression of all input (INPUT_SUPPRESS_REQUEST=0)
Information	24-11-2025 14:41:24	Microsoft-Windows-Kernel-Power	172	(203)	Connectivity state in standby: Disconnected, Reason: Adaptive Connected Standby
Information	24-11-2025 14:41:16	Microsoft-Windows-Kernel-Power	566	(268)	"The system session has transitioned from 31 to 32.

Reason PolicyChange 

BootId: 608"
Information	24-11-2025 14:41:16	Microsoft-Windows-Kernel-Power	506	(157)	"The system is entering Modern Standby 

Reason: Lid."
Information	24-11-2025 14:41:16	Microsoft-Windows-Kernel-Power	566	(268)	"The system session has transitioned from 30 to 31.

Reason PolicyChange 

BootId: 608"
Warning	24-11-2025 14:41:16	Win32k	700	None	Power Manager has requested suppression of all input (INPUT_SUPPRESS_REQUEST=1)
Warning	24-11-2025 14:41:16	Win32k	700	None	Power Manager has requested suppression of all input (INPUT_SUPPRESS_REQUEST=1)
Information	24-11-2025 14:40:22	Microsoft-Windows-Kernel-Power	566	(268)	"The system session has transitioned from 29 to 30.

Reason InputHid 

BootId: 608"
Information	24-11-2025 14:40:22	Microsoft-Windows-Kernel-Power	507	(158)	"The system is exiting Modern Standby 

Reason: Input Mouse."
Information	24-11-2025 14:40:22	Microsoft-Windows-Kernel-Power	172	(203)	Connectivity state in standby: Connected, Reason: None
Information	24-11-2025 14:40:11	Microsoft-Windows-Kernel-Power	172	(203)	Connectivity state in standby: Disconnected, Reason: Adaptive Connected Standby
Information	24-11-2025 14:40:04	Microsoft-Windows-Kernel-Power	566	(268)	"The system session has transitioned from 28 to 29.

Reason SessionUnlock 

BootId: 608"
Information	24-11-2025 14:39:37	Microsoft-Windows-Kernel-Power	506	(157)	"The system is entering Modern Standby 

Reason: Idle Timeout."
Information	24-11-2025 14:39:37	Microsoft-Windows-Kernel-Power	566	(268)	"The system session has transitioned from 27 to 28.

Reason SessionUnlock 

BootId: 608"
Information	24-11-2025 14:34:11	RFDriveFs2	1	None	"The description for Event ID 1 from source RFDriveFs2 cannot be found. Either the component that raises this event is not installed on your local computer or the installation is corrupted. You can install or repair the component on the local computer.

If the event originated on another computer, the display information had to be saved with the event.

The following information was included with the event: 

No mount entry found.

The message resource is present but the message was not found in the message table
"
Information	24-11-2025 14:34:11	RFDriveFs2	1	None	"The description for Event ID 1 from source RFDriveFs2 cannot be found. Either the component that raises this event is not installed on your local computer or the installation is corrupted. You can install or repair the component on the local computer.

If the event originated on another computer, the display information had to be saved with the event.

The following information was included with the event: 

Finding mount entry; mount point = \DosDevices\C:\ShareHub\moto g85 5G.

The message resource is present but the message was not found in the message table
"
Information	24-11-2025 14:34:11	RFDriveFs2	1	None	"The description for Event ID 1 from source RFDriveFs2 cannot be found. Either the component that raises this event is not installed on your local computer or the installation is corrupted. You can install or repair the component on the local computer.

If the event originated on another computer, the display information had to be saved with the event.

The following information was included with the event: 

Ignoring keepalive close because unmount is already in progress.

The message resource is present but the message was not found in the message table
"
Information	24-11-2025 14:34:11	RFDriveFs2	1	None	"The description for Event ID 1 from source RFDriveFs2 cannot be found. Either the component that raises this event is not installed on your local computer or the installation is corrupted. You can install or repair the component on the local computer.

If the event originated on another computer, the display information had to be saved with the event.

The following information was included with the event: 

No mount entry found.

The message resource is present but the message was not found in the message table
"
Information	24-11-2025 14:34:11	RFDriveFs2	1	None	"The description for Event ID 1 from source RFDriveFs2 cannot be found. Either the component that raises this event is not installed on your local computer or the installation is corrupted. You can install or repair the component on the local computer.

If the event originated on another computer, the display information had to be saved with the event.

The following information was included with the event: 

Finding mount entry; mount point = \DosDevices\C:\ShareHub\moto g85 5G.

The message resource is present but the message was not found in the message table
"
Information	24-11-2025 14:34:11	RFDriveFs2	1	None	"The description for Event ID 1 from source RFDriveFs2 cannot be found. Either the component that raises this event is not installed on your local computer or the installation is corrupted. You can install or repair the component on the local computer.

If the event originated on another computer, the display information had to be saved with the event.

The following information was included with the event: 

Finished event release.

The message resource is present but the message was not found in the message table
"
Information	24-11-2025 14:34:11	RFDriveFs2	1	None	"The description for Event ID 1 from source RFDriveFs2 cannot be found. Either the component that raises this event is not installed on your local computer or the installation is corrupted. You can install or repair the component on the local computer.

If the event originated on another computer, the display information had to be saved with the event.

The following information was included with the event: 

Finished deleting device.

The message resource is present but the message was not found in the message table
"
Information	24-11-2025 14:34:11	RFDriveFs2	1	None	"The description for Event ID 1 from source RFDriveFs2 cannot be found. Either the component that raises this event is not installed on your local computer or the installation is corrupted. You can install or repair the component on the local computer.

If the event originated on another computer, the display information had to be saved with the event.

The following information was included with the event: 

Deleting volume device object.

The message resource is present but the message was not found in the message table
"
Information	24-11-2025 14:34:11	RFDriveFs2	1	None	"The description for Event ID 1 from source RFDriveFs2 cannot be found. Either the component that raises this event is not installed on your local computer or the installation is corrupted. You can install or repair the component on the local computer.

If the event originated on another computer, the display information had to be saved with the event.

The following information was included with the event: 

7-964f1e9f5de9}

The message resource is present but the message was not found in the message table
"
Information	24-11-2025 14:34:11	RFDriveFs2	1	None	"The description for Event ID 1 from source RFDriveFs2 cannot be found. Either the component that raises this event is not installed on your local computer or the installation is corrupted. You can install or repair the component on the local computer.

If the event originated on another computer, the display information had to be saved with the event.

The following information was included with the event: 

Mount entry found: \DosDevices\C:\ShareHub\moto g85 5G -> \Device\Volume{d6cc17c5-1735-4085-bce

The message resource is present but the message was not found in the message table
"
Information	24-11-2025 14:34:11	RFDriveFs2	1	None	"The description for Event ID 1 from source RFDriveFs2 cannot be found. Either the component that raises this event is not installed on your local computer or the installation is corrupted. You can install or repair the component on the local computer.

If the event originated on another computer, the display information had to be saved with the event.

The following information was included with the event: 

Found entry with matching device name: \Device\Volume{d6cc17c5-1735-4085-bce7-964f1e9f5de9}

The message resource is present but the message was not found in the message table
"
Information	24-11-2025 14:34:11	RFDriveFs2	1	None	"The description for Event ID 1 from source RFDriveFs2 cannot be found. Either the component that raises this event is not installed on your local computer or the installation is corrupted. You can install or repair the component on the local computer.

If the event originated on another computer, the display information had to be saved with the event.

The following information was included with the event: 

Finding mount entry; mount point = .

The message resource is present but the message was not found in the message table
"
Information	24-11-2025 14:34:11	RFDriveFs2	1	None	"The description for Event ID 1 from source RFDriveFs2 cannot be found. Either the component that raises this event is not installed on your local computer or the installation is corrupted. You can install or repair the component on the local computer.

If the event originated on another computer, the display information had to be saved with the event.

The following information was included with the event: 

Removing mount entry.

The message resource is present but the message was not found in the message table
"
Information	24-11-2025 14:34:11	RFDriveFs2	1	None	"The description for Event ID 1 from source RFDriveFs2 cannot be found. Either the component that raises this event is not installed on your local computer or the installation is corrupted. You can install or repair the component on the local computer.

If the event originated on another computer, the display information had to be saved with the event.

The following information was included with the event: 

7-964f1e9f5de9}

The message resource is present but the message was not found in the message table
"
Information	24-11-2025 14:34:11	RFDriveFs2	1	None	"The description for Event ID 1 from source RFDriveFs2 cannot be found. Either the component that raises this event is not installed on your local computer or the installation is corrupted. You can install or repair the component on the local computer.

If the event originated on another computer, the display information had to be saved with the event.

The following information was included with the event: 

Mount entry found: \DosDevices\C:\ShareHub\moto g85 5G -> \Device\Volume{d6cc17c5-1735-4085-bce

The message resource is present but the message was not found in the message table
"
Information	24-11-2025 14:34:11	RFDriveFs2	1	None	"The description for Event ID 1 from source RFDriveFs2 cannot be found. Either the component that raises this event is not installed on your local computer or the installation is corrupted. You can install or repair the component on the local computer.

If the event originated on another computer, the display information had to be saved with the event.

The following information was included with the event: 

Found entry with matching device name: \Device\Volume{d6cc17c5-1735-4085-bce7-964f1e9f5de9}

The message resource is present but the message was not found in the message table
"
Information	24-11-2025 14:34:11	RFDriveFs2	1	None	"The description for Event ID 1 from source RFDriveFs2 cannot be found. Either the component that raises this event is not installed on your local computer or the installation is corrupted. You can install or repair the component on the local computer.

If the event originated on another computer, the display information had to be saved with the event.

The following information was included with the event: 

Finding mount entry; mount point = .

The message resource is present but the message was not found in the message table
"
Information	24-11-2025 14:34:11	RFDriveFs2	1	None	"The description for Event ID 1 from source RFDriveFs2 cannot be found. Either the component that raises this event is not installed on your local computer or the installation is corrupted. You can install or repair the component on the local computer.

If the event originated on another computer, the display information had to be saved with the event.

The following information was included with the event: 

Deleting device object.

The message resource is present but the message was not found in the message table
"
Information	24-11-2025 14:34:11	RFDriveFs2	1	None	"The description for Event ID 1 from source RFDriveFs2 cannot be found. Either the component that raises this event is not installed on your local computer or the installation is corrupted. You can install or repair the component on the local computer.

If the event originated on another computer, the display information had to be saved with the event.

The following information was included with the event: 

Cleaning up all change notification waiters.

The message resource is present but the message was not found in the message table
"
Information	24-11-2025 14:34:11	RFDriveFs2	1	None	"The description for Event ID 1 from source RFDriveFs2 cannot be found. Either the component that raises this event is not installed on your local computer or the installation is corrupted. You can install or repair the component on the local computer.

If the event originated on another computer, the display information had to be saved with the event.

The following information was included with the event: 

stopFcbGarbageCollector.

The message resource is present but the message was not found in the message table
"
Information	24-11-2025 14:34:11	RFDriveFs2	1	None	"The description for Event ID 1 from source RFDriveFs2 cannot be found. Either the component that raises this event is not installed on your local computer or the installation is corrupted. You can install or repair the component on the local computer.

If the event originated on another computer, the display information had to be saved with the event.

The following information was included with the event: 

Stopping FCB garbage collector.

The message resource is present but the message was not found in the message table
"
Information	24-11-2025 14:34:11	RFDriveFs2	1	None	"The description for Event ID 1 from source RFDriveFs2 cannot be found. Either the component that raises this event is not installed on your local computer or the installation is corrupted. You can install or repair the component on the local computer.

If the event originated on another computer, the display information had to be saved with the event.

The following information was included with the event: 

Starting unmount for device ""\Device\Volume{d6cc17c5-1735-4085-bce7-964f1e9f5de9}""

The message resource is present but the message was not found in the message table
"
Information	24-11-2025 14:34:11	RFDriveFs2	1	None	"The description for Event ID 1 from source RFDriveFs2 cannot be found. Either the component that raises this event is not installed on your local computer or the installation is corrupted. You can install or repair the component on the local computer.

If the event originated on another computer, the display information had to be saved with the event.

The following information was included with the event: 

Mount manager is disabled for this device or dokan initiated deletion; ignoring.

The message resource is present but the message was not found in the message table
"
Information	24-11-2025 14:34:11	RFDriveFs2	1	None	"The description for Event ID 1 from source RFDriveFs2 cannot be found. Either the component that raises this event is not installed on your local computer or the installation is corrupted. You can install or repair the component on the local computer.

If the event originated on another computer, the display information had to be saved with the event.

The following information was included with the event: 

Link deleted: ""\??\Volume{4b881802-c908-11f0-b8ee-a529585dd75b}""

The message resource is present but the message was not found in the message table
"
Information	24-11-2025 14:34:11	RFDriveFs2	1	None	"The description for Event ID 1 from source RFDriveFs2 cannot be found. Either the component that raises this event is not installed on your local computer or the installation is corrupted. You can install or repair the component on the local computer.

If the event originated on another computer, the display information had to be saved with the event.

The following information was included with the event: 

Entered event release.

The message resource is present but the message was not found in the message table
"
Information	24-11-2025 14:34:11	RFDriveFs2	1	None	"The description for Event ID 1 from source RFDriveFs2 cannot be found. Either the component that raises this event is not installed on your local computer or the installation is corrupted. You can install or repair the component on the local computer.

If the event originated on another computer, the display information had to be saved with the event.

The following information was included with the event: 

7-964f1e9f5de9}

The message resource is present but the message was not found in the message table
"
Information	24-11-2025 14:34:11	RFDriveFs2	1	None	"The description for Event ID 1 from source RFDriveFs2 cannot be found. Either the component that raises this event is not installed on your local computer or the installation is corrupted. You can install or repair the component on the local computer.

If the event originated on another computer, the display information had to be saved with the event.

The following information was included with the event: 

Mount entry found: \DosDevices\C:\ShareHub\moto g85 5G -> \Device\Volume{d6cc17c5-1735-4085-bce

The message resource is present but the message was not found in the message table
"
Information	24-11-2025 14:34:11	RFDriveFs2	1	None	"The description for Event ID 1 from source RFDriveFs2 cannot be found. Either the component that raises this event is not installed on your local computer or the installation is corrupted. You can install or repair the component on the local computer.

If the event originated on another computer, the display information had to be saved with the event.

The following information was included with the event: 

Found entry with matching mount point.

The message resource is present but the message was not found in the message table
"
Information	24-11-2025 14:34:11	RFDriveFs2	1	None	"The description for Event ID 1 from source RFDriveFs2 cannot be found. Either the component that raises this event is not installed on your local computer or the installation is corrupted. You can install or repair the component on the local computer.

If the event originated on another computer, the display information had to be saved with the event.

The following information was included with the event: 

Finding mount entry; mount point = \DosDevices\C:\ShareHub\moto g85 5G.

The message resource is present but the message was not found in the message table
"
