Information	24-11-2025 14:27:18	RFDriveFs2	1	None	"The description for Event ID 1 from source RFDriveFs2 cannot be found. Either the component that raises this event is not installed on your local computer or the installation is corrupted. You can install or repair the component on the local computer.

If the event originated on another computer, the display information had to be saved with the event.

The following information was included with the event: 

Handle created before IOCTL_EVENT_WAIT for file ""(null)""

The message resource is present but the message was not found in the message table
"
Information	24-11-2025 14:27:18	RFDriveFs2	1	None	"The description for Event ID 1 from source RFDriveFs2 cannot be found. Either the component that raises this event is not installed on your local computer or the installation is corrupted. You can install or repair the component on the local computer.

If the event originated on another computer, the display information had to be saved with the event.

The following information was included with the event: 

Opened file with user mode dispatch blocked: ""\drive_fs_notification""

The message resource is present but the message was not found in the message table
"
Information	24-11-2025 14:27:18	RFDriveFs2	1	None	"The description for Event ID 1 from source RFDriveFs2 cannot be found. Either the component that raises this event is not installed on your local computer or the installation is corrupted. You can install or repair the component on the local computer.

If the event originated on another computer, the display information had to be saved with the event.

The following information was included with the event: 

Activating keepalive handle from process 22964.

The message resource is present but the message was not found in the message table
"
Information	24-11-2025 14:27:18	RFDriveFs2	1	None	"The description for Event ID 1 from source RFDriveFs2 cannot be found. Either the component that raises this event is not installed on your local computer or the installation is corrupted. You can install or repair the component on the local computer.

If the event originated on another computer, the display information had to be saved with the event.

The following information was included with the event: 

Opened keepalive file from process 22964.

The message resource is present but the message was not found in the message table
"
Information	24-11-2025 14:27:18	RFDriveFs2	1	None	"The description for Event ID 1 from source RFDriveFs2 cannot be found. Either the component that raises this event is not installed on your local computer or the installation is corrupted. You can install or repair the component on the local computer.

If the event originated on another computer, the display information had to be saved with the event.

The following information was included with the event: 

Opened file with user mode dispatch blocked: ""\__drive_fs_keepalive""

The message resource is present but the message was not found in the message table
"
Information	24-11-2025 14:27:18	RFDriveFs2	1	None	"The description for Event ID 1 from source RFDriveFs2 cannot be found. Either the component that raises this event is not installed on your local computer or the installation is corrupted. You can install or repair the component on the local computer.

If the event originated on another computer, the display information had to be saved with the event.

The following information was included with the event: 

Finished event start with status 1 and flags: 0

The message resource is present but the message was not found in the message table
"
Information	24-11-2025 14:27:18	RFDriveFs2	1	None	"The description for Event ID 1 from source RFDriveFs2 cannot be found. Either the component that raises this event is not installed on your local computer or the installation is corrupted. You can install or repair the component on the local computer.

If the event originated on another computer, the display information had to be saved with the event.

The following information was included with the event: 

Handle created before IOCTL_EVENT_WAIT for file ""\$Extend\$Reparse:$R:$INDEX_ALLOCATION""

The message resource is present but the message was not found in the message table
"
Information	24-11-2025 14:27:18	RFDriveFs2	1	None	"The description for Event ID 1 from source RFDriveFs2 cannot be found. Either the component that raises this event is not installed on your local computer or the installation is corrupted. You can install or repair the component on the local computer.

If the event originated on another computer, the display information had to be saved with the event.

The following information was included with the event: 

7-964f1e9f5de9}

The message resource is present but the message was not found in the message table
"
Information	24-11-2025 14:27:18	RFDriveFs2	1	None	"The description for Event ID 1 from source RFDriveFs2 cannot be found. Either the component that raises this event is not installed on your local computer or the installation is corrupted. You can install or repair the component on the local computer.

If the event originated on another computer, the display information had to be saved with the event.

The following information was included with the event: 

Mount entry found: \DosDevices\C:\ShareHub\moto g85 5G -> \Device\Volume{d6cc17c5-1735-4085-bce

The message resource is present but the message was not found in the message table
"
Information	24-11-2025 14:27:18	RFDriveFs2	1	None	"The description for Event ID 1 from source RFDriveFs2 cannot be found. Either the component that raises this event is not installed on your local computer or the installation is corrupted. You can install or repair the component on the local computer.

If the event originated on another computer, the display information had to be saved with the event.

The following information was included with the event: 

Found entry with matching mount point.

The message resource is present but the message was not found in the message table
"
Information	24-11-2025 14:27:18	RFDriveFs2	1	None	"The description for Event ID 1 from source RFDriveFs2 cannot be found. Either the component that raises this event is not installed on your local computer or the installation is corrupted. You can install or repair the component on the local computer.

If the event originated on another computer, the display information had to be saved with the event.

The following information was included with the event: 

Finding mount entry; mount point = \DosDevices\C:\ShareHub\moto g85 5G.

The message resource is present but the message was not found in the message table
"
Information	24-11-2025 14:27:18	RFDriveFs2	1	None	"The description for Event ID 1 from source RFDriveFs2 cannot be found. Either the component that raises this event is not installed on your local computer or the installation is corrupted. You can install or repair the component on the local computer.

If the event originated on another computer, the display information had to be saved with the event.

The following information was included with the event: 

Mounting successfully done.

The message resource is present but the message was not found in the message table
"
Information	24-11-2025 14:27:18	RFDriveFs2	1	None	"The description for Event ID 1 from source RFDriveFs2 cannot be found. Either the component that raises this event is not installed on your local computer or the installation is corrupted. You can install or repair the component on the local computer.

If the event originated on another computer, the display information had to be saved with the event.

The following information was included with the event: 

Link created: ""\??\Volume{4b881802-c908-11f0-b8ee-a529585dd75b}""

The message resource is present but the message was not found in the message table
"
Information	24-11-2025 14:27:18	RFDriveFs2	1	None	"The description for Event ID 1 from source RFDriveFs2 cannot be found. Either the component that raises this event is not installed on your local computer or the installation is corrupted. You can install or repair the component on the local computer.

If the event originated on another computer, the display information had to be saved with the event.

The following information was included with the event: 

 5G""

The message resource is present but the message was not found in the message table
"
Information	24-11-2025 14:27:18	RFDriveFs2	1	None	"The description for Event ID 1 from source RFDriveFs2 cannot be found. Either the component that raises this event is not installed on your local computer or the installation is corrupted. You can install or repair the component on the local computer.

If the event originated on another computer, the display information had to be saved with the event.

The following information was included with the event: 

Not suggesting link name due to non-drive-letter mount point: ""\DosDevices\C:\ShareHub\moto g85

The message resource is present but the message was not found in the message table
"
Information	24-11-2025 14:27:18	RFDriveFs2	1	None	"The description for Event ID 1 from source RFDriveFs2 cannot be found. Either the component that raises this event is not installed on your local computer or the installation is corrupted. You can install or repair the component on the local computer.

If the event originated on another computer, the display information had to be saved with the event.

The following information was included with the event: 

Mount manager is querying for desired drive letter. ForceDriveLetterAutoAssignment = 0

The message resource is present but the message was not found in the message table
"
Information	24-11-2025 14:27:18	RFDriveFs2	1	None	"The description for Event ID 1 from source RFDriveFs2 cannot be found. Either the component that raises this event is not installed on your local computer or the installation is corrupted. You can install or repair the component on the local computer.

If the event originated on another computer, the display information had to be saved with the event.

The following information was included with the event: 

Starting FCB garbage collector with 2000 ms interval.

The message resource is present but the message was not found in the message table
"
Information	24-11-2025 14:27:18	RFDriveFs2	1	None	"The description for Event ID 1 from source RFDriveFs2 cannot be found. Either the component that raises this event is not installed on your local computer or the installation is corrupted. You can install or repair the component on the local computer.

If the event originated on another computer, the display information had to be saved with the event.

The following information was included with the event: 

7-964f1e9f5de9}

The message resource is present but the message was not found in the message table
"
Information	24-11-2025 14:27:18	RFDriveFs2	1	None	"The description for Event ID 1 from source RFDriveFs2 cannot be found. Either the component that raises this event is not installed on your local computer or the installation is corrupted. You can install or repair the component on the local computer.

If the event originated on another computer, the display information had to be saved with the event.

The following information was included with the event: 

Mount entry found: \DosDevices\C:\ShareHub\moto g85 5G -> \Device\Volume{d6cc17c5-1735-4085-bce

The message resource is present but the message was not found in the message table
"
Information	24-11-2025 14:27:18	RFDriveFs2	1	None	"The description for Event ID 1 from source RFDriveFs2 cannot be found. Either the component that raises this event is not installed on your local computer or the installation is corrupted. You can install or repair the component on the local computer.

If the event originated on another computer, the display information had to be saved with the event.

The following information was included with the event: 

Found entry with matching device name: \Device\Volume{d6cc17c5-1735-4085-bce7-964f1e9f5de9}

The message resource is present but the message was not found in the message table
"
Information	24-11-2025 14:27:18	RFDriveFs2	1	None	"The description for Event ID 1 from source RFDriveFs2 cannot be found. Either the component that raises this event is not installed on your local computer or the installation is corrupted. You can install or repair the component on the local computer.

If the event originated on another computer, the display information had to be saved with the event.

The following information was included with the event: 

Finding mount entry; mount point = .

The message resource is present but the message was not found in the message table
"
Information	24-11-2025 14:27:18	RFDriveFs2	1	None	"The description for Event ID 1 from source RFDriveFs2 cannot be found. Either the component that raises this event is not installed on your local computer or the installation is corrupted. You can install or repair the component on the local computer.

If the event originated on another computer, the display information had to be saved with the event.

The following information was included with the event: 

6cc17c5-1735-4085-bce7-964f1e9f5de9}""

The message resource is present but the message was not found in the message table
"
Information	24-11-2025 14:27:18	RFDriveFs2	1	None	"The description for Event ID 1 from source RFDriveFs2 cannot be found. Either the component that raises this event is not installed on your local computer or the installation is corrupted. You can install or repair the component on the local computer.

If the event originated on another computer, the display information had to be saved with the event.

The following information was included with the event: 

Mounting volume using MountPoint ""\DosDevices\C:\ShareHub\moto g85 5G"" device ""\Device\Volume{d

The message resource is present but the message was not found in the message table
"
Information	24-11-2025 14:27:18	RFDriveFs2	1	None	"The description for Event ID 1 from source RFDriveFs2 cannot be found. Either the component that raises this event is not installed on your local computer or the installation is corrupted. You can install or repair the component on the local computer.

If the event originated on another computer, the display information had to be saved with the event.

The following information was included with the event: 

Event start using mount ID: 2; device name: \Volume{d6cc17c5-1735-4085-bce7-964f1e9f5de9}.

The message resource is present but the message was not found in the message table
"
Information	24-11-2025 14:27:18	RFDriveFs2	1	None	"The description for Event ID 1 from source RFDriveFs2 cannot be found. Either the component that raises this event is not installed on your local computer or the installation is corrupted. You can install or repair the component on the local computer.

If the event originated on another computer, the display information had to be saved with the event.

The following information was included with the event: 

Inserted new mount entry.

The message resource is present but the message was not found in the message table
"
Information	24-11-2025 14:27:18	RFDriveFs2	1	None	"The description for Event ID 1 from source RFDriveFs2 cannot be found. Either the component that raises this event is not installed on your local computer or the installation is corrupted. You can install or repair the component on the local computer.

If the event originated on another computer, the display information had to be saved with the event.

The following information was included with the event: 

ume{d6cc17c5-1735-4085-bce7-964f1e9f5de9}"" created

The message resource is present but the message was not found in the message table
"
Information	24-11-2025 14:27:18	RFDriveFs2	1	None	"The description for Event ID 1 from source RFDriveFs2 cannot be found. Either the component that raises this event is not installed on your local computer or the installation is corrupted. You can install or repair the component on the local computer.

If the event originated on another computer, the display information had to be saved with the event.

The following information was included with the event: 

SymbolicLink: ""\DosDevices\Global\Volume{d6cc17c5-1735-4085-bce7-964f1e9f5de9}"" -> ""\Device\Vol

The message resource is present but the message was not found in the message table
"
Information	24-11-2025 14:27:18	RFDriveFs2	1	None	"The description for Event ID 1 from source RFDriveFs2 cannot be found. Either the component that raises this event is not installed on your local computer or the installation is corrupted. You can install or repair the component on the local computer.

If the event originated on another computer, the display information had to be saved with the event.

The following information was included with the event: 

ShareHub\moto g85 5G""; type: 8

The message resource is present but the message was not found in the message table
"
Information	24-11-2025 14:27:18	RFDriveFs2	1	None	"The description for Event ID 1 from source RFDriveFs2 cannot be found. Either the component that raises this event is not installed on your local computer or the installation is corrupted. You can install or repair the component on the local computer.

If the event originated on another computer, the display information had to be saved with the event.

The following information was included with the event: 

\DosDevices\Global\Volume{d6cc17c5-1735-4085-bce7-964f1e9f5de9}""; mount point: ""\DosDevices\C:\

The message resource is present but the message was not found in the message table
"
Information	24-11-2025 14:27:18	RFDriveFs2	1	None	"The description for Event ID 1 from source RFDriveFs2 cannot be found. Either the component that raises this event is not installed on your local computer or the installation is corrupted. You can install or repair the component on the local computer.

If the event originated on another computer, the display information had to be saved with the event.

The following information was included with the event: 

disk device name: ""\Device\Volume{d6cc17c5-1735-4085-bce7-964f1e9f5de9}""; symbolic link name: ""

The message resource is present but the message was not found in the message table
"
Information	24-11-2025 14:27:18	RFDriveFs2	1	None	"The description for Event ID 1 from source RFDriveFs2 cannot be found. Either the component that raises this event is not installed on your local computer or the installation is corrupted. You can install or repair the component on the local computer.

If the event originated on another computer, the display information had to be saved with the event.

The following information was included with the event: 

Creating disk device; mount point = C:\ShareHub\moto g85 5G; mount ID = 2l

The message resource is present but the message was not found in the message table
"
Information	24-11-2025 14:27:18	RFDriveFs2	1	None	"The description for Event ID 1 from source RFDriveFs2 cannot be found. Either the component that raises this event is not installed on your local computer or the installation is corrupted. You can install or repair the component on the local computer.

If the event originated on another computer, the display information had to be saved with the event.

The following information was included with the event: 

No mount entry found.

The message resource is present but the message was not found in the message table
"
Information	24-11-2025 14:27:18	RFDriveFs2	1	None	"The description for Event ID 1 from source RFDriveFs2 cannot be found. Either the component that raises this event is not installed on your local computer or the installation is corrupted. You can install or repair the component on the local computer.

If the event originated on another computer, the display information had to be saved with the event.

The following information was included with the event: 

Finding mount entry; mount point = \DosDevices\C:\ShareHub\moto g85 5G.

The message resource is present but the message was not found in the message table
"
Information	24-11-2025 14:27:18	RFDriveFs2	1	None	"The description for Event ID 1 from source RFDriveFs2 cannot be found. Either the component that raises this event is not installed on your local computer or the installation is corrupted. You can install or repair the component on the local computer.

If the event originated on another computer, the display information had to be saved with the event.

The following information was included with the event: 

Entered event start.

The message resource is present but the message was not found in the message table
"
Information	24-11-2025 14:27:17	RFDriveFs2	1	None	"The description for Event ID 1 from source RFDriveFs2 cannot be found. Either the component that raises this event is not installed on your local computer or the installation is corrupted. You can install or repair the component on the local computer.

If the event originated on another computer, the display information had to be saved with the event.

The following information was included with the event: 

No mount entry found.

The message resource is present but the message was not found in the message table
"
Information	24-11-2025 14:27:17	RFDriveFs2	1	None	"The description for Event ID 1 from source RFDriveFs2 cannot be found. Either the component that raises this event is not installed on your local computer or the installation is corrupted. You can install or repair the component on the local computer.

If the event originated on another computer, the display information had to be saved with the event.

The following information was included with the event: 

Finding mount entry; mount point = \DosDevices\C:\ShareHub\moto g85 5G.

The message resource is present but the message was not found in the message table
"
Information	24-11-2025 14:17:16	Microsoft-Windows-Kernel-Power	566	(268)	"The system session has transitioned from 26 to 27.

Reason InputAccelerometer 

BootId: 608"
Information	24-11-2025 14:17:16	Microsoft-Windows-Kernel-Power	507	(158)	"The system is exiting Modern Standby 

Reason: Input Keyboard."
Information	24-11-2025 14:17:15	Microsoft-Windows-Kernel-Power	172	(203)	Connectivity state in standby: Connected, Reason: None
Information	24-11-2025 14:16:41	Microsoft-Windows-Kernel-Power	172	(203)	Connectivity state in standby: Disconnected, Reason: Adaptive Connected Standby
Information	24-11-2025 14:16:34	Microsoft-Windows-Kernel-Power	566	(268)	"The system session has transitioned from 25 to 26.

Reason SessionUnlock 

BootId: 608"
Information	24-11-2025 14:16:12	Microsoft-Windows-Kernel-Power	506	(157)	"The system is entering Modern Standby 

Reason: Idle Timeout."
Information	24-11-2025 14:16:12	Microsoft-Windows-Kernel-Power	566	(268)	"The system session has transitioned from 24 to 25.

Reason SessionUnlock 

BootId: 608"
Warning	24-11-2025 14:01:07	Microsoft-Windows-DNS-Client	1014	(1014)	Name resolution for the name dc.services.visualstudio.com timed out after none of the configured DNS servers responded. Client PID 1416.
Information	24-11-2025 13:46:55	Microsoft-Windows-Kernel-Power	566	(268)	"The system session has transitioned from 23 to 24.

Reason PolicyChange 

BootId: 608"
Information	24-11-2025 13:46:55	Microsoft-Windows-Kernel-Power	507	(158)	"The system is exiting Modern Standby 

Reason: Lid."
Information	24-11-2025 13:46:54	Microsoft-Windows-Kernel-Power	172	(203)	Connectivity state in standby: Connected, Reason: None
Warning	24-11-2025 13:46:54	Win32k	701	None	Power Manager has not requested suppression of all input (INPUT_SUPPRESS_REQUEST=0)
Warning	24-11-2025 13:46:54	Win32k	701	None	Power Manager has not requested suppression of all input (INPUT_SUPPRESS_REQUEST=0)
Information	24-11-2025 13:45:54	Microsoft-Windows-Kernel-Power	172	(203)	Connectivity state in standby: Disconnected, Reason: Adaptive Connected Standby
Information	24-11-2025 13:45:47	Microsoft-Windows-Kernel-Power	566	(268)	"The system session has transitioned from 22 to 23.

Reason PolicyChange 

BootId: 608"
Information	24-11-2025 13:45:47	Microsoft-Windows-Kernel-Power	506	(157)	"The system is entering Modern Standby 

Reason: Lid."
Information	24-11-2025 13:45:47	Microsoft-Windows-Kernel-Power	566	(268)	"The system session has transitioned from 21 to 22.

Reason PolicyChange 

BootId: 608"
Warning	24-11-2025 13:45:47	Win32k	700	None	Power Manager has requested suppression of all input (INPUT_SUPPRESS_REQUEST=1)
Warning	24-11-2025 13:45:47	Win32k	700	None	Power Manager has requested suppression of all input (INPUT_SUPPRESS_REQUEST=1)
Information	24-11-2025 13:45:07	Microsoft-Windows-Kernel-Power	566	(268)	"The system session has transitioned from 20 to 21.

Reason PolicyChange 

BootId: 608"
Information	24-11-2025 13:45:07	Microsoft-Windows-Kernel-Power	507	(158)	"The system is exiting Modern Standby 

Reason: Lid."
Information	24-11-2025 13:45:07	Microsoft-Windows-Kernel-Power	172	(203)	Connectivity state in standby: Connected, Reason: None
Warning	24-11-2025 13:45:07	Win32k	701	None	Power Manager has not requested suppression of all input (INPUT_SUPPRESS_REQUEST=0)
Warning	24-11-2025 13:45:07	Win32k	701	None	Power Manager has not requested suppression of all input (INPUT_SUPPRESS_REQUEST=0)
Information	24-11-2025 13:41:46	Microsoft-Windows-Kernel-Power	172	(203)	Connectivity state in standby: Disconnected, Reason: Adaptive Connected Standby
Information	24-11-2025 13:41:39	Microsoft-Windows-Kernel-Power	566	(268)	"The system session has transitioned from 19 to 20.

Reason PolicyChange 

BootId: 608"
Information	24-11-2025 13:41:38	Microsoft-Windows-Kernel-Power	506	(157)	"The system is entering Modern Standby 

Reason: Lid."
Information	24-11-2025 13:41:38	Microsoft-Windows-Kernel-Power	566	(268)	"The system session has transitioned from 18 to 19.

Reason PolicyChange 

BootId: 608"
Warning	24-11-2025 13:41:38	Win32k	700	None	Power Manager has requested suppression of all input (INPUT_SUPPRESS_REQUEST=1)
Warning	24-11-2025 13:41:38	Win32k	700	None	Power Manager has requested suppression of all input (INPUT_SUPPRESS_REQUEST=1)
Information	24-11-2025 13:39:37	Microsoft-Windows-UserPnp	20003	(7005)	Driver Management has concluded the process to add Service WUDFWpdFs for Device Instance ID SWD\WPDBUSENUM\_??_USBSTOR#DISK&VEN__USB&PROD__SANDISK_3.2GEN1&REV_1.00#04010606F6BD4018B2E6BD04A506F1D371C0E03AAA5628A7B60E987428EBE27#{53F56307-B6BF-11D0-94F2-00A0C91EFB8B} with the following status: 0.
Information	24-11-2025 13:39:38	Microsoft-Windows-WPDClassInstaller	24579	Driver Post-Install Configuration	Autoplay registration was skipped for device %1.
Information	24-11-2025 13:39:38	Microsoft-Windows-WPDClassInstaller	24577	Driver Post-Install Configuration	Media player and imaging program compatibility layers were successfully registered for device %1. Layer bits %2 were requested, layer bits %3 were registered.
Information	24-11-2025 13:39:37	Microsoft-Windows-WPDClassInstaller	24576	Driver Installation	Drivers were successfully installed for device WPD Device.
Information	24-11-2025 13:39:37	Microsoft-Windows-DriverFrameworks-UserMode	10100	Installation or update of device drivers.	The driver package installation has succeeded.
Information	24-11-2025 13:39:37	Microsoft-Windows-DriverFrameworks-UserMode	10002	Installation or update of device drivers.	The UMDF service WpdFs (CLSID {112de495-ac4c-46f8-b663-6a4266c53313}) was upgraded.  It requires framework version 2.35.0 or higher.
Information	24-11-2025 13:39:37	Microsoft-Windows-DriverFrameworks-UserMode	10000	Installation or update of device drivers.	A driver package which uses user-mode driver framework version 2.35.0 is being installed on device SWD\WPDBUSENUM\_??_USBSTOR#DISK&VEN__USB&PROD__SANDISK_3.2GEN1&REV_1.00#04010606F6BD4018B2E6BD04A506F1D371C0E03AAA5628A7B60E987428EBE27#{53F56307-B6BF-11D0-94F2-00A0C91EFB8B}.
Information	24-11-2025 13:36:36	Microsoft-Windows-Kernel-Power	566	(268)	"The system session has transitioned from 17 to 18.

Reason PolicyChange 

BootId: 608"
Information	24-11-2025 13:36:36	Microsoft-Windows-Kernel-Power	507	(158)	"The system is exiting Modern Standby 

Reason: Lid."
Information	24-11-2025 13:36:36	Microsoft-Windows-Kernel-Power	172	(203)	Connectivity state in standby: Connected, Reason: None
Information	24-11-2025 13:36:36	Microsoft-Windows-Kernel-Power	172	(203)	Connectivity state in standby: Disconnected, Reason: Adaptive Connected Standby
Warning	24-11-2025 13:36:35	Win32k	701	None	Power Manager has not requested suppression of all input (INPUT_SUPPRESS_REQUEST=0)
Warning	24-11-2025 13:36:35	Win32k	701	None	Power Manager has not requested suppression of all input (INPUT_SUPPRESS_REQUEST=0)
Information	24-11-2025 13:36:29	Microsoft-Windows-Kernel-Power	566	(268)	"The system session has transitioned from 16 to 17.

Reason PolicyChange 

BootId: 608"
Information	24-11-2025 13:36:29	Microsoft-Windows-Kernel-Power	506	(157)	"The system is entering Modern Standby 

Reason: Lid."
Information	24-11-2025 13:36:29	Microsoft-Windows-Kernel-Power	566	(268)	"The system session has transitioned from 15 to 16.

Reason PolicyChange 

BootId: 608"
Warning	24-11-2025 13:36:28	Win32k	700	None	Power Manager has requested suppression of all input (INPUT_SUPPRESS_REQUEST=1)
Warning	24-11-2025 13:36:28	Win32k	700	None	Power Manager has requested suppression of all input (INPUT_SUPPRESS_REQUEST=1)
Warning	24-11-2025 13:35:42	Microsoft-Windows-DistributedCOM	10016	None	"The application-specific permission settings do not grant Local Activation permission for the COM Server application with CLSID 
{2593F8B9-4EAF-457C-B68A-50F6B8EA6B54}
 and APPID 
{15C20B67-12E7-4BB6-92BB-7AFF07997402}
 to the user Saiganesh\gunis SID (S-1-5-21-2782663264-3991100608-3008750438-1001) from address LocalHost (Using LRPC) running in the application container Unavailable SID (Unavailable). This security permission can be modified using the Component Services administrative tool."
Information	24-11-2025 13:32:35	Microsoft-Windows-Kernel-General	16	None	The access history in hive \??\C:\Users\gunis\AppData\Local\Packages\Microsoft.Windows.Photos_8wekyb3d8bbwe\Settings\settings.dat was cleared updating 14 keys and creating 5 modified pages.
Information	24-11-2025 13:32:34	Microsoft-Windows-Kernel-General	16	None	The access history in hive \??\C:\Users\gunis\AppData\Local\Packages\Microsoft.Windows.Photos_8wekyb3d8bbwe\SystemAppData\Helium\UserClasses.dat was cleared updating 9 keys and creating 1 modified pages.
Information	24-11-2025 13:32:34	Microsoft-Windows-Kernel-General	16	None	The access history in hive \??\C:\Users\gunis\AppData\Local\Packages\Microsoft.Windows.Photos_8wekyb3d8bbwe\SystemAppData\Helium\User.dat was cleared updating 6 keys and creating 1 modified pages.
Information	24-11-2025 13:32:32	Microsoft-Windows-Kernel-General	16	None	The access history in hive \??\C:\Users\gunis\AppData\Local\Packages\Microsoft.Paint_8wekyb3d8bbwe\SystemAppData\Helium\UserClasses.dat was cleared updating 1 keys and creating 1 modified pages.
Information	24-11-2025 13:32:32	Microsoft-Windows-Kernel-General	16	None	The access history in hive \??\C:\Users\gunis\AppData\Local\Packages\Microsoft.Paint_8wekyb3d8bbwe\SystemAppData\Helium\User.dat was cleared updating 5 keys and creating 1 modified pages.
Information	24-11-2025 13:32:31	Microsoft-Windows-Kernel-General	16	None	The access history in hive \??\C:\ProgramData\Packages\Clipchamp.Clipchamp_yxz26nhyzhsrt\S-1-5-21-2782663264-3991100608-3008750438-1001\SystemAppData\Helium\Cache\29ddbb76ebfd72b1_COM15.dat was cleared updating 1 keys and creating 1 modified pages.
Information	24-11-2025 13:32:31	Microsoft-Windows-Kernel-General	16	None	The access history in hive \??\C:\Users\gunis\AppData\Local\Packages\Clipchamp.Clipchamp_yxz26nhyzhsrt\SystemAppData\Helium\UserClasses.dat was cleared updating 1 keys and creating 1 modified pages.
Information	24-11-2025 13:32:31	Microsoft-Windows-Kernel-General	16	None	The access history in hive \??\C:\Users\gunis\AppData\Local\Packages\Clipchamp.Clipchamp_yxz26nhyzhsrt\SystemAppData\Helium\User.dat was cleared updating 3 keys and creating 1 modified pages.
Warning	24-11-2025 13:32:15	Microsoft-Windows-DistributedCOM	10016	None	"The application-specific permission settings do not grant Local Activation permission for the COM Server application with CLSID 
{B52D54BB-4818-4EB9-AA80-F9EACD371DF8}
 and APPID 
{9E175B9C-F52A-11D8-B9A5-505054503030}
 to the user Saiganesh\gunis SID (S-1-5-21-2782663264-3991100608-3008750438-1001) from address LocalHost (Using LRPC) running in the application container Unavailable SID (Unavailable). This security permission can be modified using the Component Services administrative tool."
Information	24-11-2025 13:32:11	Microsoft-Windows-Kernel-General	16	None	The access history in hive \??\C:\ProgramData\Packages\Microsoft.PowerToys.ImageResizerContextMenu_8wekyb3d8bbwe\S-1-5-21-2782663264-3991100608-3008750438-1001\SystemAppData\Helium\Cache\a6de38f6959280c_COM15.dat was cleared updating 1 keys and creating 1 modified pages.
Information	24-11-2025 13:32:11	Microsoft-Windows-Kernel-General	16	None	The access history in hive \??\C:\Users\gunis\AppData\Local\Packages\Microsoft.PowerToys.ImageResizerContextMenu_8wekyb3d8bbwe\SystemAppData\Helium\UserClasses.dat was cleared updating 1 keys and creating 1 modified pages.
Information	24-11-2025 13:32:11	Microsoft-Windows-Kernel-General	16	None	The access history in hive \??\C:\Users\gunis\AppData\Local\Packages\Microsoft.PowerToys.ImageResizerContextMenu_8wekyb3d8bbwe\SystemAppData\Helium\User.dat was cleared updating 1 keys and creating 1 modified pages.
Information	24-11-2025 13:32:11	Microsoft-Windows-Kernel-General	16	None	The access history in hive \??\C:\ProgramData\Packages\Microsoft.PowerToys.FileLocksmithContextMenu_8wekyb3d8bbwe\S-1-5-21-2782663264-3991100608-3008750438-1001\SystemAppData\Helium\Cache\728e20e363f0a63d_COM15.dat was cleared updating 1 keys and creating 1 modified pages.
Information	24-11-2025 13:32:11	Microsoft-Windows-Kernel-General	16	None	The access history in hive \??\C:\Users\gunis\AppData\Local\Packages\Microsoft.PowerToys.FileLocksmithContextMenu_8wekyb3d8bbwe\SystemAppData\Helium\UserClasses.dat was cleared updating 1 keys and creating 1 modified pages.
Information	24-11-2025 13:32:11	Microsoft-Windows-Kernel-General	16	None	The access history in hive \??\C:\Users\gunis\AppData\Local\Packages\Microsoft.PowerToys.FileLocksmithContextMenu_8wekyb3d8bbwe\SystemAppData\Helium\User.dat was cleared updating 1 keys and creating 1 modified pages.
Information	24-11-2025 13:32:11	Microsoft-Windows-Kernel-General	16	None	The access history in hive \??\C:\ProgramData\Packages\NotepadPlusPlus_7njy0v32s6xk6\S-1-5-21-2782663264-3991100608-3008750438-1001\SystemAppData\Helium\Cache\f3851eb54fd8cf6f_COM15.dat was cleared updating 1 keys and creating 1 modified pages.
Information	24-11-2025 13:32:11	Microsoft-Windows-Kernel-General	16	None	The access history in hive \??\C:\Users\gunis\AppData\Local\Packages\NotepadPlusPlus_7njy0v32s6xk6\SystemAppData\Helium\UserClasses.dat was cleared updating 1 keys and creating 1 modified pages.
Information	24-11-2025 13:32:11	Microsoft-Windows-Kernel-General	16	None	The access history in hive \??\C:\Users\gunis\AppData\Local\Packages\NotepadPlusPlus_7njy0v32s6xk6\SystemAppData\Helium\User.dat was cleared updating 1 keys and creating 1 modified pages.
Information	24-11-2025 13:32:11	Microsoft-Windows-Kernel-General	16	None	The access history in hive \??\C:\ProgramData\Packages\Microsoft.WindowsNotepad_8wekyb3d8bbwe\S-1-5-21-2782663264-3991100608-3008750438-1001\SystemAppData\Helium\Cache\38b9be63518d070d_COM15.dat was cleared updating 1 keys and creating 1 modified pages.
Information	24-11-2025 13:32:10	Microsoft-Windows-Kernel-General	16	None	The access history in hive \??\C:\ProgramData\Packages\AdobeNotificationClient_enpm4xejd91yc\S-1-5-21-2782663264-3991100608-3008750438-1001\SystemAppData\Helium\Cache\c35f511755d88deb_COM15.dat was cleared updating 1 keys and creating 1 modified pages.
Information	24-11-2025 13:32:10	Microsoft-Windows-Kernel-General	16	None	The access history in hive \??\C:\Users\gunis\AppData\Local\Packages\AdobeNotificationClient_enpm4xejd91yc\SystemAppData\Helium\UserClasses.dat was cleared updating 1 keys and creating 1 modified pages.
Information	24-11-2025 13:32:10	Microsoft-Windows-Kernel-General	16	None	The access history in hive \??\C:\Users\gunis\AppData\Local\Packages\AdobeNotificationClient_enpm4xejd91yc\SystemAppData\Helium\User.dat was cleared updating 7 keys and creating 1 modified pages.
Information	24-11-2025 13:31:20	Netwtw14	7021	None	7021 - Connection telemetry fields and analysis usage
Information	24-11-2025 13:30:12	Microsoft-Windows-Kernel-Power	566	(268)	"The system session has transitioned from 14 to 15.

Reason PolicyChange 

BootId: 608"
Information	24-11-2025 13:30:12	Microsoft-Windows-Kernel-Power	507	(158)	"The system is exiting Modern Standby 

Reason: Lid."
Information	24-11-2025 13:30:11	Microsoft-Windows-Kernel-Power	172	(203)	Connectivity state in standby: Connected, Reason: None
Warning	24-11-2025 13:30:11	Win32k	701	None	Power Manager has not requested suppression of all input (INPUT_SUPPRESS_REQUEST=0)
Warning	24-11-2025 13:30:11	Win32k	701	None	Power Manager has not requested suppression of all input (INPUT_SUPPRESS_REQUEST=0)
Information	24-11-2025 13:30:05	Microsoft-Windows-Kernel-Power	172	(203)	Connectivity state in standby: Disconnected, Reason: Adaptive Connected Standby
Information	24-11-2025 13:29:58	Microsoft-Windows-Kernel-Power	566	(268)	"The system session has transitioned from 13 to 14.

Reason PolicyChange 

BootId: 608"
Information	24-11-2025 13:29:58	Microsoft-Windows-Kernel-Power	506	(157)	"The system is entering Modern Standby 

Reason: Lid."
Information	24-11-2025 13:29:58	Microsoft-Windows-Kernel-Power	566	(268)	"The system session has transitioned from 12 to 13.

Reason PolicyChange 

BootId: 608"
Warning	24-11-2025 13:29:58	Win32k	700	None	Power Manager has requested suppression of all input (INPUT_SUPPRESS_REQUEST=1)
Warning	24-11-2025 13:29:58	Win32k	700	None	Power Manager has requested suppression of all input (INPUT_SUPPRESS_REQUEST=1)
Information	24-11-2025 13:29:13	Microsoft-Windows-Kernel-Power	566	(268)	"The system session has transitioned from 11 to 12.

Reason PolicyChange 

BootId: 608"
Information	24-11-2025 13:29:13	Microsoft-Windows-Kernel-Power	507	(158)	"The system is exiting Modern Standby 

Reason: Lid."
Information	24-11-2025 13:29:13	Microsoft-Windows-Kernel-Power	172	(203)	Connectivity state in standby: Connected, Reason: None
Warning	24-11-2025 13:29:13	Win32k	701	None	Power Manager has not requested suppression of all input (INPUT_SUPPRESS_REQUEST=0)
Warning	24-11-2025 13:29:13	Win32k	701	None	Power Manager has not requested suppression of all input (INPUT_SUPPRESS_REQUEST=0)
Information	24-11-2025 13:28:13	Microsoft-Windows-Kernel-Power	172	(203)	Connectivity state in standby: Disconnected, Reason: Adaptive Connected Standby
Information	24-11-2025 13:28:06	Microsoft-Windows-Kernel-Power	566	(268)	"The system session has transitioned from 10 to 11.

Reason PolicyChange 

BootId: 608"
Information	24-11-2025 13:28:06	Microsoft-Windows-Kernel-Power	506	(157)	"The system is entering Modern Standby 

Reason: Lid."
Information	24-11-2025 13:28:06	Microsoft-Windows-Kernel-Power	566	(268)	"The system session has transitioned from 9 to 10.

Reason PolicyChange 

BootId: 608"
Warning	24-11-2025 13:28:06	Win32k	700	None	Power Manager has requested suppression of all input (INPUT_SUPPRESS_REQUEST=1)
Warning	24-11-2025 13:28:06	Win32k	700	None	Power Manager has requested suppression of all input (INPUT_SUPPRESS_REQUEST=1)
Information	24-11-2025 13:28:00	Microsoft-Windows-Kernel-Power	566	(268)	"The system session has transitioned from 8 to 9.

Reason PolicyChange 

BootId: 608"
Information	24-11-2025 13:28:00	Microsoft-Windows-Kernel-Power	507	(158)	"The system is exiting Modern Standby 

Reason: Lid."
Information	24-11-2025 13:28:00	Microsoft-Windows-Kernel-Power	172	(203)	Connectivity state in standby: Connected, Reason: None
Warning	24-11-2025 13:28:00	Win32k	701	None	Power Manager has not requested suppression of all input (INPUT_SUPPRESS_REQUEST=0)
Warning	24-11-2025 13:28:00	Win32k	701	None	Power Manager has not requested suppression of all input (INPUT_SUPPRESS_REQUEST=0)
Information	24-11-2025 13:26:23	Microsoft-Windows-Kernel-Power	172	(203)	Connectivity state in standby: Disconnected, Reason: Adaptive Connected Standby
Information	24-11-2025 13:26:15	Microsoft-Windows-Kernel-Power	566	(268)	"The system session has transitioned from 7 to 8.

Reason PolicyChange 

BootId: 608"
Information	24-11-2025 13:26:15	Microsoft-Windows-Kernel-Power	506	(157)	"The system is entering Modern Standby 

Reason: Lid."
Information	24-11-2025 13:26:15	Microsoft-Windows-Kernel-Power	566	(268)	"The system session has transitioned from 6 to 7.

Reason PolicyChange 

BootId: 608"
Warning	24-11-2025 13:26:15	Win32k	700	None	Power Manager has requested suppression of all input (INPUT_SUPPRESS_REQUEST=1)
Warning	24-11-2025 13:26:15	Win32k	700	None	Power Manager has requested suppression of all input (INPUT_SUPPRESS_REQUEST=1)
Information	24-11-2025 13:26:13	Netwtw14	7021	None	7021 - Connection telemetry fields and analysis usage
Information	24-11-2025 13:26:08	Netwtw14	7021	None	7021 - Connection telemetry fields and analysis usage
Information	24-11-2025 13:26:01	Netwtw14	7021	None	7021 - Connection telemetry fields and analysis usage
Information	24-11-2025 13:26:00	Netwtw14	7021	None	7021 - Connection telemetry fields and analysis usage
Information	24-11-2025 13:25:56	Microsoft-Windows-Kernel-Power	566	(268)	"The system session has transitioned from 5 to 6.

Reason InputAccelerometer 

BootId: 608"
Information	24-11-2025 13:25:56	Microsoft-Windows-Kernel-Power	507	(158)	"The system is exiting Modern Standby 

Reason: Input Keyboard."
Information	24-11-2025 13:25:56	Microsoft-Windows-Kernel-Power	172	(203)	Connectivity state in standby: Connected, Reason: None
Information	24-11-2025 13:25:40	Microsoft-Windows-Kernel-Power	172	(203)	Connectivity state in standby: Disconnected, Reason: Adaptive Connected Standby
Information	24-11-2025 13:25:34	Microsoft-Windows-Kernel-Power	566	(268)	"The system session has transitioned from 4 to 5.

Reason SessionUnlock 

BootId: 608"
Information	24-11-2025 13:25:31	Netwtw14	7021	None	7021 - Connection telemetry fields and analysis usage
Information	24-11-2025 13:25:30	Netwtw14	7021	None	7021 - Connection telemetry fields and analysis usage
Information	24-11-2025 13:25:30	Netwtw14	7021	None	7021 - Connection telemetry fields and analysis usage
Information	24-11-2025 13:25:29	Netwtw14	7021	None	7021 - Connection telemetry fields and analysis usage
Information	24-11-2025 13:25:26	Netwtw14	7021	None	7021 - Connection telemetry fields and analysis usage
Information	24-11-2025 13:25:26	Netwtw14	7021	None	7021 - Connection telemetry fields and analysis usage
Information	24-11-2025 13:25:25	Netwtw14	7021	None	7021 - Connection telemetry fields and analysis usage
Information	24-11-2025 13:25:25	Netwtw14	7021	None	7021 - Connection telemetry fields and analysis usage
Information	24-11-2025 13:25:23	Netwtw14	7021	None	7021 - Connection telemetry fields and analysis usage
Information	24-11-2025 13:25:22	Netwtw14	7021	None	7021 - Connection telemetry fields and analysis usage
Information	24-11-2025 13:25:22	Netwtw14	7021	None	7021 - Connection telemetry fields and analysis usage
Information	24-11-2025 13:25:21	Netwtw14	7021	None	7021 - Connection telemetry fields and analysis usage
Information	24-11-2025 13:25:16	Netwtw14	7021	None	7021 - Connection telemetry fields and analysis usage
Information	24-11-2025 13:25:16	Netwtw14	7021	None	7021 - Connection telemetry fields and analysis usage
Information	24-11-2025 13:25:15	Netwtw14	7021	None	7021 - Connection telemetry fields and analysis usage
Information	24-11-2025 13:25:15	Microsoft-Windows-Kernel-Power	506	(157)	"The system is entering Modern Standby 

Reason: Idle Timeout."
Information	24-11-2025 13:25:15	Microsoft-Windows-Kernel-Power	566	(268)	"The system session has transitioned from 3 to 4.

Reason SessionUnlock 

BootId: 608"
Information	24-11-2025 13:25:15	Netwtw14	7021	None	7021 - Connection telemetry fields and analysis usage
Information	24-11-2025 13:25:10	Netwtw14	7021	None	7021 - Connection telemetry fields and analysis usage
Information	24-11-2025 13:25:09	Netwtw14	7021	None	7021 - Connection telemetry fields and analysis usage
Information	24-11-2025 13:25:09	Netwtw14	7021	None	7021 - Connection telemetry fields and analysis usage
Information	24-11-2025 13:25:09	Netwtw14	7021	None	7021 - Connection telemetry fields and analysis usage
Information	24-11-2025 13:25:06	Netwtw14	7021	None	7021 - Connection telemetry fields and analysis usage
Information	24-11-2025 13:25:06	Netwtw14	7021	None	7021 - Connection telemetry fields and analysis usage
Information	24-11-2025 13:25:06	Netwtw14	7021	None	7021 - Connection telemetry fields and analysis usage
Information	24-11-2025 13:25:05	Netwtw14	7021	None	7021 - Connection telemetry fields and analysis usage
Information	24-11-2025 13:25:05	Netwtw14	7021	None	7021 - Connection telemetry fields and analysis usage
Information	24-11-2025 13:22:11	Microsoft-Windows-Kernel-Power	566	(268)	"The system session has transitioned from 2 to 3.

Reason PolicyChange 

BootId: 608"
Information	24-11-2025 13:22:11	Microsoft-Windows-Kernel-Power	507	(158)	"The system is exiting Modern Standby 

Reason: Lid."
Information	24-11-2025 13:22:10	Microsoft-Windows-Kernel-Power	172	(203)	Connectivity state in standby: Connected, Reason: None
Warning	24-11-2025 13:22:10	Win32k	701	None	Power Manager has not requested suppression of all input (INPUT_SUPPRESS_REQUEST=0)
Warning	24-11-2025 13:22:10	Win32k	701	None	Power Manager has not requested suppression of all input (INPUT_SUPPRESS_REQUEST=0)
Information	24-11-2025 13:21:49	Microsoft-Windows-Kernel-Power	172	(203)	Connectivity state in standby: Disconnected, Reason: Adaptive Connected Standby
Information	24-11-2025 13:21:47	Microsoft-Windows-Kernel-General	16	None	The access history in hive \??\C:\ProgramData\Microsoft\Provisioning\Microsoft-Desktop-Provisioning-Sequence.dat was cleared updating 0 keys and creating 0 modified pages.
Information	24-11-2025 13:21:43	Microsoft-Windows-Kernel-Power	566	(268)	"The system session has transitioned from 1 to 2.

Reason PolicyChange 

BootId: 608"
Information	24-11-2025 13:21:43	Microsoft-Windows-Kernel-Power	506	(157)	"The system is entering Modern Standby 

Reason: Lid."
Information	24-11-2025 13:21:43	Microsoft-Windows-Kernel-Power	566	(268)	"The system session has transitioned from 0 to 1.

Reason PolicyChange 

BootId: 608"
Warning	24-11-2025 13:21:43	Win32k	700	None	Power Manager has requested suppression of all input (INPUT_SUPPRESS_REQUEST=1)
Warning	24-11-2025 13:21:43	Win32k	700	None	Power Manager has requested suppression of all input (INPUT_SUPPRESS_REQUEST=1)
Warning	24-11-2025 13:21:15	Microsoft-Windows-DistributedCOM	10016	None	"The application-specific permission settings do not grant Local Activation permission for the COM Server application with CLSID 
{2593F8B9-4EAF-457C-B68A-50F6B8EA6B54}
 and APPID 
{15C20B67-12E7-4BB6-92BB-7AFF07997402}
 to the user Saiganesh\gunis SID (S-1-5-21-2782663264-3991100608-3008750438-1001) from address LocalHost (Using LRPC) running in the application container OpenAI.ChatGPT-Desktop_1.2025.258.0_x64__2p2nqsd0c76g0 SID (Unavailable). This security permission can be modified using the Component Services administrative tool."
Warning	24-11-2025 13:18:46	Microsoft-Windows-DNS-Client	1014	(1014)	Name resolution for the name ims-prod06.adobelogin.com timed out after none of the configured DNS servers responded. Client PID 25788.
Warning	24-11-2025 13:18:41	Netwtw14	6062	None	6062 - Lso was triggered
Information	24-11-2025 13:17:35	RFDriveFs2	1	None	"The description for Event ID 1 from source RFDriveFs2 cannot be found. Either the component that raises this event is not installed on your local computer or the installation is corrupted. You can install or repair the component on the local computer.

If the event originated on another computer, the display information had to be saved with the event.

The following information was included with the event: 

No mount entry found.

The message resource is present but the message was not found in the message table
"
