Warning	25-11-2025 12:16:02	winsrvext	100	None	Process C:\Users\gunis\AppData\Local\Kingsoft\WPS Office\12.2.0.23155\office6\wpscloudsvr.exe is delaying system shutdown after 5110 milliseconds.
Information	25-11-2025 12:15:57	Microsoft-Windows-IsolatedUserMode	2	None	Secure Trustlet Id 0 and Pid 0 stopped with status STATUS_SUCCESS.
Information	25-11-2025 12:15:56	User32	1074	None	"The process C:\Windows\SystemApps\Microsoft.Windows.StartMenuExperienceHost_cw5n1h2txyewy\StartMenuExperienceHost.exe (SAIGANESH) has initiated the power off of computer SAIGANESH on behalf of user Saiganesh\gunis for the following reason: Other (Unplanned)
 Reason Code: 0x0
 Shutdown Type: power off
 Comment: "
Information	25-11-2025 12:00:00	EventLog	6013	None	The system uptime is 8718 seconds.
Information	25-11-2025 11:57:44	RFDriveFs2	1	None	"The description for Event ID 1 from source RFDriveFs2 cannot be found. Either the component that raises this event is not installed on your local computer or the installation is corrupted. You can install or repair the component on the local computer.

If the event originated on another computer, the display information had to be saved with the event.

The following information was included with the event: 

No mount entry found.

The message resource is present but the message was not found in the message table
"
Information	25-11-2025 11:57:44	RFDriveFs2	1	None	"The description for Event ID 1 from source RFDriveFs2 cannot be found. Either the component that raises this event is not installed on your local computer or the installation is corrupted. You can install or repair the component on the local computer.

If the event originated on another computer, the display information had to be saved with the event.

The following information was included with the event: 

Finding mount entry; mount point = \DosDevices\C:\ShareHub\moto g85 5G.

The message resource is present but the message was not found in the message table
"
Information	25-11-2025 11:57:44	RFDriveFs2	1	None	"The description for Event ID 1 from source RFDriveFs2 cannot be found. Either the component that raises this event is not installed on your local computer or the installation is corrupted. You can install or repair the component on the local computer.

If the event originated on another computer, the display information had to be saved with the event.

The following information was included with the event: 

Ignoring keepalive close because unmount is already in progress.

The message resource is present but the message was not found in the message table
"
Information	25-11-2025 11:57:44	RFDriveFs2	1	None	"The description for Event ID 1 from source RFDriveFs2 cannot be found. Either the component that raises this event is not installed on your local computer or the installation is corrupted. You can install or repair the component on the local computer.

If the event originated on another computer, the display information had to be saved with the event.

The following information was included with the event: 

No mount entry found.

The message resource is present but the message was not found in the message table
"
Information	25-11-2025 11:57:44	RFDriveFs2	1	None	"The description for Event ID 1 from source RFDriveFs2 cannot be found. Either the component that raises this event is not installed on your local computer or the installation is corrupted. You can install or repair the component on the local computer.

If the event originated on another computer, the display information had to be saved with the event.

The following information was included with the event: 

Finding mount entry; mount point = \DosDevices\C:\ShareHub\moto g85 5G.

The message resource is present but the message was not found in the message table
"
Information	25-11-2025 11:57:44	RFDriveFs2	1	None	"The description for Event ID 1 from source RFDriveFs2 cannot be found. Either the component that raises this event is not installed on your local computer or the installation is corrupted. You can install or repair the component on the local computer.

If the event originated on another computer, the display information had to be saved with the event.

The following information was included with the event: 

Finished event release.

The message resource is present but the message was not found in the message table
"
Information	25-11-2025 11:57:44	RFDriveFs2	1	None	"The description for Event ID 1 from source RFDriveFs2 cannot be found. Either the component that raises this event is not installed on your local computer or the installation is corrupted. You can install or repair the component on the local computer.

If the event originated on another computer, the display information had to be saved with the event.

The following information was included with the event: 

Finished deleting device.

The message resource is present but the message was not found in the message table
"
Information	25-11-2025 11:57:44	RFDriveFs2	1	None	"The description for Event ID 1 from source RFDriveFs2 cannot be found. Either the component that raises this event is not installed on your local computer or the installation is corrupted. You can install or repair the component on the local computer.

If the event originated on another computer, the display information had to be saved with the event.

The following information was included with the event: 

Deleting volume device object.

The message resource is present but the message was not found in the message table
"
Information	25-11-2025 11:57:44	RFDriveFs2	1	None	"The description for Event ID 1 from source RFDriveFs2 cannot be found. Either the component that raises this event is not installed on your local computer or the installation is corrupted. You can install or repair the component on the local computer.

If the event originated on another computer, the display information had to be saved with the event.

The following information was included with the event: 

7-964f1e9f5de9}

The message resource is present but the message was not found in the message table
"
Information	25-11-2025 11:57:44	RFDriveFs2	1	None	"The description for Event ID 1 from source RFDriveFs2 cannot be found. Either the component that raises this event is not installed on your local computer or the installation is corrupted. You can install or repair the component on the local computer.

If the event originated on another computer, the display information had to be saved with the event.

The following information was included with the event: 

Mount entry found: \DosDevices\C:\ShareHub\moto g85 5G -> \Device\Volume{d6cc17c5-1736-4085-bce

The message resource is present but the message was not found in the message table
"
Information	25-11-2025 11:57:44	RFDriveFs2	1	None	"The description for Event ID 1 from source RFDriveFs2 cannot be found. Either the component that raises this event is not installed on your local computer or the installation is corrupted. You can install or repair the component on the local computer.

If the event originated on another computer, the display information had to be saved with the event.

The following information was included with the event: 

Found entry with matching device name: \Device\Volume{d6cc17c5-1736-4085-bce7-964f1e9f5de9}

The message resource is present but the message was not found in the message table
"
Information	25-11-2025 11:57:44	RFDriveFs2	1	None	"The description for Event ID 1 from source RFDriveFs2 cannot be found. Either the component that raises this event is not installed on your local computer or the installation is corrupted. You can install or repair the component on the local computer.

If the event originated on another computer, the display information had to be saved with the event.

The following information was included with the event: 

Finding mount entry; mount point = .

The message resource is present but the message was not found in the message table
"
Information	25-11-2025 11:57:44	RFDriveFs2	1	None	"The description for Event ID 1 from source RFDriveFs2 cannot be found. Either the component that raises this event is not installed on your local computer or the installation is corrupted. You can install or repair the component on the local computer.

If the event originated on another computer, the display information had to be saved with the event.

The following information was included with the event: 

Removing mount entry.

The message resource is present but the message was not found in the message table
"
Information	25-11-2025 11:57:44	RFDriveFs2	1	None	"The description for Event ID 1 from source RFDriveFs2 cannot be found. Either the component that raises this event is not installed on your local computer or the installation is corrupted. You can install or repair the component on the local computer.

If the event originated on another computer, the display information had to be saved with the event.

The following information was included with the event: 

7-964f1e9f5de9}

The message resource is present but the message was not found in the message table
"
Information	25-11-2025 11:57:44	RFDriveFs2	1	None	"The description for Event ID 1 from source RFDriveFs2 cannot be found. Either the component that raises this event is not installed on your local computer or the installation is corrupted. You can install or repair the component on the local computer.

If the event originated on another computer, the display information had to be saved with the event.

The following information was included with the event: 

Mount entry found: \DosDevices\C:\ShareHub\moto g85 5G -> \Device\Volume{d6cc17c5-1736-4085-bce

The message resource is present but the message was not found in the message table
"
Information	25-11-2025 11:57:44	RFDriveFs2	1	None	"The description for Event ID 1 from source RFDriveFs2 cannot be found. Either the component that raises this event is not installed on your local computer or the installation is corrupted. You can install or repair the component on the local computer.

If the event originated on another computer, the display information had to be saved with the event.

The following information was included with the event: 

Found entry with matching device name: \Device\Volume{d6cc17c5-1736-4085-bce7-964f1e9f5de9}

The message resource is present but the message was not found in the message table
"
Information	25-11-2025 11:57:44	RFDriveFs2	1	None	"The description for Event ID 1 from source RFDriveFs2 cannot be found. Either the component that raises this event is not installed on your local computer or the installation is corrupted. You can install or repair the component on the local computer.

If the event originated on another computer, the display information had to be saved with the event.

The following information was included with the event: 

Finding mount entry; mount point = .

The message resource is present but the message was not found in the message table
"
Information	25-11-2025 11:57:44	RFDriveFs2	1	None	"The description for Event ID 1 from source RFDriveFs2 cannot be found. Either the component that raises this event is not installed on your local computer or the installation is corrupted. You can install or repair the component on the local computer.

If the event originated on another computer, the display information had to be saved with the event.

The following information was included with the event: 

Deleting device object.

The message resource is present but the message was not found in the message table
"
Information	25-11-2025 11:57:44	RFDriveFs2	1	None	"The description for Event ID 1 from source RFDriveFs2 cannot be found. Either the component that raises this event is not installed on your local computer or the installation is corrupted. You can install or repair the component on the local computer.

If the event originated on another computer, the display information had to be saved with the event.

The following information was included with the event: 

Cleaning up all change notification waiters.

The message resource is present but the message was not found in the message table
"
Information	25-11-2025 11:57:44	RFDriveFs2	1	None	"The description for Event ID 1 from source RFDriveFs2 cannot be found. Either the component that raises this event is not installed on your local computer or the installation is corrupted. You can install or repair the component on the local computer.

If the event originated on another computer, the display information had to be saved with the event.

The following information was included with the event: 

stopFcbGarbageCollector.

The message resource is present but the message was not found in the message table
"
Information	25-11-2025 11:57:44	RFDriveFs2	1	None	"The description for Event ID 1 from source RFDriveFs2 cannot be found. Either the component that raises this event is not installed on your local computer or the installation is corrupted. You can install or repair the component on the local computer.

If the event originated on another computer, the display information had to be saved with the event.

The following information was included with the event: 

Stopping FCB garbage collector.

The message resource is present but the message was not found in the message table
"
Information	25-11-2025 11:57:44	RFDriveFs2	1	None	"The description for Event ID 1 from source RFDriveFs2 cannot be found. Either the component that raises this event is not installed on your local computer or the installation is corrupted. You can install or repair the component on the local computer.

If the event originated on another computer, the display information had to be saved with the event.

The following information was included with the event: 

Starting unmount for device ""\Device\Volume{d6cc17c5-1736-4085-bce7-964f1e9f5de9}""

The message resource is present but the message was not found in the message table
"
Information	25-11-2025 11:57:44	RFDriveFs2	1	None	"The description for Event ID 1 from source RFDriveFs2 cannot be found. Either the component that raises this event is not installed on your local computer or the installation is corrupted. You can install or repair the component on the local computer.

If the event originated on another computer, the display information had to be saved with the event.

The following information was included with the event: 

Mount manager is disabled for this device or dokan initiated deletion; ignoring.

The message resource is present but the message was not found in the message table
"
Information	25-11-2025 11:57:44	RFDriveFs2	1	None	"The description for Event ID 1 from source RFDriveFs2 cannot be found. Either the component that raises this event is not installed on your local computer or the installation is corrupted. You can install or repair the component on the local computer.

If the event originated on another computer, the display information had to be saved with the event.

The following information was included with the event: 

Link deleted: ""\??\Volume{dffd7e71-c9b3-11f0-b8f0-6c2f80c1590c}""

The message resource is present but the message was not found in the message table
"
Information	25-11-2025 11:57:44	RFDriveFs2	1	None	"The description for Event ID 1 from source RFDriveFs2 cannot be found. Either the component that raises this event is not installed on your local computer or the installation is corrupted. You can install or repair the component on the local computer.

If the event originated on another computer, the display information had to be saved with the event.

The following information was included with the event: 

Entered event release.

The message resource is present but the message was not found in the message table
"
Information	25-11-2025 11:57:44	RFDriveFs2	1	None	"The description for Event ID 1 from source RFDriveFs2 cannot be found. Either the component that raises this event is not installed on your local computer or the installation is corrupted. You can install or repair the component on the local computer.

If the event originated on another computer, the display information had to be saved with the event.

The following information was included with the event: 

7-964f1e9f5de9}

The message resource is present but the message was not found in the message table
"
Information	25-11-2025 11:57:44	RFDriveFs2	1	None	"The description for Event ID 1 from source RFDriveFs2 cannot be found. Either the component that raises this event is not installed on your local computer or the installation is corrupted. You can install or repair the component on the local computer.

If the event originated on another computer, the display information had to be saved with the event.

The following information was included with the event: 

Mount entry found: \DosDevices\C:\ShareHub\moto g85 5G -> \Device\Volume{d6cc17c5-1736-4085-bce

The message resource is present but the message was not found in the message table
"
Information	25-11-2025 11:57:44	RFDriveFs2	1	None	"The description for Event ID 1 from source RFDriveFs2 cannot be found. Either the component that raises this event is not installed on your local computer or the installation is corrupted. You can install or repair the component on the local computer.

If the event originated on another computer, the display information had to be saved with the event.

The following information was included with the event: 

Found entry with matching mount point.

The message resource is present but the message was not found in the message table
"
Information	25-11-2025 11:57:44	RFDriveFs2	1	None	"The description for Event ID 1 from source RFDriveFs2 cannot be found. Either the component that raises this event is not installed on your local computer or the installation is corrupted. You can install or repair the component on the local computer.

If the event originated on another computer, the display information had to be saved with the event.

The following information was included with the event: 

Finding mount entry; mount point = \DosDevices\C:\ShareHub\moto g85 5G.

The message resource is present but the message was not found in the message table
"
Information	25-11-2025 11:46:42	RFDriveFs2	1	None	"The description for Event ID 1 from source RFDriveFs2 cannot be found. Either the component that raises this event is not installed on your local computer or the installation is corrupted. You can install or repair the component on the local computer.

If the event originated on another computer, the display information had to be saved with the event.

The following information was included with the event: 

Opened file with user mode dispatch blocked: ""\drive_fs_notification""

The message resource is present but the message was not found in the message table
"
Information	25-11-2025 11:46:42	RFDriveFs2	1	None	"The description for Event ID 1 from source RFDriveFs2 cannot be found. Either the component that raises this event is not installed on your local computer or the installation is corrupted. You can install or repair the component on the local computer.

If the event originated on another computer, the display information had to be saved with the event.

The following information was included with the event: 

Handle created before IOCTL_EVENT_WAIT for file ""(null)""

The message resource is present but the message was not found in the message table
"
Information	25-11-2025 11:46:42	RFDriveFs2	1	None	"The description for Event ID 1 from source RFDriveFs2 cannot be found. Either the component that raises this event is not installed on your local computer or the installation is corrupted. You can install or repair the component on the local computer.

If the event originated on another computer, the display information had to be saved with the event.

The following information was included with the event: 

Activating keepalive handle from process 12308.

The message resource is present but the message was not found in the message table
"
Information	25-11-2025 11:46:42	RFDriveFs2	1	None	"The description for Event ID 1 from source RFDriveFs2 cannot be found. Either the component that raises this event is not installed on your local computer or the installation is corrupted. You can install or repair the component on the local computer.

If the event originated on another computer, the display information had to be saved with the event.

The following information was included with the event: 

Opened keepalive file from process 12308.

The message resource is present but the message was not found in the message table
"
Information	25-11-2025 11:46:42	RFDriveFs2	1	None	"The description for Event ID 1 from source RFDriveFs2 cannot be found. Either the component that raises this event is not installed on your local computer or the installation is corrupted. You can install or repair the component on the local computer.

If the event originated on another computer, the display information had to be saved with the event.

The following information was included with the event: 

Opened file with user mode dispatch blocked: ""\__drive_fs_keepalive""

The message resource is present but the message was not found in the message table
"
Information	25-11-2025 11:46:42	RFDriveFs2	1	None	"The description for Event ID 1 from source RFDriveFs2 cannot be found. Either the component that raises this event is not installed on your local computer or the installation is corrupted. You can install or repair the component on the local computer.

If the event originated on another computer, the display information had to be saved with the event.

The following information was included with the event: 

Finished event start with status 1 and flags: 0

The message resource is present but the message was not found in the message table
"
Information	25-11-2025 11:46:42	RFDriveFs2	1	None	"The description for Event ID 1 from source RFDriveFs2 cannot be found. Either the component that raises this event is not installed on your local computer or the installation is corrupted. You can install or repair the component on the local computer.

If the event originated on another computer, the display information had to be saved with the event.

The following information was included with the event: 

Handle created before IOCTL_EVENT_WAIT for file ""\$Extend\$Reparse:$R:$INDEX_ALLOCATION""

The message resource is present but the message was not found in the message table
"
Information	25-11-2025 11:46:42	RFDriveFs2	1	None	"The description for Event ID 1 from source RFDriveFs2 cannot be found. Either the component that raises this event is not installed on your local computer or the installation is corrupted. You can install or repair the component on the local computer.

If the event originated on another computer, the display information had to be saved with the event.

The following information was included with the event: 

7-964f1e9f5de9}

The message resource is present but the message was not found in the message table
"
Information	25-11-2025 11:46:42	RFDriveFs2	1	None	"The description for Event ID 1 from source RFDriveFs2 cannot be found. Either the component that raises this event is not installed on your local computer or the installation is corrupted. You can install or repair the component on the local computer.

If the event originated on another computer, the display information had to be saved with the event.

The following information was included with the event: 

Mount entry found: \DosDevices\C:\ShareHub\moto g85 5G -> \Device\Volume{d6cc17c5-1736-4085-bce

The message resource is present but the message was not found in the message table
"
Information	25-11-2025 11:46:42	RFDriveFs2	1	None	"The description for Event ID 1 from source RFDriveFs2 cannot be found. Either the component that raises this event is not installed on your local computer or the installation is corrupted. You can install or repair the component on the local computer.

If the event originated on another computer, the display information had to be saved with the event.

The following information was included with the event: 

Found entry with matching mount point.

The message resource is present but the message was not found in the message table
"
Information	25-11-2025 11:46:42	RFDriveFs2	1	None	"The description for Event ID 1 from source RFDriveFs2 cannot be found. Either the component that raises this event is not installed on your local computer or the installation is corrupted. You can install or repair the component on the local computer.

If the event originated on another computer, the display information had to be saved with the event.

The following information was included with the event: 

Finding mount entry; mount point = \DosDevices\C:\ShareHub\moto g85 5G.

The message resource is present but the message was not found in the message table
"
Information	25-11-2025 11:46:42	RFDriveFs2	1	None	"The description for Event ID 1 from source RFDriveFs2 cannot be found. Either the component that raises this event is not installed on your local computer or the installation is corrupted. You can install or repair the component on the local computer.

If the event originated on another computer, the display information had to be saved with the event.

The following information was included with the event: 

Mounting successfully done.

The message resource is present but the message was not found in the message table
"
Information	25-11-2025 11:46:42	RFDriveFs2	1	None	"The description for Event ID 1 from source RFDriveFs2 cannot be found. Either the component that raises this event is not installed on your local computer or the installation is corrupted. You can install or repair the component on the local computer.

If the event originated on another computer, the display information had to be saved with the event.

The following information was included with the event: 

Link created: ""\??\Volume{dffd7e71-c9b3-11f0-b8f0-6c2f80c1590c}""

The message resource is present but the message was not found in the message table
"
Information	25-11-2025 11:46:42	RFDriveFs2	1	None	"The description for Event ID 1 from source RFDriveFs2 cannot be found. Either the component that raises this event is not installed on your local computer or the installation is corrupted. You can install or repair the component on the local computer.

If the event originated on another computer, the display information had to be saved with the event.

The following information was included with the event: 

 5G""

The message resource is present but the message was not found in the message table
"
Information	25-11-2025 11:46:42	RFDriveFs2	1	None	"The description for Event ID 1 from source RFDriveFs2 cannot be found. Either the component that raises this event is not installed on your local computer or the installation is corrupted. You can install or repair the component on the local computer.

If the event originated on another computer, the display information had to be saved with the event.

The following information was included with the event: 

Not suggesting link name due to non-drive-letter mount point: ""\DosDevices\C:\ShareHub\moto g85

The message resource is present but the message was not found in the message table
"
Information	25-11-2025 11:46:42	RFDriveFs2	1	None	"The description for Event ID 1 from source RFDriveFs2 cannot be found. Either the component that raises this event is not installed on your local computer or the installation is corrupted. You can install or repair the component on the local computer.

If the event originated on another computer, the display information had to be saved with the event.

The following information was included with the event: 

Mount manager is querying for desired drive letter. ForceDriveLetterAutoAssignment = 0

The message resource is present but the message was not found in the message table
"
Information	25-11-2025 11:46:42	RFDriveFs2	1	None	"The description for Event ID 1 from source RFDriveFs2 cannot be found. Either the component that raises this event is not installed on your local computer or the installation is corrupted. You can install or repair the component on the local computer.

If the event originated on another computer, the display information had to be saved with the event.

The following information was included with the event: 

7-964f1e9f5de9}

The message resource is present but the message was not found in the message table
"
Information	25-11-2025 11:46:42	RFDriveFs2	1	None	"The description for Event ID 1 from source RFDriveFs2 cannot be found. Either the component that raises this event is not installed on your local computer or the installation is corrupted. You can install or repair the component on the local computer.

If the event originated on another computer, the display information had to be saved with the event.

The following information was included with the event: 

Mount entry found: \DosDevices\C:\ShareHub\moto g85 5G -> \Device\Volume{d6cc17c5-1736-4085-bce

The message resource is present but the message was not found in the message table
"
Information	25-11-2025 11:46:42	RFDriveFs2	1	None	"The description for Event ID 1 from source RFDriveFs2 cannot be found. Either the component that raises this event is not installed on your local computer or the installation is corrupted. You can install or repair the component on the local computer.

If the event originated on another computer, the display information had to be saved with the event.

The following information was included with the event: 

Starting FCB garbage collector with 2000 ms interval.

The message resource is present but the message was not found in the message table
"
Information	25-11-2025 11:46:42	RFDriveFs2	1	None	"The description for Event ID 1 from source RFDriveFs2 cannot be found. Either the component that raises this event is not installed on your local computer or the installation is corrupted. You can install or repair the component on the local computer.

If the event originated on another computer, the display information had to be saved with the event.

The following information was included with the event: 

Found entry with matching device name: \Device\Volume{d6cc17c5-1736-4085-bce7-964f1e9f5de9}

The message resource is present but the message was not found in the message table
"
Information	25-11-2025 11:46:42	RFDriveFs2	1	None	"The description for Event ID 1 from source RFDriveFs2 cannot be found. Either the component that raises this event is not installed on your local computer or the installation is corrupted. You can install or repair the component on the local computer.

If the event originated on another computer, the display information had to be saved with the event.

The following information was included with the event: 

Finding mount entry; mount point = .

The message resource is present but the message was not found in the message table
"
Information	25-11-2025 11:46:42	RFDriveFs2	1	None	"The description for Event ID 1 from source RFDriveFs2 cannot be found. Either the component that raises this event is not installed on your local computer or the installation is corrupted. You can install or repair the component on the local computer.

If the event originated on another computer, the display information had to be saved with the event.

The following information was included with the event: 

6cc17c5-1736-4085-bce7-964f1e9f5de9}""

The message resource is present but the message was not found in the message table
"
Information	25-11-2025 11:46:42	RFDriveFs2	1	None	"The description for Event ID 1 from source RFDriveFs2 cannot be found. Either the component that raises this event is not installed on your local computer or the installation is corrupted. You can install or repair the component on the local computer.

If the event originated on another computer, the display information had to be saved with the event.

The following information was included with the event: 

Mounting volume using MountPoint ""\DosDevices\C:\ShareHub\moto g85 5G"" device ""\Device\Volume{d

The message resource is present but the message was not found in the message table
"
Information	25-11-2025 11:46:42	RFDriveFs2	1	None	"The description for Event ID 1 from source RFDriveFs2 cannot be found. Either the component that raises this event is not installed on your local computer or the installation is corrupted. You can install or repair the component on the local computer.

If the event originated on another computer, the display information had to be saved with the event.

The following information was included with the event: 

Event start using mount ID: 3; device name: \Volume{d6cc17c5-1736-4085-bce7-964f1e9f5de9}.

The message resource is present but the message was not found in the message table
"
Information	25-11-2025 11:46:42	RFDriveFs2	1	None	"The description for Event ID 1 from source RFDriveFs2 cannot be found. Either the component that raises this event is not installed on your local computer or the installation is corrupted. You can install or repair the component on the local computer.

If the event originated on another computer, the display information had to be saved with the event.

The following information was included with the event: 

Inserted new mount entry.

The message resource is present but the message was not found in the message table
"
Information	25-11-2025 11:46:42	RFDriveFs2	1	None	"The description for Event ID 1 from source RFDriveFs2 cannot be found. Either the component that raises this event is not installed on your local computer or the installation is corrupted. You can install or repair the component on the local computer.

If the event originated on another computer, the display information had to be saved with the event.

The following information was included with the event: 

ume{d6cc17c5-1736-4085-bce7-964f1e9f5de9}"" created

The message resource is present but the message was not found in the message table
"
Information	25-11-2025 11:46:42	RFDriveFs2	1	None	"The description for Event ID 1 from source RFDriveFs2 cannot be found. Either the component that raises this event is not installed on your local computer or the installation is corrupted. You can install or repair the component on the local computer.

If the event originated on another computer, the display information had to be saved with the event.

The following information was included with the event: 

SymbolicLink: ""\DosDevices\Global\Volume{d6cc17c5-1736-4085-bce7-964f1e9f5de9}"" -> ""\Device\Vol

The message resource is present but the message was not found in the message table
"
Information	25-11-2025 11:46:42	RFDriveFs2	1	None	"The description for Event ID 1 from source RFDriveFs2 cannot be found. Either the component that raises this event is not installed on your local computer or the installation is corrupted. You can install or repair the component on the local computer.

If the event originated on another computer, the display information had to be saved with the event.

The following information was included with the event: 

ShareHub\moto g85 5G""; type: 8

The message resource is present but the message was not found in the message table
"
Information	25-11-2025 11:46:42	RFDriveFs2	1	None	"The description for Event ID 1 from source RFDriveFs2 cannot be found. Either the component that raises this event is not installed on your local computer or the installation is corrupted. You can install or repair the component on the local computer.

If the event originated on another computer, the display information had to be saved with the event.

The following information was included with the event: 

\DosDevices\Global\Volume{d6cc17c5-1736-4085-bce7-964f1e9f5de9}""; mount point: ""\DosDevices\C:\

The message resource is present but the message was not found in the message table
"
Information	25-11-2025 11:46:42	RFDriveFs2	1	None	"The description for Event ID 1 from source RFDriveFs2 cannot be found. Either the component that raises this event is not installed on your local computer or the installation is corrupted. You can install or repair the component on the local computer.

If the event originated on another computer, the display information had to be saved with the event.

The following information was included with the event: 

disk device name: ""\Device\Volume{d6cc17c5-1736-4085-bce7-964f1e9f5de9}""; symbolic link name: ""

The message resource is present but the message was not found in the message table
"
Information	25-11-2025 11:46:42	RFDriveFs2	1	None	"The description for Event ID 1 from source RFDriveFs2 cannot be found. Either the component that raises this event is not installed on your local computer or the installation is corrupted. You can install or repair the component on the local computer.

If the event originated on another computer, the display information had to be saved with the event.

The following information was included with the event: 

Creating disk device; mount point = C:\ShareHub\moto g85 5G; mount ID = 3l

The message resource is present but the message was not found in the message table
"
Information	25-11-2025 11:46:42	RFDriveFs2	1	None	"The description for Event ID 1 from source RFDriveFs2 cannot be found. Either the component that raises this event is not installed on your local computer or the installation is corrupted. You can install or repair the component on the local computer.

If the event originated on another computer, the display information had to be saved with the event.

The following information was included with the event: 

No mount entry found.

The message resource is present but the message was not found in the message table
"
Information	25-11-2025 11:46:42	RFDriveFs2	1	None	"The description for Event ID 1 from source RFDriveFs2 cannot be found. Either the component that raises this event is not installed on your local computer or the installation is corrupted. You can install or repair the component on the local computer.

If the event originated on another computer, the display information had to be saved with the event.

The following information was included with the event: 

Finding mount entry; mount point = \DosDevices\C:\ShareHub\moto g85 5G.

The message resource is present but the message was not found in the message table
"
Information	25-11-2025 11:46:42	RFDriveFs2	1	None	"The description for Event ID 1 from source RFDriveFs2 cannot be found. Either the component that raises this event is not installed on your local computer or the installation is corrupted. You can install or repair the component on the local computer.

If the event originated on another computer, the display information had to be saved with the event.

The following information was included with the event: 

Entered event start.

The message resource is present but the message was not found in the message table
"
Information	25-11-2025 11:45:02	Netwtw14	7021	None	7021 - Connection telemetry fields and analysis usage
Information	25-11-2025 11:45:02	Netwtw14	7021	None	7021 - Connection telemetry fields and analysis usage
Information	25-11-2025 11:45:01	Netwtw14	7021	None	7021 - Connection telemetry fields and analysis usage
Information	25-11-2025 11:45:01	Netwtw14	7021	None	7021 - Connection telemetry fields and analysis usage
Information	25-11-2025 11:45:01	Netwtw14	7021	None	7021 - Connection telemetry fields and analysis usage
Information	25-11-2025 11:44:53	Netwtw14	7021	None	7021 - Connection telemetry fields and analysis usage
Information	25-11-2025 11:44:53	Netwtw14	7021	None	7021 - Connection telemetry fields and analysis usage
Information	25-11-2025 11:44:52	Netwtw14	7021	None	7021 - Connection telemetry fields and analysis usage
Information	25-11-2025 11:44:52	Netwtw14	7021	None	7021 - Connection telemetry fields and analysis usage
Information	25-11-2025 11:44:50	Microsoft-Windows-Kernel-Power	566	(268)	"The system session has transitioned from 12 to 13.

Reason PolicyChange 

BootId: 610"
Information	25-11-2025 11:44:50	Microsoft-Windows-Kernel-Power	507	(158)	"The system is exiting Modern Standby 

Reason: Lid."
Information	25-11-2025 11:44:50	BTHUSB	18	None	Windows cannot store Bluetooth authentication codes (link keys) on the local adapter. Bluetooth keyboards might not work in the system BIOS during startup.
Information	25-11-2025 11:44:50	Microsoft-Windows-Kernel-Power	172	(203)	Connectivity state in standby: Connected, Reason: None
Warning	25-11-2025 11:44:50	Win32k	701	None	Power Manager has not requested suppression of all input (INPUT_SUPPRESS_REQUEST=0)
Warning	25-11-2025 11:44:50	Win32k	701	None	Power Manager has not requested suppression of all input (INPUT_SUPPRESS_REQUEST=0)
Information	25-11-2025 11:22:18	Microsoft-Windows-Kernel-Power	172	(203)	Connectivity state in standby: Disconnected, Reason: Policy Setting
Information	25-11-2025 11:22:18	BTHUSB	18	None	Windows cannot store Bluetooth authentication codes (link keys) on the local adapter. Bluetooth keyboards might not work in the system BIOS during startup.
Information	25-11-2025 11:22:11	Microsoft-Windows-Kernel-Power	566	(268)	"The system session has transitioned from 11 to 12.

Reason 55 

BootId: 610"
Information	25-11-2025 11:22:06	Microsoft-Windows-Kernel-Power	506	(157)	"The system is entering Modern Standby 

Reason: Austerity Battery Drain Budget Exceeded."
Information	25-11-2025 11:22:06	Microsoft-Windows-Kernel-Power	566	(268)	"The system session has transitioned from 10 to 11.

Reason 55 

BootId: 610"
Information	25-11-2025 11:22:06	Microsoft-Windows-Kernel-Power	507	(158)	"The system is exiting Modern Standby 

Reason: Austerity Battery Drain Budget Exceeded."
Information	25-11-2025 11:22:06	Microsoft-Windows-Kernel-Power	172	(203)	Connectivity state in standby: Connected, Reason: None
Information	25-11-2025 11:18:53	Microsoft-Windows-Kernel-Power	172	(203)	Connectivity state in standby: Disconnected, Reason: Adaptive Connected Standby
Information	25-11-2025 11:18:45	Microsoft-Windows-Kernel-Power	566	(268)	"The system session has transitioned from 9 to 10.

Reason PolicyChange 

BootId: 610"
Information	25-11-2025 11:18:43	RFDriveFs2	1	None	"The description for Event ID 1 from source RFDriveFs2 cannot be found. Either the component that raises this event is not installed on your local computer or the installation is corrupted. You can install or repair the component on the local computer.

If the event originated on another computer, the display information had to be saved with the event.

The following information was included with the event: 

No mount entry found.

The message resource is present but the message was not found in the message table
"
Information	25-11-2025 11:18:43	RFDriveFs2	1	None	"The description for Event ID 1 from source RFDriveFs2 cannot be found. Either the component that raises this event is not installed on your local computer or the installation is corrupted. You can install or repair the component on the local computer.

If the event originated on another computer, the display information had to be saved with the event.

The following information was included with the event: 

Finding mount entry; mount point = \DosDevices\C:\ShareHub\moto g85 5G.

The message resource is present but the message was not found in the message table
"
Information	25-11-2025 11:18:43	RFDriveFs2	1	None	"The description for Event ID 1 from source RFDriveFs2 cannot be found. Either the component that raises this event is not installed on your local computer or the installation is corrupted. You can install or repair the component on the local computer.

If the event originated on another computer, the display information had to be saved with the event.

The following information was included with the event: 

Ignoring keepalive close because unmount is already in progress.

The message resource is present but the message was not found in the message table
"
Information	25-11-2025 11:18:43	RFDriveFs2	1	None	"The description for Event ID 1 from source RFDriveFs2 cannot be found. Either the component that raises this event is not installed on your local computer or the installation is corrupted. You can install or repair the component on the local computer.

If the event originated on another computer, the display information had to be saved with the event.

The following information was included with the event: 

No mount entry found.

The message resource is present but the message was not found in the message table
"
Information	25-11-2025 11:18:43	RFDriveFs2	1	None	"The description for Event ID 1 from source RFDriveFs2 cannot be found. Either the component that raises this event is not installed on your local computer or the installation is corrupted. You can install or repair the component on the local computer.

If the event originated on another computer, the display information had to be saved with the event.

The following information was included with the event: 

Finding mount entry; mount point = \DosDevices\C:\ShareHub\moto g85 5G.

The message resource is present but the message was not found in the message table
"
Information	25-11-2025 11:18:43	RFDriveFs2	1	None	"The description for Event ID 1 from source RFDriveFs2 cannot be found. Either the component that raises this event is not installed on your local computer or the installation is corrupted. You can install or repair the component on the local computer.

If the event originated on another computer, the display information had to be saved with the event.

The following information was included with the event: 

Finished event release.

The message resource is present but the message was not found in the message table
"
Information	25-11-2025 11:18:43	RFDriveFs2	1	None	"The description for Event ID 1 from source RFDriveFs2 cannot be found. Either the component that raises this event is not installed on your local computer or the installation is corrupted. You can install or repair the component on the local computer.

If the event originated on another computer, the display information had to be saved with the event.

The following information was included with the event: 

Finished deleting device.

The message resource is present but the message was not found in the message table
"
Information	25-11-2025 11:18:43	RFDriveFs2	1	None	"The description for Event ID 1 from source RFDriveFs2 cannot be found. Either the component that raises this event is not installed on your local computer or the installation is corrupted. You can install or repair the component on the local computer.

If the event originated on another computer, the display information had to be saved with the event.

The following information was included with the event: 

Deleting volume device object.

The message resource is present but the message was not found in the message table
"
Information	25-11-2025 11:18:43	RFDriveFs2	1	None	"The description for Event ID 1 from source RFDriveFs2 cannot be found. Either the component that raises this event is not installed on your local computer or the installation is corrupted. You can install or repair the component on the local computer.

If the event originated on another computer, the display information had to be saved with the event.

The following information was included with the event: 

7-964f1e9f5de9}

The message resource is present but the message was not found in the message table
"
Information	25-11-2025 11:18:43	RFDriveFs2	1	None	"The description for Event ID 1 from source RFDriveFs2 cannot be found. Either the component that raises this event is not installed on your local computer or the installation is corrupted. You can install or repair the component on the local computer.

If the event originated on another computer, the display information had to be saved with the event.

The following information was included with the event: 

Mount entry found: \DosDevices\C:\ShareHub\moto g85 5G -> \Device\Volume{d6cc17c5-1735-4085-bce

The message resource is present but the message was not found in the message table
"
Information	25-11-2025 11:18:43	RFDriveFs2	1	None	"The description for Event ID 1 from source RFDriveFs2 cannot be found. Either the component that raises this event is not installed on your local computer or the installation is corrupted. You can install or repair the component on the local computer.

If the event originated on another computer, the display information had to be saved with the event.

The following information was included with the event: 

Found entry with matching device name: \Device\Volume{d6cc17c5-1735-4085-bce7-964f1e9f5de9}

The message resource is present but the message was not found in the message table
"
