Information	25-11-2025 19:41:31	Microsoft-Windows-Kernel-Boot	238	(101)	EFI time zone bias: 2047. Daylight flags: 0. Firmware time: ‎2025‎-‎11‎-‎25T19:41:28.000000000Z.
Information	25-11-2025 19:41:31	Microsoft-Windows-Kernel-Boot	247	(99)	Unable to load Pluton-Windows firmware. StatusCode: STATUS_SUCCESS, Reason: Failed to apply firmware.
Information	25-11-2025 19:41:31	Microsoft-Windows-Kernel-Boot	20	(31)	The last shutdown's success status was true. The last boot's success status was true.
Information	25-11-2025 19:41:31	Microsoft-Windows-Kernel-Boot	32	(58)	The bootmgr spent 0 ms waiting for user input.
Information	25-11-2025 19:41:31	Microsoft-Windows-Kernel-Boot	18	(57)	There are 0x1 boot options on this system.
Information	25-11-2025 19:41:31	Microsoft-Windows-Kernel-Boot	153	(62)	Virtualization-based security (policies: VBS Enabled,VSM Required,Hvci,Boot Chain Signer Soft Enforced) is enabled due to VBS registry configuration.
Information	25-11-2025 19:41:31	Microsoft-Windows-Kernel-General	25	(12)	"The system time was initialized to ‎2025‎-‎11‎-‎25T14:11:30.500000000Z. 

Loader time: ‎2025‎-‎11‎-‎25T14:11:28.000000000Z
Internal boot flags: 0x2
HAL RTC error code: 0x0
RTC time is in UTC: false
Soft boot: false
Success: true
Phase: 0"
Information	25-11-2025 19:41:31	Microsoft-Windows-Kernel-General	12	(1)	The operating system started at system time ‎2025‎-‎11‎-‎25T14:11:30.500000000Z.
Information	25-11-2025 18:52:07	Microsoft-Windows-Kernel-General	13	(2)	The operating system is shutting down at system time ‎2025‎-‎11‎-‎25T13:22:07.287210800Z.
Information	25-11-2025 18:52:06	Microsoft-Windows-Kernel-Power	577	(280)	The system has prepared for a system initiated reboot from Active.
Information	25-11-2025 18:52:06	Microsoft-Windows-Kernel-Power	109	(103)	"The kernel power manager has initiated a shutdown transition.

Action: Power Action Shutdown Off 
Event Code: 0x0 
Reason: Kernel API"
Information	25-11-2025 18:52:02	Microsoft-Windows-WLAN-AutoConfig	4001	None	"WLAN AutoConfig service has successfully stopped.
"
Warning	25-11-2025 18:52:02	Microsoft-Windows-WLAN-AutoConfig	10002	None	"WLAN Extensibility Module has stopped.

Module Path: C:\Windows\system32\IntelIHVRouter14.dll
"
Information	25-11-2025 19:41:49	EventLog	6013	None	The system uptime is 19 seconds.
Information	25-11-2025 19:41:49	EventLog	6005	None	The Event log service was started.
Information	25-11-2025 19:41:49	EventLog	6009	None	Microsoft (R) Windows (R) 10.00. 26200  Multiprocessor Free.
Information	25-11-2025 18:52:01	Microsoft-Windows-Dhcp-Client	50037	Service State Event	DHCPv4 client service is stopped. ShutDown Flag value is 1
Information	25-11-2025 18:52:01	Microsoft-Windows-Dhcp-Client	50106	Service State Event	DHCPv4 is waiting on DHCPv6 service to stop
Information	25-11-2025 18:52:01	Microsoft-Windows-DHCPv6-Client	51057	Service State Event	DHCPv6 client service stop is almost done.DHCP Context Ref count is 1
Information	25-11-2025 18:52:01	Microsoft-Windows-DHCPv6-Client	51047	Service State Event	DHCPv6 client service is stopped. ShutDown Flag value is 1
Information	25-11-2025 18:52:01	Microsoft-Windows-Dhcp-Client	50105	Service State Event	DHCPv4 client ProcessDHCPRequestForever received TERMINATE_EVENT
Information	25-11-2025 18:52:01	Microsoft-Windows-Dhcp-Client	50104	Service State Event	DHCPv4 client received shutdown notification
Error	25-11-2025 18:52:01	Service Control Manager	7043	None	The Universal Device Client Service service did not shut down properly after receiving a preshutdown control.
Information	25-11-2025 18:52:01	EventLog	6006	None	The Event log service was stopped.
Information	25-11-2025 18:51:43	Microsoft-Windows-IsolatedUserMode	2	None	Secure Trustlet Id 6 and Pid 11852 stopped with status STATUS_SUCCESS.
Information	25-11-2025 18:51:43	Microsoft-Windows-Winlogon	7002	(1102)	User Logoff Notification for Customer Experience Improvement Program
Warning	25-11-2025 18:51:41	winsrvext	100	None	Process C:\Users\gunis\AppData\Local\Kingsoft\WPS Office\12.2.0.23155\office6\wpscenter.exe is delaying system shutdown after 5094 milliseconds.
Warning	25-11-2025 18:51:41	winsrvext	100	None	Process C:\Users\gunis\AppData\Local\Kingsoft\WPS Office\12.2.0.23155\office6\wpscloudsvr.exe is delaying system shutdown after 5094 milliseconds.
Information	25-11-2025 18:51:36	Microsoft-Windows-IsolatedUserMode	2	None	Secure Trustlet Id 0 and Pid 0 stopped with status STATUS_SUCCESS.
Information	25-11-2025 18:51:36	User32	1074	None	"The process C:\Windows\SystemApps\Microsoft.Windows.StartMenuExperienceHost_cw5n1h2txyewy\StartMenuExperienceHost.exe (SAIGANESH) has initiated the power off of computer SAIGANESH on behalf of user Saiganesh\gunis for the following reason: Other (Unplanned)
 Reason Code: 0x0
 Shutdown Type: power off
 Comment: "
Information	25-11-2025 18:48:18	Microsoft-Windows-Time-Service	158	None	The time provider 'VMICTimeProvider' has indicated that the current hardware and operating environment is not supported and has stopped. This behavior is expected for VMICTimeProvider on non-HyperV-guest environments. This may be the expected behavior for the current provider in the current operating environment as well.
Information	25-11-2025 18:42:10	Microsoft-Windows-Kernel-Power	566	(268)	"The system session has transitioned from 7 to 9.

Reason InputAccelerometer 

BootId: 613"
Information	25-11-2025 18:42:10	Microsoft-Windows-Kernel-Power	507	(158)	"The system is exiting Modern Standby 

Reason: Input Keyboard."
Information	25-11-2025 18:41:52	Microsoft-Windows-Kernel-Power	506	(157)	"The system is entering Modern Standby 

Reason: Idle Timeout."
Information	25-11-2025 18:41:52	Microsoft-Windows-Kernel-Power	566	(268)	"The system session has transitioned from 6 to 7.

Reason SessionUnlock 

BootId: 613"
Information	25-11-2025 18:36:18	Microsoft-Windows-Kernel-Power	105	(100)	Power source change.
Information	25-11-2025 18:31:14	Microsoft-Windows-Time-Service	158	None	The time provider 'VMICTimeProvider' has indicated that the current hardware and operating environment is not supported and has stopped. This behavior is expected for VMICTimeProvider on non-HyperV-guest environments. This may be the expected behavior for the current provider in the current operating environment as well.
Information	25-11-2025 18:14:10	Microsoft-Windows-Time-Service	158	None	The time provider 'VMICTimeProvider' has indicated that the current hardware and operating environment is not supported and has stopped. This behavior is expected for VMICTimeProvider on non-HyperV-guest environments. This may be the expected behavior for the current provider in the current operating environment as well.
Information	25-11-2025 17:57:32	Service Control Manager	7040	None	The start type of the Windows Modules Installer service was changed from auto start to demand start.
Information	25-11-2025 17:57:06	Microsoft-Windows-Time-Service	158	None	The time provider 'VMICTimeProvider' has indicated that the current hardware and operating environment is not supported and has stopped. This behavior is expected for VMICTimeProvider on non-HyperV-guest environments. This may be the expected behavior for the current provider in the current operating environment as well.
Information	25-11-2025 17:56:03	Microsoft-Windows-Kernel-Power	566	(268)	"The system session has transitioned from 4 to 6.

Reason PolicyChange 

BootId: 613"
Information	25-11-2025 17:56:03	Microsoft-Windows-Kernel-Power	507	(158)	"The system is exiting Modern Standby 

Reason: Lid."
Warning	25-11-2025 17:56:03	Win32k	701	None	Power Manager has not requested suppression of all input (INPUT_SUPPRESS_REQUEST=0)
Warning	25-11-2025 17:56:03	Win32k	701	None	Power Manager has not requested suppression of all input (INPUT_SUPPRESS_REQUEST=0)
Information	25-11-2025 17:48:42	Service Control Manager	7040	None	The start type of the Windows Modules Installer service was changed from demand start to auto start.
Information	25-11-2025 17:41:41	Volsnap	33	None	The oldest shadow copy of volume C: was deleted to keep disk space usage for shadow copies of volume C: below the user defined limit.
Error	25-11-2025 17:39:55	Microsoft-Windows-WindowsUpdateClient	20	Windows Update Agent	Installation Failure: Windows failed to install the following update with error 0x80073D02: 9NTXGKQ8P7N0-MicrosoftWindows.CrossDevice.
Information	25-11-2025 17:39:55	Microsoft-Windows-WindowsUpdateClient	43	Windows Update Agent	Installation Started: Windows has started installing the following update: 9NTXGKQ8P7N0-MicrosoftWindows.CrossDevice
Information	25-11-2025 17:39:52	Microsoft-Windows-Kernel-General	16	None	The access history in hive \??\C:\ProgramData\Microsoft\Windows\AppRepository\Packages\MicrosoftWindows.CrossDevice_1.25102.46.0_x64__cw5n1h2txyewy\ActivationStore.dat was cleared updating 0 keys and creating 0 modified pages.
Information	25-11-2025 17:39:46	Microsoft-Windows-Time-Service	37	None	The time provider NtpClient is currently receiving valid time data from time.windows.com,0x9 (ntp.m|0x9|0.0.0.0:123->40.81.94.65:123).
Information	25-11-2025 17:39:46	Microsoft-Windows-Time-Service	158	None	The time provider 'VMICTimeProvider' has indicated that the current hardware and operating environment is not supported and has stopped. This behavior is expected for VMICTimeProvider on non-HyperV-guest environments. This may be the expected behavior for the current provider in the current operating environment as well.
Information	25-11-2025 17:39:18	Microsoft-Windows-WindowsUpdateClient	44	Windows Update Agent	Windows Update started downloading an update.
Information	25-11-2025 17:39:09	Microsoft-Windows-Kernel-Power	506	(157)	"The system is entering Modern Standby 

Reason: Lid."
Information	25-11-2025 17:39:09	Microsoft-Windows-Kernel-Power	566	(268)	"The system session has transitioned from 3 to 4.

Reason PolicyChange 

BootId: 613"
Warning	25-11-2025 17:39:09	Win32k	700	None	Power Manager has requested suppression of all input (INPUT_SUPPRESS_REQUEST=1)
Warning	25-11-2025 17:39:09	Win32k	700	None	Power Manager has requested suppression of all input (INPUT_SUPPRESS_REQUEST=1)
Information	25-11-2025 17:37:06	Microsoft-Windows-Kernel-Power	566	(268)	"The system session has transitioned from 1 to 3.

Reason InputAccelerometer 

BootId: 613"
Information	25-11-2025 17:37:06	Microsoft-Windows-Kernel-Power	507	(158)	"The system is exiting Modern Standby 

Reason: Input Keyboard."
Information	25-11-2025 17:36:49	Microsoft-Windows-Kernel-General	16	None	The access history in hive \??\C:\ProgramData\Microsoft\Provisioning\Microsoft-Desktop-Provisioning-Sequence.dat was cleared updating 0 keys and creating 0 modified pages.
Information	25-11-2025 17:36:40	Microsoft-Windows-Kernel-Power	506	(157)	"The system is entering Modern Standby 

Reason: Idle Timeout."
Information	25-11-2025 17:36:40	Microsoft-Windows-Kernel-Power	566	(268)	"The system session has transitioned from 0 to 1.

Reason SessionUnlock 

BootId: 613"
Information	25-11-2025 17:35:14	Microsoft-Windows-IsolatedUserMode	5	None	Secure Trustlet NULL Id 0 and Pid 0 started with status STATUS_SUCCESS.
Information	25-11-2025 17:35:14	Microsoft-Windows-IsolatedUserMode	2	None	Secure Trustlet Id 0 and Pid 0 stopped with status STATUS_SUCCESS.
Information	25-11-2025 16:59:56	Microsoft-Windows-Kernel-General	16	None	The access history in hive \??\C:\ProgramData\Packages\Microsoft.WindowsTerminal_8wekyb3d8bbwe\S-1-5-21-2782663264-3991100608-3008750438-1001\SystemAppData\Helium\Cache\570dae3ff026d01d_COM15.dat was cleared updating 1 keys and creating 1 modified pages.
Information	25-11-2025 16:54:22	Microsoft-Windows-FilterManager	6	None	File System Filter 'gameflt' (10.0, ‎2009‎-‎11‎-‎23T00:41:52.000000000Z) has successfully loaded and registered with Filter Manager.
Information	25-11-2025 16:54:21	Microsoft-Windows-FilterManager	1	None	File System Filter 'gameflt' (Version 10.0, ‎2009‎-‎11‎-‎23T00:41:52.000000000Z) unloaded successfully.
Information	25-11-2025 16:54:20	Microsoft-Windows-WindowsUpdateClient	19	Windows Update Agent	Installation Successful: Windows successfully installed the following update: 9MWPM2CQNLHN-Microsoft.GamingServices
Error	25-11-2025 16:54:18	Microsoft-Windows-DistributedCOM	10005	None	"DCOM got error ""87"" attempting to start the service GamingServices with arguments ""Unavailable"" in order to run the server:
{D529741A-1BF1-4D1E-9976-35089622E758}"
Error	25-11-2025 16:54:18	Microsoft-Windows-DistributedCOM	10005	None	"DCOM got error ""87"" attempting to start the service GamingServices with arguments ""Unavailable"" in order to run the server:
{3E8C9ABE-9226-4609-BF5B-60288A391DEE}"
Information	25-11-2025 16:54:18	Microsoft-Windows-Kernel-General	16	None	The access history in hive \??\C:\Users\gunis\AppData\Local\Packages\Microsoft.GamingServices_8wekyb3d8bbwe\Settings\settings.dat was cleared updating 1 keys and creating 1 modified pages.
Error	25-11-2025 16:54:18	Microsoft-Windows-DistributedCOM	10005	None	"DCOM got error ""87"" attempting to start the service GamingServices with arguments ""Unavailable"" in order to run the server:
{D529741A-1BF1-4D1E-9976-35089622E758}"
Error	25-11-2025 16:54:18	Microsoft-Windows-DistributedCOM	10005	None	"DCOM got error ""87"" attempting to start the service GamingServices with arguments ""Unavailable"" in order to run the server:
{3E8C9ABE-9226-4609-BF5B-60288A391DEE}"
Information	25-11-2025 16:54:18	Service Control Manager	7045	None	"A service was installed in the system.

Service Name:  Gaming Services
Service File Name:  ""C:\Program Files\WindowsApps\Microsoft.GamingServices_33.107.14001.0_x64__8wekyb3d8bbwe\GamingServices.exe""
Service Type:  user mode service
Service Start Type:  auto start
Service Account:  LocalSystem"
Information	25-11-2025 16:54:18	Service Control Manager	7045	None	"A service was installed in the system.

Service Name:  Gaming Services
Service File Name:  ""C:\Program Files\WindowsApps\Microsoft.GamingServices_33.107.14001.0_x64__8wekyb3d8bbwe\GamingServicesNet.exe""
Service Type:  user mode service
Service Start Type:  auto start
Service Account:  NT AUTHORITY\LocalService"
Information	25-11-2025 16:54:16	Service Control Manager	7040	None	The start type of the Gaming Services service was changed from auto start to disabled.
Information	25-11-2025 16:54:16	Service Control Manager	7040	None	The start type of the Gaming Services service was changed from auto start to disabled.
Information	25-11-2025 16:54:16	Microsoft-Windows-WindowsUpdateClient	43	Windows Update Agent	Installation Started: Windows has started installing the following update: 9MWPM2CQNLHN-Microsoft.GamingServices
Information	25-11-2025 16:54:16	Microsoft-Windows-Ntfs	98	None	Volume Windows-SSD (\Device\HarddiskVolumeShadowCopy7) is healthy.  No action is needed.
Information	25-11-2025 16:54:16	Volsnap	33	None	The oldest shadow copy of volume C: was deleted to keep disk space usage for shadow copies of volume C: below the user defined limit.
Information	25-11-2025 16:54:16	Volsnap	33	None	The oldest shadow copy of volume C: was deleted to keep disk space usage for shadow copies of volume C: below the user defined limit.
Information	25-11-2025 16:54:16	Volsnap	33	None	The oldest shadow copy of volume C: was deleted to keep disk space usage for shadow copies of volume C: below the user defined limit.
Information	25-11-2025 16:54:16	Volsnap	33	None	The oldest shadow copy of volume C: was deleted to keep disk space usage for shadow copies of volume C: below the user defined limit.
Information	25-11-2025 16:54:16	Volsnap	33	None	The oldest shadow copy of volume C: was deleted to keep disk space usage for shadow copies of volume C: below the user defined limit.
Information	25-11-2025 16:53:36	Microsoft-Windows-Kernel-General	16	None	The access history in hive \??\C:\ProgramData\Microsoft\Windows\AppRepository\Packages\Microsoft.GamingServices_33.107.14001.0_x64__8wekyb3d8bbwe\ActivationStore.dat was cleared updating 0 keys and creating 0 modified pages.
Information	25-11-2025 16:52:42	Microsoft-Windows-WindowsUpdateClient	44	Windows Update Agent	Windows Update started downloading an update.
Warning	25-11-2025 16:36:40	Microsoft-Windows-DistributedCOM	10016	None	"The application-specific permission settings do not grant Local Activation permission for the COM Server application with CLSID 
{2593F8B9-4EAF-457C-B68A-50F6B8EA6B54}
 and APPID 
{15C20B67-12E7-4BB6-92BB-7AFF07997402}
 to the user Saiganesh\gunis SID (S-1-5-21-2782663264-3991100608-3008750438-1001) from address LocalHost (Using LRPC) running in the application container Unavailable SID (Unavailable). This security permission can be modified using the Component Services administrative tool."
Error	25-11-2025 16:36:30	Microsoft-Windows-TPM-WMI	1801	None	"Secure Boot CA/keys need to be updated. This device signature information is included here.
DeviceAttributes: FirmwareVersion:LTCN33WW;OEMManufacturerName:LENOVO;OEMModelSKU:LENOVO_MT_83EM_BU_idea_FM_IdeaPad Slim 3 15IRH8;OSArchitecture:amd64;
BucketId: 19f5521a9a11b038ff2fbabfc2e3398b7331dde01e995bceb019686a7da0c8d3
BucketConfidenceLevel: 
UpdateType: 0
HResult: The operation completed successfully."
Warning	25-11-2025 16:36:15	Microsoft-Windows-DistributedCOM	10016	None	"The application-specific permission settings do not grant Local Activation permission for the COM Server application with CLSID 
{2593F8B9-4EAF-457C-B68A-50F6B8EA6B54}
 and APPID 
{15C20B67-12E7-4BB6-92BB-7AFF07997402}
 to the user Saiganesh\gunis SID (S-1-5-21-2782663264-3991100608-3008750438-1001) from address LocalHost (Using LRPC) running in the application container OpenAI.ChatGPT-Desktop_1.2025.258.0_x64__2p2nqsd0c76g0 SID (Unavailable). This security permission can be modified using the Component Services administrative tool."
Information	25-11-2025 16:35:13	Microsoft-Windows-IsolatedUserMode	5	None	Secure Trustlet NULL Id 0 and Pid 0 started with status STATUS_SUCCESS.
Warning	25-11-2025 16:33:41	Microsoft-Windows-DNS-Client	1014	(1014)	Name resolution for the name wpad timed out after none of the configured DNS servers responded. Client PID 2844.
Warning	25-11-2025 16:33:35	Microsoft-Windows-DNS-Client	1014	(1014)	Name resolution for the name eu-account.wps.com timed out after none of the configured DNS servers responded. Client PID 13860.
Warning	25-11-2025 16:33:34	Microsoft-Windows-DistributedCOM	10016	None	"The application-specific permission settings do not grant Local Launch permission for the COM Server application with CLSID 
Windows.SecurityCenter.WscBrokerManager
 and APPID 
Unavailable
 to the user NT AUTHORITY\SYSTEM SID (S-1-5-18) from address LocalHost (Using LRPC) running in the application container Unavailable SID (Unavailable). This security permission can be modified using the Component Services administrative tool."
Warning	25-11-2025 16:33:34	Microsoft-Windows-DistributedCOM	10016	None	"The application-specific permission settings do not grant Local Launch permission for the COM Server application with CLSID 
Windows.SecurityCenter.SecurityAppBroker
 and APPID 
Unavailable
 to the user NT AUTHORITY\SYSTEM SID (S-1-5-18) from address LocalHost (Using LRPC) running in the application container Unavailable SID (Unavailable). This security permission can be modified using the Component Services administrative tool."
Information	25-11-2025 16:33:33	Netwtw14	7021	None	7021 - Connection telemetry fields and analysis usage
Warning	25-11-2025 16:33:22	Microsoft-Windows-DNS-Client	1014	(1014)	Name resolution for the name eu-account.wps.com timed out after none of the configured DNS servers responded. Client PID 13860.
Warning	25-11-2025 16:33:19	Microsoft-Windows-DNS-Client	1014	(1014)	Name resolution for the name data.iana.org timed out after none of the configured DNS servers responded. Client PID 8732.
Warning	25-11-2025 16:33:00	Microsoft-Windows-DNS-Client	1014	(1014)	Name resolution for the name wpad timed out after none of the configured DNS servers responded. Client PID 2844.
Warning	25-11-2025 16:32:29	Microsoft-Windows-Kernel-Processor-Power	37	(7)	The speed of processor 15 in group 0 is being limited by system firmware. The processor has been in this reduced performance state for 71 seconds since the last report.
Warning	25-11-2025 16:32:29	Microsoft-Windows-Kernel-Processor-Power	37	(7)	The speed of processor 12 in group 0 is being limited by system firmware. The processor has been in this reduced performance state for 71 seconds since the last report.
Warning	25-11-2025 16:32:29	Microsoft-Windows-Kernel-Processor-Power	37	(7)	The speed of processor 13 in group 0 is being limited by system firmware. The processor has been in this reduced performance state for 71 seconds since the last report.
Warning	25-11-2025 16:32:29	Microsoft-Windows-Kernel-Processor-Power	37	(7)	The speed of processor 14 in group 0 is being limited by system firmware. The processor has been in this reduced performance state for 71 seconds since the last report.
Warning	25-11-2025 16:32:17	Microsoft-Windows-DNS-Client	1014	(1014)	Name resolution for the name _ldap._tcp.dc._msdcs.mshome.net. timed out after none of the configured DNS servers responded. Client PID 2724.
Warning	25-11-2025 16:32:16	Microsoft-Windows-DNS-Client	1014	(1014)	Name resolution for the name assets.msn.com timed out after none of the configured DNS servers responded. Client PID 12688.
Information	25-11-2025 16:32:15	Netwtw14	7021	None	7021 - Connection telemetry fields and analysis usage
Warning	25-11-2025 16:32:12	Microsoft-Windows-DNS-Client	1014	(1014)	Name resolution for the name self.events.data.microsoft.com timed out after none of the configured DNS servers responded. Client PID 11952.
Information	25-11-2025 16:32:12	Microsoft-Windows-Kernel-Power	172	(203)	Connectivity state in standby: Connected, Reason: None
Information	25-11-2025 16:32:11	Netwtw14	7018	None	7018 - secure boot (SB4) configuration
Information	25-11-2025 16:32:11	Netwtw14	7017	None	7017 - secure boot (SB) configuration
Information	25-11-2025 16:32:11	Netwtw14	7010	None	7010 - driver enabled (miniport init)
Information	25-11-2025 16:32:11	Netwtw14	7002	None	7002 - CTDP power limit value (SPLC)
Information	25-11-2025 16:32:11	Netwtw14	7005	None	7005 - SAR value max TX power (WRDS)
Information	25-11-2025 16:32:11	Netwtw14	7027	None	7027 - get Nic Manufacturere on init
Information	25-11-2025 16:32:11	Netwtw14	7029	None	7029 - Driver initialization
Information	25-11-2025 16:32:11	Netwtw14	7036	None	The \Device\NDMP4 service entered the Intel(R) Wi-Fi 6 AX203 state.
Information	25-11-2025 16:32:11	Netwtw14	8000	None	8000 - Miniport Halt flow (driver disable)
Information	25-11-2025 16:32:11	Microsoft-Windows-Kernel-Power	172	(203)	Connectivity state in standby: Disconnected, Reason: NIC compliance
Warning	25-11-2025 16:32:11	Microsoft-Windows-WLAN-AutoConfig	4003	None	"WLAN AutoConfig detected limited connectivity, attempting automatic recovery.

Recovery Type: 4
Error Code: 0x0
Trigger Reason: 7
IP Family: 0
"
Warning	25-11-2025 16:31:56	Microsoft-Windows-DNS-Client	1014	(1014)	Name resolution for the name collections.mp.microsoft.com timed out after none of the configured DNS servers responded. Client PID 15524.
Information	25-11-2025 16:31:56	Netwtw14	7021	None	7021 - Connection telemetry fields and analysis usage
Warning	25-11-2025 16:31:46	Microsoft-Windows-DNS-Client	1014	(1014)	Name resolution for the name wpad timed out after none of the configured DNS servers responded. Client PID 2844.
Information	25-11-2025 16:31:44	Microsoft-Windows-TPM-WMI	1046	None	Measured boot files deleted successfully. The following 1 files were deleted: 
Information	25-11-2025 16:31:39	Microsoft-Windows-TPM-WMI	1025	None	The TPM was successfully provisioned and is now ready for use.
Information	25-11-2025 16:31:39	Netwtw14	7021	None	7021 - Connection telemetry fields and analysis usage
Information	25-11-2025 16:31:35	Microsoft-Windows-TPM-WMI	1282	None	The TBS device identifier has been generated.
Information	25-11-2025 16:31:35	Microsoft-Windows-FilterManager	6	None	File System Filter 'gameflt' (10.0, ‎2009‎-‎11‎-‎23T00:41:52.000000000Z) has successfully loaded and registered with Filter Manager.
Information	25-11-2025 16:31:33	Microsoft-Windows-IsolatedUserMode	1	None	Secure Trustlet \??\C:\Windows\System32\NgcIso.exe Id 6 and Pid 11852 started with status STATUS_SUCCESS.
Information	25-11-2025 16:31:33	Microsoft-Windows-IsolatedUserMode	5	None	Secure Trustlet NULL Id 0 and Pid 0 started with status STATUS_SUCCESS.
Information	25-11-2025 16:31:33	TPM	18	None	This event triggers the Trusted Platform Module (TPM) provisioning/status check to run.
Warning	25-11-2025 16:31:32	Microsoft-Windows-DistributedCOM	10016	None	"The application-specific permission settings do not grant Local Activation permission for the COM Server application with CLSID 
{6B3B8D23-FA8D-40B9-8DBD-B950333E2C52}
 and APPID 
{4839DDB7-58C2-48F5-8283-E1D1807D0D7D}
 to the user NT AUTHORITY\LOCAL SERVICE SID (S-1-5-19) from address LocalHost (Using LRPC) running in the application container Unavailable SID (Unavailable). This security permission can be modified using the Component Services administrative tool."
Warning	25-11-2025 16:31:32	Microsoft-Windows-DistributedCOM	10016	None	"The application-specific permission settings do not grant Local Activation permission for the COM Server application with CLSID 
{6B3B8D23-FA8D-40B9-8DBD-B950333E2C52}
 and APPID 
{4839DDB7-58C2-48F5-8283-E1D1807D0D7D}
 to the user NT AUTHORITY\LOCAL SERVICE SID (S-1-5-19) from address LocalHost (Using LRPC) running in the application container Unavailable SID (Unavailable). This security permission can be modified using the Component Services administrative tool."
Information	25-11-2025 16:31:31	Microsoft-Windows-WLAN-AutoConfig	10001	None	"WLAN Extensibility Module has successfully started.

Module Path: C:\Windows\system32\IntelIHVRouter14.dll
"
Information	25-11-2025 16:31:31	Microsoft-Windows-WLAN-AutoConfig	4000	None	"WLAN AutoConfig service has successfully started.
"
Information	25-11-2025 16:31:29	Microsoft-Windows-UserModePowerService	12	(10)	Process C:\Windows\System32\DriverStore\FileRepository\ipf_cpu.inf_amd64_392cd02685ab99ce\ipf_uf.exe (process ID:5832) reset policy scheme from {381b4222-f694-41f0-9685-ff5bb260df2e} to {381b4222-f694-41f0-9685-ff5bb260df2e}
Information	25-11-2025 16:31:29	Microsoft-Windows-UserModePowerService	12	(10)	Process C:\Windows\System32\DriverStore\FileRepository\ipf_cpu.inf_amd64_392cd02685ab99ce\ipf_uf.exe (process ID:5832) reset policy scheme from {381b4222-f694-41f0-9685-ff5bb260df2e} to {381b4222-f694-41f0-9685-ff5bb260df2e}
Information	25-11-2025 16:31:29	Microsoft-Windows-HttpService	112	HTTP Setup Trace Task	Attempted to reserve URL https://+:443/sra_{BA195980-CD49-458b-9E23-C84EE0ADCD75}/. Status 0x0. Process Id 0x4 Executable path , User SYSTEM
Information	25-11-2025 16:31:29	Microsoft-Windows-HttpService	112	HTTP Setup Trace Task	Attempted to reserve URL http://+:10246/MDEServer/. Status 0x0. Process Id 0x4 Executable path , User SYSTEM
Information	25-11-2025 16:31:29	Microsoft-Windows-HttpService	112	HTTP Setup Trace Task	Attempted to reserve URL http://+:10247/apps/. Status 0x0. Process Id 0x4 Executable path , User SYSTEM
Information	25-11-2025 16:31:29	Microsoft-Windows-HttpService	112	HTTP Setup Trace Task	Attempted to reserve URL http://+:10243/WMPNSSv4/. Status 0x0. Process Id 0x4 Executable path , User SYSTEM
Information	25-11-2025 16:31:29	Microsoft-Windows-HttpService	112	HTTP Setup Trace Task	Attempted to reserve URL https://+:10245/WMPNSSv4/. Status 0x0. Process Id 0x4 Executable path , User SYSTEM
Information	25-11-2025 16:31:29	Microsoft-Windows-HttpService	112	HTTP Setup Trace Task	Attempted to reserve URL http://+:3387/rdp/. Status 0x0. Process Id 0x4 Executable path , User SYSTEM
Information	25-11-2025 16:31:29	Microsoft-Windows-HttpService	112	HTTP Setup Trace Task	Attempted to reserve URL https://+:3392/rdp/. Status 0x0. Process Id 0x4 Executable path , User SYSTEM
Information	25-11-2025 16:31:29	Microsoft-Windows-HttpService	112	HTTP Setup Trace Task	Attempted to reserve URL http://+:5985/wsman/. Status 0x0. Process Id 0x4 Executable path , User SYSTEM
Information	25-11-2025 16:31:29	Microsoft-Windows-HttpService	112	HTTP Setup Trace Task	Attempted to reserve URL http://+:47001/wsman/. Status 0x0. Process Id 0x4 Executable path , User SYSTEM
Information	25-11-2025 16:31:29	Microsoft-Windows-HttpService	112	HTTP Setup Trace Task	Attempted to reserve URL https://+:5986/wsman/. Status 0x0. Process Id 0x4 Executable path , User SYSTEM
Information	25-11-2025 16:31:29	Microsoft-Windows-HttpService	112	HTTP Setup Trace Task	Attempted to reserve URL http://*:2869/. Status 0x0. Process Id 0x4 Executable path , User SYSTEM
Information	25-11-2025 16:31:29	Microsoft-Windows-HttpService	112	HTTP Setup Trace Task	Attempted to reserve URL https://*:5358/. Status 0x0. Process Id 0x4 Executable path , User SYSTEM
Information	25-11-2025 16:31:29	Microsoft-Windows-HttpService	112	HTTP Setup Trace Task	Attempted to reserve URL http://+:80/Temporary_Listen_Addresses/. Status 0x0. Process Id 0x4 Executable path , User SYSTEM
Information	25-11-2025 16:31:29	Microsoft-Windows-HttpService	112	HTTP Setup Trace Task	Attempted to reserve URL http://*:5357/. Status 0x0. Process Id 0x4 Executable path , User SYSTEM
Information	25-11-2025 16:31:29	Microsoft-Windows-Winlogon	7001	(1101)	User Logon Notification for Customer Experience Improvement Program
Information	25-11-2025 16:31:29	Microsoft-Windows-TPM-WMI	1038	None	"Pre-attestation health checks confirm that the device is expected to pass attestation.
 Please see C:\Windows\Logs\MeasuredBoot\0000000611-0000000000.json for detailed information on what checks were made."
Information	25-11-2025 16:31:29	Microsoft-Windows-TPM-WMI	1041	None	"Pre-attestation health check detailed information: {""Version"":1,""HealthStatus"":""Attestable"",""Required"":[{""Field"":""TpmPresent"",""Value"":true,""DesiredValue"":true},{""Field"":""TpmMeetsMinimumVersion"",""Value"":true,""DesiredValue"":true},{""Field"":""TpmIsResponsive"",""Value"":true,""DesiredValue"":true},{""Field"":""EkCertIsAvailable"",""Value"":true,""DesiredValue"":true},{""Field"":""TcgLogFound"",""Value"":true,""DesiredValue"":true}],""Expected"":[{""Field"":""PcrsMatchTcgLog"",""Value"":true,""DesiredValue"":true}],""Informational"":[{""Field"":""SecureBootEnabled"",""ValueFromComputer"":true,""ValueFromTcgLog"":true,""DesiredValue"":true,""TcgValueIsVerifiable"":true},{""Field"":""VirtualSecureMemory"",""ValueFromComputer"":false,""ValueFromTcgLog"":false,""DesiredValue"":true,""TcgValueIsVerifiable"":true},{""Field"":""SecureCorePCCompliant"",""ValueFromComputer"":false,""ValueFromTcgLog"":false,""DesiredValue"":true,""TcgValueIsVerifiable"":true}{""Field"":""BootTcgLogFoundInFileSystem"",""Value"":true,""DesiredValue"":true},{""Field"":""CurrentTcgLogFoundInFileSystem"",""Value"":true,""DesiredValue"":true}]}"
Information	25-11-2025 16:31:29	Win32k	267	None	Touch/Touchpad Hardware Quality Assurance verification succeeded.
Information	25-11-2025 16:31:28	Microsoft-Windows-FilterManager	6	None	File System Filter 'bindflt' (10.0, ‎2055‎-‎05‎-‎15T02:47:06.000000000Z) has successfully loaded and registered with Filter Manager.
Information	25-11-2025 16:31:28	Microsoft-Windows-FilterManager	6	None	File System Filter 'storqosflt' (10.0, ‎2021‎-‎03‎-‎19T16:17:34.000000000Z) has successfully loaded and registered with Filter Manager.
Information	25-11-2025 16:31:28	Microsoft-Windows-FilterManager	6	None	File System Filter 'UnionFS' (10.0, ‎2047‎-‎02‎-‎21T16:31:20.000000000Z) has successfully loaded and registered with Filter Manager.
Information	25-11-2025 16:31:28	Microsoft-Windows-FilterManager	6	None	File System Filter 'CldFlt' (10.0, ‎2029‎-‎01‎-‎27T10:14:20.000000000Z) has successfully loaded and registered with Filter Manager.
Information	25-11-2025 16:31:28	Microsoft-Windows-FilterManager	1	None	File System Filter 'CldFlt' (Version 10.0, ‎2029‎-‎01‎-‎27T10:14:20.000000000Z) unloaded successfully.
Information	25-11-2025 16:31:28	Microsoft-Windows-FilterManager	6	None	File System Filter 'CldFlt' (10.0, ‎2029‎-‎01‎-‎27T10:14:20.000000000Z) has successfully loaded and registered with Filter Manager.
Information	25-11-2025 16:31:28	Microsoft-Windows-FilterManager	6	None	File System Filter 'luafv' (10.0, ‎2092‎-‎04‎-‎06T04:21:15.000000000Z) has successfully loaded and registered with Filter Manager.
Information	25-11-2025 16:31:28	Microsoft-Windows-FilterManager	6	None	File System Filter 'wcifs' (10.0, ‎2099‎-‎02‎-‎09T18:35:05.000000000Z) has successfully loaded and registered with Filter Manager.
Information	25-11-2025 16:31:28	Microsoft-Windows-FilterManager	6	None	File System Filter 'bfs' (10.0, ‎1984‎-‎12‎-‎31T15:38:23.000000000Z) has successfully loaded and registered with Filter Manager.
Information	25-11-2025 16:31:28	Microsoft-Windows-DHCPv6-Client	51046	Service State Event	DHCPv6 client service is started
Information	25-11-2025 16:31:28	Microsoft-Windows-Dhcp-Client	50036	Service State Event	DHCPv4 client service is started
Information	25-11-2025 16:31:28	Microsoft-Windows-Dhcp-Client	50103	Service State Event	DHCPv4 client registered for shutdown notification
Information	25-11-2025 16:31:28	Microsoft-Windows-Dhcp-Client	50036	Service State Event	DHCPv4 client service is started
Information	25-11-2025 16:31:28	Microsoft-Windows-Directory-Services-SAM	16983	None	"The security account manager is now logging periodic summary events for remote clients that call legacy password change or set RPC methods.

For more information please see https://go.microsoft.com/fwlink/?linkid=2150956.
"
Information	25-11-2025 16:31:28	Microsoft-Windows-Directory-Services-SAM	16977	None	"The domain is configured with the following minimum password length-related settings.

MinimumPasswordLength: 0

RelaxMinimumPasswordLengthLimits: 0

MinimumPasswordLengthAudit: -1

For more information see https://go.microsoft.com/fwlink/?LinkId=2097191.
"
Information	25-11-2025 16:31:28	Microsoft-Windows-Directory-Services-SAM	16962	None	"Remote calls to the SAM database are being restricted using the default security descriptor: O:SYG:SYD:(A;;RC;;;BA).
For more information please see http://go.microsoft.com/fwlink/?LinkId=787651."
Information	25-11-2025 16:31:28	Microsoft-Windows-IsolatedUserMode	5	None	Secure Trustlet NULL Id 0 and Pid 0 started with status STATUS_SUCCESS.
Information	25-11-2025 16:31:28	LsaSrv	6156	None	"Credential Guard auto enablement status.

Hardware Requirements for Virtualization Based Security:	1
Domain Joined:	0
Azure AD Joined:	0
 Licensed for Credential Guard:	0
Domain Controller:	0"
Information	25-11-2025 16:31:28	Microsoft-Windows-Wininit	12	None	LSASS.exe was started as a protected process with level: 4.
Information	25-11-2025 16:31:28	Microsoft-Windows-Wininit	18	None	VBS Key Isolation was started and will protect VSM-isolated keys.
Information	25-11-2025 16:31:28	Microsoft-Windows-IsolatedUserMode	1	None	Secure Trustlet \??\C:\Windows\system32\lsaiso.exe Id 1 and Pid 1380 started with status STATUS_SUCCESS.
Information	25-11-2025 16:31:28	Microsoft-Windows-IsolatedUserMode	5	None	Secure Trustlet NULL Id 0 and Pid 0 started with status STATUS_SUCCESS.
Information	25-11-2025 16:31:28	Microsoft-Windows-Wininit	14	None	"Credential Guard configuration:

Registry Configuration: 0x0
Test Configuration: 0
Auto Enablement: 0"
Information	25-11-2025 16:31:25	Microsoft-Windows-Wininit	23	None	"Boot App Anti-Rollback: Initialize Completed with status:
HRESULT: The operation completed successfully.
New timer needed: false
New timer waiting for system update completion: false
Previous latch timer exists but disabled by registry: false
"
Information	25-11-2025 16:31:25	Microsoft-Windows-Wininit	25	None	"Boot App Anti-Rollback: Previous timer resumed with status:

HRESULT: The operation completed successfully.
Previous timer present: true
Start time: ‎2025‎-‎11‎-‎12T15:44:58.397911300Z
Grace period: 51840000000000
Attempted recovery enforcement succeeded: false
"
Information	25-11-2025 16:31:25	Microsoft-Windows-Wininit	24	None	"Boot App Anti-Rollback: Timer start completed with status:

Win32Error: 0
Start time: ‎2025‎-‎11‎-‎12T15:44:58.397911300Z
Grace period: 51840000000000
Due time: ‎2026‎-‎01‎-‎11T15:44:58.397911300Z
"
Information	25-11-2025 16:31:25	Microsoft-Windows-Wininit	19	None	"Virtualization Based Security new timer creation status

HRESULT: The operation completed successfully.
New latch timer needed: false
New latch timer waiting for system update completion: false
Previous latch timer exists but disabled by registry: false
Policy file exists: false
"
Information	25-11-2025 16:31:23	BTHUSB	18	None	Windows cannot store Bluetooth authentication codes (link keys) on the local adapter. Bluetooth keyboards might not work in the system BIOS during startup.
Warning	25-11-2025 16:31:20	Microsoft-Windows-Kernel-PnP	219	(212)	"The driver \Driver\WUDFRd failed to load.
Device: INTELAUDIO\DIF_0000&UIF_0000&CTLR_DEV_51CA&VEN_8086&DetectionVerification\5&3773b073&0&DIF_000A&UIF_0000
Status: 0xC0000365"
Information	25-11-2025 16:31:20	Microsoft-Windows-DriverFrameworks-UserMode	10118	Startup of the UMDF reflector	UMDF reflector is unable to connect to service control manager (SCM). This is expected during boot, when SCM has not started yet. Will retry when it starts.
Information	25-11-2025 16:31:20	Intel-SST-OED	28	This task logs error codes to system event log.	Loaded DSP FW library: \??\C:\Windows\System32\DriverStore\FileRepository\intcoed_oemlibpath.inf_amd64_2e7cef2f8051560b\adl_vlldp15x_lite_lib.bin, status = STATUS_SUCCESS.
Information	25-11-2025 16:31:20	Intel-SST-OED	28	This task logs error codes to system event log.	Loaded DSP FW library: Libs\dsp_lib_whm_adl_release.bin, status = STATUS_SUCCESS.
Information	25-11-2025 16:31:20	Intel-SST-OED	28	This task logs error codes to system event log.	Loaded DSP FW library: Libs\dsp_lib_intel_wov_adl_release.bin, status = STATUS_SUCCESS.
Information	25-11-2025 16:31:20	Intel-SST-OED	28	This task logs error codes to system event log.	Loaded DSP FW library: Libs\dsp_lib_asrc_adl_release.bin, status = STATUS_SUCCESS.
Information	25-11-2025 16:31:20	Intel-SST-OED	28	This task logs error codes to system event log.	Library is not supported in BIOS: \??\C:\Windows\System32\DriverStore\FileRepository\intcoed_oemlibpath.inf_amd64_2e7cef2f8051560b\adl_vlldp_131_lite_lib.bin, status = The request is not supported..
Information	25-11-2025 16:31:20	Intel-SST-OED	29	This task logs error codes to system event log.	FX module is not supported in BIOS:  {f7922237-511f-4203-a780-2c2ce0a13af2} from \??\C:\Windows\System32\DriverStore\FileRepository\intcoed_oemlibpath.inf_amd64_2e7cef2f8051560b\adl_vlldp_131_lite_lib.bin.
Information	25-11-2025 16:31:20	Intel-SST-OED	28	This task logs error codes to system event log.	Library is not supported in BIOS: \??\C:\Windows\System32\DriverStore\FileRepository\intcoed_oemlibpath.inf_amd64_2e7cef2f8051560b\adl_vlldp14x_lite_lib.bin, status = The request is not supported..
Information	25-11-2025 16:31:20	Intel-SST-OED	29	This task logs error codes to system event log.	FX module is not supported in BIOS:  {56a9ea76-3745-4cc0-815c-a621faa8c9cb} from \??\C:\Windows\System32\DriverStore\FileRepository\intcoed_oemlibpath.inf_amd64_2e7cef2f8051560b\adl_vlldp14x_lite_lib.bin.
Information	25-11-2025 16:31:20	Intel-SST-OED	28	This task logs error codes to system event log.	Library is not supported in BIOS: \??\C:\Windows\System32\DriverStore\FileRepository\intcoed_oemlibpath.inf_amd64_2e7cef2f8051560b\adl_tisa_ext_lib.bin, status = The request is not supported..
Information	25-11-2025 16:31:20	Intel-SST-OED	29	This task logs error codes to system event log.	FX module is not supported in BIOS:  {47fa9f7e-4b03-422a-930f-536a5eff4c35} from \??\C:\Windows\System32\DriverStore\FileRepository\intcoed_oemlibpath.inf_amd64_2e7cef2f8051560b\adl_tisa_ext_lib.bin.
Information	25-11-2025 16:31:20	Intel-SST-OED	28	This task logs error codes to system event log.	Library is not supported in BIOS: \??\C:\Windows\System32\DriverStore\FileRepository\intcoed_oemlibpath.inf_amd64_2e7cef2f8051560b\adl_rtksep483_lib.bin, status = The request is not supported..
Information	25-11-2025 16:31:20	Intel-SST-OED	29	This task logs error codes to system event log.	FX module is not supported in BIOS:  {7bbe0c2c-9c46-4450-b322-114ece31c6bd} from \??\C:\Windows\System32\DriverStore\FileRepository\intcoed_oemlibpath.inf_amd64_2e7cef2f8051560b\adl_rtksep483_lib.bin.
Information	25-11-2025 16:31:20	Intel-SST-OED	28	This task logs error codes to system event log.	Library is not supported in BIOS: \??\C:\Windows\System32\DriverStore\FileRepository\intcoed_oemlibpath.inf_amd64_2e7cef2f8051560b\adl_rtksep481_lib.bin, status = The request is not supported..
Information	25-11-2025 16:31:20	Intel-SST-OED	29	This task logs error codes to system event log.	FX module is not supported in BIOS:  {7aa4db02-6b41-4bc3-a712-80a2dde29e11} from \??\C:\Windows\System32\DriverStore\FileRepository\intcoed_oemlibpath.inf_amd64_2e7cef2f8051560b\adl_rtksep481_lib.bin.
Information	25-11-2025 16:31:20	Intel-SST-OED	28	This task logs error codes to system event log.	Library is not supported in BIOS: \??\C:\Windows\System32\DriverStore\FileRepository\intcoed_oemlibpath.inf_amd64_2e7cef2f8051560b\adl_rtkeq_lib.bin, status = The request is not supported..
Information	25-11-2025 16:31:20	Intel-SST-OED	29	This task logs error codes to system event log.	FX module is not supported in BIOS:  {b55eba24-8349-4dad-afc7-8489d23c93ef} from \??\C:\Windows\System32\DriverStore\FileRepository\intcoed_oemlibpath.inf_amd64_2e7cef2f8051560b\adl_rtkeq_lib.bin.
Information	25-11-2025 16:31:20	Intel-SST-OED	28	This task logs error codes to system event log.	Library is not supported in BIOS: \??\C:\Windows\System32\DriverStore\FileRepository\intcoed_oemlibpath.inf_amd64_2e7cef2f8051560b\adl_rtkdrc_lib.bin, status = The request is not supported..
Information	25-11-2025 16:31:20	Intel-SST-OED	29	This task logs error codes to system event log.	FX module is not supported in BIOS:  {bb303551-0914-4d56-a3ff-20955c598a8f} from \??\C:\Windows\System32\DriverStore\FileRepository\intcoed_oemlibpath.inf_amd64_2e7cef2f8051560b\adl_rtkdrc_lib.bin.
Information	25-11-2025 16:31:20	Intel-SST-OED	28	This task logs error codes to system event log.	Library is not supported in BIOS: \??\C:\Windows\System32\DriverStore\FileRepository\intcoed_oemlibpath.inf_amd64_2e7cef2f8051560b\adl_nahimic_lib.bin, status = The request is not supported..
Information	25-11-2025 16:31:20	Intel-SST-OED	29	This task logs error codes to system event log.	FX module is not supported in BIOS:  {6522c274-b55b-41d7-8363-49cfe2e10580} from \??\C:\Windows\System32\DriverStore\FileRepository\intcoed_oemlibpath.inf_amd64_2e7cef2f8051560b\adl_nahimic_lib.bin.
Information	25-11-2025 16:31:20	Intel-SST-OED	28	This task logs error codes to system event log.	Library is not supported in BIOS: \??\C:\Windows\System32\DriverStore\FileRepository\intcoed_oemlibpath.inf_amd64_2e7cef2f8051560b\adl_cirrusaec_lib.bin, status = The request is not supported..
Information	25-11-2025 16:31:20	Intel-SST-OED	29	This task logs error codes to system event log.	FX module is not supported in BIOS:  {29606035-3bf7-4e96-a613-ca8c90022652} from \??\C:\Windows\System32\DriverStore\FileRepository\intcoed_oemlibpath.inf_amd64_2e7cef2f8051560b\adl_cirrusaec_lib.bin.
Information	25-11-2025 16:31:20	Intel-SST-OED	28	This task logs error codes to system event log.	Library is not supported in BIOS: \??\C:\Windows\System32\DriverStore\FileRepository\intcoed_oemlibpath.inf_amd64_2e7cef2f8051560b\adl_bandcalc_lib.bin, status = The request is not supported..
Information	25-11-2025 16:31:20	Intel-SST-OED	29	This task logs error codes to system event log.	FX module is not supported in BIOS:  {7cc564a1-e702-4876-9511-6e9e2f208007} from \??\C:\Windows\System32\DriverStore\FileRepository\intcoed_oemlibpath.inf_amd64_2e7cef2f8051560b\adl_bandcalc_lib.bin.
Information	25-11-2025 16:31:19	MEIx64	2	None	Intel(R) Management Engine Interface driver has started successfully.
Information	25-11-2025 16:31:19	Microsoft-Windows-Kernel-Power	521	(220)	Active battery count change.
Information	25-11-2025 16:31:19	Microsoft-Windows-Kernel-Power	521	(220)	Active battery count change.
Information	25-11-2025 16:31:19	Microsoft-Windows-Kernel-General	24	(11)	The time zone information was refreshed with exit reason 0. Current time zone bias is -330.
Information	25-11-2025 16:31:18	Netwtw14	7018	None	7018 - secure boot (SB4) configuration
Information	25-11-2025 16:31:18	Netwtw14	7017	None	7017 - secure boot (SB) configuration
Information	25-11-2025 16:31:18	Netwtw14	7010	None	7010 - driver enabled (miniport init)
Information	25-11-2025 16:31:18	Netwtw14	7002	None	7002 - CTDP power limit value (SPLC)
Information	25-11-2025 16:31:18	Netwtw14	7005	None	7005 - SAR value max TX power (WRDS)
Information	25-11-2025 16:31:18	Microsoft-Windows-Kernel-Processor-Power	55	(47)	"Processor 15 in group 0 exposes the following power management capabilities:

Idle state type: Micro Power Engine Plugin (11 state(s))

Performance state type: ACPI Collaborative Processor Performance Control
Nominal Frequency (MHz): 2400
Maximum performance percentage: 150
Minimum performance percentage: 58
Minimum throttle percentage: 4"
Information	25-11-2025 16:31:18	Microsoft-Windows-Ntfs	98	None	Volume \\?\Volume{62de1141-d3e0-4619-a2fd-2ddc31761ed3} (\Device\HarddiskVolume5) is healthy.  No action is needed.
Information	25-11-2025 16:31:18	Microsoft-Windows-Kernel-Processor-Power	55	(47)	"Processor 14 in group 0 exposes the following power management capabilities:

Idle state type: Micro Power Engine Plugin (11 state(s))

Performance state type: ACPI Collaborative Processor Performance Control
Nominal Frequency (MHz): 2400
Maximum performance percentage: 150
Minimum performance percentage: 58
Minimum throttle percentage: 4"
Information	25-11-2025 16:31:18	Microsoft-Windows-Kernel-Processor-Power	55	(47)	"Processor 13 in group 0 exposes the following power management capabilities:

Idle state type: Micro Power Engine Plugin (11 state(s))

Performance state type: ACPI Collaborative Processor Performance Control
Nominal Frequency (MHz): 2400
Maximum performance percentage: 150
Minimum performance percentage: 58
Minimum throttle percentage: 4"
Information	25-11-2025 16:31:18	Microsoft-Windows-Kernel-Processor-Power	55	(47)	"Processor 12 in group 0 exposes the following power management capabilities:

Idle state type: Micro Power Engine Plugin (11 state(s))

Performance state type: ACPI Collaborative Processor Performance Control
Nominal Frequency (MHz): 2400
Maximum performance percentage: 150
Minimum performance percentage: 54
Minimum throttle percentage: 4"
Information	25-11-2025 16:31:18	Microsoft-Windows-Kernel-Processor-Power	55	(47)	"Processor 11 in group 0 exposes the following power management capabilities:

Idle state type: Micro Power Engine Plugin (11 state(s))

Performance state type: ACPI Collaborative Processor Performance Control
Nominal Frequency (MHz): 2400
Maximum performance percentage: 200
Minimum performance percentage: 56
Minimum throttle percentage: 3"
Information	25-11-2025 16:31:18	Microsoft-Windows-Kernel-Processor-Power	55	(47)	"Processor 10 in group 0 exposes the following power management capabilities:

Idle state type: Micro Power Engine Plugin (11 state(s))

Performance state type: ACPI Collaborative Processor Performance Control
Nominal Frequency (MHz): 2400
Maximum performance percentage: 200
Minimum performance percentage: 60
Minimum throttle percentage: 3"
Information	25-11-2025 16:31:18	Microsoft-Windows-Kernel-Processor-Power	55	(47)	"Processor 9 in group 0 exposes the following power management capabilities:

Idle state type: Micro Power Engine Plugin (11 state(s))

Performance state type: ACPI Collaborative Processor Performance Control
Nominal Frequency (MHz): 2400
Maximum performance percentage: 200
Minimum performance percentage: 60
Minimum throttle percentage: 3"
Information	25-11-2025 16:31:18	Microsoft-Windows-Kernel-Processor-Power	55	(47)	"Processor 8 in group 0 exposes the following power management capabilities:

Idle state type: Micro Power Engine Plugin (11 state(s))

Performance state type: ACPI Collaborative Processor Performance Control
Nominal Frequency (MHz): 2400
Maximum performance percentage: 200
Minimum performance percentage: 60
Minimum throttle percentage: 3"
Information	25-11-2025 16:31:18	Microsoft-Windows-Kernel-Processor-Power	55	(47)	"Processor 7 in group 0 exposes the following power management capabilities:

Idle state type: Micro Power Engine Plugin (11 state(s))

Performance state type: ACPI Collaborative Processor Performance Control
Nominal Frequency (MHz): 2400
Maximum performance percentage: 210
Minimum performance percentage: 56
Minimum throttle percentage: 3"
