Information	21-11-2025 14:36:31	Netwtw14	7021	None	7021 - Connection telemetry fields and analysis usage
Information	21-11-2025 14:36:31	Netwtw14	7021	None	7021 - Connection telemetry fields and analysis usage
Information	21-11-2025 14:36:31	Netwtw14	7021	None	7021 - Connection telemetry fields and analysis usage
Information	21-11-2025 14:36:31	Netwtw14	7021	None	7021 - Connection telemetry fields and analysis usage
Information	21-11-2025 14:36:26	Netwtw14	7021	None	7021 - Connection telemetry fields and analysis usage
Information	21-11-2025 14:36:25	Netwtw14	7021	None	7021 - Connection telemetry fields and analysis usage
Information	21-11-2025 14:36:25	Netwtw14	7021	None	7021 - Connection telemetry fields and analysis usage
Information	21-11-2025 14:36:25	Netwtw14	7021	None	7021 - Connection telemetry fields and analysis usage
Information	21-11-2025 14:36:18	Netwtw14	7021	None	7021 - Connection telemetry fields and analysis usage
Information	21-11-2025 14:36:18	Netwtw14	7021	None	7021 - Connection telemetry fields and analysis usage
Information	21-11-2025 14:36:18	Netwtw14	7021	None	7021 - Connection telemetry fields and analysis usage
Information	21-11-2025 14:36:18	Netwtw14	7021	None	7021 - Connection telemetry fields and analysis usage
Information	21-11-2025 14:36:10	Netwtw14	7021	None	7021 - Connection telemetry fields and analysis usage
Information	21-11-2025 14:36:10	Netwtw14	7021	None	7021 - Connection telemetry fields and analysis usage
Information	21-11-2025 14:36:10	Netwtw14	7021	None	7021 - Connection telemetry fields and analysis usage
Information	21-11-2025 14:36:09	Netwtw14	7021	None	7021 - Connection telemetry fields and analysis usage
Information	21-11-2025 14:01:35	Microsoft-Windows-Kernel-Power	566	(268)	"The system session has transitioned from 2 to 3.

Reason InputPoUserPresent 

BootId: 602"
Information	21-11-2025 14:01:35	Microsoft-Windows-Kernel-Power	507	(158)	"The system is exiting Modern Standby 

Reason: Input Touchpad."
Information	21-11-2025 14:01:34	Microsoft-Windows-Kernel-Power	172	(203)	Connectivity state in standby: Connected, Reason: None
Information	21-11-2025 14:01:19	Microsoft-Windows-Kernel-Power	172	(203)	Connectivity state in standby: Disconnected, Reason: Adaptive Connected Standby
Information	21-11-2025 14:01:12	Microsoft-Windows-Kernel-Power	566	(268)	"The system session has transitioned from 1 to 2.

Reason SessionUnlock 

BootId: 602"
Information	21-11-2025 14:00:54	Microsoft-Windows-Kernel-Power	506	(157)	"The system is entering Modern Standby 

Reason: Idle Timeout."
Information	21-11-2025 14:00:54	Microsoft-Windows-Kernel-Power	566	(268)	"The system session has transitioned from 0 to 1.

Reason SessionUnlock 

BootId: 602"
Information	21-11-2025 14:00:52	Microsoft-Windows-Kernel-General	16	None	The access history in hive \??\C:\ProgramData\Microsoft\Provisioning\Microsoft-Desktop-Provisioning-Sequence.dat was cleared updating 0 keys and creating 0 modified pages.
Information	21-11-2025 13:53:10	Netwtw14	7021	None	7021 - Connection telemetry fields and analysis usage
Information	21-11-2025 13:53:10	Netwtw14	7021	None	7021 - Connection telemetry fields and analysis usage
Information	21-11-2025 13:53:09	Netwtw14	7021	None	7021 - Connection telemetry fields and analysis usage
Information	21-11-2025 13:53:09	Netwtw14	7021	None	7021 - Connection telemetry fields and analysis usage
Information	21-11-2025 13:53:03	Netwtw14	7021	None	7021 - Connection telemetry fields and analysis usage
Information	21-11-2025 13:53:03	Netwtw14	7021	None	7021 - Connection telemetry fields and analysis usage
Information	21-11-2025 13:53:02	Netwtw14	7021	None	7021 - Connection telemetry fields and analysis usage
Information	21-11-2025 13:53:02	Netwtw14	7021	None	7021 - Connection telemetry fields and analysis usage
Information	21-11-2025 13:52:49	Netwtw14	7021	None	7021 - Connection telemetry fields and analysis usage
Information	21-11-2025 13:52:49	Netwtw14	7021	None	7021 - Connection telemetry fields and analysis usage
Information	21-11-2025 13:52:48	Netwtw14	7021	None	7021 - Connection telemetry fields and analysis usage
Information	21-11-2025 13:52:48	Netwtw14	7021	None	7021 - Connection telemetry fields and analysis usage
Information	21-11-2025 13:52:42	Netwtw14	7021	None	7021 - Connection telemetry fields and analysis usage
Information	21-11-2025 13:52:42	Netwtw14	7021	None	7021 - Connection telemetry fields and analysis usage
Information	21-11-2025 13:52:41	Netwtw14	7021	None	7021 - Connection telemetry fields and analysis usage
Information	21-11-2025 13:52:41	Netwtw14	7021	None	7021 - Connection telemetry fields and analysis usage
Information	21-11-2025 13:52:32	Netwtw14	7021	None	7021 - Connection telemetry fields and analysis usage
Information	21-11-2025 13:52:31	Netwtw14	7021	None	7021 - Connection telemetry fields and analysis usage
Information	21-11-2025 13:52:31	Netwtw14	7021	None	7021 - Connection telemetry fields and analysis usage
Information	21-11-2025 13:52:30	Netwtw14	7021	None	7021 - Connection telemetry fields and analysis usage
Information	21-11-2025 13:52:27	Netwtw14	7021	None	7021 - Connection telemetry fields and analysis usage
Information	21-11-2025 13:52:26	Netwtw14	7021	None	7021 - Connection telemetry fields and analysis usage
Information	21-11-2025 13:52:26	Netwtw14	7021	None	7021 - Connection telemetry fields and analysis usage
Information	21-11-2025 13:52:25	Netwtw14	7021	None	7021 - Connection telemetry fields and analysis usage
Information	21-11-2025 13:52:16	Netwtw14	7021	None	7021 - Connection telemetry fields and analysis usage
Information	21-11-2025 13:52:15	Netwtw14	7021	None	7021 - Connection telemetry fields and analysis usage
Information	21-11-2025 13:52:15	Netwtw14	7021	None	7021 - Connection telemetry fields and analysis usage
Information	21-11-2025 13:52:15	Netwtw14	7021	None	7021 - Connection telemetry fields and analysis usage
Warning	21-11-2025 13:51:23	Netwtw14	6062	None	6062 - Lso was triggered
Information	21-11-2025 13:51:19	Netwtw14	7021	None	7021 - Connection telemetry fields and analysis usage
Information	21-11-2025 13:50:20	Netwtw14	7021	None	7021 - Connection telemetry fields and analysis usage
Information	21-11-2025 13:50:19	Netwtw14	7021	None	7021 - Connection telemetry fields and analysis usage
Information	21-11-2025 13:50:19	Netwtw14	7021	None	7021 - Connection telemetry fields and analysis usage
Information	21-11-2025 13:50:18	Netwtw14	7021	None	7021 - Connection telemetry fields and analysis usage
Information	21-11-2025 13:50:15	Netwtw14	7021	None	7021 - Connection telemetry fields and analysis usage
Information	21-11-2025 13:50:14	Netwtw14	7021	None	7021 - Connection telemetry fields and analysis usage
Information	21-11-2025 13:50:14	Netwtw14	7021	None	7021 - Connection telemetry fields and analysis usage
Information	21-11-2025 13:50:13	Netwtw14	7021	None	7021 - Connection telemetry fields and analysis usage
Information	21-11-2025 13:50:01	Netwtw14	7021	None	7021 - Connection telemetry fields and analysis usage
Information	21-11-2025 13:50:01	Netwtw14	7021	None	7021 - Connection telemetry fields and analysis usage
Information	21-11-2025 13:50:00	Netwtw14	7021	None	7021 - Connection telemetry fields and analysis usage
Information	21-11-2025 13:50:00	Netwtw14	7021	None	7021 - Connection telemetry fields and analysis usage
Information	21-11-2025 13:49:53	Netwtw14	7021	None	7021 - Connection telemetry fields and analysis usage
Information	21-11-2025 13:49:53	Netwtw14	7021	None	7021 - Connection telemetry fields and analysis usage
Information	21-11-2025 13:49:52	Netwtw14	7021	None	7021 - Connection telemetry fields and analysis usage
Information	21-11-2025 13:49:52	Netwtw14	7021	None	7021 - Connection telemetry fields and analysis usage
Information	21-11-2025 13:49:45	Netwtw14	7021	None	7021 - Connection telemetry fields and analysis usage
Information	21-11-2025 13:49:44	Netwtw14	7021	None	7021 - Connection telemetry fields and analysis usage
Information	21-11-2025 13:49:44	Netwtw14	7021	None	7021 - Connection telemetry fields and analysis usage
Information	21-11-2025 13:49:43	Netwtw14	7021	None	7021 - Connection telemetry fields and analysis usage
Information	21-11-2025 13:49:38	Netwtw14	7021	None	7021 - Connection telemetry fields and analysis usage
Information	21-11-2025 13:49:37	Netwtw14	7021	None	7021 - Connection telemetry fields and analysis usage
Information	21-11-2025 13:49:37	Netwtw14	7021	None	7021 - Connection telemetry fields and analysis usage
Information	21-11-2025 13:49:36	Netwtw14	7021	None	7021 - Connection telemetry fields and analysis usage
Information	21-11-2025 13:49:33	Netwtw14	7021	None	7021 - Connection telemetry fields and analysis usage
Information	21-11-2025 13:49:32	Netwtw14	7021	None	7021 - Connection telemetry fields and analysis usage
Information	21-11-2025 13:49:32	Netwtw14	7021	None	7021 - Connection telemetry fields and analysis usage
Information	21-11-2025 13:49:31	Netwtw14	7021	None	7021 - Connection telemetry fields and analysis usage
Warning	21-11-2025 13:49:30	Microsoft-Windows-DNS-Client	1014	(1014)	Name resolution for the name mtalk.google.com timed out after none of the configured DNS servers responded. Client PID 16696.
Information	21-11-2025 13:49:29	Netwtw14	7021	None	7021 - Connection telemetry fields and analysis usage
Information	21-11-2025 13:49:29	Netwtw14	7021	None	7021 - Connection telemetry fields and analysis usage
Information	21-11-2025 13:49:28	Netwtw14	7021	None	7021 - Connection telemetry fields and analysis usage
Information	21-11-2025 13:49:28	Netwtw14	7021	None	7021 - Connection telemetry fields and analysis usage
Information	21-11-2025 13:49:16	Netwtw14	7021	None	7021 - Connection telemetry fields and analysis usage
Information	21-11-2025 13:49:16	Netwtw14	7021	None	7021 - Connection telemetry fields and analysis usage
Information	21-11-2025 13:49:16	Netwtw14	7021	None	7021 - Connection telemetry fields and analysis usage
Information	21-11-2025 13:49:15	Netwtw14	7021	None	7021 - Connection telemetry fields and analysis usage
Information	21-11-2025 13:49:09	Netwtw14	7021	None	7021 - Connection telemetry fields and analysis usage
Information	21-11-2025 13:43:42	Netwtw14	7021	None	7021 - Connection telemetry fields and analysis usage
Information	21-11-2025 13:43:42	Netwtw14	7021	None	7021 - Connection telemetry fields and analysis usage
Information	21-11-2025 13:43:41	Netwtw14	7021	None	7021 - Connection telemetry fields and analysis usage
Information	21-11-2025 13:43:41	Netwtw14	7021	None	7021 - Connection telemetry fields and analysis usage
Information	21-11-2025 13:43:35	Netwtw14	7021	None	7021 - Connection telemetry fields and analysis usage
Information	21-11-2025 13:43:35	Netwtw14	7021	None	7021 - Connection telemetry fields and analysis usage
Information	21-11-2025 13:43:34	Netwtw14	7021	None	7021 - Connection telemetry fields and analysis usage
Information	21-11-2025 13:43:34	Netwtw14	7021	None	7021 - Connection telemetry fields and analysis usage
Information	21-11-2025 13:43:22	Netwtw14	7021	None	7021 - Connection telemetry fields and analysis usage
Information	21-11-2025 13:43:21	Netwtw14	7021	None	7021 - Connection telemetry fields and analysis usage
Information	21-11-2025 13:43:21	Netwtw14	7021	None	7021 - Connection telemetry fields and analysis usage
Information	21-11-2025 13:43:20	Netwtw14	7021	None	7021 - Connection telemetry fields and analysis usage
Information	21-11-2025 13:43:14	Netwtw14	7021	None	7021 - Connection telemetry fields and analysis usage
Information	21-11-2025 13:43:14	Netwtw14	7021	None	7021 - Connection telemetry fields and analysis usage
Information	21-11-2025 13:43:13	Netwtw14	7021	None	7021 - Connection telemetry fields and analysis usage
Information	21-11-2025 13:43:13	Netwtw14	7021	None	7021 - Connection telemetry fields and analysis usage
Information	21-11-2025 13:43:06	Netwtw14	7021	None	7021 - Connection telemetry fields and analysis usage
Information	21-11-2025 13:43:06	Netwtw14	7021	None	7021 - Connection telemetry fields and analysis usage
Information	21-11-2025 13:43:05	Netwtw14	7021	None	7021 - Connection telemetry fields and analysis usage
Information	21-11-2025 13:43:05	Netwtw14	7021	None	7021 - Connection telemetry fields and analysis usage
Warning	21-11-2025 13:43:03	Microsoft-Windows-DNS-Client	1014	(1014)	Name resolution for the name 196193-ipv4fdsmte.gr.global.aa-rt.sharepoint.com timed out after none of the configured DNS servers responded. Client PID 6032.
Information	21-11-2025 13:42:59	Netwtw14	7021	None	7021 - Connection telemetry fields and analysis usage
Information	21-11-2025 13:42:58	Netwtw14	7021	None	7021 - Connection telemetry fields and analysis usage
Information	21-11-2025 13:42:58	Netwtw14	7021	None	7021 - Connection telemetry fields and analysis usage
Information	21-11-2025 13:42:57	Netwtw14	7021	None	7021 - Connection telemetry fields and analysis usage
Information	21-11-2025 13:42:51	Netwtw14	7021	None	7021 - Connection telemetry fields and analysis usage
Information	21-11-2025 13:42:51	Netwtw14	7021	None	7021 - Connection telemetry fields and analysis usage
Information	21-11-2025 13:42:51	Netwtw14	7021	None	7021 - Connection telemetry fields and analysis usage
Information	21-11-2025 13:42:51	Netwtw14	7021	None	7021 - Connection telemetry fields and analysis usage
Information	21-11-2025 13:42:48	Netwtw14	7021	None	7021 - Connection telemetry fields and analysis usage
Information	21-11-2025 13:42:48	Netwtw14	7021	None	7021 - Connection telemetry fields and analysis usage
Information	21-11-2025 13:42:48	Netwtw14	7021	None	7021 - Connection telemetry fields and analysis usage
Information	21-11-2025 13:42:48	Netwtw14	7021	None	7021 - Connection telemetry fields and analysis usage
Warning	21-11-2025 13:41:52	Netwtw14	6062	None	6062 - Lso was triggered
Information	21-11-2025 13:41:49	Netwtw14	7021	None	7021 - Connection telemetry fields and analysis usage
Information	21-11-2025 13:41:24	Netwtw14	7021	None	7021 - Connection telemetry fields and analysis usage
Information	21-11-2025 13:41:24	Netwtw14	7021	None	7021 - Connection telemetry fields and analysis usage
Information	21-11-2025 13:41:24	Netwtw14	7021	None	7021 - Connection telemetry fields and analysis usage
Information	21-11-2025 13:41:24	Netwtw14	7021	None	7021 - Connection telemetry fields and analysis usage
Information	21-11-2025 13:41:24	Netwtw14	7021	None	7021 - Connection telemetry fields and analysis usage
Information	21-11-2025 13:41:24	Netwtw14	7021	None	7021 - Connection telemetry fields and analysis usage
Information	21-11-2025 13:41:24	Netwtw14	7021	None	7021 - Connection telemetry fields and analysis usage
Information	21-11-2025 13:41:24	Netwtw14	7021	None	7021 - Connection telemetry fields and analysis usage
Information	21-11-2025 13:41:24	Netwtw14	7021	None	7021 - Connection telemetry fields and analysis usage
Information	21-11-2025 13:41:24	Netwtw14	7021	None	7021 - Connection telemetry fields and analysis usage
Information	21-11-2025 13:41:24	Netwtw14	7021	None	7021 - Connection telemetry fields and analysis usage
Information	21-11-2025 13:41:24	Netwtw14	7021	None	7021 - Connection telemetry fields and analysis usage
Information	21-11-2025 13:41:24	Netwtw14	7021	None	7021 - Connection telemetry fields and analysis usage
Information	21-11-2025 13:41:24	Netwtw14	7021	None	7021 - Connection telemetry fields and analysis usage
Information	21-11-2025 13:41:24	Netwtw14	7021	None	7021 - Connection telemetry fields and analysis usage
Information	21-11-2025 13:41:24	Netwtw14	7021	None	7021 - Connection telemetry fields and analysis usage
Information	21-11-2025 13:41:24	Netwtw14	7021	None	7021 - Connection telemetry fields and analysis usage
Information	21-11-2025 13:41:24	Netwtw14	7021	None	7021 - Connection telemetry fields and analysis usage
Information	21-11-2025 13:41:24	Netwtw14	7021	None	7021 - Connection telemetry fields and analysis usage
Information	21-11-2025 13:41:24	Netwtw14	7021	None	7021 - Connection telemetry fields and analysis usage
Information	21-11-2025 13:41:24	Netwtw14	7021	None	7021 - Connection telemetry fields and analysis usage
Information	21-11-2025 13:41:24	Netwtw14	7021	None	7021 - Connection telemetry fields and analysis usage
Information	21-11-2025 13:41:24	Netwtw14	7021	None	7021 - Connection telemetry fields and analysis usage
Information	21-11-2025 13:41:24	Netwtw14	7021	None	7021 - Connection telemetry fields and analysis usage
Information	21-11-2025 13:41:24	Netwtw14	7021	None	7021 - Connection telemetry fields and analysis usage
Information	21-11-2025 13:41:24	Netwtw14	7021	None	7021 - Connection telemetry fields and analysis usage
Information	21-11-2025 13:41:23	Netwtw14	7021	None	7021 - Connection telemetry fields and analysis usage
Information	21-11-2025 13:41:23	Netwtw14	7021	None	7021 - Connection telemetry fields and analysis usage
Information	21-11-2025 13:41:23	Netwtw14	7021	None	7021 - Connection telemetry fields and analysis usage
Information	21-11-2025 13:41:23	Netwtw14	7021	None	7021 - Connection telemetry fields and analysis usage
Information	21-11-2025 13:41:23	Netwtw14	7021	None	7021 - Connection telemetry fields and analysis usage
Information	21-11-2025 13:41:23	Netwtw14	7021	None	7021 - Connection telemetry fields and analysis usage
Information	21-11-2025 13:41:23	Netwtw14	7021	None	7021 - Connection telemetry fields and analysis usage
Information	21-11-2025 13:41:23	Netwtw14	7021	None	7021 - Connection telemetry fields and analysis usage
Information	21-11-2025 13:41:23	Netwtw14	7021	None	7021 - Connection telemetry fields and analysis usage
Information	21-11-2025 13:41:23	Netwtw14	7021	None	7021 - Connection telemetry fields and analysis usage
Information	21-11-2025 13:41:23	Netwtw14	7021	None	7021 - Connection telemetry fields and analysis usage
Information	21-11-2025 13:41:23	Netwtw14	7021	None	7021 - Connection telemetry fields and analysis usage
Information	21-11-2025 13:41:23	Netwtw14	7021	None	7021 - Connection telemetry fields and analysis usage
Information	21-11-2025 13:41:23	Netwtw14	7021	None	7021 - Connection telemetry fields and analysis usage
Information	21-11-2025 13:41:23	Netwtw14	7021	None	7021 - Connection telemetry fields and analysis usage
Information	21-11-2025 13:41:23	Netwtw14	7021	None	7021 - Connection telemetry fields and analysis usage
Information	21-11-2025 13:41:23	Netwtw14	7021	None	7021 - Connection telemetry fields and analysis usage
Information	21-11-2025 13:41:23	Netwtw14	7021	None	7021 - Connection telemetry fields and analysis usage
Information	21-11-2025 13:41:23	Netwtw14	7021	None	7021 - Connection telemetry fields and analysis usage
Information	21-11-2025 13:41:23	Netwtw14	7021	None	7021 - Connection telemetry fields and analysis usage
Information	21-11-2025 13:41:23	Netwtw14	7021	None	7021 - Connection telemetry fields and analysis usage
Information	21-11-2025 13:41:23	Netwtw14	7021	None	7021 - Connection telemetry fields and analysis usage
Information	21-11-2025 13:41:23	Netwtw14	7021	None	7021 - Connection telemetry fields and analysis usage
Information	21-11-2025 13:41:23	Netwtw14	7021	None	7021 - Connection telemetry fields and analysis usage
Information	21-11-2025 13:41:23	Netwtw14	7021	None	7021 - Connection telemetry fields and analysis usage
Information	21-11-2025 13:41:23	Netwtw14	7021	None	7021 - Connection telemetry fields and analysis usage
Information	21-11-2025 13:41:23	Netwtw14	7021	None	7021 - Connection telemetry fields and analysis usage
Information	21-11-2025 13:41:23	Netwtw14	7021	None	7021 - Connection telemetry fields and analysis usage
Information	21-11-2025 13:41:23	Netwtw14	7021	None	7021 - Connection telemetry fields and analysis usage
Information	21-11-2025 13:41:21	Netwtw14	7021	None	7021 - Connection telemetry fields and analysis usage
Information	21-11-2025 13:41:20	Netwtw14	7021	None	7021 - Connection telemetry fields and analysis usage
Information	21-11-2025 13:40:22	Netwtw14	7021	None	7021 - Connection telemetry fields and analysis usage
Information	21-11-2025 13:40:19	Netwtw14	7021	None	7021 - Connection telemetry fields and analysis usage
Information	21-11-2025 13:38:09	Netwtw14	7021	None	7021 - Connection telemetry fields and analysis usage
Information	21-11-2025 13:38:07	Netwtw14	7021	None	7021 - Connection telemetry fields and analysis usage
Information	21-11-2025 13:38:07	Netwtw14	7021	None	7021 - Connection telemetry fields and analysis usage
Information	21-11-2025 13:38:07	Netwtw14	7021	None	7021 - Connection telemetry fields and analysis usage
Information	21-11-2025 13:38:07	Netwtw14	7021	None	7021 - Connection telemetry fields and analysis usage
Information	21-11-2025 13:37:59	Netwtw14	7021	None	7021 - Connection telemetry fields and analysis usage
Information	21-11-2025 13:37:58	Netwtw14	7021	None	7021 - Connection telemetry fields and analysis usage
Information	21-11-2025 13:37:58	Netwtw14	7021	None	7021 - Connection telemetry fields and analysis usage
Information	21-11-2025 13:37:57	Netwtw14	7021	None	7021 - Connection telemetry fields and analysis usage
Information	21-11-2025 13:37:54	Netwtw14	7021	None	7021 - Connection telemetry fields and analysis usage
Information	21-11-2025 13:37:53	Netwtw14	7021	None	7021 - Connection telemetry fields and analysis usage
Information	21-11-2025 13:37:52	Netwtw14	7021	None	7021 - Connection telemetry fields and analysis usage
Information	21-11-2025 13:37:51	Netwtw14	7021	None	7021 - Connection telemetry fields and analysis usage
Warning	21-11-2025 13:36:49	Microsoft-Windows-DNS-Client	1014	(1014)	Name resolution for the name in.grammarly.com timed out after none of the configured DNS servers responded. Client PID 3016.
Warning	21-11-2025 13:36:32	Microsoft-Windows-DistributedCOM	10016	None	"The application-specific permission settings do not grant Local Activation permission for the COM Server application with CLSID 
{2593F8B9-4EAF-457C-B68A-50F6B8EA6B54}
 and APPID 
{15C20B67-12E7-4BB6-92BB-7AFF07997402}
 to the user Saiganesh\gunis SID (S-1-5-21-2782663264-3991100608-3008750438-1001) from address LocalHost (Using LRPC) running in the application container OpenAI.ChatGPT-Desktop_1.2025.258.0_x64__2p2nqsd0c76g0 SID (Unavailable). This security permission can be modified using the Component Services administrative tool."
Error	21-11-2025 13:36:26	Microsoft-Windows-TPM-WMI	1801	None	"Secure Boot CA/keys need to be updated. This device signature information is included here.
DeviceAttributes: FirmwareVersion:LTCN33WW;OEMManufacturerName:LENOVO;OEMModelSKU:LENOVO_MT_83EM_BU_idea_FM_IdeaPad Slim 3 15IRH8;OSArchitecture:amd64;
BucketId: 19f5521a9a11b038ff2fbabfc2e3398b7331dde01e995bceb019686a7da0c8d3
BucketConfidenceLevel: 
UpdateType: 0
HResult: The operation completed successfully."
Information	21-11-2025 13:35:10	Microsoft-Windows-IsolatedUserMode	5	None	Secure Trustlet NULL Id 0 and Pid 0 started with status STATUS_SUCCESS.
Warning	21-11-2025 13:35:05	Microsoft-Windows-DNS-Client	1014	(1014)	Name resolution for the name arc.msn.com timed out after none of the configured DNS servers responded. Client PID 1564.
Warning	21-11-2025 13:33:41	Microsoft-Windows-DistributedCOM	10016	None	"The application-specific permission settings do not grant Local Launch permission for the COM Server application with CLSID 
Windows.SecurityCenter.WscBrokerManager
 and APPID 
Unavailable
 to the user NT AUTHORITY\SYSTEM SID (S-1-5-18) from address LocalHost (Using LRPC) running in the application container Unavailable SID (Unavailable). This security permission can be modified using the Component Services administrative tool."
Warning	21-11-2025 13:33:41	Microsoft-Windows-DistributedCOM	10016	None	"The application-specific permission settings do not grant Local Launch permission for the COM Server application with CLSID 
Windows.SecurityCenter.SecurityAppBroker
 and APPID 
Unavailable
 to the user NT AUTHORITY\SYSTEM SID (S-1-5-18) from address LocalHost (Using LRPC) running in the application container Unavailable SID (Unavailable). This security permission can be modified using the Component Services administrative tool."
Warning	21-11-2025 13:32:25	Microsoft-Windows-Kernel-Processor-Power	37	(7)	The speed of processor 15 in group 0 is being limited by system firmware. The processor has been in this reduced performance state for 71 seconds since the last report.
Warning	21-11-2025 13:32:25	Microsoft-Windows-Kernel-Processor-Power	37	(7)	The speed of processor 14 in group 0 is being limited by system firmware. The processor has been in this reduced performance state for 71 seconds since the last report.
Warning	21-11-2025 13:32:25	Microsoft-Windows-Kernel-Processor-Power	37	(7)	The speed of processor 13 in group 0 is being limited by system firmware. The processor has been in this reduced performance state for 71 seconds since the last report.
Warning	21-11-2025 13:32:25	Microsoft-Windows-Kernel-Processor-Power	37	(7)	The speed of processor 12 in group 0 is being limited by system firmware. The processor has been in this reduced performance state for 71 seconds since the last report.
Information	21-11-2025 13:31:40	Microsoft-Windows-TPM-WMI	1046	None	Measured boot files deleted successfully. The following 1 files were deleted: 
Information	21-11-2025 13:31:35	Microsoft-Windows-TPM-WMI	1025	None	The TPM was successfully provisioned and is now ready for use.
Information	21-11-2025 13:31:35	Netwtw14	7021	None	7021 - Connection telemetry fields and analysis usage
Information	21-11-2025 13:31:33	Microsoft-Windows-TPM-WMI	1282	None	The TBS device identifier has been generated.
Information	21-11-2025 13:31:31	Microsoft-Windows-FilterManager	6	None	File System Filter 'gameflt' (10.0, ‎2009‎-‎11‎-‎23T00:41:52.000000000Z) has successfully loaded and registered with Filter Manager.
Information	21-11-2025 13:31:30	Microsoft-Windows-IsolatedUserMode	1	None	Secure Trustlet \??\C:\Windows\System32\NgcIso.exe Id 6 and Pid 11580 started with status STATUS_SUCCESS.
Information	21-11-2025 13:31:30	Microsoft-Windows-IsolatedUserMode	5	None	Secure Trustlet NULL Id 0 and Pid 0 started with status STATUS_SUCCESS.
Warning	21-11-2025 13:31:30	Microsoft-Windows-DistributedCOM	10016	None	"The application-specific permission settings do not grant Local Activation permission for the COM Server application with CLSID 
{6B3B8D23-FA8D-40B9-8DBD-B950333E2C52}
 and APPID 
{4839DDB7-58C2-48F5-8283-E1D1807D0D7D}
 to the user NT AUTHORITY\LOCAL SERVICE SID (S-1-5-19) from address LocalHost (Using LRPC) running in the application container Unavailable SID (Unavailable). This security permission can be modified using the Component Services administrative tool."
Warning	21-11-2025 13:31:30	Microsoft-Windows-DistributedCOM	10016	None	"The application-specific permission settings do not grant Local Activation permission for the COM Server application with CLSID 
{6B3B8D23-FA8D-40B9-8DBD-B950333E2C52}
 and APPID 
{4839DDB7-58C2-48F5-8283-E1D1807D0D7D}
 to the user NT AUTHORITY\LOCAL SERVICE SID (S-1-5-19) from address LocalHost (Using LRPC) running in the application container Unavailable SID (Unavailable). This security permission can be modified using the Component Services administrative tool."
Information	21-11-2025 13:31:30	TPM	18	None	This event triggers the Trusted Platform Module (TPM) provisioning/status check to run.
Information	21-11-2025 13:31:29	Microsoft-Windows-WLAN-AutoConfig	10001	None	"WLAN Extensibility Module has successfully started.

Module Path: C:\Windows\system32\IntelIHVRouter14.dll
"
Information	21-11-2025 13:31:29	Microsoft-Windows-WLAN-AutoConfig	4000	None	"WLAN AutoConfig service has successfully started.
"
Information	21-11-2025 13:31:27	Microsoft-Windows-UserModePowerService	12	(10)	Process C:\Windows\System32\DriverStore\FileRepository\ipf_cpu.inf_amd64_392cd02685ab99ce\ipf_uf.exe (process ID:5216) reset policy scheme from {381b4222-f694-41f0-9685-ff5bb260df2e} to {381b4222-f694-41f0-9685-ff5bb260df2e}
Information	21-11-2025 13:31:26	Microsoft-Windows-UserModePowerService	12	(10)	Process C:\Windows\System32\DriverStore\FileRepository\ipf_cpu.inf_amd64_392cd02685ab99ce\ipf_uf.exe (process ID:5216) reset policy scheme from {381b4222-f694-41f0-9685-ff5bb260df2e} to {381b4222-f694-41f0-9685-ff5bb260df2e}
Information	21-11-2025 13:31:25	Microsoft-Windows-HttpService	112	HTTP Setup Trace Task	Attempted to reserve URL https://+:443/sra_{BA195980-CD49-458b-9E23-C84EE0ADCD75}/. Status 0x0. Process Id 0x4 Executable path , User SYSTEM
Information	21-11-2025 13:31:25	Microsoft-Windows-HttpService	112	HTTP Setup Trace Task	Attempted to reserve URL http://+:10246/MDEServer/. Status 0x0. Process Id 0x4 Executable path , User SYSTEM
Information	21-11-2025 13:31:25	Microsoft-Windows-HttpService	112	HTTP Setup Trace Task	Attempted to reserve URL http://+:10247/apps/. Status 0x0. Process Id 0x4 Executable path , User SYSTEM
Information	21-11-2025 13:31:25	Microsoft-Windows-HttpService	112	HTTP Setup Trace Task	Attempted to reserve URL http://+:10243/WMPNSSv4/. Status 0x0. Process Id 0x4 Executable path , User SYSTEM
Information	21-11-2025 13:31:25	Microsoft-Windows-HttpService	112	HTTP Setup Trace Task	Attempted to reserve URL https://+:10245/WMPNSSv4/. Status 0x0. Process Id 0x4 Executable path , User SYSTEM
Information	21-11-2025 13:31:25	Microsoft-Windows-HttpService	112	HTTP Setup Trace Task	Attempted to reserve URL http://+:3387/rdp/. Status 0x0. Process Id 0x4 Executable path , User SYSTEM
Information	21-11-2025 13:31:25	Microsoft-Windows-HttpService	112	HTTP Setup Trace Task	Attempted to reserve URL https://+:3392/rdp/. Status 0x0. Process Id 0x4 Executable path , User SYSTEM
Information	21-11-2025 13:31:25	Microsoft-Windows-HttpService	112	HTTP Setup Trace Task	Attempted to reserve URL http://+:5985/wsman/. Status 0x0. Process Id 0x4 Executable path , User SYSTEM
Information	21-11-2025 13:31:25	Microsoft-Windows-HttpService	112	HTTP Setup Trace Task	Attempted to reserve URL http://+:47001/wsman/. Status 0x0. Process Id 0x4 Executable path , User SYSTEM
Information	21-11-2025 13:31:25	Microsoft-Windows-HttpService	112	HTTP Setup Trace Task	Attempted to reserve URL https://+:5986/wsman/. Status 0x0. Process Id 0x4 Executable path , User SYSTEM
Information	21-11-2025 13:31:25	Microsoft-Windows-HttpService	112	HTTP Setup Trace Task	Attempted to reserve URL http://*:2869/. Status 0x0. Process Id 0x4 Executable path , User SYSTEM
Information	21-11-2025 13:31:25	Microsoft-Windows-HttpService	112	HTTP Setup Trace Task	Attempted to reserve URL https://*:5358/. Status 0x0. Process Id 0x4 Executable path , User SYSTEM
Information	21-11-2025 13:31:25	Microsoft-Windows-HttpService	112	HTTP Setup Trace Task	Attempted to reserve URL http://+:80/Temporary_Listen_Addresses/. Status 0x0. Process Id 0x4 Executable path , User SYSTEM
Information	21-11-2025 13:31:25	Microsoft-Windows-HttpService	112	HTTP Setup Trace Task	Attempted to reserve URL http://*:5357/. Status 0x0. Process Id 0x4 Executable path , User SYSTEM
Information	21-11-2025 13:31:25	Microsoft-Windows-TPM-WMI	1038	None	"Pre-attestation health checks confirm that the device is expected to pass attestation.
 Please see C:\Windows\Logs\MeasuredBoot\0000000600-0000000000.json for detailed information on what checks were made."
Information	21-11-2025 13:31:25	Microsoft-Windows-TPM-WMI	1041	None	"Pre-attestation health check detailed information: {""Version"":1,""HealthStatus"":""Attestable"",""Required"":[{""Field"":""TpmPresent"",""Value"":true,""DesiredValue"":true},{""Field"":""TpmMeetsMinimumVersion"",""Value"":true,""DesiredValue"":true},{""Field"":""TpmIsResponsive"",""Value"":true,""DesiredValue"":true},{""Field"":""EkCertIsAvailable"",""Value"":true,""DesiredValue"":true},{""Field"":""TcgLogFound"",""Value"":true,""DesiredValue"":true}],""Expected"":[{""Field"":""PcrsMatchTcgLog"",""Value"":true,""DesiredValue"":true}],""Informational"":[{""Field"":""SecureBootEnabled"",""ValueFromComputer"":true,""ValueFromTcgLog"":true,""DesiredValue"":true,""TcgValueIsVerifiable"":true},{""Field"":""VirtualSecureMemory"",""ValueFromComputer"":false,""ValueFromTcgLog"":false,""DesiredValue"":true,""TcgValueIsVerifiable"":true},{""Field"":""SecureCorePCCompliant"",""ValueFromComputer"":false,""ValueFromTcgLog"":false,""DesiredValue"":true,""TcgValueIsVerifiable"":true}{""Field"":""BootTcgLogFoundInFileSystem"",""Value"":true,""DesiredValue"":true},{""Field"":""CurrentTcgLogFoundInFileSystem"",""Value"":true,""DesiredValue"":true}]}"
Information	21-11-2025 13:31:25	Microsoft-Windows-Winlogon	7001	(1101)	User Logon Notification for Customer Experience Improvement Program
Information	21-11-2025 13:31:25	Microsoft-Windows-FilterManager	6	None	File System Filter 'bindflt' (10.0, ‎2055‎-‎05‎-‎15T02:47:06.000000000Z) has successfully loaded and registered with Filter Manager.
Information	21-11-2025 13:31:25	Microsoft-Windows-FilterManager	6	None	File System Filter 'storqosflt' (10.0, ‎2021‎-‎03‎-‎19T16:17:34.000000000Z) has successfully loaded and registered with Filter Manager.
Information	21-11-2025 13:31:25	Microsoft-Windows-FilterManager	6	None	File System Filter 'UnionFS' (10.0, ‎2047‎-‎02‎-‎21T16:31:20.000000000Z) has successfully loaded and registered with Filter Manager.
Information	21-11-2025 13:31:25	Win32k	267	None	Touch/Touchpad Hardware Quality Assurance verification succeeded.
Information	21-11-2025 13:31:25	Microsoft-Windows-FilterManager	6	None	File System Filter 'CldFlt' (10.0, ‎2029‎-‎01‎-‎27T10:14:20.000000000Z) has successfully loaded and registered with Filter Manager.
Information	21-11-2025 13:31:25	Microsoft-Windows-FilterManager	1	None	File System Filter 'CldFlt' (Version 10.0, ‎2029‎-‎01‎-‎27T10:14:20.000000000Z) unloaded successfully.
Information	21-11-2025 13:31:25	Microsoft-Windows-FilterManager	6	None	File System Filter 'CldFlt' (10.0, ‎2029‎-‎01‎-‎27T10:14:20.000000000Z) has successfully loaded and registered with Filter Manager.
Information	21-11-2025 13:31:25	Microsoft-Windows-FilterManager	6	None	File System Filter 'wcifs' (10.0, ‎2099‎-‎02‎-‎09T18:35:05.000000000Z) has successfully loaded and registered with Filter Manager.
Information	21-11-2025 13:31:25	Microsoft-Windows-FilterManager	6	None	File System Filter 'luafv' (10.0, ‎2092‎-‎04‎-‎06T04:21:15.000000000Z) has successfully loaded and registered with Filter Manager.
Information	21-11-2025 13:31:25	Microsoft-Windows-FilterManager	6	None	File System Filter 'bfs' (10.0, ‎1984‎-‎12‎-‎31T15:38:23.000000000Z) has successfully loaded and registered with Filter Manager.
Information	21-11-2025 13:31:24	Microsoft-Windows-DHCPv6-Client	51046	Service State Event	DHCPv6 client service is started
Information	21-11-2025 13:31:24	Microsoft-Windows-Dhcp-Client	50036	Service State Event	DHCPv4 client service is started
Information	21-11-2025 13:31:24	Microsoft-Windows-Dhcp-Client	50103	Service State Event	DHCPv4 client registered for shutdown notification
Information	21-11-2025 13:31:24	Microsoft-Windows-Dhcp-Client	50036	Service State Event	DHCPv4 client service is started
Information	21-11-2025 13:31:24	Microsoft-Windows-Directory-Services-SAM	16983	None	"The security account manager is now logging periodic summary events for remote clients that call legacy password change or set RPC methods.

For more information please see https://go.microsoft.com/fwlink/?linkid=2150956.
"
Information	21-11-2025 13:31:24	Microsoft-Windows-Directory-Services-SAM	16977	None	"The domain is configured with the following minimum password length-related settings.

MinimumPasswordLength: 0

RelaxMinimumPasswordLengthLimits: 0

MinimumPasswordLengthAudit: -1

For more information see https://go.microsoft.com/fwlink/?LinkId=2097191.
"
Information	21-11-2025 13:31:24	Microsoft-Windows-Directory-Services-SAM	16962	None	"Remote calls to the SAM database are being restricted using the default security descriptor: O:SYG:SYD:(A;;RC;;;BA).
For more information please see http://go.microsoft.com/fwlink/?LinkId=787651."
Information	21-11-2025 13:31:24	Microsoft-Windows-IsolatedUserMode	5	None	Secure Trustlet NULL Id 0 and Pid 0 started with status STATUS_SUCCESS.
Information	21-11-2025 13:31:24	LsaSrv	6156	None	"Credential Guard auto enablement status.

Hardware Requirements for Virtualization Based Security:	1
Domain Joined:	0
Azure AD Joined:	0
 Licensed for Credential Guard:	0
Domain Controller:	0"
Information	21-11-2025 13:31:24	Microsoft-Windows-Wininit	12	None	LSASS.exe was started as a protected process with level: 4.
Information	21-11-2025 13:31:24	Microsoft-Windows-Wininit	18	None	VBS Key Isolation was started and will protect VSM-isolated keys.
Information	21-11-2025 13:31:24	Microsoft-Windows-IsolatedUserMode	1	None	Secure Trustlet \??\C:\Windows\system32\lsaiso.exe Id 1 and Pid 1388 started with status STATUS_SUCCESS.
Information	21-11-2025 13:31:24	Microsoft-Windows-IsolatedUserMode	5	None	Secure Trustlet NULL Id 0 and Pid 0 started with status STATUS_SUCCESS.
Information	21-11-2025 13:31:24	Microsoft-Windows-Wininit	14	None	"Credential Guard configuration:

Registry Configuration: 0x0
Test Configuration: 0
Auto Enablement: 0"
Information	21-11-2025 13:31:21	Microsoft-Windows-Wininit	23	None	"Boot App Anti-Rollback: Initialize Completed with status:
HRESULT: The operation completed successfully.
New timer needed: false
New timer waiting for system update completion: false
Previous latch timer exists but disabled by registry: false
"
Information	21-11-2025 13:31:21	Microsoft-Windows-Wininit	25	None	"Boot App Anti-Rollback: Previous timer resumed with status:

HRESULT: The operation completed successfully.
Previous timer present: true
Start time: ‎2025‎-‎11‎-‎12T15:44:58.397911300Z
Grace period: 51840000000000
Attempted recovery enforcement succeeded: false
"
Information	21-11-2025 13:31:21	Microsoft-Windows-Wininit	24	None	"Boot App Anti-Rollback: Timer start completed with status:

Win32Error: 0
Start time: ‎2025‎-‎11‎-‎12T15:44:58.397911300Z
Grace period: 51840000000000
Due time: ‎2026‎-‎01‎-‎11T15:44:58.397911300Z
"
Information	21-11-2025 13:31:21	Microsoft-Windows-Wininit	19	None	"Virtualization Based Security new timer creation status

HRESULT: The operation completed successfully.
New latch timer needed: false
New latch timer waiting for system update completion: false
Previous latch timer exists but disabled by registry: false
Policy file exists: false
"
Information	21-11-2025 13:31:19	BTHUSB	18	None	Windows cannot store Bluetooth authentication codes (link keys) on the local adapter. Bluetooth keyboards might not work in the system BIOS during startup.
Warning	21-11-2025 13:31:16	Microsoft-Windows-Kernel-PnP	219	(212)	"The driver \Driver\WUDFRd failed to load.
Device: INTELAUDIO\DIF_0000&UIF_0000&CTLR_DEV_51CA&VEN_8086&DetectionVerification\5&3773b073&0&DIF_000A&UIF_0000
Status: 0xC0000365"
Information	21-11-2025 13:31:16	Microsoft-Windows-DriverFrameworks-UserMode	10118	Startup of the UMDF reflector	UMDF reflector is unable to connect to service control manager (SCM). This is expected during boot, when SCM has not started yet. Will retry when it starts.
Information	21-11-2025 13:31:16	Intel-SST-OED	28	This task logs error codes to system event log.	Loaded DSP FW library: \??\C:\Windows\System32\DriverStore\FileRepository\intcoed_oemlibpath.inf_amd64_2e7cef2f8051560b\adl_vlldp15x_lite_lib.bin, status = STATUS_SUCCESS.
Information	21-11-2025 13:31:16	Intel-SST-OED	28	This task logs error codes to system event log.	Loaded DSP FW library: Libs\dsp_lib_whm_adl_release.bin, status = STATUS_SUCCESS.
Information	21-11-2025 13:31:16	Intel-SST-OED	28	This task logs error codes to system event log.	Loaded DSP FW library: Libs\dsp_lib_intel_wov_adl_release.bin, status = STATUS_SUCCESS.
Information	21-11-2025 13:31:16	Intel-SST-OED	28	This task logs error codes to system event log.	Loaded DSP FW library: Libs\dsp_lib_asrc_adl_release.bin, status = STATUS_SUCCESS.
Information	21-11-2025 13:31:16	Intel-SST-OED	28	This task logs error codes to system event log.	Library is not supported in BIOS: \??\C:\Windows\System32\DriverStore\FileRepository\intcoed_oemlibpath.inf_amd64_2e7cef2f8051560b\adl_vlldp_131_lite_lib.bin, status = The request is not supported..
Information	21-11-2025 13:31:16	Intel-SST-OED	29	This task logs error codes to system event log.	FX module is not supported in BIOS:  {f7922237-511f-4203-a780-2c2ce0a13af2} from \??\C:\Windows\System32\DriverStore\FileRepository\intcoed_oemlibpath.inf_amd64_2e7cef2f8051560b\adl_vlldp_131_lite_lib.bin.
Information	21-11-2025 13:31:16	Intel-SST-OED	28	This task logs error codes to system event log.	Library is not supported in BIOS: \??\C:\Windows\System32\DriverStore\FileRepository\intcoed_oemlibpath.inf_amd64_2e7cef2f8051560b\adl_vlldp14x_lite_lib.bin, status = The request is not supported..
Information	21-11-2025 13:31:16	Intel-SST-OED	29	This task logs error codes to system event log.	FX module is not supported in BIOS:  {56a9ea76-3745-4cc0-815c-a621faa8c9cb} from \??\C:\Windows\System32\DriverStore\FileRepository\intcoed_oemlibpath.inf_amd64_2e7cef2f8051560b\adl_vlldp14x_lite_lib.bin.
Information	21-11-2025 13:31:16	Intel-SST-OED	28	This task logs error codes to system event log.	Library is not supported in BIOS: \??\C:\Windows\System32\DriverStore\FileRepository\intcoed_oemlibpath.inf_amd64_2e7cef2f8051560b\adl_tisa_ext_lib.bin, status = The request is not supported..
Information	21-11-2025 13:31:16	Intel-SST-OED	29	This task logs error codes to system event log.	FX module is not supported in BIOS:  {47fa9f7e-4b03-422a-930f-536a5eff4c35} from \??\C:\Windows\System32\DriverStore\FileRepository\intcoed_oemlibpath.inf_amd64_2e7cef2f8051560b\adl_tisa_ext_lib.bin.
Information	21-11-2025 13:31:16	Intel-SST-OED	28	This task logs error codes to system event log.	Library is not supported in BIOS: \??\C:\Windows\System32\DriverStore\FileRepository\intcoed_oemlibpath.inf_amd64_2e7cef2f8051560b\adl_rtksep483_lib.bin, status = The request is not supported..
Information	21-11-2025 13:31:16	Intel-SST-OED	29	This task logs error codes to system event log.	FX module is not supported in BIOS:  {7bbe0c2c-9c46-4450-b322-114ece31c6bd} from \??\C:\Windows\System32\DriverStore\FileRepository\intcoed_oemlibpath.inf_amd64_2e7cef2f8051560b\adl_rtksep483_lib.bin.
Information	21-11-2025 13:31:16	Intel-SST-OED	28	This task logs error codes to system event log.	Library is not supported in BIOS: \??\C:\Windows\System32\DriverStore\FileRepository\intcoed_oemlibpath.inf_amd64_2e7cef2f8051560b\adl_rtksep481_lib.bin, status = The request is not supported..
Information	21-11-2025 13:31:16	Intel-SST-OED	29	This task logs error codes to system event log.	FX module is not supported in BIOS:  {7aa4db02-6b41-4bc3-a712-80a2dde29e11} from \??\C:\Windows\System32\DriverStore\FileRepository\intcoed_oemlibpath.inf_amd64_2e7cef2f8051560b\adl_rtksep481_lib.bin.
Information	21-11-2025 13:31:16	Intel-SST-OED	28	This task logs error codes to system event log.	Library is not supported in BIOS: \??\C:\Windows\System32\DriverStore\FileRepository\intcoed_oemlibpath.inf_amd64_2e7cef2f8051560b\adl_rtkeq_lib.bin, status = The request is not supported..
Information	21-11-2025 13:31:16	Intel-SST-OED	29	This task logs error codes to system event log.	FX module is not supported in BIOS:  {b55eba24-8349-4dad-afc7-8489d23c93ef} from \??\C:\Windows\System32\DriverStore\FileRepository\intcoed_oemlibpath.inf_amd64_2e7cef2f8051560b\adl_rtkeq_lib.bin.
Information	21-11-2025 13:31:16	Intel-SST-OED	28	This task logs error codes to system event log.	Library is not supported in BIOS: \??\C:\Windows\System32\DriverStore\FileRepository\intcoed_oemlibpath.inf_amd64_2e7cef2f8051560b\adl_rtkdrc_lib.bin, status = The request is not supported..
Information	21-11-2025 13:31:16	Intel-SST-OED	29	This task logs error codes to system event log.	FX module is not supported in BIOS:  {bb303551-0914-4d56-a3ff-20955c598a8f} from \??\C:\Windows\System32\DriverStore\FileRepository\intcoed_oemlibpath.inf_amd64_2e7cef2f8051560b\adl_rtkdrc_lib.bin.
Information	21-11-2025 13:31:16	Intel-SST-OED	28	This task logs error codes to system event log.	Library is not supported in BIOS: \??\C:\Windows\System32\DriverStore\FileRepository\intcoed_oemlibpath.inf_amd64_2e7cef2f8051560b\adl_nahimic_lib.bin, status = The request is not supported..
Information	21-11-2025 13:31:16	Intel-SST-OED	29	This task logs error codes to system event log.	FX module is not supported in BIOS:  {6522c274-b55b-41d7-8363-49cfe2e10580} from \??\C:\Windows\System32\DriverStore\FileRepository\intcoed_oemlibpath.inf_amd64_2e7cef2f8051560b\adl_nahimic_lib.bin.
Information	21-11-2025 13:31:16	Intel-SST-OED	28	This task logs error codes to system event log.	Library is not supported in BIOS: \??\C:\Windows\System32\DriverStore\FileRepository\intcoed_oemlibpath.inf_amd64_2e7cef2f8051560b\adl_cirrusaec_lib.bin, status = The request is not supported..
Information	21-11-2025 13:31:16	Intel-SST-OED	29	This task logs error codes to system event log.	FX module is not supported in BIOS:  {29606035-3bf7-4e96-a613-ca8c90022652} from \??\C:\Windows\System32\DriverStore\FileRepository\intcoed_oemlibpath.inf_amd64_2e7cef2f8051560b\adl_cirrusaec_lib.bin.
Information	21-11-2025 13:31:16	Intel-SST-OED	28	This task logs error codes to system event log.	Library is not supported in BIOS: \??\C:\Windows\System32\DriverStore\FileRepository\intcoed_oemlibpath.inf_amd64_2e7cef2f8051560b\adl_bandcalc_lib.bin, status = The request is not supported..
Information	21-11-2025 13:31:16	Intel-SST-OED	29	This task logs error codes to system event log.	FX module is not supported in BIOS:  {7cc564a1-e702-4876-9511-6e9e2f208007} from \??\C:\Windows\System32\DriverStore\FileRepository\intcoed_oemlibpath.inf_amd64_2e7cef2f8051560b\adl_bandcalc_lib.bin.
Information	21-11-2025 13:31:15	MEIx64	2	None	Intel(R) Management Engine Interface driver has started successfully.
Information	21-11-2025 13:31:15	Microsoft-Windows-Kernel-Power	521	(220)	Active battery count change.
Information	21-11-2025 13:31:15	Microsoft-Windows-Kernel-Power	105	(100)	Power source change.
Information	21-11-2025 13:31:15	Microsoft-Windows-Kernel-Power	521	(220)	Active battery count change.
Information	21-11-2025 13:31:15	Microsoft-Windows-Kernel-General	24	(11)	The time zone information was refreshed with exit reason 0. Current time zone bias is -330.
Information	21-11-2025 13:31:14	Netwtw14	7018	None	7018 - secure boot (SB4) configuration
Information	21-11-2025 13:31:14	Netwtw14	7017	None	7017 - secure boot (SB) configuration
Information	21-11-2025 13:31:14	Netwtw14	7010	None	7010 - driver enabled (miniport init)
Information	21-11-2025 13:31:14	Netwtw14	7002	None	7002 - CTDP power limit value (SPLC)
Information	21-11-2025 13:31:14	Netwtw14	7005	None	7005 - SAR value max TX power (WRDS)
Information	21-11-2025 13:31:14	Microsoft-Windows-Kernel-Processor-Power	55	(47)	"Processor 15 in group 0 exposes the following power management capabilities:

Idle state type: Micro Power Engine Plugin (11 state(s))

Performance state type: ACPI Collaborative Processor Performance Control
Nominal Frequency (MHz): 2400
Maximum performance percentage: 150
Minimum performance percentage: 54
Minimum throttle percentage: 4"
Information	21-11-2025 13:31:14	Microsoft-Windows-Kernel-Processor-Power	55	(47)	"Processor 14 in group 0 exposes the following power management capabilities:

Idle state type: Micro Power Engine Plugin (11 state(s))

Performance state type: ACPI Collaborative Processor Performance Control
Nominal Frequency (MHz): 2400
Maximum performance percentage: 150
Minimum performance percentage: 54
Minimum throttle percentage: 4"
Information	21-11-2025 13:31:14	Microsoft-Windows-Kernel-Processor-Power	55	(47)	"Processor 13 in group 0 exposes the following power management capabilities:

Idle state type: Micro Power Engine Plugin (11 state(s))

Performance state type: ACPI Collaborative Processor Performance Control
Nominal Frequency (MHz): 2400
Maximum performance percentage: 150
Minimum performance percentage: 54
Minimum throttle percentage: 4"
Information	21-11-2025 13:31:14	Microsoft-Windows-Kernel-Processor-Power	55	(47)	"Processor 12 in group 0 exposes the following power management capabilities:

Idle state type: Micro Power Engine Plugin (11 state(s))

Performance state type: ACPI Collaborative Processor Performance Control
Nominal Frequency (MHz): 2400
Maximum performance percentage: 150
Minimum performance percentage: 54
Minimum throttle percentage: 4"
Information	21-11-2025 13:31:14	Microsoft-Windows-Kernel-Processor-Power	55	(47)	"Processor 11 in group 0 exposes the following power management capabilities:

Idle state type: Micro Power Engine Plugin (11 state(s))

Performance state type: ACPI Collaborative Processor Performance Control
Nominal Frequency (MHz): 2400
Maximum performance percentage: 200
Minimum performance percentage: 56
Minimum throttle percentage: 3"
Information	21-11-2025 13:31:14	Microsoft-Windows-Kernel-Processor-Power	55	(47)	"Processor 10 in group 0 exposes the following power management capabilities:

Idle state type: Micro Power Engine Plugin (11 state(s))

Performance state type: ACPI Collaborative Processor Performance Control
Nominal Frequency (MHz): 2400
Maximum performance percentage: 200
Minimum performance percentage: 56
Minimum throttle percentage: 3"
