Information	23-11-2025 23:18:43	Microsoft-Windows-Configuration-Change-Monitor	1	None	"The description for Event ID 1 from source Microsoft-Windows-Configuration-Change-Monitor cannot be found. Either the component that raises this event is not installed on your local computer or the installation is corrupted. You can install or repair the component on the local computer.

If the event originated on another computer, the display information had to be saved with the event.

The following information was included with the event: 

EV_RenderedValue_0.00
""C:\Windows\system32\netsh"" advfirewall firewall add rule name=""Smart Connect"" dir=out program=""C:\Program Files\Lenovo\Ready For Assistant\screenshare\ScreenShareService.exe"" action=allow
C:\Windows\System32\netsh.exe
C:\Users\gunis\AppData\Local\Temp\WinGet\XP8JRF5SXV03ZM.Unknown\18b526c9-2311-435c-bae3-4623572dd573_8040247196bff01895d569f03ae2d0d17ebcfde0c5dcad41b09c2ccf5c05713c.exe
C:\Program Files\WindowsApps\Microsoft.DesktopAppInstaller_1.27.350.0_x64__8wekyb3d8bbwe\WindowsPackageManagerServer.exe
C:\Windows\System32\svchost.exe
C:\Windows\System32\services.exe
C:\Windows\System32\wininit.exe

The locale specific resource for the desired message is not present
"
Information	23-11-2025 23:18:43	Microsoft-Windows-Configuration-Change-Monitor	1	None	"The description for Event ID 1 from source Microsoft-Windows-Configuration-Change-Monitor cannot be found. Either the component that raises this event is not installed on your local computer or the installation is corrupted. You can install or repair the component on the local computer.

If the event originated on another computer, the display information had to be saved with the event.

The following information was included with the event: 

EV_RenderedValue_0.00
""C:\Windows\system32\netsh"" advfirewall firewall add rule name=""Smart Connect"" dir=in program=""C:\Program Files\Lenovo\Ready For Assistant\screenshare\ScreenShareService.exe"" action=allow protocol=UDP localport=50000-60000  profile=""domain,private""
C:\Windows\System32\netsh.exe
C:\Users\gunis\AppData\Local\Temp\WinGet\XP8JRF5SXV03ZM.Unknown\18b526c9-2311-435c-bae3-4623572dd573_8040247196bff01895d569f03ae2d0d17ebcfde0c5dcad41b09c2ccf5c05713c.exe
C:\Program Files\WindowsApps\Microsoft.DesktopAppInstaller_1.27.350.0_x64__8wekyb3d8bbwe\WindowsPackageManagerServer.exe
C:\Windows\System32\svchost.exe
C:\Windows\System32\services.exe
C:\Windows\System32\wininit.exe

The locale specific resource for the desired message is not present
"
Information	23-11-2025 23:18:43	Microsoft-Windows-Configuration-Change-Monitor	1	None	"The description for Event ID 1 from source Microsoft-Windows-Configuration-Change-Monitor cannot be found. Either the component that raises this event is not installed on your local computer or the installation is corrupted. You can install or repair the component on the local computer.

If the event originated on another computer, the display information had to be saved with the event.

The following information was included with the event: 

EV_RenderedValue_0.00
""C:\Windows\system32\netsh"" advfirewall firewall add rule name=""Smart Connect"" dir=in program=""C:\Program Files\Lenovo\Ready For Assistant\screenshare\ScreenShareService.exe"" action=allow protocol=TCP localport=50000-60000  profile=""domain,private""
C:\Windows\System32\netsh.exe
C:\Users\gunis\AppData\Local\Temp\WinGet\XP8JRF5SXV03ZM.Unknown\18b526c9-2311-435c-bae3-4623572dd573_8040247196bff01895d569f03ae2d0d17ebcfde0c5dcad41b09c2ccf5c05713c.exe
C:\Program Files\WindowsApps\Microsoft.DesktopAppInstaller_1.27.350.0_x64__8wekyb3d8bbwe\WindowsPackageManagerServer.exe
C:\Windows\System32\svchost.exe
C:\Windows\System32\services.exe
C:\Windows\System32\wininit.exe

The locale specific resource for the desired message is not present
"
Information	23-11-2025 23:18:42	Microsoft-Windows-Configuration-Change-Monitor	1	None	"The description for Event ID 1 from source Microsoft-Windows-Configuration-Change-Monitor cannot be found. Either the component that raises this event is not installed on your local computer or the installation is corrupted. You can install or repair the component on the local computer.

If the event originated on another computer, the display information had to be saved with the event.

The following information was included with the event: 

EV_RenderedValue_0.00
""C:\Windows\system32\netsh"" advfirewall firewall add rule name=""Smart Connect"" dir=in program=""C:\Program Files\Lenovo\Ready For Assistant\iOSPlugin\iOSPlugin.exe"" action=block profile=""public""
C:\Windows\System32\netsh.exe
C:\Users\gunis\AppData\Local\Temp\WinGet\XP8JRF5SXV03ZM.Unknown\18b526c9-2311-435c-bae3-4623572dd573_8040247196bff01895d569f03ae2d0d17ebcfde0c5dcad41b09c2ccf5c05713c.exe
C:\Program Files\WindowsApps\Microsoft.DesktopAppInstaller_1.27.350.0_x64__8wekyb3d8bbwe\WindowsPackageManagerServer.exe
C:\Windows\System32\svchost.exe
C:\Windows\System32\services.exe
C:\Windows\System32\wininit.exe

The locale specific resource for the desired message is not present
"
Information	23-11-2025 23:18:42	Microsoft-Windows-Configuration-Change-Monitor	1	None	"The description for Event ID 1 from source Microsoft-Windows-Configuration-Change-Monitor cannot be found. Either the component that raises this event is not installed on your local computer or the installation is corrupted. You can install or repair the component on the local computer.

If the event originated on another computer, the display information had to be saved with the event.

The following information was included with the event: 

EV_RenderedValue_0.00
""C:\Windows\system32\netsh"" advfirewall firewall add rule name=""Smart Connect"" dir=out program=""C:\Program Files\Lenovo\Ready For Assistant\iOSPlugin\iOSPlugin.exe"" action=allow
C:\Windows\System32\netsh.exe
C:\Users\gunis\AppData\Local\Temp\WinGet\XP8JRF5SXV03ZM.Unknown\18b526c9-2311-435c-bae3-4623572dd573_8040247196bff01895d569f03ae2d0d17ebcfde0c5dcad41b09c2ccf5c05713c.exe
C:\Program Files\WindowsApps\Microsoft.DesktopAppInstaller_1.27.350.0_x64__8wekyb3d8bbwe\WindowsPackageManagerServer.exe
C:\Windows\System32\svchost.exe
C:\Windows\System32\services.exe
C:\Windows\System32\wininit.exe

The locale specific resource for the desired message is not present
"
Information	23-11-2025 23:18:41	Microsoft-Windows-Configuration-Change-Monitor	1	None	"The description for Event ID 1 from source Microsoft-Windows-Configuration-Change-Monitor cannot be found. Either the component that raises this event is not installed on your local computer or the installation is corrupted. You can install or repair the component on the local computer.

If the event originated on another computer, the display information had to be saved with the event.

The following information was included with the event: 

EV_RenderedValue_0.00
""C:\Windows\system32\netsh"" advfirewall firewall add rule name=""Smart Connect"" dir=in program=""C:\Program Files\Lenovo\Ready For Assistant\iOSPlugin\iOSPlugin.exe"" action=allow protocol=UDP localport=50000-60000 profile=""domain,private""
C:\Windows\System32\netsh.exe
C:\Users\gunis\AppData\Local\Temp\WinGet\XP8JRF5SXV03ZM.Unknown\18b526c9-2311-435c-bae3-4623572dd573_8040247196bff01895d569f03ae2d0d17ebcfde0c5dcad41b09c2ccf5c05713c.exe
C:\Program Files\WindowsApps\Microsoft.DesktopAppInstaller_1.27.350.0_x64__8wekyb3d8bbwe\WindowsPackageManagerServer.exe
C:\Windows\System32\svchost.exe
C:\Windows\System32\services.exe
C:\Windows\System32\wininit.exe

The locale specific resource for the desired message is not present
"
Information	23-11-2025 23:18:41	Microsoft-Windows-Configuration-Change-Monitor	1	None	"The description for Event ID 1 from source Microsoft-Windows-Configuration-Change-Monitor cannot be found. Either the component that raises this event is not installed on your local computer or the installation is corrupted. You can install or repair the component on the local computer.

If the event originated on another computer, the display information had to be saved with the event.

The following information was included with the event: 

EV_RenderedValue_0.00
""C:\Windows\system32\netsh"" advfirewall firewall add rule name=""Smart Connect"" dir=in program=""C:\Program Files\Lenovo\Ready For Assistant\iOSPlugin\iOSPlugin.exe"" action=allow protocol=TCP localport=50000-60000 profile=""domain,private""
C:\Windows\System32\netsh.exe
C:\Users\gunis\AppData\Local\Temp\WinGet\XP8JRF5SXV03ZM.Unknown\18b526c9-2311-435c-bae3-4623572dd573_8040247196bff01895d569f03ae2d0d17ebcfde0c5dcad41b09c2ccf5c05713c.exe
C:\Program Files\WindowsApps\Microsoft.DesktopAppInstaller_1.27.350.0_x64__8wekyb3d8bbwe\WindowsPackageManagerServer.exe
C:\Windows\System32\svchost.exe
C:\Windows\System32\services.exe
C:\Windows\System32\wininit.exe

The locale specific resource for the desired message is not present
"
Information	23-11-2025 23:18:40	Microsoft-Windows-Configuration-Change-Monitor	1	None	"The description for Event ID 1 from source Microsoft-Windows-Configuration-Change-Monitor cannot be found. Either the component that raises this event is not installed on your local computer or the installation is corrupted. You can install or repair the component on the local computer.

If the event originated on another computer, the display information had to be saved with the event.

The following information was included with the event: 

EV_RenderedValue_0.00
""C:\Windows\system32\netsh"" advfirewall firewall add rule name=""Smart Connect"" dir=in program=""C:\Program Files\Lenovo\Ready For Assistant\vaultPlugin\VaultPlugin.exe"" action=block profile=""public""
C:\Windows\System32\netsh.exe
C:\Users\gunis\AppData\Local\Temp\WinGet\XP8JRF5SXV03ZM.Unknown\18b526c9-2311-435c-bae3-4623572dd573_8040247196bff01895d569f03ae2d0d17ebcfde0c5dcad41b09c2ccf5c05713c.exe
C:\Program Files\WindowsApps\Microsoft.DesktopAppInstaller_1.27.350.0_x64__8wekyb3d8bbwe\WindowsPackageManagerServer.exe
C:\Windows\System32\svchost.exe
C:\Windows\System32\services.exe
C:\Windows\System32\wininit.exe

The locale specific resource for the desired message is not present
"
Information	23-11-2025 23:18:40	Microsoft-Windows-Configuration-Change-Monitor	1	None	"The description for Event ID 1 from source Microsoft-Windows-Configuration-Change-Monitor cannot be found. Either the component that raises this event is not installed on your local computer or the installation is corrupted. You can install or repair the component on the local computer.

If the event originated on another computer, the display information had to be saved with the event.

The following information was included with the event: 

EV_RenderedValue_0.00
""C:\Windows\system32\netsh"" advfirewall firewall add rule name=""Smart Connect"" dir=out program=""C:\Program Files\Lenovo\Ready For Assistant\vaultPlugin\VaultPlugin.exe"" action=allow
C:\Windows\System32\netsh.exe
C:\Users\gunis\AppData\Local\Temp\WinGet\XP8JRF5SXV03ZM.Unknown\18b526c9-2311-435c-bae3-4623572dd573_8040247196bff01895d569f03ae2d0d17ebcfde0c5dcad41b09c2ccf5c05713c.exe
C:\Program Files\WindowsApps\Microsoft.DesktopAppInstaller_1.27.350.0_x64__8wekyb3d8bbwe\WindowsPackageManagerServer.exe
C:\Windows\System32\svchost.exe
C:\Windows\System32\services.exe
C:\Windows\System32\wininit.exe

The locale specific resource for the desired message is not present
"
Information	23-11-2025 23:18:39	Microsoft-Windows-Configuration-Change-Monitor	1	None	"The description for Event ID 1 from source Microsoft-Windows-Configuration-Change-Monitor cannot be found. Either the component that raises this event is not installed on your local computer or the installation is corrupted. You can install or repair the component on the local computer.

If the event originated on another computer, the display information had to be saved with the event.

The following information was included with the event: 

EV_RenderedValue_0.00
""C:\Windows\system32\netsh"" advfirewall firewall add rule name=""Smart Connect"" dir=in program=""C:\Program Files\Lenovo\Ready For Assistant\vaultPlugin\VaultPlugin.exe"" action=allow protocol=UDP localport=50000-60000  profile=""domain,private""
C:\Windows\System32\netsh.exe
C:\Users\gunis\AppData\Local\Temp\WinGet\XP8JRF5SXV03ZM.Unknown\18b526c9-2311-435c-bae3-4623572dd573_8040247196bff01895d569f03ae2d0d17ebcfde0c5dcad41b09c2ccf5c05713c.exe
C:\Program Files\WindowsApps\Microsoft.DesktopAppInstaller_1.27.350.0_x64__8wekyb3d8bbwe\WindowsPackageManagerServer.exe
C:\Windows\System32\svchost.exe
C:\Windows\System32\services.exe
C:\Windows\System32\wininit.exe

The locale specific resource for the desired message is not present
"
Information	23-11-2025 23:18:39	Microsoft-Windows-Configuration-Change-Monitor	1	None	"The description for Event ID 1 from source Microsoft-Windows-Configuration-Change-Monitor cannot be found. Either the component that raises this event is not installed on your local computer or the installation is corrupted. You can install or repair the component on the local computer.

If the event originated on another computer, the display information had to be saved with the event.

The following information was included with the event: 

EV_RenderedValue_0.00
""C:\Windows\system32\netsh"" advfirewall firewall add rule name=""Smart Connect"" dir=in program=""C:\Program Files\Lenovo\Ready For Assistant\vaultPlugin\VaultPlugin.exe"" action=allow protocol=TCP localport=50000-60000  profile=""domain,private""
C:\Windows\System32\netsh.exe
C:\Users\gunis\AppData\Local\Temp\WinGet\XP8JRF5SXV03ZM.Unknown\18b526c9-2311-435c-bae3-4623572dd573_8040247196bff01895d569f03ae2d0d17ebcfde0c5dcad41b09c2ccf5c05713c.exe
C:\Program Files\WindowsApps\Microsoft.DesktopAppInstaller_1.27.350.0_x64__8wekyb3d8bbwe\WindowsPackageManagerServer.exe
C:\Windows\System32\svchost.exe
C:\Windows\System32\services.exe
C:\Windows\System32\wininit.exe

The locale specific resource for the desired message is not present
"
Information	23-11-2025 23:18:38	Microsoft-Windows-Configuration-Change-Monitor	1	None	"The description for Event ID 1 from source Microsoft-Windows-Configuration-Change-Monitor cannot be found. Either the component that raises this event is not installed on your local computer or the installation is corrupted. You can install or repair the component on the local computer.

If the event originated on another computer, the display information had to be saved with the event.

The following information was included with the event: 

EV_RenderedValue_0.00
""C:\Windows\system32\netsh"" advfirewall firewall add rule name=""Smart Connect"" dir=in program=""C:\Program Files\Lenovo\Ready For Assistant\SmartConnect.exe"" action=block profile=""public""
C:\Windows\System32\netsh.exe
C:\Users\gunis\AppData\Local\Temp\WinGet\XP8JRF5SXV03ZM.Unknown\18b526c9-2311-435c-bae3-4623572dd573_8040247196bff01895d569f03ae2d0d17ebcfde0c5dcad41b09c2ccf5c05713c.exe
C:\Program Files\WindowsApps\Microsoft.DesktopAppInstaller_1.27.350.0_x64__8wekyb3d8bbwe\WindowsPackageManagerServer.exe
C:\Windows\System32\svchost.exe
C:\Windows\System32\services.exe
C:\Windows\System32\wininit.exe

The locale specific resource for the desired message is not present
"
Information	23-11-2025 23:18:38	Microsoft-Windows-Configuration-Change-Monitor	1	None	"The description for Event ID 1 from source Microsoft-Windows-Configuration-Change-Monitor cannot be found. Either the component that raises this event is not installed on your local computer or the installation is corrupted. You can install or repair the component on the local computer.

If the event originated on another computer, the display information had to be saved with the event.

The following information was included with the event: 

EV_RenderedValue_0.00
""C:\Windows\system32\netsh"" advfirewall firewall add rule name=""Smart Connect"" dir=out program=""C:\Program Files\Lenovo\Ready For Assistant\SmartConnect.exe"" action=allow
C:\Windows\System32\netsh.exe
C:\Users\gunis\AppData\Local\Temp\WinGet\XP8JRF5SXV03ZM.Unknown\18b526c9-2311-435c-bae3-4623572dd573_8040247196bff01895d569f03ae2d0d17ebcfde0c5dcad41b09c2ccf5c05713c.exe
C:\Program Files\WindowsApps\Microsoft.DesktopAppInstaller_1.27.350.0_x64__8wekyb3d8bbwe\WindowsPackageManagerServer.exe
C:\Windows\System32\svchost.exe
C:\Windows\System32\services.exe
C:\Windows\System32\wininit.exe

The locale specific resource for the desired message is not present
"
Information	23-11-2025 23:18:37	Microsoft-Windows-Configuration-Change-Monitor	1	None	"The description for Event ID 1 from source Microsoft-Windows-Configuration-Change-Monitor cannot be found. Either the component that raises this event is not installed on your local computer or the installation is corrupted. You can install or repair the component on the local computer.

If the event originated on another computer, the display information had to be saved with the event.

The following information was included with the event: 

EV_RenderedValue_0.00
""C:\Windows\system32\netsh"" advfirewall firewall add rule name=""Smart Connect"" dir=in program=""C:\Program Files\Lenovo\Ready For Assistant\SmartConnect.exe"" action=allow protocol=UDP localport=5353,50000-60000 profile=""domain,private""
C:\Windows\System32\netsh.exe
C:\Users\gunis\AppData\Local\Temp\WinGet\XP8JRF5SXV03ZM.Unknown\18b526c9-2311-435c-bae3-4623572dd573_8040247196bff01895d569f03ae2d0d17ebcfde0c5dcad41b09c2ccf5c05713c.exe
C:\Program Files\WindowsApps\Microsoft.DesktopAppInstaller_1.27.350.0_x64__8wekyb3d8bbwe\WindowsPackageManagerServer.exe
C:\Windows\System32\svchost.exe
C:\Windows\System32\services.exe
C:\Windows\System32\wininit.exe

The locale specific resource for the desired message is not present
"
Information	23-11-2025 23:18:37	Microsoft-Windows-Configuration-Change-Monitor	1	None	"The description for Event ID 1 from source Microsoft-Windows-Configuration-Change-Monitor cannot be found. Either the component that raises this event is not installed on your local computer or the installation is corrupted. You can install or repair the component on the local computer.

If the event originated on another computer, the display information had to be saved with the event.

The following information was included with the event: 

EV_RenderedValue_0.00
""C:\Windows\system32\netsh"" advfirewall firewall add rule name=""Smart Connect"" dir=in program=""C:\Program Files\Lenovo\Ready For Assistant\SmartConnect.exe"" action=allow protocol=TCP localport=5353,50000-60000 profile=""domain,private""
C:\Windows\System32\netsh.exe
C:\Users\gunis\AppData\Local\Temp\WinGet\XP8JRF5SXV03ZM.Unknown\18b526c9-2311-435c-bae3-4623572dd573_8040247196bff01895d569f03ae2d0d17ebcfde0c5dcad41b09c2ccf5c05713c.exe
C:\Program Files\WindowsApps\Microsoft.DesktopAppInstaller_1.27.350.0_x64__8wekyb3d8bbwe\WindowsPackageManagerServer.exe
C:\Windows\System32\svchost.exe
C:\Windows\System32\services.exe
C:\Windows\System32\wininit.exe

The locale specific resource for the desired message is not present
"
Information	23-11-2025 23:18:36	Microsoft-Windows-Configuration-Change-Monitor	1	None	"The description for Event ID 1 from source Microsoft-Windows-Configuration-Change-Monitor cannot be found. Either the component that raises this event is not installed on your local computer or the installation is corrupted. You can install or repair the component on the local computer.

If the event originated on another computer, the display information had to be saved with the event.

The following information was included with the event: 

EV_RenderedValue_0.00
""C:\Windows\system32\netsh"" advfirewall firewall delete rule name=""ScreenShareService""
C:\Windows\System32\netsh.exe
C:\Users\gunis\AppData\Local\Temp\WinGet\XP8JRF5SXV03ZM.Unknown\18b526c9-2311-435c-bae3-4623572dd573_8040247196bff01895d569f03ae2d0d17ebcfde0c5dcad41b09c2ccf5c05713c.exe
C:\Program Files\WindowsApps\Microsoft.DesktopAppInstaller_1.27.350.0_x64__8wekyb3d8bbwe\WindowsPackageManagerServer.exe
C:\Windows\System32\svchost.exe
C:\Windows\System32\services.exe
C:\Windows\System32\wininit.exe

The locale specific resource for the desired message is not present
"
Information	23-11-2025 23:18:36	Service Control Manager	7045	None	"A service was installed in the system.

Service Name:  Lenovo Virtual Bus
Service File Name:  \SystemRoot\System32\drivers\lenovoDriverBus.sys
Service Type:  kernel mode driver
Service Start Type:  demand start
Service Account:  "
Information	23-11-2025 23:18:36	Microsoft-Windows-Configuration-Change-Monitor	1	None	"The description for Event ID 1 from source Microsoft-Windows-Configuration-Change-Monitor cannot be found. Either the component that raises this event is not installed on your local computer or the installation is corrupted. You can install or repair the component on the local computer.

If the event originated on another computer, the display information had to be saved with the event.

The following information was included with the event: 

EV_RenderedValue_0.00
""C:\Windows\system32\netsh"" advfirewall firewall delete rule name=""iOSPlugin""
C:\Windows\System32\netsh.exe
C:\Users\gunis\AppData\Local\Temp\WinGet\XP8JRF5SXV03ZM.Unknown\18b526c9-2311-435c-bae3-4623572dd573_8040247196bff01895d569f03ae2d0d17ebcfde0c5dcad41b09c2ccf5c05713c.exe
C:\Program Files\WindowsApps\Microsoft.DesktopAppInstaller_1.27.350.0_x64__8wekyb3d8bbwe\WindowsPackageManagerServer.exe
C:\Windows\System32\svchost.exe
C:\Windows\System32\services.exe
C:\Windows\System32\wininit.exe

The locale specific resource for the desired message is not present
"
Information	23-11-2025 23:18:35	Microsoft-Windows-Configuration-Change-Monitor	1	None	"The description for Event ID 1 from source Microsoft-Windows-Configuration-Change-Monitor cannot be found. Either the component that raises this event is not installed on your local computer or the installation is corrupted. You can install or repair the component on the local computer.

If the event originated on another computer, the display information had to be saved with the event.

The following information was included with the event: 

EV_RenderedValue_0.00
""C:\Windows\system32\netsh"" advfirewall firewall delete rule name=""VaultPlugin""
C:\Windows\System32\netsh.exe
C:\Users\gunis\AppData\Local\Temp\WinGet\XP8JRF5SXV03ZM.Unknown\18b526c9-2311-435c-bae3-4623572dd573_8040247196bff01895d569f03ae2d0d17ebcfde0c5dcad41b09c2ccf5c05713c.exe
C:\Program Files\WindowsApps\Microsoft.DesktopAppInstaller_1.27.350.0_x64__8wekyb3d8bbwe\WindowsPackageManagerServer.exe
C:\Windows\System32\svchost.exe
C:\Windows\System32\services.exe
C:\Windows\System32\wininit.exe

The locale specific resource for the desired message is not present
"
Information	23-11-2025 23:18:34	Microsoft-Windows-Configuration-Change-Monitor	1	None	"The description for Event ID 1 from source Microsoft-Windows-Configuration-Change-Monitor cannot be found. Either the component that raises this event is not installed on your local computer or the installation is corrupted. You can install or repair the component on the local computer.

If the event originated on another computer, the display information had to be saved with the event.

The following information was included with the event: 

EV_RenderedValue_0.00
""C:\Windows\system32\netsh"" advfirewall firewall delete rule name=""Smart Connect""
C:\Windows\System32\netsh.exe
C:\Users\gunis\AppData\Local\Temp\WinGet\XP8JRF5SXV03ZM.Unknown\18b526c9-2311-435c-bae3-4623572dd573_8040247196bff01895d569f03ae2d0d17ebcfde0c5dcad41b09c2ccf5c05713c.exe
C:\Program Files\WindowsApps\Microsoft.DesktopAppInstaller_1.27.350.0_x64__8wekyb3d8bbwe\WindowsPackageManagerServer.exe
C:\Windows\System32\svchost.exe
C:\Windows\System32\services.exe
C:\Windows\System32\wininit.exe

The locale specific resource for the desired message is not present
"
Information	23-11-2025 23:18:33	Service Control Manager	7045	None	"A service was installed in the system.

Service Name:  SmartConnect
Service File Name:  ""C:\Program Files\Lenovo\Ready For Assistant\ReadyForService.exe""
Service Type:  user mode service
Service Start Type:  auto start
Service Account:  LocalSystem"
Information	23-11-2025 23:18:32	Service Control Manager	7045	None	"A service was installed in the system.

Service Name:  RFDriveFs2
Service File Name:  C:\Windows\system32\drivers\RFDriveFs2.sys
Service Type:  kernel mode driver
Service Start Type:  auto start
Service Account:  "
Information	23-11-2025 23:00:12	Microsoft-Windows-Kernel-Power	566	(268)	"The system session has transitioned from 23 to 25.

Reason InputAccelerometer 

BootId: 606"
Information	23-11-2025 23:00:12	Microsoft-Windows-Kernel-Power	507	(158)	"The system is exiting Modern Standby 

Reason: Input Keyboard."
Information	23-11-2025 23:00:07	Microsoft-Windows-Kernel-Power	506	(157)	"The system is entering Modern Standby 

Reason: Idle Timeout."
Information	23-11-2025 23:00:07	Microsoft-Windows-Kernel-Power	566	(268)	"The system session has transitioned from 22 to 23.

Reason SessionUnlock 

BootId: 606"
Information	23-11-2025 22:57:05	Microsoft-Windows-Kernel-Power	566	(268)	"The system session has transitioned from 21 to 22.

Reason InputAccelerometer 

BootId: 606"
Information	23-11-2025 22:57:05	Microsoft-Windows-Kernel-Power	507	(158)	"The system is exiting Modern Standby 

Reason: Input Keyboard."
Information	23-11-2025 22:57:05	Microsoft-Windows-Kernel-Power	172	(203)	Connectivity state in standby: Connected, Reason: None
Information	23-11-2025 22:54:55	Microsoft-Windows-Kernel-Power	172	(203)	Connectivity state in standby: Disconnected, Reason: Adaptive Connected Standby
Information	23-11-2025 22:54:48	Microsoft-Windows-Kernel-Power	566	(268)	"The system session has transitioned from 20 to 21.

Reason SessionUnlock 

BootId: 606"
Information	23-11-2025 22:54:19	Microsoft-Windows-Kernel-Power	506	(157)	"The system is entering Modern Standby 

Reason: Idle Timeout."
Information	23-11-2025 22:54:19	Microsoft-Windows-Kernel-Power	566	(268)	"The system session has transitioned from 19 to 20.

Reason SessionUnlock 

BootId: 606"
Information	23-11-2025 22:48:15	Netwtw14	7003	None	7003 - Roam Complete
Information	23-11-2025 22:48:15	Netwtw14	7021	None	7021 - Connection telemetry fields and analysis usage
Information	23-11-2025 22:48:14	Netwtw14	7021	None	7021 - Connection telemetry fields and analysis usage
Information	23-11-2025 22:48:14	Netwtw14	7021	None	7021 - Connection telemetry fields and analysis usage
Information	23-11-2025 22:37:08	Netwtw14	7003	None	7003 - Roam Complete
Information	23-11-2025 22:37:08	Netwtw14	7021	None	7021 - Connection telemetry fields and analysis usage
Information	23-11-2025 22:34:07	Netwtw14	7003	None	7003 - Roam Complete
Information	23-11-2025 22:34:07	Netwtw14	7021	None	7021 - Connection telemetry fields and analysis usage
Information	23-11-2025 21:56:33	Microsoft-Windows-Kernel-Power	566	(268)	"The system session has transitioned from 18 to 19.

Reason InputAccelerometer 

BootId: 606"
Information	23-11-2025 21:56:33	Microsoft-Windows-Kernel-Power	507	(158)	"The system is exiting Modern Standby 

Reason: Input Keyboard."
Information	23-11-2025 21:56:33	Microsoft-Windows-Kernel-Power	172	(203)	Connectivity state in standby: Connected, Reason: None
Information	23-11-2025 21:56:25	Microsoft-Windows-Kernel-Power	172	(203)	Connectivity state in standby: Disconnected, Reason: Adaptive Connected Standby
Information	23-11-2025 21:56:18	Microsoft-Windows-Kernel-Power	566	(268)	"The system session has transitioned from 17 to 18.

Reason SessionUnlock 

BootId: 606"
Information	23-11-2025 21:56:11	Microsoft-Windows-Kernel-Power	506	(157)	"The system is entering Modern Standby 

Reason: Idle Timeout."
Information	23-11-2025 21:56:11	Microsoft-Windows-Kernel-Power	566	(268)	"The system session has transitioned from 16 to 17.

Reason SessionUnlock 

BootId: 606"
Information	23-11-2025 21:52:50	Netwtw14	7003	None	7003 - Roam Complete
Information	23-11-2025 21:52:50	Netwtw14	7021	None	7021 - Connection telemetry fields and analysis usage
Information	23-11-2025 21:49:49	Netwtw14	7003	None	7003 - Roam Complete
Information	23-11-2025 21:49:49	Netwtw14	7021	None	7021 - Connection telemetry fields and analysis usage
Information	23-11-2025 21:25:07	Microsoft-Windows-Kernel-Power	105	(100)	Power source change.
Information	23-11-2025 21:21:57	Netwtw14	7003	None	7003 - Roam Complete
Information	23-11-2025 21:21:57	Netwtw14	7021	None	7021 - Connection telemetry fields and analysis usage
Information	23-11-2025 21:19:58	Netwtw14	7003	None	7003 - Roam Complete
Information	23-11-2025 21:19:58	Netwtw14	7021	None	7021 - Connection telemetry fields and analysis usage
Information	23-11-2025 21:14:44	Netwtw14	7003	None	7003 - Roam Complete
Information	23-11-2025 21:14:44	Netwtw14	7021	None	7021 - Connection telemetry fields and analysis usage
Information	23-11-2025 21:11:43	Netwtw14	7003	None	7003 - Roam Complete
Information	23-11-2025 21:11:43	Netwtw14	7021	None	7021 - Connection telemetry fields and analysis usage
Information	23-11-2025 21:11:34	Microsoft-Windows-Kernel-Power	566	(268)	"The system session has transitioned from 15 to 16.

Reason PolicyChange 

BootId: 606"
Information	23-11-2025 21:11:34	Microsoft-Windows-Kernel-Power	507	(158)	"The system is exiting Modern Standby 

Reason: Lid."
Warning	23-11-2025 21:11:34	Win32k	701	None	Power Manager has not requested suppression of all input (INPUT_SUPPRESS_REQUEST=0)
Warning	23-11-2025 21:11:34	Win32k	701	None	Power Manager has not requested suppression of all input (INPUT_SUPPRESS_REQUEST=0)
Information	23-11-2025 20:59:40	Microsoft-Windows-Kernel-Power	566	(268)	"The system session has transitioned from 14 to 15.

Reason PolicyChange 

BootId: 606"
Warning	23-11-2025 20:59:40	Win32k	700	None	Power Manager has requested suppression of all input (INPUT_SUPPRESS_REQUEST=1)
Warning	23-11-2025 20:59:40	Win32k	700	None	Power Manager has requested suppression of all input (INPUT_SUPPRESS_REQUEST=1)
Information	23-11-2025 20:59:40	Microsoft-Windows-Kernel-Power	506	(157)	"The system is entering Modern Standby 

Reason: Lid."
Information	23-11-2025 20:59:40	Microsoft-Windows-Kernel-Power	566	(268)	"The system session has transitioned from 13 to 14.

Reason PolicyChange 

BootId: 606"
Information	23-11-2025 20:52:50	Microsoft-Windows-Kernel-Power	105	(100)	Power source change.
Information	23-11-2025 20:52:42	Netwtw14	7003	None	7003 - Roam Complete
Information	23-11-2025 20:52:42	Netwtw14	7021	None	7021 - Connection telemetry fields and analysis usage
Information	23-11-2025 20:52:39	Microsoft-Windows-Kernel-Power	566	(268)	"The system session has transitioned from 12 to 13.

Reason PolicyChange 

BootId: 606"
Information	23-11-2025 20:52:39	Microsoft-Windows-Kernel-Power	507	(158)	"The system is exiting Modern Standby 

Reason: Lid."
Information	23-11-2025 20:52:38	Microsoft-Windows-Kernel-Power	172	(203)	Connectivity state in standby: Connected, Reason: None
Warning	23-11-2025 20:52:38	Win32k	701	None	Power Manager has not requested suppression of all input (INPUT_SUPPRESS_REQUEST=0)
Warning	23-11-2025 20:52:38	Win32k	701	None	Power Manager has not requested suppression of all input (INPUT_SUPPRESS_REQUEST=0)
Information	23-11-2025 19:04:56	Microsoft-Windows-Kernel-Power	172	(203)	Connectivity state in standby: Disconnected, Reason: Adaptive Connected Standby
Information	23-11-2025 19:04:51	Microsoft-Windows-Kernel-Power	566	(268)	"The system session has transitioned from 11 to 12.

Reason PolicyChange 

BootId: 606"
Information	23-11-2025 19:04:51	Microsoft-Windows-Kernel-Power	506	(157)	"The system is entering Modern Standby 

Reason: Lid."
Information	23-11-2025 19:04:51	Microsoft-Windows-Kernel-Power	566	(268)	"The system session has transitioned from 10 to 11.

Reason PolicyChange 

BootId: 606"
Warning	23-11-2025 19:04:51	Win32k	700	None	Power Manager has requested suppression of all input (INPUT_SUPPRESS_REQUEST=1)
Warning	23-11-2025 19:04:51	Win32k	700	None	Power Manager has requested suppression of all input (INPUT_SUPPRESS_REQUEST=1)
Information	23-11-2025 19:04:48	Netwtw14	7003	None	7003 - Roam Complete
Information	23-11-2025 19:04:48	Netwtw14	7021	None	7021 - Connection telemetry fields and analysis usage
Information	23-11-2025 19:04:23	Netwtw14	7003	None	7003 - Roam Complete
Information	23-11-2025 19:04:23	Netwtw14	7021	None	7021 - Connection telemetry fields and analysis usage
Information	23-11-2025 19:02:07	Netwtw14	7003	None	7003 - Roam Complete
Information	23-11-2025 19:02:07	Netwtw14	7021	None	7021 - Connection telemetry fields and analysis usage
Information	23-11-2025 18:59:04	Netwtw14	7003	None	7003 - Roam Complete
Information	23-11-2025 18:59:04	Netwtw14	7021	None	7021 - Connection telemetry fields and analysis usage
Information	23-11-2025 18:59:02	Netwtw14	7003	None	7003 - Roam Complete
Information	23-11-2025 18:59:02	Netwtw14	7021	None	7021 - Connection telemetry fields and analysis usage
Information	23-11-2025 18:53:49	Microsoft-Windows-Kernel-General	16	None	The access history in hive \??\C:\Users\gunis\AppData\Local\Packages\Microsoft.YourPhone_8wekyb3d8bbwe\SystemAppData\Helium\User.dat was cleared updating 5 keys and creating 1 modified pages.
Information	23-11-2025 18:52:08	Netwtw14	7021	None	7021 - Connection telemetry fields and analysis usage
Information	23-11-2025 18:51:59	Netwtw14	7021	None	7021 - Connection telemetry fields and analysis usage
Information	23-11-2025 18:51:49	Netwtw14	7021	None	7021 - Connection telemetry fields and analysis usage
Information	23-11-2025 18:51:49	Microsoft-Windows-Kernel-Power	566	(268)	"The system session has transitioned from 9 to 10.

Reason PolicyChange 

BootId: 606"
Information	23-11-2025 18:51:49	Microsoft-Windows-Kernel-Power	507	(158)	"The system is exiting Modern Standby 

Reason: Lid."
Information	23-11-2025 18:51:49	BTHUSB	18	None	Windows cannot store Bluetooth authentication codes (link keys) on the local adapter. Bluetooth keyboards might not work in the system BIOS during startup.
Information	23-11-2025 18:51:48	Microsoft-Windows-Kernel-Power	172	(203)	Connectivity state in standby: Connected, Reason: None
Warning	23-11-2025 18:51:48	Win32k	701	None	Power Manager has not requested suppression of all input (INPUT_SUPPRESS_REQUEST=0)
Warning	23-11-2025 18:51:48	Win32k	701	None	Power Manager has not requested suppression of all input (INPUT_SUPPRESS_REQUEST=0)
Information	23-11-2025 18:43:05	Microsoft-Windows-Kernel-Power	172	(203)	Connectivity state in standby: Disconnected, Reason: Policy Setting
Information	23-11-2025 18:42:58	Netwtw14	7003	None	7003 - Roam Complete
Information	23-11-2025 18:42:58	Netwtw14	7021	None	7021 - Connection telemetry fields and analysis usage
Information	23-11-2025 18:42:58	Microsoft-Windows-Kernel-Power	566	(268)	"The system session has transitioned from 8 to 9.

Reason 55 

BootId: 606"
Information	23-11-2025 18:42:53	Microsoft-Windows-Kernel-Power	506	(157)	"The system is entering Modern Standby 

Reason: Austerity Battery Drain Budget Exceeded."
Information	23-11-2025 18:42:53	Microsoft-Windows-Kernel-Power	566	(268)	"The system session has transitioned from 7 to 8.

Reason 55 

BootId: 606"
Information	23-11-2025 18:42:53	Microsoft-Windows-Kernel-Power	507	(158)	"The system is exiting Modern Standby 

Reason: Austerity Battery Drain Budget Exceeded."
Information	23-11-2025 18:42:53	Microsoft-Windows-Kernel-Power	172	(203)	Connectivity state in standby: Connected, Reason: None
Information	23-11-2025 17:56:43	Netwtw14	7021	None	7021 - Connection telemetry fields and analysis usage
Information	23-11-2025 17:50:11	Microsoft-Windows-Kernel-Power	172	(203)	Connectivity state in standby: Disconnected, Reason: Adaptive Connected Standby
Information	23-11-2025 17:50:04	Microsoft-Windows-Kernel-Power	566	(268)	"The system session has transitioned from 6 to 7.

Reason PolicyChange 

BootId: 606"
Information	23-11-2025 17:49:59	Microsoft-Windows-Kernel-Power	506	(157)	"The system is entering Modern Standby 

Reason: Lid."
Information	23-11-2025 17:49:59	Microsoft-Windows-Kernel-Power	566	(268)	"The system session has transitioned from 5 to 6.

Reason PolicyChange 

BootId: 606"
Information	23-11-2025 17:49:59	Microsoft-Windows-Kernel-Power	507	(158)	"The system is exiting Modern Standby 

Reason: Lid."
Information	23-11-2025 17:49:59	Microsoft-Windows-Kernel-Power	172	(203)	Connectivity state in standby: Connected, Reason: None
Warning	23-11-2025 17:49:59	Win32k	700	None	Power Manager has requested suppression of all input (INPUT_SUPPRESS_REQUEST=1)
Warning	23-11-2025 17:49:59	Win32k	700	None	Power Manager has requested suppression of all input (INPUT_SUPPRESS_REQUEST=1)
Information	23-11-2025 17:49:37	Microsoft-Windows-Kernel-Power	172	(203)	Connectivity state in standby: Disconnected, Reason: Adaptive Connected Standby
Information	23-11-2025 17:49:30	Microsoft-Windows-Kernel-Power	566	(268)	"The system session has transitioned from 4 to 5.

Reason SessionUnlock 

BootId: 606"
Information	23-11-2025 17:49:02	Microsoft-Windows-Kernel-Power	506	(157)	"The system is entering Modern Standby 

Reason: Idle Timeout."
Information	23-11-2025 17:49:02	Microsoft-Windows-Kernel-Power	566	(268)	"The system session has transitioned from 3 to 4.

Reason SessionUnlock 

BootId: 606"
Information	23-11-2025 17:46:43	Microsoft-Windows-WindowsUpdateClient	19	Windows Update Agent	Installation Successful: Windows successfully installed the following update: 9WZDNCRD29V9-MICROSOFT.MICROSOFTOFFICEHUB
Information	23-11-2025 17:46:41	Microsoft-Windows-WindowsUpdateClient	43	Windows Update Agent	Installation Started: Windows has started installing the following update: 9WZDNCRD29V9-MICROSOFT.MICROSOFTOFFICEHUB
Information	23-11-2025 17:46:40	Microsoft-Windows-Kernel-General	16	None	The access history in hive \??\C:\ProgramData\Microsoft\Windows\AppRepository\Packages\Microsoft.MicrosoftOfficeHub_19.2511.50071.0_x64__8wekyb3d8bbwe\ActivationStore.dat was cleared updating 0 keys and creating 0 modified pages.
Information	23-11-2025 17:46:38	Microsoft-Windows-WindowsUpdateClient	19	Windows Update Agent	Installation Successful: Windows successfully installed the following update: 9NMPJ99VJBWV-Microsoft.YourPhone
Information	23-11-2025 17:46:35	Microsoft-Windows-Kernel-General	16	None	The access history in hive \??\C:\Users\gunis\AppData\Local\Packages\Microsoft.YourPhone_8wekyb3d8bbwe\Settings\settings.dat was cleared updating 56 keys and creating 8 modified pages.
Information	23-11-2025 17:46:33	Microsoft-Windows-WindowsUpdateClient	43	Windows Update Agent	Installation Started: Windows has started installing the following update: 9NMPJ99VJBWV-Microsoft.YourPhone
Information	23-11-2025 17:46:30	Microsoft-Windows-Kernel-General	16	None	The access history in hive \??\C:\ProgramData\Microsoft\Windows\AppRepository\Packages\Microsoft.YourPhone_1.25102.64.0_x64__8wekyb3d8bbwe\ActivationStore.dat was cleared updating 0 keys and creating 0 modified pages.
Information	23-11-2025 17:46:11	Microsoft-Windows-WindowsUpdateClient	19	Windows Update Agent	Installation Successful: Windows successfully installed the following update: 9NZKPSTSNW4P-Microsoft.XboxGamingOverlay
Information	23-11-2025 17:46:08	Microsoft-Windows-WindowsUpdateClient	43	Windows Update Agent	Installation Started: Windows has started installing the following update: 9NZKPSTSNW4P-Microsoft.XboxGamingOverlay
Information	23-11-2025 17:46:06	Microsoft-Windows-Kernel-General	16	None	The access history in hive \??\C:\ProgramData\Microsoft\Windows\AppRepository\Packages\Microsoft.XboxGamingOverlay_7.325.11061.0_x64__8wekyb3d8bbwe\ActivationStore.dat was cleared updating 0 keys and creating 0 modified pages.
Information	23-11-2025 17:45:59	Microsoft-Windows-WindowsUpdateClient	44	Windows Update Agent	Windows Update started downloading an update.
Information	23-11-2025 17:45:54	Microsoft-Windows-Kernel-Power	566	(268)	"The system session has transitioned from 2 to 3.

Reason InputAccelerometer 

BootId: 606"
Information	23-11-2025 17:45:54	Microsoft-Windows-Kernel-Power	507	(158)	"The system is exiting Modern Standby 

Reason: Input Keyboard."
Information	23-11-2025 17:45:54	Microsoft-Windows-Kernel-Power	172	(203)	Connectivity state in standby: Connected, Reason: None
Error	23-11-2025 17:44:08	Microsoft-Windows-DistributedCOM	10010	None	The server {A463FCB9-6B1C-4E0D-A80B-A2CA7999E25D} did not register with DCOM within the required timeout.
Information	23-11-2025 17:42:06	Microsoft-Windows-Kernel-Power	172	(203)	Connectivity state in standby: Disconnected, Reason: Adaptive Connected Standby
Information	23-11-2025 17:42:05	Microsoft-Windows-WindowsUpdateClient	44	Windows Update Agent	Windows Update started downloading an update.
Information	23-11-2025 17:42:05	Microsoft-Windows-WindowsUpdateClient	44	Windows Update Agent	Windows Update started downloading an update.
Information	23-11-2025 17:42:00	Microsoft-Windows-Kernel-Power	566	(268)	"The system session has transitioned from 1 to 2.

Reason SessionUnlock 

BootId: 606"
Information	23-11-2025 17:41:58	Microsoft-Windows-Kernel-Power	506	(157)	"The system is entering Modern Standby 

Reason: Idle Timeout."
Information	23-11-2025 17:41:58	Microsoft-Windows-Kernel-Power	566	(268)	"The system session has transitioned from 0 to 1.

Reason SessionUnlock 

BootId: 606"
Information	23-11-2025 17:41:56	Microsoft-Windows-Kernel-General	16	None	The access history in hive \??\C:\ProgramData\Microsoft\Provisioning\Microsoft-Desktop-Provisioning-Sequence.dat was cleared updating 0 keys and creating 0 modified pages.
Information	23-11-2025 16:58:49	Microsoft-Windows-Kernel-Power	105	(100)	Power source change.
Information	23-11-2025 16:15:41	Netwtw14	7003	None	7003 - Roam Complete
Information	23-11-2025 16:15:41	Netwtw14	7021	None	7021 - Connection telemetry fields and analysis usage
Information	23-11-2025 16:12:46	Netwtw14	7003	None	7003 - Roam Complete
Information	23-11-2025 16:12:46	Netwtw14	7021	None	7021 - Connection telemetry fields and analysis usage
Information	23-11-2025 16:07:34	Microsoft-Windows-IsolatedUserMode	5	None	Secure Trustlet NULL Id 0 and Pid 0 started with status STATUS_SUCCESS.
Information	23-11-2025 16:07:33	Microsoft-Windows-IsolatedUserMode	2	None	Secure Trustlet Id 0 and Pid 0 stopped with status STATUS_SUCCESS.
Information	23-11-2025 16:02:59	Netwtw14	7003	None	7003 - Roam Complete
Information	23-11-2025 16:02:59	Netwtw14	7021	None	7021 - Connection telemetry fields and analysis usage
Information	23-11-2025 15:59:58	Netwtw14	7003	None	7003 - Roam Complete
Information	23-11-2025 15:59:58	Netwtw14	7021	None	7021 - Connection telemetry fields and analysis usage
Information	23-11-2025 15:11:45	Microsoft-Windows-Kernel-General	16	None	The access history in hive \??\C:\ProgramData\Packages\Microsoft.OneDriveSync_8wekyb3d8bbwe\S-1-5-21-2782663264-3991100608-3008750438-1001\SystemAppData\Helium\Cache\568b03aff1987096_COM15.dat was cleared updating 1 keys and creating 1 modified pages.
Information	23-11-2025 15:09:31	Application Popup	26	None	Application popup: Windows - Virtual Memory Minimum Too Low : Your system is low on virtual memory. Windows is increasing the size of your virtual memory paging file. During this process, memory requests for some applications may be denied. For more information, see Help. 
Error	23-11-2025 15:09:15	Microsoft-Windows-TPM-WMI	1801	None	"Secure Boot CA/keys need to be updated. This device signature information is included here.
DeviceAttributes: FirmwareVersion:LTCN33WW;OEMManufacturerName:LENOVO;OEMModelSKU:LENOVO_MT_83EM_BU_idea_FM_IdeaPad Slim 3 15IRH8;OSArchitecture:amd64;
BucketId: 19f5521a9a11b038ff2fbabfc2e3398b7331dde01e995bceb019686a7da0c8d3
BucketConfidenceLevel: 
UpdateType: 0
HResult: The operation completed successfully."
Warning	23-11-2025 15:08:10	Microsoft-Windows-DistributedCOM	10016	None	"The application-specific permission settings do not grant Local Activation permission for the COM Server application with CLSID 
{2593F8B9-4EAF-457C-B68A-50F6B8EA6B54}
 and APPID 
{15C20B67-12E7-4BB6-92BB-7AFF07997402}
 to the user Saiganesh\gunis SID (S-1-5-21-2782663264-3991100608-3008750438-1001) from address LocalHost (Using LRPC) running in the application container OpenAI.ChatGPT-Desktop_1.2025.258.0_x64__2p2nqsd0c76g0 SID (Unavailable). This security permission can be modified using the Component Services administrative tool."
Information	23-11-2025 15:07:33	Microsoft-Windows-IsolatedUserMode	5	None	Secure Trustlet NULL Id 0 and Pid 0 started with status STATUS_SUCCESS.
Warning	23-11-2025 15:06:18	Microsoft-Windows-DistributedCOM	10016	None	"The application-specific permission settings do not grant Local Launch permission for the COM Server application with CLSID 
Windows.SecurityCenter.WscBrokerManager
 and APPID 
Unavailable
 to the user NT AUTHORITY\SYSTEM SID (S-1-5-18) from address LocalHost (Using LRPC) running in the application container Unavailable SID (Unavailable). This security permission can be modified using the Component Services administrative tool."
Warning	23-11-2025 15:06:18	Microsoft-Windows-DistributedCOM	10016	None	"The application-specific permission settings do not grant Local Launch permission for the COM Server application with CLSID 
Windows.SecurityCenter.SecurityAppBroker
 and APPID 
Unavailable
 to the user NT AUTHORITY\SYSTEM SID (S-1-5-18) from address LocalHost (Using LRPC) running in the application container Unavailable SID (Unavailable). This security permission can be modified using the Component Services administrative tool."
Warning	23-11-2025 15:05:14	Microsoft-Windows-Kernel-Processor-Power	37	(7)	The speed of processor 15 in group 0 is being limited by system firmware. The processor has been in this reduced performance state for 71 seconds since the last report.
Warning	23-11-2025 15:05:14	Microsoft-Windows-Kernel-Processor-Power	37	(7)	The speed of processor 14 in group 0 is being limited by system firmware. The processor has been in this reduced performance state for 71 seconds since the last report.
Warning	23-11-2025 15:05:14	Microsoft-Windows-Kernel-Processor-Power	37	(7)	The speed of processor 13 in group 0 is being limited by system firmware. The processor has been in this reduced performance state for 71 seconds since the last report.
Warning	23-11-2025 15:05:14	Microsoft-Windows-Kernel-Processor-Power	37	(7)	The speed of processor 12 in group 0 is being limited by system firmware. The processor has been in this reduced performance state for 71 seconds since the last report.
Warning	23-11-2025 15:05:08	Microsoft-Windows-DistributedCOM	10016	None	"The application-specific permission settings do not grant Local Activation permission for the COM Server application with CLSID 
{2593F8B9-4EAF-457C-B68A-50F6B8EA6B54}
 and APPID 
{15C20B67-12E7-4BB6-92BB-7AFF07997402}
 to the user Saiganesh\gunis SID (S-1-5-21-2782663264-3991100608-3008750438-1001) from address LocalHost (Using LRPC) running in the application container Unavailable SID (Unavailable). This security permission can be modified using the Component Services administrative tool."
Error	23-11-2025 15:04:38	Service Control Manager	7034	None	The Dolby DAX API Service service terminated unexpectedly.  It has done this 1 time(s).
Information	23-11-2025 15:04:24	Microsoft-Windows-TPM-WMI	1046	None	Measured boot files deleted successfully. The following 1 files were deleted: 
Information	23-11-2025 15:04:21	Microsoft-Windows-TPM-WMI	1025	None	The TPM was successfully provisioned and is now ready for use.
Information	23-11-2025 15:04:21	Netwtw14	7021	None	7021 - Connection telemetry fields and analysis usage
Information	23-11-2025 15:04:19	Microsoft-Windows-TPM-WMI	1282	None	The TBS device identifier has been generated.
Information	23-11-2025 15:04:18	Microsoft-Windows-FilterManager	6	None	File System Filter 'gameflt' (10.0, ‎2009‎-‎11‎-‎23T00:41:52.000000000Z) has successfully loaded and registered with Filter Manager.
Information	23-11-2025 15:04:17	TPM	18	None	This event triggers the Trusted Platform Module (TPM) provisioning/status check to run.
Warning	23-11-2025 15:04:16	Microsoft-Windows-DistributedCOM	10016	None	"The application-specific permission settings do not grant Local Activation permission for the COM Server application with CLSID 
{6B3B8D23-FA8D-40B9-8DBD-B950333E2C52}
 and APPID 
{4839DDB7-58C2-48F5-8283-E1D1807D0D7D}
 to the user NT AUTHORITY\LOCAL SERVICE SID (S-1-5-19) from address LocalHost (Using LRPC) running in the application container Unavailable SID (Unavailable). This security permission can be modified using the Component Services administrative tool."
Warning	23-11-2025 15:04:16	Microsoft-Windows-DistributedCOM	10016	None	"The application-specific permission settings do not grant Local Activation permission for the COM Server application with CLSID 
{6B3B8D23-FA8D-40B9-8DBD-B950333E2C52}
 and APPID 
{4839DDB7-58C2-48F5-8283-E1D1807D0D7D}
 to the user NT AUTHORITY\LOCAL SERVICE SID (S-1-5-19) from address LocalHost (Using LRPC) running in the application container Unavailable SID (Unavailable). This security permission can be modified using the Component Services administrative tool."
