Information	25-11-2025 09:34:52	Intel-SST-OED	28	This task logs error codes to system event log.	Library is not supported in BIOS: \??\C:\Windows\System32\DriverStore\FileRepository\intcoed_oemlibpath.inf_amd64_2e7cef2f8051560b\adl_nahimic_lib.bin, status = The request is not supported..
Information	25-11-2025 09:34:52	Intel-SST-OED	29	This task logs error codes to system event log.	FX module is not supported in BIOS:  {6522c274-b55b-41d7-8363-49cfe2e10580} from \??\C:\Windows\System32\DriverStore\FileRepository\intcoed_oemlibpath.inf_amd64_2e7cef2f8051560b\adl_nahimic_lib.bin.
Information	25-11-2025 09:34:52	Intel-SST-OED	28	This task logs error codes to system event log.	Library is not supported in BIOS: \??\C:\Windows\System32\DriverStore\FileRepository\intcoed_oemlibpath.inf_amd64_2e7cef2f8051560b\adl_cirrusaec_lib.bin, status = The request is not supported..
Information	25-11-2025 09:34:52	Intel-SST-OED	29	This task logs error codes to system event log.	FX module is not supported in BIOS:  {29606035-3bf7-4e96-a613-ca8c90022652} from \??\C:\Windows\System32\DriverStore\FileRepository\intcoed_oemlibpath.inf_amd64_2e7cef2f8051560b\adl_cirrusaec_lib.bin.
Information	25-11-2025 09:34:52	Intel-SST-OED	28	This task logs error codes to system event log.	Library is not supported in BIOS: \??\C:\Windows\System32\DriverStore\FileRepository\intcoed_oemlibpath.inf_amd64_2e7cef2f8051560b\adl_bandcalc_lib.bin, status = The request is not supported..
Information	25-11-2025 09:34:52	Intel-SST-OED	29	This task logs error codes to system event log.	FX module is not supported in BIOS:  {7cc564a1-e702-4876-9511-6e9e2f208007} from \??\C:\Windows\System32\DriverStore\FileRepository\intcoed_oemlibpath.inf_amd64_2e7cef2f8051560b\adl_bandcalc_lib.bin.
Information	25-11-2025 09:34:52	MEIx64	2	None	Intel(R) Management Engine Interface driver has started successfully.
Information	25-11-2025 09:34:52	Microsoft-Windows-Kernel-Power	521	(220)	Active battery count change.
Information	25-11-2025 09:34:52	Microsoft-Windows-Kernel-Power	105	(100)	Power source change.
Information	25-11-2025 09:34:52	Microsoft-Windows-Kernel-Power	521	(220)	Active battery count change.
Information	25-11-2025 09:34:51	Netwtw14	7018	None	7018 - secure boot (SB4) configuration
Information	25-11-2025 09:34:51	Netwtw14	7017	None	7017 - secure boot (SB) configuration
Information	25-11-2025 09:34:51	Netwtw14	7010	None	7010 - driver enabled (miniport init)
Information	25-11-2025 09:34:51	Microsoft-Windows-Kernel-Processor-Power	55	(47)	"Processor 15 in group 0 exposes the following power management capabilities:

Idle state type: Micro Power Engine Plugin (11 state(s))

Performance state type: ACPI Collaborative Processor Performance Control
Nominal Frequency (MHz): 2400
Maximum performance percentage: 150
Minimum performance percentage: 58
Minimum throttle percentage: 4"
Information	25-11-2025 09:34:51	Netwtw14	7002	None	7002 - CTDP power limit value (SPLC)
Information	25-11-2025 09:34:51	Netwtw14	7005	None	7005 - SAR value max TX power (WRDS)
Information	25-11-2025 09:34:51	Microsoft-Windows-Kernel-Processor-Power	55	(47)	"Processor 14 in group 0 exposes the following power management capabilities:

Idle state type: Micro Power Engine Plugin (11 state(s))

Performance state type: ACPI Collaborative Processor Performance Control
Nominal Frequency (MHz): 2400
Maximum performance percentage: 150
Minimum performance percentage: 58
Minimum throttle percentage: 4"
Information	25-11-2025 09:34:51	Microsoft-Windows-Kernel-Processor-Power	55	(47)	"Processor 13 in group 0 exposes the following power management capabilities:

Idle state type: Micro Power Engine Plugin (11 state(s))

Performance state type: ACPI Collaborative Processor Performance Control
Nominal Frequency (MHz): 2400
Maximum performance percentage: 150
Minimum performance percentage: 62
Minimum throttle percentage: 4"
Information	25-11-2025 09:34:51	Microsoft-Windows-Kernel-Processor-Power	55	(47)	"Processor 12 in group 0 exposes the following power management capabilities:

Idle state type: Micro Power Engine Plugin (11 state(s))

Performance state type: ACPI Collaborative Processor Performance Control
Nominal Frequency (MHz): 2400
Maximum performance percentage: 150
Minimum performance percentage: 62
Minimum throttle percentage: 4"
Information	25-11-2025 09:34:51	Microsoft-Windows-Kernel-Processor-Power	55	(47)	"Processor 11 in group 0 exposes the following power management capabilities:

Idle state type: Micro Power Engine Plugin (11 state(s))

Performance state type: ACPI Collaborative Processor Performance Control
Nominal Frequency (MHz): 2400
Maximum performance percentage: 200
Minimum performance percentage: 66
Minimum throttle percentage: 3"
Information	25-11-2025 09:34:51	Microsoft-Windows-Kernel-Processor-Power	55	(47)	"Processor 10 in group 0 exposes the following power management capabilities:

Idle state type: Micro Power Engine Plugin (11 state(s))

Performance state type: ACPI Collaborative Processor Performance Control
Nominal Frequency (MHz): 2400
Maximum performance percentage: 200
Minimum performance percentage: 66
Minimum throttle percentage: 3"
Information	25-11-2025 09:34:51	Microsoft-Windows-Kernel-Processor-Power	55	(47)	"Processor 9 in group 0 exposes the following power management capabilities:

Idle state type: Micro Power Engine Plugin (11 state(s))

Performance state type: ACPI Collaborative Processor Performance Control
Nominal Frequency (MHz): 2400
Maximum performance percentage: 200
Minimum performance percentage: 66
Minimum throttle percentage: 3"
Information	25-11-2025 09:34:51	Microsoft-Windows-Kernel-Processor-Power	55	(47)	"Processor 8 in group 0 exposes the following power management capabilities:

Idle state type: Micro Power Engine Plugin (11 state(s))

Performance state type: ACPI Collaborative Processor Performance Control
Nominal Frequency (MHz): 2400
Maximum performance percentage: 200
Minimum performance percentage: 66
Minimum throttle percentage: 3"
Information	25-11-2025 09:34:51	Microsoft-Windows-Kernel-Processor-Power	55	(47)	"Processor 7 in group 0 exposes the following power management capabilities:

Idle state type: Micro Power Engine Plugin (11 state(s))

Performance state type: ACPI Collaborative Processor Performance Control
Nominal Frequency (MHz): 2400
Maximum performance percentage: 210
Minimum performance percentage: 66
Minimum throttle percentage: 3"
Information	25-11-2025 09:34:51	Microsoft-Windows-Kernel-Processor-Power	55	(47)	"Processor 6 in group 0 exposes the following power management capabilities:

Idle state type: Micro Power Engine Plugin (11 state(s))

Performance state type: ACPI Collaborative Processor Performance Control
Nominal Frequency (MHz): 2400
Maximum performance percentage: 210
Minimum performance percentage: 66
Minimum throttle percentage: 3"
Information	25-11-2025 09:34:51	Microsoft-Windows-Kernel-Processor-Power	55	(47)	"Processor 5 in group 0 exposes the following power management capabilities:

Idle state type: Micro Power Engine Plugin (11 state(s))

Performance state type: ACPI Collaborative Processor Performance Control
Nominal Frequency (MHz): 2400
Maximum performance percentage: 210
Minimum performance percentage: 66
Minimum throttle percentage: 3"
Information	25-11-2025 09:34:51	Microsoft-Windows-Kernel-Processor-Power	55	(47)	"Processor 4 in group 0 exposes the following power management capabilities:

Idle state type: Micro Power Engine Plugin (11 state(s))

Performance state type: ACPI Collaborative Processor Performance Control
Nominal Frequency (MHz): 2400
Maximum performance percentage: 210
Minimum performance percentage: 66
Minimum throttle percentage: 3"
Information	25-11-2025 09:34:51	Microsoft-Windows-Kernel-Processor-Power	55	(47)	"Processor 3 in group 0 exposes the following power management capabilities:

Idle state type: Micro Power Engine Plugin (11 state(s))

Performance state type: ACPI Collaborative Processor Performance Control
Nominal Frequency (MHz): 2400
Maximum performance percentage: 200
Minimum performance percentage: 66
Minimum throttle percentage: 3"
Information	25-11-2025 09:34:51	Microsoft-Windows-Kernel-Processor-Power	55	(47)	"Processor 2 in group 0 exposes the following power management capabilities:

Idle state type: Micro Power Engine Plugin (11 state(s))

Performance state type: ACPI Collaborative Processor Performance Control
Nominal Frequency (MHz): 2400
Maximum performance percentage: 200
Minimum performance percentage: 66
Minimum throttle percentage: 3"
Information	25-11-2025 09:34:51	Microsoft-Windows-Kernel-Processor-Power	55	(47)	"Processor 1 in group 0 exposes the following power management capabilities:

Idle state type: Micro Power Engine Plugin (11 state(s))

Performance state type: ACPI Collaborative Processor Performance Control
Nominal Frequency (MHz): 2400
Maximum performance percentage: 200
Minimum performance percentage: 56
Minimum throttle percentage: 3"
Information	25-11-2025 09:34:51	Microsoft-Windows-Kernel-General	24	(11)	The time zone information was refreshed with exit reason 0. Current time zone bias is -330.
Information	25-11-2025 09:34:51	Microsoft-Windows-Kernel-Processor-Power	55	(47)	"Processor 0 in group 0 exposes the following power management capabilities:

Idle state type: Micro Power Engine Plugin (11 state(s))

Performance state type: ACPI Collaborative Processor Performance Control
Nominal Frequency (MHz): 2400
Maximum performance percentage: 200
Minimum performance percentage: 20
Minimum throttle percentage: 3"
Information	25-11-2025 09:34:50	Netwtw14	7027	None	7027 - get Nic Manufacturere on init
Information	25-11-2025 09:34:50	Netwtw14	7029	None	7029 - Driver initialization
Information	25-11-2025 09:34:50	Netwtw14	7036	None	The \Device\NDMP1 service entered the Intel(R) Wi-Fi 6 AX203 state.
Warning	25-11-2025 09:34:50	Microsoft-Windows-Kernel-PnP	219	(212)	"The driver \Driver\WUDFRd failed to load.
Device: ROOT\SYSTEM\0002
Status: 0xC0000365"
Information	25-11-2025 09:34:50	Microsoft-Windows-DriverFrameworks-UserMode	10118	Startup of the UMDF reflector	UMDF reflector is unable to connect to service control manager (SCM). This is expected during boot, when SCM has not started yet. Will retry when it starts.
Warning	25-11-2025 09:34:50	Microsoft-Windows-Kernel-PnP	219	(212)	"The driver \Driver\WUDFRd failed to load.
Device: ROOT\SYSTEM\0001
Status: 0xC0000365"
Information	25-11-2025 09:34:50	Microsoft-Windows-DriverFrameworks-UserMode	10118	Startup of the UMDF reflector	UMDF reflector is unable to connect to service control manager (SCM). This is expected during boot, when SCM has not started yet. Will retry when it starts.
Information	25-11-2025 09:34:50	Microsoft-Windows-Ntfs	98	None	Volume \\?\Volume{62de1141-d3e0-4619-a2fd-2ddc31761ed3} (\Device\HarddiskVolume5) is healthy.  No action is needed.
Warning	25-11-2025 09:34:50	Microsoft-Windows-Kernel-PnP	219	(212)	"The driver \Driver\WUDFRd failed to load.
Device: PCI\VEN_8086&DEV_A71D&SUBSYS_381D17AA&REV_00\3&11583659&1&20
Status: 0xC0000365"
Information	25-11-2025 09:34:50	Microsoft-Windows-DriverFrameworks-UserMode	10118	Startup of the UMDF reflector	UMDF reflector is unable to connect to service control manager (SCM). This is expected during boot, when SCM has not started yet. Will retry when it starts.
Information	25-11-2025 09:34:47	Microsoft-Windows-Kernel-Power	125	(86)	"ACPI thermal zone \_TZ.TZ00 has been enumerated.             
_PSV = 0K             
_TC1 = 0             
_TC2 = 0             
_TSP = 0ms             
_AC0 = 373K             
_AC1 = 328K             
_AC2 = 323K             
_AC3 = 318K             
_AC4 = 313K             
_AC5 = 0K             
_AC6 = 0K             
_AC7 = 0K             
_AC8 = 0K             
_AC9 = 0K             
_CRT = 378K             
_HOT = 0K             
minimum throttle = 0             
_CR3 = 0K"
Information	25-11-2025 09:34:47	googlehaxm	4	None	"The description for Event ID 4 from source googlehaxm cannot be found. Either the component that raises this event is not installed on your local computer or the installation is corrupted. You can install or repair the component on the local computer.

If the event originated on another computer, the display information had to be saved with the event.

The following information was included with the event: 


The message resource is present but the message was not found in the message table
"
Information	25-11-2025 09:34:47	Microsoft-Windows-FilterManager	6	None	File System Filter 'npsvctrig' (10.0, ‎1978‎-‎05‎-‎14T14:43:30.000000000Z) has successfully loaded and registered with Filter Manager.
Information	25-11-2025 09:34:47	Microsoft-Windows-FilterManager	6	None	File System Filter '360Box64' (6.1, ‎2024‎-‎10‎-‎08T14:49:39.000000000Z) has successfully loaded and registered with Filter Manager.
Information	25-11-2025 09:34:46	Microsoft-Windows-FilterManager	6	None	File System Filter '360FsFlt' (6.1, ‎2025‎-‎07‎-‎21T12:25:24.000000000Z) has successfully loaded and registered with Filter Manager.
Information	25-11-2025 09:34:46	Microsoft-Windows-FilterManager	6	None	File System Filter 'UCPD' (10.0, ‎1998‎-‎05‎-‎25T20:10:41.000000000Z) has successfully loaded and registered with Filter Manager.
Information	25-11-2025 09:34:46	Microsoft-Windows-FilterManager	6	None	File System Filter 'FileCrypt' (10.0, ‎2075‎-‎09‎-‎01T03:37:07.000000000Z) has successfully loaded and registered with Filter Manager.
Information	25-11-2025 09:34:46	Microsoft-Windows-Ntfs	98	None	Volume C: (\Device\HarddiskVolume3) is healthy.  No action is needed.
Information	25-11-2025 09:34:45	Microsoft-Windows-Ntfs	98	None	Volume S: (\Device\HarddiskVolume4) is healthy.  No action is needed.
Information	25-11-2025 09:34:45	Microsoft-Windows-BitLocker-Driver	24709	None	This event contains the boot-time final TPM PCR values and TCG log data.
Information	25-11-2025 09:34:45	Microsoft-Windows-BitLocker-Driver	24711	None	"A V2 TPM protector was used to start Windows.
Binding ID: {e0f3b476-a73e-4425-805b-0c939f260e04}."
Information	25-11-2025 09:34:45	Microsoft-Windows-BitLocker-Driver	24709	None	This event contains the boot-time final TPM PCR values and TCG log data.
Information	25-11-2025 09:34:45	Microsoft-Windows-FilterManager	6	None	File System Filter 'Wof' (10.0, ‎2089‎-‎07‎-‎15T08:28:05.000000000Z) has successfully loaded and registered with Filter Manager.
Information	25-11-2025 09:34:45	Microsoft-Windows-FilterManager	6	None	File System Filter 'FileInfo' (10.0, ‎2093‎-‎04‎-‎02T06:59:43.000000000Z) has successfully loaded and registered with Filter Manager.
Information	25-11-2025 09:34:43	Microsoft-Windows-HAL	16	None	IOMMU fault reporting has been initialized.
Information	25-11-2025 09:34:43	Microsoft-Windows-Kernel-General	20	(6)	"The leap second configuration has been updated.
Reason: Leap second data initialized from registry during boot
Leap seconds enabled: true
New leap second count: 0
Old leap second count: 0"
Information	25-11-2025 09:34:43	Microsoft-Windows-Kernel-Boot	30	(21)	The firmware reported boot metrics.
Information	25-11-2025 09:34:43	Microsoft-Windows-IsolatedUserMode	3	None	Secure Kernel started with status STATUS_SUCCESS and flags HvciEnabled,HvciStrictMode.
Warning	25-11-2025 09:34:43	Microsoft-Windows-Hyper-V-Hypervisor	167	None	The hypervisor did not enable mitigations for side channel vulnerabilities for virtual machines because HyperThreading is enabled. To enable mitigations for virtual machines, disable HyperThreading.
Information	25-11-2025 09:34:43	Microsoft-Windows-Hyper-V-Hypervisor	165	None	"Hypervisor configured mitigations for CVE-2019-11091, CVE-2018-12126, CVE-2018-12127, CVE-2018-12130 for virtual machines.

Processor not affected: true
Processor family not affected: false
Processor supports microarchitectural buffer flush: true
Buffer flush needed: true
"
Information	25-11-2025 09:34:43	Microsoft-Windows-Hyper-V-Hypervisor	156	None	"Hypervisor configured mitigations for CVE-2018-3646 for virtual machines.

Processor not affected: true
Processor family not affected: false
Processor supports cache flush: true
HyperThreading enabled: false
Parent hypervisor applies mitigations: false
Mitigations disabled by bcdedit: false
Mitigations enabled: true
Cache flush needed: false
"
Information	25-11-2025 09:34:43	Microsoft-Windows-Hyper-V-Hypervisor	129	None	"Hypervisor initialized I/O remapping.

Hardware present: true
Hardware enabled: true
Policy: 0x0
Enabled features: 0x43
Internal information: 0x0
Problems: 0x0
Additional information: 0x0"
Information	25-11-2025 09:34:43	Microsoft-Windows-Hyper-V-Hypervisor	2	None	Hypervisor scheduler type is 0x4.
Information	25-11-2025 09:34:43	Microsoft-Windows-Hyper-V-Hypervisor	1	None	Hypervisor successfully started.
Information	25-11-2025 09:34:43	Microsoft-Windows-Kernel-Boot	27	(33)	The boot type was 0x0.
Information	25-11-2025 09:34:43	Microsoft-Windows-Kernel-Boot	25	(32)	The boot menu policy was 0x1.
Information	25-11-2025 09:34:43	Microsoft-Windows-Kernel-Boot	238	(101)	EFI time zone bias: 2047. Daylight flags: 0. Firmware time: ‎2025‎-‎11‎-‎25T09:34:40.000000000Z.
Information	25-11-2025 09:34:43	Microsoft-Windows-Kernel-Boot	247	(99)	Unable to load Pluton-Windows firmware. StatusCode: STATUS_SUCCESS, Reason: Failed to apply firmware.
Information	25-11-2025 09:34:43	Microsoft-Windows-Kernel-Boot	20	(31)	The last shutdown's success status was true. The last boot's success status was true.
Information	25-11-2025 09:34:43	Microsoft-Windows-Kernel-Boot	32	(58)	The bootmgr spent 0 ms waiting for user input.
Information	25-11-2025 09:34:43	Microsoft-Windows-Kernel-Boot	18	(57)	There are 0x1 boot options on this system.
Information	25-11-2025 09:34:43	Microsoft-Windows-Kernel-Boot	153	(62)	Virtualization-based security (policies: VBS Enabled,VSM Required,Hvci,Boot Chain Signer Soft Enforced) is enabled due to VBS registry configuration.
Information	25-11-2025 09:34:43	Microsoft-Windows-Kernel-General	25	(12)	"The system time was initialized to ‎2025‎-‎11‎-‎25T04:04:42.500000000Z. 

Loader time: ‎2025‎-‎11‎-‎25T04:04:40.000000000Z
Internal boot flags: 0x2
HAL RTC error code: 0x0
RTC time is in UTC: false
Soft boot: false
Success: true
Phase: 0"
Information	25-11-2025 09:34:43	Microsoft-Windows-Kernel-General	12	(1)	The operating system started at system time ‎2025‎-‎11‎-‎25T04:04:42.500000000Z.
Information	24-11-2025 23:28:40	Microsoft-Windows-Kernel-General	13	(2)	The operating system is shutting down at system time ‎2025‎-‎11‎-‎24T17:58:40.827963600Z.
Information	24-11-2025 23:28:40	Microsoft-Windows-Kernel-Power	577	(280)	The system has prepared for a system initiated reboot from Active.
Information	24-11-2025 23:28:39	Microsoft-Windows-Kernel-Power	109	(103)	"The kernel power manager has initiated a shutdown transition.

Action: Power Action Shutdown Off 
Event Code: 0x0 
Reason: Kernel API"
Information	24-11-2025 23:28:35	Microsoft-Windows-WLAN-AutoConfig	4001	None	"WLAN AutoConfig service has successfully stopped.
"
Warning	24-11-2025 23:28:35	Microsoft-Windows-WLAN-AutoConfig	10002	None	"WLAN Extensibility Module has stopped.

Module Path: C:\Windows\system32\IntelIHVRouter14.dll
"
Information	25-11-2025 09:35:01	EventLog	6013	None	The system uptime is 19 seconds.
Information	25-11-2025 09:35:01	EventLog	6005	None	The Event log service was started.
Information	25-11-2025 09:35:01	EventLog	6009	None	Microsoft (R) Windows (R) 10.00. 26200  Multiprocessor Free.
Information	24-11-2025 23:28:35	Microsoft-Windows-Dhcp-Client	50037	Service State Event	DHCPv4 client service is stopped. ShutDown Flag value is 1
Information	24-11-2025 23:28:35	Microsoft-Windows-DHCPv6-Client	51057	Service State Event	DHCPv6 client service stop is almost done.DHCP Context Ref count is 1
Information	24-11-2025 23:28:34	Microsoft-Windows-Dhcp-Client	50106	Service State Event	DHCPv4 is waiting on DHCPv6 service to stop
Information	24-11-2025 23:28:34	Microsoft-Windows-DHCPv6-Client	51047	Service State Event	DHCPv6 client service is stopped. ShutDown Flag value is 1
Information	24-11-2025 23:28:34	Microsoft-Windows-Dhcp-Client	50105	Service State Event	DHCPv4 client ProcessDHCPRequestForever received TERMINATE_EVENT
Information	24-11-2025 23:28:34	Microsoft-Windows-Dhcp-Client	50104	Service State Event	DHCPv4 client received shutdown notification
Error	24-11-2025 23:28:34	Service Control Manager	7043	None	The Universal Device Client Service service did not shut down properly after receiving a preshutdown control.
Information	24-11-2025 23:28:34	EventLog	6006	None	The Event log service was stopped.
Information	24-11-2025 23:28:19	Microsoft-Windows-IsolatedUserMode	2	None	Secure Trustlet Id 6 and Pid 11448 stopped with status STATUS_SUCCESS.
Information	24-11-2025 23:28:18	Microsoft-Windows-Winlogon	7002	(1102)	User Logoff Notification for Customer Experience Improvement Program
Error	24-11-2025 23:28:17	Microsoft-Windows-DistributedCOM	10010	None	The server DolbyLaboratories.DolbyAccess_3.27.5940.0_x64__rz1tebttyb220!App.AppX1vq60yhpapky3fc2vj8qa51f0d03x54j.mca did not register with DCOM within the required timeout.
Information	24-11-2025 23:28:17	Microsoft-Windows-IsolatedUserMode	2	None	Secure Trustlet Id 0 and Pid 0 stopped with status STATUS_SUCCESS.
Warning	24-11-2025 23:28:17	winsrvext	100	None	Process C:\Users\gunis\AppData\Local\Kingsoft\WPS Office\12.2.0.23155\office6\wpscenter.exe is delaying system shutdown after 5078 milliseconds.
Warning	24-11-2025 23:28:17	winsrvext	100	None	Process C:\Users\gunis\AppData\Local\Kingsoft\WPS Office\12.2.0.23155\office6\wpscloudsvr.exe is delaying system shutdown after 5063 milliseconds.
Information	24-11-2025 23:28:12	User32	1074	None	"The process C:\Windows\SystemApps\Microsoft.Windows.StartMenuExperienceHost_cw5n1h2txyewy\StartMenuExperienceHost.exe (SAIGANESH) has initiated the power off of computer SAIGANESH on behalf of user Saiganesh\gunis for the following reason: Other (Unplanned)
 Reason Code: 0x0
 Shutdown Type: power off
 Comment: "
Information	24-11-2025 23:28:00	Netwtw14	7003	None	7003 - Roam Complete
Information	24-11-2025 23:28:00	Netwtw14	7021	None	7021 - Connection telemetry fields and analysis usage
Information	24-11-2025 23:28:00	Netwtw14	7021	None	7021 - Connection telemetry fields and analysis usage
Information	24-11-2025 23:27:59	Netwtw14	7021	None	7021 - Connection telemetry fields and analysis usage
Information	24-11-2025 23:27:02	Netwtw14	7003	None	7003 - Roam Complete
Information	24-11-2025 23:27:02	Netwtw14	7021	None	7021 - Connection telemetry fields and analysis usage
Information	24-11-2025 23:22:45	Microsoft-Windows-Kernel-Power	105	(100)	Power source change.
Information	24-11-2025 23:22:02	Netwtw14	7003	None	7003 - Roam Complete
Information	24-11-2025 23:22:02	Netwtw14	7021	None	7021 - Connection telemetry fields and analysis usage
Information	24-11-2025 23:19:01	Netwtw14	7003	None	7003 - Roam Complete
Information	24-11-2025 23:19:01	Netwtw14	7021	None	7021 - Connection telemetry fields and analysis usage
Information	24-11-2025 23:18:52	Netwtw14	7003	None	7003 - Roam Complete
Information	24-11-2025 23:18:52	Netwtw14	7021	None	7021 - Connection telemetry fields and analysis usage
Information	24-11-2025 23:17:50	Netwtw14	7003	None	7003 - Roam Complete
Information	24-11-2025 23:17:50	Netwtw14	7021	None	7021 - Connection telemetry fields and analysis usage
Information	24-11-2025 23:04:03	Netwtw14	7021	None	7021 - Connection telemetry fields and analysis usage
Information	24-11-2025 23:02:03	Netwtw14	7003	None	7003 - Roam Complete
Information	24-11-2025 23:02:03	Netwtw14	7021	None	7021 - Connection telemetry fields and analysis usage
Information	24-11-2025 23:00:28	Netwtw14	7003	None	7003 - Roam Complete
Information	24-11-2025 23:00:28	Netwtw14	7021	None	7021 - Connection telemetry fields and analysis usage
Information	24-11-2025 22:56:10	Netwtw14	7003	None	7003 - Roam Complete
Information	24-11-2025 22:56:10	Netwtw14	7021	None	7021 - Connection telemetry fields and analysis usage
Information	24-11-2025 22:50:06	Netwtw14	7003	None	7003 - Roam Complete
Information	24-11-2025 22:50:06	Netwtw14	7021	None	7021 - Connection telemetry fields and analysis usage
Information	24-11-2025 22:49:21	Netwtw14	7003	None	7003 - Roam Complete
Information	24-11-2025 22:49:21	Netwtw14	7021	None	7021 - Connection telemetry fields and analysis usage
Information	24-11-2025 22:47:40	Netwtw14	7003	None	7003 - Roam Complete
Information	24-11-2025 22:47:40	Netwtw14	7021	None	7021 - Connection telemetry fields and analysis usage
Information	24-11-2025 22:46:57	Netwtw14	7003	None	7003 - Roam Complete
Information	24-11-2025 22:46:57	Netwtw14	7021	None	7021 - Connection telemetry fields and analysis usage
Warning	24-11-2025 22:46:55	Microsoft-Windows-DistributedCOM	10016	None	"The application-specific permission settings do not grant Local Activation permission for the COM Server application with CLSID 
{B52D54BB-4818-4EB9-AA80-F9EACD371DF8}
 and APPID 
{9E175B9C-F52A-11D8-B9A5-505054503030}
 to the user Saiganesh\gunis SID (S-1-5-21-2782663264-3991100608-3008750438-1001) from address LocalHost (Using LRPC) running in the application container Unavailable SID (Unavailable). This security permission can be modified using the Component Services administrative tool."
Information	24-11-2025 22:43:57	Netwtw14	7003	None	7003 - Roam Complete
Information	24-11-2025 22:43:57	Netwtw14	7021	None	7021 - Connection telemetry fields and analysis usage
Information	24-11-2025 22:43:05	Netwtw14	7003	None	7003 - Roam Complete
Information	24-11-2025 22:43:05	Netwtw14	7021	None	7021 - Connection telemetry fields and analysis usage
Information	24-11-2025 22:40:04	Netwtw14	7003	None	7003 - Roam Complete
Information	24-11-2025 22:40:04	Netwtw14	7021	None	7021 - Connection telemetry fields and analysis usage
Information	24-11-2025 22:39:21	Netwtw14	7021	None	7021 - Connection telemetry fields and analysis usage
Information	24-11-2025 22:38:22	Netwtw14	7003	None	7003 - Roam Complete
Information	24-11-2025 22:38:22	Netwtw14	7021	None	7021 - Connection telemetry fields and analysis usage
Information	24-11-2025 22:37:38	Netwtw14	7003	None	7003 - Roam Complete
Information	24-11-2025 22:37:38	Netwtw14	7021	None	7021 - Connection telemetry fields and analysis usage
Information	24-11-2025 22:36:47	Netwtw14	7003	None	7003 - Roam Complete
Information	24-11-2025 22:36:47	Netwtw14	7021	None	7021 - Connection telemetry fields and analysis usage
Information	24-11-2025 22:35:45	Netwtw14	7003	None	7003 - Roam Complete
Information	24-11-2025 22:35:45	Netwtw14	7021	None	7021 - Connection telemetry fields and analysis usage
Information	24-11-2025 22:33:23	Netwtw14	7003	None	7003 - Roam Complete
Information	24-11-2025 22:33:23	Netwtw14	7021	None	7021 - Connection telemetry fields and analysis usage
Information	24-11-2025 22:32:03	Netwtw14	7021	None	7021 - Connection telemetry fields and analysis usage
Information	24-11-2025 22:27:32	Netwtw14	7003	None	7003 - Roam Complete
Information	24-11-2025 22:27:32	Netwtw14	7021	None	7021 - Connection telemetry fields and analysis usage
Information	24-11-2025 22:27:32	Netwtw14	7021	None	7021 - Connection telemetry fields and analysis usage
Information	24-11-2025 22:27:31	Netwtw14	7021	None	7021 - Connection telemetry fields and analysis usage
Information	24-11-2025 22:27:31	Netwtw14	7021	None	7021 - Connection telemetry fields and analysis usage
Information	24-11-2025 22:27:31	Netwtw14	7021	None	7021 - Connection telemetry fields and analysis usage
Information	24-11-2025 22:27:30	Netwtw14	7021	None	7021 - Connection telemetry fields and analysis usage
Error	24-11-2025 22:23:11	Service Control Manager	7034	None	The Dolby DAX API Service service terminated unexpectedly.  It has done this 1 time(s).
Information	24-11-2025 22:18:04	Netwtw14	7003	None	7003 - Roam Complete
Information	24-11-2025 22:18:04	Netwtw14	7003	None	7003 - Roam Complete
Warning	24-11-2025 22:06:41	Microsoft-Windows-DistributedCOM	10016	None	"The application-specific permission settings do not grant Local Activation permission for the COM Server application with CLSID 
{B52D54BB-4818-4EB9-AA80-F9EACD371DF8}
 and APPID 
{9E175B9C-F52A-11D8-B9A5-505054503030}
 to the user Saiganesh\gunis SID (S-1-5-21-2782663264-3991100608-3008750438-1001) from address LocalHost (Using LRPC) running in the application container Unavailable SID (Unavailable). This security permission can be modified using the Component Services administrative tool."
Warning	24-11-2025 22:06:22	Microsoft-Windows-DistributedCOM	10016	None	"The application-specific permission settings do not grant Local Activation permission for the COM Server application with CLSID 
{B52D54BB-4818-4EB9-AA80-F9EACD371DF8}
 and APPID 
{9E175B9C-F52A-11D8-B9A5-505054503030}
 to the user Saiganesh\gunis SID (S-1-5-21-2782663264-3991100608-3008750438-1001) from address LocalHost (Using LRPC) running in the application container Unavailable SID (Unavailable). This security permission can be modified using the Component Services administrative tool."
Warning	24-11-2025 22:02:20	Microsoft-Windows-DistributedCOM	10016	None	"The application-specific permission settings do not grant Local Activation permission for the COM Server application with CLSID 
{2593F8B9-4EAF-457C-B68A-50F6B8EA6B54}
 and APPID 
{15C20B67-12E7-4BB6-92BB-7AFF07997402}
 to the user Saiganesh\gunis SID (S-1-5-21-2782663264-3991100608-3008750438-1001) from address LocalHost (Using LRPC) running in the application container Unavailable SID (Unavailable). This security permission can be modified using the Component Services administrative tool."
Information	24-11-2025 22:01:44	RFDriveFs2	1	None	"The description for Event ID 1 from source RFDriveFs2 cannot be found. Either the component that raises this event is not installed on your local computer or the installation is corrupted. You can install or repair the component on the local computer.

If the event originated on another computer, the display information had to be saved with the event.

The following information was included with the event: 

No mount entry found.

The message resource is present but the message was not found in the message table
"
Information	24-11-2025 22:01:44	RFDriveFs2	1	None	"The description for Event ID 1 from source RFDriveFs2 cannot be found. Either the component that raises this event is not installed on your local computer or the installation is corrupted. You can install or repair the component on the local computer.

If the event originated on another computer, the display information had to be saved with the event.

The following information was included with the event: 

Finding mount entry; mount point = \DosDevices\C:\ShareHub\moto g85 5G.

The message resource is present but the message was not found in the message table
"
Information	24-11-2025 22:01:44	RFDriveFs2	1	None	"The description for Event ID 1 from source RFDriveFs2 cannot be found. Either the component that raises this event is not installed on your local computer or the installation is corrupted. You can install or repair the component on the local computer.

If the event originated on another computer, the display information had to be saved with the event.

The following information was included with the event: 

Ignoring keepalive close because unmount is already in progress.

The message resource is present but the message was not found in the message table
"
Information	24-11-2025 22:01:44	RFDriveFs2	1	None	"The description for Event ID 1 from source RFDriveFs2 cannot be found. Either the component that raises this event is not installed on your local computer or the installation is corrupted. You can install or repair the component on the local computer.

If the event originated on another computer, the display information had to be saved with the event.

The following information was included with the event: 

No mount entry found.

The message resource is present but the message was not found in the message table
"
Information	24-11-2025 22:01:44	RFDriveFs2	1	None	"The description for Event ID 1 from source RFDriveFs2 cannot be found. Either the component that raises this event is not installed on your local computer or the installation is corrupted. You can install or repair the component on the local computer.

If the event originated on another computer, the display information had to be saved with the event.

The following information was included with the event: 

Finding mount entry; mount point = \DosDevices\C:\ShareHub\moto g85 5G.

The message resource is present but the message was not found in the message table
"
Information	24-11-2025 22:01:44	RFDriveFs2	1	None	"The description for Event ID 1 from source RFDriveFs2 cannot be found. Either the component that raises this event is not installed on your local computer or the installation is corrupted. You can install or repair the component on the local computer.

If the event originated on another computer, the display information had to be saved with the event.

The following information was included with the event: 

Finished event release.

The message resource is present but the message was not found in the message table
"
Information	24-11-2025 22:01:44	RFDriveFs2	1	None	"The description for Event ID 1 from source RFDriveFs2 cannot be found. Either the component that raises this event is not installed on your local computer or the installation is corrupted. You can install or repair the component on the local computer.

If the event originated on another computer, the display information had to be saved with the event.

The following information was included with the event: 

Finished deleting device.

The message resource is present but the message was not found in the message table
"
Information	24-11-2025 22:01:44	RFDriveFs2	1	None	"The description for Event ID 1 from source RFDriveFs2 cannot be found. Either the component that raises this event is not installed on your local computer or the installation is corrupted. You can install or repair the component on the local computer.

If the event originated on another computer, the display information had to be saved with the event.

The following information was included with the event: 

Deleting volume device object.

The message resource is present but the message was not found in the message table
"
Information	24-11-2025 22:01:44	RFDriveFs2	1	None	"The description for Event ID 1 from source RFDriveFs2 cannot be found. Either the component that raises this event is not installed on your local computer or the installation is corrupted. You can install or repair the component on the local computer.

If the event originated on another computer, the display information had to be saved with the event.

The following information was included with the event: 

7-964f1e9f5de9}

The message resource is present but the message was not found in the message table
"
Information	24-11-2025 22:01:44	RFDriveFs2	1	None	"The description for Event ID 1 from source RFDriveFs2 cannot be found. Either the component that raises this event is not installed on your local computer or the installation is corrupted. You can install or repair the component on the local computer.

If the event originated on another computer, the display information had to be saved with the event.

The following information was included with the event: 

Mount entry found: \DosDevices\C:\ShareHub\moto g85 5G -> \Device\Volume{d6cc17c5-1734-4085-bce

The message resource is present but the message was not found in the message table
"
Information	24-11-2025 22:01:44	RFDriveFs2	1	None	"The description for Event ID 1 from source RFDriveFs2 cannot be found. Either the component that raises this event is not installed on your local computer or the installation is corrupted. You can install or repair the component on the local computer.

If the event originated on another computer, the display information had to be saved with the event.

The following information was included with the event: 

Found entry with matching device name: \Device\Volume{d6cc17c5-1734-4085-bce7-964f1e9f5de9}

The message resource is present but the message was not found in the message table
"
Information	24-11-2025 22:01:44	RFDriveFs2	1	None	"The description for Event ID 1 from source RFDriveFs2 cannot be found. Either the component that raises this event is not installed on your local computer or the installation is corrupted. You can install or repair the component on the local computer.

If the event originated on another computer, the display information had to be saved with the event.

The following information was included with the event: 

Finding mount entry; mount point = .

The message resource is present but the message was not found in the message table
"
Information	24-11-2025 22:01:44	RFDriveFs2	1	None	"The description for Event ID 1 from source RFDriveFs2 cannot be found. Either the component that raises this event is not installed on your local computer or the installation is corrupted. You can install or repair the component on the local computer.

If the event originated on another computer, the display information had to be saved with the event.

The following information was included with the event: 

Removing mount entry.

The message resource is present but the message was not found in the message table
"
Information	24-11-2025 22:01:44	RFDriveFs2	1	None	"The description for Event ID 1 from source RFDriveFs2 cannot be found. Either the component that raises this event is not installed on your local computer or the installation is corrupted. You can install or repair the component on the local computer.

If the event originated on another computer, the display information had to be saved with the event.

The following information was included with the event: 

7-964f1e9f5de9}

The message resource is present but the message was not found in the message table
"
Information	24-11-2025 22:01:44	RFDriveFs2	1	None	"The description for Event ID 1 from source RFDriveFs2 cannot be found. Either the component that raises this event is not installed on your local computer or the installation is corrupted. You can install or repair the component on the local computer.

If the event originated on another computer, the display information had to be saved with the event.

The following information was included with the event: 

Mount entry found: \DosDevices\C:\ShareHub\moto g85 5G -> \Device\Volume{d6cc17c5-1734-4085-bce

The message resource is present but the message was not found in the message table
"
Information	24-11-2025 22:01:44	RFDriveFs2	1	None	"The description for Event ID 1 from source RFDriveFs2 cannot be found. Either the component that raises this event is not installed on your local computer or the installation is corrupted. You can install or repair the component on the local computer.

If the event originated on another computer, the display information had to be saved with the event.

The following information was included with the event: 

Found entry with matching device name: \Device\Volume{d6cc17c5-1734-4085-bce7-964f1e9f5de9}

The message resource is present but the message was not found in the message table
"
Information	24-11-2025 22:01:44	RFDriveFs2	1	None	"The description for Event ID 1 from source RFDriveFs2 cannot be found. Either the component that raises this event is not installed on your local computer or the installation is corrupted. You can install or repair the component on the local computer.

If the event originated on another computer, the display information had to be saved with the event.

The following information was included with the event: 

Finding mount entry; mount point = .

The message resource is present but the message was not found in the message table
"
Information	24-11-2025 22:01:44	RFDriveFs2	1	None	"The description for Event ID 1 from source RFDriveFs2 cannot be found. Either the component that raises this event is not installed on your local computer or the installation is corrupted. You can install or repair the component on the local computer.

If the event originated on another computer, the display information had to be saved with the event.

The following information was included with the event: 

Deleting device object.

The message resource is present but the message was not found in the message table
"
Information	24-11-2025 22:01:44	RFDriveFs2	1	None	"The description for Event ID 1 from source RFDriveFs2 cannot be found. Either the component that raises this event is not installed on your local computer or the installation is corrupted. You can install or repair the component on the local computer.

If the event originated on another computer, the display information had to be saved with the event.

The following information was included with the event: 

Cleaning up all change notification waiters.

The message resource is present but the message was not found in the message table
"
Information	24-11-2025 22:01:44	RFDriveFs2	1	None	"The description for Event ID 1 from source RFDriveFs2 cannot be found. Either the component that raises this event is not installed on your local computer or the installation is corrupted. You can install or repair the component on the local computer.

If the event originated on another computer, the display information had to be saved with the event.

The following information was included with the event: 

stopFcbGarbageCollector.

The message resource is present but the message was not found in the message table
"
Information	24-11-2025 22:01:44	RFDriveFs2	1	None	"The description for Event ID 1 from source RFDriveFs2 cannot be found. Either the component that raises this event is not installed on your local computer or the installation is corrupted. You can install or repair the component on the local computer.

If the event originated on another computer, the display information had to be saved with the event.

The following information was included with the event: 

Stopping FCB garbage collector.

The message resource is present but the message was not found in the message table
"
Information	24-11-2025 22:01:44	RFDriveFs2	1	None	"The description for Event ID 1 from source RFDriveFs2 cannot be found. Either the component that raises this event is not installed on your local computer or the installation is corrupted. You can install or repair the component on the local computer.

If the event originated on another computer, the display information had to be saved with the event.

The following information was included with the event: 

Starting unmount for device ""\Device\Volume{d6cc17c5-1734-4085-bce7-964f1e9f5de9}""

The message resource is present but the message was not found in the message table
"
Information	24-11-2025 22:01:44	RFDriveFs2	1	None	"The description for Event ID 1 from source RFDriveFs2 cannot be found. Either the component that raises this event is not installed on your local computer or the installation is corrupted. You can install or repair the component on the local computer.

If the event originated on another computer, the display information had to be saved with the event.

The following information was included with the event: 

Mount manager is disabled for this device or dokan initiated deletion; ignoring.

The message resource is present but the message was not found in the message table
"
Information	24-11-2025 22:01:44	RFDriveFs2	1	None	"The description for Event ID 1 from source RFDriveFs2 cannot be found. Either the component that raises this event is not installed on your local computer or the installation is corrupted. You can install or repair the component on the local computer.

If the event originated on another computer, the display information had to be saved with the event.

The following information was included with the event: 

Link deleted: ""\??\Volume{2c5210df-c91f-11f0-b8ef-6c2f80c1590c}""

The message resource is present but the message was not found in the message table
"
Information	24-11-2025 22:01:44	RFDriveFs2	1	None	"The description for Event ID 1 from source RFDriveFs2 cannot be found. Either the component that raises this event is not installed on your local computer or the installation is corrupted. You can install or repair the component on the local computer.

If the event originated on another computer, the display information had to be saved with the event.

The following information was included with the event: 

Entered event release.

The message resource is present but the message was not found in the message table
"
Information	24-11-2025 22:01:44	RFDriveFs2	1	None	"The description for Event ID 1 from source RFDriveFs2 cannot be found. Either the component that raises this event is not installed on your local computer or the installation is corrupted. You can install or repair the component on the local computer.

If the event originated on another computer, the display information had to be saved with the event.

The following information was included with the event: 

7-964f1e9f5de9}

The message resource is present but the message was not found in the message table
"
Information	24-11-2025 22:01:44	RFDriveFs2	1	None	"The description for Event ID 1 from source RFDriveFs2 cannot be found. Either the component that raises this event is not installed on your local computer or the installation is corrupted. You can install or repair the component on the local computer.

If the event originated on another computer, the display information had to be saved with the event.

The following information was included with the event: 

Mount entry found: \DosDevices\C:\ShareHub\moto g85 5G -> \Device\Volume{d6cc17c5-1734-4085-bce

The message resource is present but the message was not found in the message table
"
Information	24-11-2025 22:01:44	RFDriveFs2	1	None	"The description for Event ID 1 from source RFDriveFs2 cannot be found. Either the component that raises this event is not installed on your local computer or the installation is corrupted. You can install or repair the component on the local computer.

If the event originated on another computer, the display information had to be saved with the event.

The following information was included with the event: 

Found entry with matching mount point.

The message resource is present but the message was not found in the message table
"
Information	24-11-2025 22:01:44	RFDriveFs2	1	None	"The description for Event ID 1 from source RFDriveFs2 cannot be found. Either the component that raises this event is not installed on your local computer or the installation is corrupted. You can install or repair the component on the local computer.

If the event originated on another computer, the display information had to be saved with the event.

The following information was included with the event: 

Finding mount entry; mount point = \DosDevices\C:\ShareHub\moto g85 5G.

The message resource is present but the message was not found in the message table
"
Information	24-11-2025 22:01:05	Netwtw14	7003	None	7003 - Roam Complete
Error	24-11-2025 22:00:45	Microsoft-Windows-TPM-WMI	1801	None	"Secure Boot CA/keys need to be updated. This device signature information is included here.
DeviceAttributes: FirmwareVersion:LTCN33WW;OEMManufacturerName:LENOVO;OEMModelSKU:LENOVO_MT_83EM_BU_idea_FM_IdeaPad Slim 3 15IRH8;OSArchitecture:amd64;
BucketId: 19f5521a9a11b038ff2fbabfc2e3398b7331dde01e995bceb019686a7da0c8d3
BucketConfidenceLevel: 
UpdateType: 0
HResult: The operation completed successfully."
Warning	24-11-2025 21:58:56	Microsoft-Windows-DistributedCOM	10016	None	"The application-specific permission settings do not grant Local Activation permission for the COM Server application with CLSID 
{B52D54BB-4818-4EB9-AA80-F9EACD371DF8}
 and APPID 
{9E175B9C-F52A-11D8-B9A5-505054503030}
 to the user Saiganesh\gunis SID (S-1-5-21-2782663264-3991100608-3008750438-1001) from address LocalHost (Using LRPC) running in the application container Unavailable SID (Unavailable). This security permission can be modified using the Component Services administrative tool."
Information	24-11-2025 21:58:40	RFDriveFs2	1	None	"The description for Event ID 1 from source RFDriveFs2 cannot be found. Either the component that raises this event is not installed on your local computer or the installation is corrupted. You can install or repair the component on the local computer.

If the event originated on another computer, the display information had to be saved with the event.

The following information was included with the event: 

Opened file with user mode dispatch blocked: ""\drive_fs_notification""

The message resource is present but the message was not found in the message table
"
