Information	26-11-2025 09:29:29	Netwtw14	7021	None	7021 - Connection telemetry fields and analysis usage
Information	26-11-2025 09:29:27	Netwtw14	7021	None	7021 - Connection telemetry fields and analysis usage
Information	26-11-2025 09:29:26	Netwtw14	7021	None	7021 - Connection telemetry fields and analysis usage
Information	26-11-2025 09:29:25	Netwtw14	7021	None	7021 - Connection telemetry fields and analysis usage
Information	26-11-2025 09:29:25	Netwtw14	7021	None	7021 - Connection telemetry fields and analysis usage
Information	26-11-2025 09:29:24	Netwtw14	7021	None	7021 - Connection telemetry fields and analysis usage
Warning	26-11-2025 09:29:08	Microsoft-Windows-DistributedCOM	10016	None	"The application-specific permission settings do not grant Local Launch permission for the COM Server application with CLSID 
Windows.SecurityCenter.SecurityAppBroker
 and APPID 
Unavailable
 to the user NT AUTHORITY\SYSTEM SID (S-1-5-18) from address LocalHost (Using LRPC) running in the application container Unavailable SID (Unavailable). This security permission can be modified using the Component Services administrative tool."
Warning	26-11-2025 09:29:08	Microsoft-Windows-DistributedCOM	10016	None	"The application-specific permission settings do not grant Local Launch permission for the COM Server application with CLSID 
Windows.SecurityCenter.WscBrokerManager
 and APPID 
Unavailable
 to the user NT AUTHORITY\SYSTEM SID (S-1-5-18) from address LocalHost (Using LRPC) running in the application container Unavailable SID (Unavailable). This security permission can be modified using the Component Services administrative tool."
Information	26-11-2025 09:28:23	Netwtw14	7021	None	7021 - Connection telemetry fields and analysis usage
Information	26-11-2025 09:28:22	Netwtw14	7021	None	7021 - Connection telemetry fields and analysis usage
Information	26-11-2025 09:28:21	Netwtw14	7021	None	7021 - Connection telemetry fields and analysis usage
Information	26-11-2025 09:28:21	Netwtw14	7021	None	7021 - Connection telemetry fields and analysis usage
Information	26-11-2025 09:28:20	Netwtw14	7021	None	7021 - Connection telemetry fields and analysis usage
Information	26-11-2025 09:28:20	Netwtw14	7021	None	7021 - Connection telemetry fields and analysis usage
Information	26-11-2025 09:28:19	Netwtw14	7021	None	7021 - Connection telemetry fields and analysis usage
Information	26-11-2025 09:28:19	Netwtw14	7021	None	7021 - Connection telemetry fields and analysis usage
Information	26-11-2025 09:28:16	Netwtw14	7021	None	7021 - Connection telemetry fields and analysis usage
Information	26-11-2025 09:28:16	Netwtw14	7021	None	7021 - Connection telemetry fields and analysis usage
Information	26-11-2025 09:28:15	Netwtw14	7021	None	7021 - Connection telemetry fields and analysis usage
Information	26-11-2025 09:28:15	Netwtw14	7021	None	7021 - Connection telemetry fields and analysis usage
Information	26-11-2025 09:28:14	Netwtw14	7021	None	7021 - Connection telemetry fields and analysis usage
Information	26-11-2025 09:28:14	Netwtw14	7021	None	7021 - Connection telemetry fields and analysis usage
Information	26-11-2025 09:28:13	Netwtw14	7021	None	7021 - Connection telemetry fields and analysis usage
Information	26-11-2025 09:28:13	Netwtw14	7021	None	7021 - Connection telemetry fields and analysis usage
Information	26-11-2025 09:28:01	Netwtw14	7021	None	7021 - Connection telemetry fields and analysis usage
Information	26-11-2025 09:28:00	Netwtw14	7021	None	7021 - Connection telemetry fields and analysis usage
Information	26-11-2025 09:28:00	Netwtw14	7021	None	7021 - Connection telemetry fields and analysis usage
Information	26-11-2025 09:27:59	Netwtw14	7021	None	7021 - Connection telemetry fields and analysis usage
Information	26-11-2025 09:27:59	Netwtw14	7021	None	7021 - Connection telemetry fields and analysis usage
Information	26-11-2025 09:27:58	Netwtw14	7021	None	7021 - Connection telemetry fields and analysis usage
Information	26-11-2025 09:27:55	Netwtw14	7021	None	7021 - Connection telemetry fields and analysis usage
Information	26-11-2025 09:27:54	Netwtw14	7021	None	7021 - Connection telemetry fields and analysis usage
Information	26-11-2025 09:27:54	Netwtw14	7021	None	7021 - Connection telemetry fields and analysis usage
Information	26-11-2025 09:27:53	Netwtw14	7021	None	7021 - Connection telemetry fields and analysis usage
Warning	26-11-2025 09:27:53	Microsoft-Windows-Kernel-Processor-Power	37	(7)	The speed of processor 15 in group 0 is being limited by system firmware. The processor has been in this reduced performance state for 71 seconds since the last report.
Warning	26-11-2025 09:27:53	Microsoft-Windows-Kernel-Processor-Power	37	(7)	The speed of processor 14 in group 0 is being limited by system firmware. The processor has been in this reduced performance state for 71 seconds since the last report.
Warning	26-11-2025 09:27:53	Microsoft-Windows-Kernel-Processor-Power	37	(7)	The speed of processor 13 in group 0 is being limited by system firmware. The processor has been in this reduced performance state for 71 seconds since the last report.
Warning	26-11-2025 09:27:53	Microsoft-Windows-Kernel-Processor-Power	37	(7)	The speed of processor 12 in group 0 is being limited by system firmware. The processor has been in this reduced performance state for 71 seconds since the last report.
Information	26-11-2025 09:27:53	Netwtw14	7021	None	7021 - Connection telemetry fields and analysis usage
Information	26-11-2025 09:27:52	Netwtw14	7021	None	7021 - Connection telemetry fields and analysis usage
Information	26-11-2025 09:27:52	Netwtw14	7021	None	7021 - Connection telemetry fields and analysis usage
Information	26-11-2025 09:27:51	Netwtw14	7021	None	7021 - Connection telemetry fields and analysis usage
Information	26-11-2025 09:27:44	Netwtw14	7021	None	7021 - Connection telemetry fields and analysis usage
Information	26-11-2025 09:27:44	Netwtw14	7021	None	7021 - Connection telemetry fields and analysis usage
Information	26-11-2025 09:27:43	Netwtw14	7021	None	7021 - Connection telemetry fields and analysis usage
Information	26-11-2025 09:27:43	Netwtw14	7021	None	7021 - Connection telemetry fields and analysis usage
Information	26-11-2025 09:27:38	Netwtw14	7021	None	7021 - Connection telemetry fields and analysis usage
Information	26-11-2025 09:27:38	Netwtw14	7021	None	7021 - Connection telemetry fields and analysis usage
Information	26-11-2025 09:27:37	Netwtw14	7021	None	7021 - Connection telemetry fields and analysis usage
Information	26-11-2025 09:27:37	Netwtw14	7021	None	7021 - Connection telemetry fields and analysis usage
Information	26-11-2025 09:27:36	Netwtw14	7021	None	7021 - Connection telemetry fields and analysis usage
Information	26-11-2025 09:27:36	Netwtw14	7021	None	7021 - Connection telemetry fields and analysis usage
Information	26-11-2025 09:27:35	Netwtw14	7021	None	7021 - Connection telemetry fields and analysis usage
Information	26-11-2025 09:27:34	Netwtw14	7021	None	7021 - Connection telemetry fields and analysis usage
Information	26-11-2025 09:27:34	Netwtw14	7021	None	7021 - Connection telemetry fields and analysis usage
Information	26-11-2025 09:27:33	Netwtw14	7021	None	7021 - Connection telemetry fields and analysis usage
Information	26-11-2025 09:27:32	Netwtw14	7021	None	7021 - Connection telemetry fields and analysis usage
Information	26-11-2025 09:27:32	Netwtw14	7021	None	7021 - Connection telemetry fields and analysis usage
Information	26-11-2025 09:27:31	Netwtw14	7021	None	7021 - Connection telemetry fields and analysis usage
Information	26-11-2025 09:27:31	Netwtw14	7021	None	7021 - Connection telemetry fields and analysis usage
Information	26-11-2025 09:27:30	Netwtw14	7021	None	7021 - Connection telemetry fields and analysis usage
Information	26-11-2025 09:27:30	Netwtw14	7021	None	7021 - Connection telemetry fields and analysis usage
Information	26-11-2025 09:27:27	Netwtw14	7021	None	7021 - Connection telemetry fields and analysis usage
Information	26-11-2025 09:27:27	Netwtw14	7021	None	7021 - Connection telemetry fields and analysis usage
Information	26-11-2025 09:27:26	Netwtw14	7021	None	7021 - Connection telemetry fields and analysis usage
Information	26-11-2025 09:27:26	Netwtw14	7021	None	7021 - Connection telemetry fields and analysis usage
Information	26-11-2025 09:27:25	Netwtw14	7021	None	7021 - Connection telemetry fields and analysis usage
Information	26-11-2025 09:27:25	Netwtw14	7021	None	7021 - Connection telemetry fields and analysis usage
Information	26-11-2025 09:27:24	Netwtw14	7021	None	7021 - Connection telemetry fields and analysis usage
Warning	26-11-2025 09:27:24	Microsoft-Windows-DNS-Client	1014	(1014)	Name resolution for the name officeclient.microsoft.com timed out after none of the configured DNS servers responded. Client PID 15924.
Information	26-11-2025 09:27:24	Netwtw14	7021	None	7021 - Connection telemetry fields and analysis usage
Information	26-11-2025 09:27:23	Netwtw14	7021	None	7021 - Connection telemetry fields and analysis usage
Information	26-11-2025 09:27:22	Netwtw14	7021	None	7021 - Connection telemetry fields and analysis usage
Warning	26-11-2025 09:27:21	Microsoft-Windows-DNS-Client	1014	(1014)	Name resolution for the name self.events.data.microsoft.com timed out after none of the configured DNS servers responded. Client PID 12720.
Information	26-11-2025 09:27:21	Netwtw14	7021	None	7021 - Connection telemetry fields and analysis usage
Information	26-11-2025 09:27:15	Netwtw14	7021	None	7021 - Connection telemetry fields and analysis usage
Information	26-11-2025 09:27:12	Netwtw14	7021	None	7021 - Connection telemetry fields and analysis usage
Information	26-11-2025 09:27:12	Netwtw14	7021	None	7021 - Connection telemetry fields and analysis usage
Information	26-11-2025 09:27:12	Netwtw14	7021	None	7021 - Connection telemetry fields and analysis usage
Information	26-11-2025 09:27:11	Netwtw14	7021	None	7021 - Connection telemetry fields and analysis usage
Information	26-11-2025 09:27:09	Microsoft-Windows-TPM-WMI	1046	None	Measured boot files deleted successfully. The following 1 files were deleted: 
Information	26-11-2025 09:27:06	Microsoft-Windows-TPM-WMI	1025	None	The TPM was successfully provisioned and is now ready for use.
Information	26-11-2025 09:27:05	Netwtw14	7021	None	7021 - Connection telemetry fields and analysis usage
Information	26-11-2025 09:27:00	Microsoft-Windows-TPM-WMI	1282	None	The TBS device identifier has been generated.
Information	26-11-2025 09:27:00	Microsoft-Windows-FilterManager	6	None	File System Filter 'gameflt' (10.0, ‎2009‎-‎11‎-‎23T00:41:52.000000000Z) has successfully loaded and registered with Filter Manager.
Information	26-11-2025 09:26:59	Microsoft-Windows-IsolatedUserMode	1	None	Secure Trustlet \??\C:\Windows\System32\NgcIso.exe Id 6 and Pid 11404 started with status STATUS_SUCCESS.
Information	26-11-2025 09:26:59	Microsoft-Windows-IsolatedUserMode	5	None	Secure Trustlet NULL Id 0 and Pid 0 started with status STATUS_SUCCESS.
Warning	26-11-2025 09:26:58	Microsoft-Windows-DistributedCOM	10016	None	"The application-specific permission settings do not grant Local Activation permission for the COM Server application with CLSID 
{6B3B8D23-FA8D-40B9-8DBD-B950333E2C52}
 and APPID 
{4839DDB7-58C2-48F5-8283-E1D1807D0D7D}
 to the user NT AUTHORITY\LOCAL SERVICE SID (S-1-5-19) from address LocalHost (Using LRPC) running in the application container Unavailable SID (Unavailable). This security permission can be modified using the Component Services administrative tool."
Warning	26-11-2025 09:26:58	Microsoft-Windows-DistributedCOM	10016	None	"The application-specific permission settings do not grant Local Activation permission for the COM Server application with CLSID 
{6B3B8D23-FA8D-40B9-8DBD-B950333E2C52}
 and APPID 
{4839DDB7-58C2-48F5-8283-E1D1807D0D7D}
 to the user NT AUTHORITY\LOCAL SERVICE SID (S-1-5-19) from address LocalHost (Using LRPC) running in the application container Unavailable SID (Unavailable). This security permission can be modified using the Component Services administrative tool."
Information	26-11-2025 09:26:58	TPM	18	None	This event triggers the Trusted Platform Module (TPM) provisioning/status check to run.
Information	26-11-2025 09:26:58	Microsoft-Windows-WLAN-AutoConfig	10001	None	"WLAN Extensibility Module has successfully started.

Module Path: C:\Windows\system32\IntelIHVRouter14.dll
"
Information	26-11-2025 09:26:57	Microsoft-Windows-WLAN-AutoConfig	4000	None	"WLAN AutoConfig service has successfully started.
"
Information	26-11-2025 09:26:55	Microsoft-Windows-UserModePowerService	12	(10)	Process C:\Windows\System32\DriverStore\FileRepository\ipf_cpu.inf_amd64_392cd02685ab99ce\ipf_uf.exe (process ID:5268) reset policy scheme from {381b4222-f694-41f0-9685-ff5bb260df2e} to {381b4222-f694-41f0-9685-ff5bb260df2e}
Information	26-11-2025 09:26:54	Microsoft-Windows-UserModePowerService	12	(10)	Process C:\Windows\System32\DriverStore\FileRepository\ipf_cpu.inf_amd64_392cd02685ab99ce\ipf_uf.exe (process ID:5268) reset policy scheme from {381b4222-f694-41f0-9685-ff5bb260df2e} to {381b4222-f694-41f0-9685-ff5bb260df2e}
Information	26-11-2025 09:26:53	Microsoft-Windows-HttpService	112	HTTP Setup Trace Task	Attempted to reserve URL https://+:443/sra_{BA195980-CD49-458b-9E23-C84EE0ADCD75}/. Status 0x0. Process Id 0x4 Executable path , User SYSTEM
Information	26-11-2025 09:26:53	Microsoft-Windows-HttpService	112	HTTP Setup Trace Task	Attempted to reserve URL http://+:10246/MDEServer/. Status 0x0. Process Id 0x4 Executable path , User SYSTEM
Information	26-11-2025 09:26:53	Microsoft-Windows-HttpService	112	HTTP Setup Trace Task	Attempted to reserve URL http://+:10247/apps/. Status 0x0. Process Id 0x4 Executable path , User SYSTEM
Information	26-11-2025 09:26:53	Microsoft-Windows-HttpService	112	HTTP Setup Trace Task	Attempted to reserve URL http://+:10243/WMPNSSv4/. Status 0x0. Process Id 0x4 Executable path , User SYSTEM
Information	26-11-2025 09:26:53	Microsoft-Windows-HttpService	112	HTTP Setup Trace Task	Attempted to reserve URL https://+:10245/WMPNSSv4/. Status 0x0. Process Id 0x4 Executable path , User SYSTEM
Information	26-11-2025 09:26:53	Microsoft-Windows-HttpService	112	HTTP Setup Trace Task	Attempted to reserve URL http://+:3387/rdp/. Status 0x0. Process Id 0x4 Executable path , User SYSTEM
Information	26-11-2025 09:26:53	Microsoft-Windows-HttpService	112	HTTP Setup Trace Task	Attempted to reserve URL https://+:3392/rdp/. Status 0x0. Process Id 0x4 Executable path , User SYSTEM
Information	26-11-2025 09:26:53	Microsoft-Windows-HttpService	112	HTTP Setup Trace Task	Attempted to reserve URL http://+:5985/wsman/. Status 0x0. Process Id 0x4 Executable path , User SYSTEM
Information	26-11-2025 09:26:53	Microsoft-Windows-HttpService	112	HTTP Setup Trace Task	Attempted to reserve URL http://+:47001/wsman/. Status 0x0. Process Id 0x4 Executable path , User SYSTEM
Information	26-11-2025 09:26:53	Microsoft-Windows-HttpService	112	HTTP Setup Trace Task	Attempted to reserve URL https://+:5986/wsman/. Status 0x0. Process Id 0x4 Executable path , User SYSTEM
Information	26-11-2025 09:26:53	Microsoft-Windows-HttpService	112	HTTP Setup Trace Task	Attempted to reserve URL http://*:2869/. Status 0x0. Process Id 0x4 Executable path , User SYSTEM
Information	26-11-2025 09:26:53	Microsoft-Windows-HttpService	112	HTTP Setup Trace Task	Attempted to reserve URL https://*:5358/. Status 0x0. Process Id 0x4 Executable path , User SYSTEM
Information	26-11-2025 09:26:53	Microsoft-Windows-HttpService	112	HTTP Setup Trace Task	Attempted to reserve URL http://+:80/Temporary_Listen_Addresses/. Status 0x0. Process Id 0x4 Executable path , User SYSTEM
Information	26-11-2025 09:26:53	Microsoft-Windows-HttpService	112	HTTP Setup Trace Task	Attempted to reserve URL http://*:5357/. Status 0x0. Process Id 0x4 Executable path , User SYSTEM
Information	26-11-2025 09:26:53	Microsoft-Windows-Winlogon	7001	(1101)	User Logon Notification for Customer Experience Improvement Program
Information	26-11-2025 09:26:53	Microsoft-Windows-TPM-WMI	1038	None	"Pre-attestation health checks confirm that the device is expected to pass attestation.
 Please see C:\Windows\Logs\MeasuredBoot\0000000613-0000000000.json for detailed information on what checks were made."
Information	26-11-2025 09:26:53	Microsoft-Windows-TPM-WMI	1041	None	"Pre-attestation health check detailed information: {""Version"":1,""HealthStatus"":""Attestable"",""Required"":[{""Field"":""TpmPresent"",""Value"":true,""DesiredValue"":true},{""Field"":""TpmMeetsMinimumVersion"",""Value"":true,""DesiredValue"":true},{""Field"":""TpmIsResponsive"",""Value"":true,""DesiredValue"":true},{""Field"":""EkCertIsAvailable"",""Value"":true,""DesiredValue"":true},{""Field"":""TcgLogFound"",""Value"":true,""DesiredValue"":true}],""Expected"":[{""Field"":""PcrsMatchTcgLog"",""Value"":true,""DesiredValue"":true}],""Informational"":[{""Field"":""SecureBootEnabled"",""ValueFromComputer"":true,""ValueFromTcgLog"":true,""DesiredValue"":true,""TcgValueIsVerifiable"":true},{""Field"":""VirtualSecureMemory"",""ValueFromComputer"":false,""ValueFromTcgLog"":false,""DesiredValue"":true,""TcgValueIsVerifiable"":true},{""Field"":""SecureCorePCCompliant"",""ValueFromComputer"":false,""ValueFromTcgLog"":false,""DesiredValue"":true,""TcgValueIsVerifiable"":true}{""Field"":""BootTcgLogFoundInFileSystem"",""Value"":true,""DesiredValue"":true},{""Field"":""CurrentTcgLogFoundInFileSystem"",""Value"":true,""DesiredValue"":true}]}"
Information	26-11-2025 09:26:53	Microsoft-Windows-FilterManager	6	None	File System Filter 'bindflt' (10.0, ‎2055‎-‎05‎-‎15T02:47:06.000000000Z) has successfully loaded and registered with Filter Manager.
Information	26-11-2025 09:26:53	Microsoft-Windows-FilterManager	6	None	File System Filter 'storqosflt' (10.0, ‎2021‎-‎03‎-‎19T16:17:34.000000000Z) has successfully loaded and registered with Filter Manager.
Information	26-11-2025 09:26:53	Win32k	267	None	Touch/Touchpad Hardware Quality Assurance verification succeeded.
Information	26-11-2025 09:26:53	Microsoft-Windows-FilterManager	6	None	File System Filter 'UnionFS' (10.0, ‎2047‎-‎02‎-‎21T16:31:20.000000000Z) has successfully loaded and registered with Filter Manager.
Information	26-11-2025 09:26:52	Microsoft-Windows-FilterManager	6	None	File System Filter 'CldFlt' (10.0, ‎2029‎-‎01‎-‎27T10:14:20.000000000Z) has successfully loaded and registered with Filter Manager.
Information	26-11-2025 09:26:52	Microsoft-Windows-FilterManager	1	None	File System Filter 'CldFlt' (Version 10.0, ‎2029‎-‎01‎-‎27T10:14:20.000000000Z) unloaded successfully.
Information	26-11-2025 09:26:52	Microsoft-Windows-FilterManager	6	None	File System Filter 'CldFlt' (10.0, ‎2029‎-‎01‎-‎27T10:14:20.000000000Z) has successfully loaded and registered with Filter Manager.
Information	26-11-2025 09:26:52	Microsoft-Windows-FilterManager	6	None	File System Filter 'wcifs' (10.0, ‎2099‎-‎02‎-‎09T18:35:05.000000000Z) has successfully loaded and registered with Filter Manager.
Information	26-11-2025 09:26:52	Microsoft-Windows-FilterManager	6	None	File System Filter 'luafv' (10.0, ‎2092‎-‎04‎-‎06T04:21:15.000000000Z) has successfully loaded and registered with Filter Manager.
Information	26-11-2025 09:26:52	Microsoft-Windows-FilterManager	6	None	File System Filter 'bfs' (10.0, ‎1984‎-‎12‎-‎31T15:38:23.000000000Z) has successfully loaded and registered with Filter Manager.
Information	26-11-2025 09:26:52	Microsoft-Windows-DHCPv6-Client	51046	Service State Event	DHCPv6 client service is started
Information	26-11-2025 09:26:52	Microsoft-Windows-Dhcp-Client	50036	Service State Event	DHCPv4 client service is started
Information	26-11-2025 09:26:52	Microsoft-Windows-Dhcp-Client	50103	Service State Event	DHCPv4 client registered for shutdown notification
Information	26-11-2025 09:26:52	Microsoft-Windows-Dhcp-Client	50036	Service State Event	DHCPv4 client service is started
Information	26-11-2025 09:26:52	Microsoft-Windows-Directory-Services-SAM	16983	None	"The security account manager is now logging periodic summary events for remote clients that call legacy password change or set RPC methods.

For more information please see https://go.microsoft.com/fwlink/?linkid=2150956.
"
Information	26-11-2025 09:26:52	Microsoft-Windows-Directory-Services-SAM	16977	None	"The domain is configured with the following minimum password length-related settings.

MinimumPasswordLength: 0

RelaxMinimumPasswordLengthLimits: 0

MinimumPasswordLengthAudit: -1

For more information see https://go.microsoft.com/fwlink/?LinkId=2097191.
"
Information	26-11-2025 09:26:52	Microsoft-Windows-Directory-Services-SAM	16962	None	"Remote calls to the SAM database are being restricted using the default security descriptor: O:SYG:SYD:(A;;RC;;;BA).
For more information please see http://go.microsoft.com/fwlink/?LinkId=787651."
Information	26-11-2025 09:26:52	Microsoft-Windows-IsolatedUserMode	5	None	Secure Trustlet NULL Id 0 and Pid 0 started with status STATUS_SUCCESS.
Information	26-11-2025 09:26:52	LsaSrv	6156	None	"Credential Guard auto enablement status.

Hardware Requirements for Virtualization Based Security:	1
Domain Joined:	0
Azure AD Joined:	0
 Licensed for Credential Guard:	0
Domain Controller:	0"
Information	26-11-2025 09:26:51	Microsoft-Windows-Wininit	12	None	LSASS.exe was started as a protected process with level: 4.
Information	26-11-2025 09:26:51	Microsoft-Windows-Wininit	18	None	VBS Key Isolation was started and will protect VSM-isolated keys.
Information	26-11-2025 09:26:51	Microsoft-Windows-IsolatedUserMode	1	None	Secure Trustlet \??\C:\Windows\system32\lsaiso.exe Id 1 and Pid 1392 started with status STATUS_SUCCESS.
Information	26-11-2025 09:26:51	Microsoft-Windows-IsolatedUserMode	5	None	Secure Trustlet NULL Id 0 and Pid 0 started with status STATUS_SUCCESS.
Information	26-11-2025 09:26:51	Microsoft-Windows-Wininit	14	None	"Credential Guard configuration:

Registry Configuration: 0x0
Test Configuration: 0
Auto Enablement: 0"
Information	26-11-2025 09:26:48	Microsoft-Windows-Wininit	23	None	"Boot App Anti-Rollback: Initialize Completed with status:
HRESULT: The operation completed successfully.
New timer needed: false
New timer waiting for system update completion: false
Previous latch timer exists but disabled by registry: false
"
Information	26-11-2025 09:26:48	Microsoft-Windows-Wininit	25	None	"Boot App Anti-Rollback: Previous timer resumed with status:

HRESULT: The operation completed successfully.
Previous timer present: true
Start time: ‎2025‎-‎11‎-‎12T15:44:58.397911300Z
Grace period: 51840000000000
Attempted recovery enforcement succeeded: false
"
Information	26-11-2025 09:26:48	Microsoft-Windows-Wininit	24	None	"Boot App Anti-Rollback: Timer start completed with status:

Win32Error: 0
Start time: ‎2025‎-‎11‎-‎12T15:44:58.397911300Z
Grace period: 51840000000000
Due time: ‎2026‎-‎01‎-‎11T15:44:58.397911300Z
"
Information	26-11-2025 09:26:48	Microsoft-Windows-Wininit	19	None	"Virtualization Based Security new timer creation status

HRESULT: The operation completed successfully.
New latch timer needed: false
New latch timer waiting for system update completion: false
Previous latch timer exists but disabled by registry: false
Policy file exists: false
"
Information	26-11-2025 09:26:47	BTHUSB	18	None	Windows cannot store Bluetooth authentication codes (link keys) on the local adapter. Bluetooth keyboards might not work in the system BIOS during startup.
Warning	26-11-2025 09:26:44	Microsoft-Windows-Kernel-PnP	219	(212)	"The driver \Driver\WUDFRd failed to load.
Device: INTELAUDIO\DIF_0000&UIF_0000&CTLR_DEV_51CA&VEN_8086&DetectionVerification\5&3773b073&0&DIF_000A&UIF_0000
Status: 0xC0000365"
Information	26-11-2025 09:26:44	Microsoft-Windows-DriverFrameworks-UserMode	10118	Startup of the UMDF reflector	UMDF reflector is unable to connect to service control manager (SCM). This is expected during boot, when SCM has not started yet. Will retry when it starts.
Information	26-11-2025 09:26:44	Intel-SST-OED	28	This task logs error codes to system event log.	Loaded DSP FW library: \??\C:\Windows\System32\DriverStore\FileRepository\intcoed_oemlibpath.inf_amd64_2e7cef2f8051560b\adl_vlldp15x_lite_lib.bin, status = STATUS_SUCCESS.
Information	26-11-2025 09:26:44	Intel-SST-OED	28	This task logs error codes to system event log.	Loaded DSP FW library: Libs\dsp_lib_whm_adl_release.bin, status = STATUS_SUCCESS.
Information	26-11-2025 09:26:44	Intel-SST-OED	28	This task logs error codes to system event log.	Loaded DSP FW library: Libs\dsp_lib_intel_wov_adl_release.bin, status = STATUS_SUCCESS.
Information	26-11-2025 09:26:44	Intel-SST-OED	28	This task logs error codes to system event log.	Loaded DSP FW library: Libs\dsp_lib_asrc_adl_release.bin, status = STATUS_SUCCESS.
Information	26-11-2025 09:26:43	Intel-SST-OED	28	This task logs error codes to system event log.	Library is not supported in BIOS: \??\C:\Windows\System32\DriverStore\FileRepository\intcoed_oemlibpath.inf_amd64_2e7cef2f8051560b\adl_vlldp_131_lite_lib.bin, status = The request is not supported..
Information	26-11-2025 09:26:43	Intel-SST-OED	29	This task logs error codes to system event log.	FX module is not supported in BIOS:  {f7922237-511f-4203-a780-2c2ce0a13af2} from \??\C:\Windows\System32\DriverStore\FileRepository\intcoed_oemlibpath.inf_amd64_2e7cef2f8051560b\adl_vlldp_131_lite_lib.bin.
Information	26-11-2025 09:26:43	Intel-SST-OED	28	This task logs error codes to system event log.	Library is not supported in BIOS: \??\C:\Windows\System32\DriverStore\FileRepository\intcoed_oemlibpath.inf_amd64_2e7cef2f8051560b\adl_vlldp14x_lite_lib.bin, status = The request is not supported..
Information	26-11-2025 09:26:43	Intel-SST-OED	29	This task logs error codes to system event log.	FX module is not supported in BIOS:  {56a9ea76-3745-4cc0-815c-a621faa8c9cb} from \??\C:\Windows\System32\DriverStore\FileRepository\intcoed_oemlibpath.inf_amd64_2e7cef2f8051560b\adl_vlldp14x_lite_lib.bin.
Information	26-11-2025 09:26:43	Intel-SST-OED	28	This task logs error codes to system event log.	Library is not supported in BIOS: \??\C:\Windows\System32\DriverStore\FileRepository\intcoed_oemlibpath.inf_amd64_2e7cef2f8051560b\adl_tisa_ext_lib.bin, status = The request is not supported..
Information	26-11-2025 09:26:43	Intel-SST-OED	29	This task logs error codes to system event log.	FX module is not supported in BIOS:  {47fa9f7e-4b03-422a-930f-536a5eff4c35} from \??\C:\Windows\System32\DriverStore\FileRepository\intcoed_oemlibpath.inf_amd64_2e7cef2f8051560b\adl_tisa_ext_lib.bin.
Information	26-11-2025 09:26:43	Intel-SST-OED	28	This task logs error codes to system event log.	Library is not supported in BIOS: \??\C:\Windows\System32\DriverStore\FileRepository\intcoed_oemlibpath.inf_amd64_2e7cef2f8051560b\adl_rtksep483_lib.bin, status = The request is not supported..
Information	26-11-2025 09:26:43	Intel-SST-OED	29	This task logs error codes to system event log.	FX module is not supported in BIOS:  {7bbe0c2c-9c46-4450-b322-114ece31c6bd} from \??\C:\Windows\System32\DriverStore\FileRepository\intcoed_oemlibpath.inf_amd64_2e7cef2f8051560b\adl_rtksep483_lib.bin.
Information	26-11-2025 09:26:43	Intel-SST-OED	28	This task logs error codes to system event log.	Library is not supported in BIOS: \??\C:\Windows\System32\DriverStore\FileRepository\intcoed_oemlibpath.inf_amd64_2e7cef2f8051560b\adl_rtksep481_lib.bin, status = The request is not supported..
Information	26-11-2025 09:26:43	Intel-SST-OED	29	This task logs error codes to system event log.	FX module is not supported in BIOS:  {7aa4db02-6b41-4bc3-a712-80a2dde29e11} from \??\C:\Windows\System32\DriverStore\FileRepository\intcoed_oemlibpath.inf_amd64_2e7cef2f8051560b\adl_rtksep481_lib.bin.
Information	26-11-2025 09:26:43	Intel-SST-OED	28	This task logs error codes to system event log.	Library is not supported in BIOS: \??\C:\Windows\System32\DriverStore\FileRepository\intcoed_oemlibpath.inf_amd64_2e7cef2f8051560b\adl_rtkeq_lib.bin, status = The request is not supported..
Information	26-11-2025 09:26:43	Intel-SST-OED	29	This task logs error codes to system event log.	FX module is not supported in BIOS:  {b55eba24-8349-4dad-afc7-8489d23c93ef} from \??\C:\Windows\System32\DriverStore\FileRepository\intcoed_oemlibpath.inf_amd64_2e7cef2f8051560b\adl_rtkeq_lib.bin.
Information	26-11-2025 09:26:43	Intel-SST-OED	28	This task logs error codes to system event log.	Library is not supported in BIOS: \??\C:\Windows\System32\DriverStore\FileRepository\intcoed_oemlibpath.inf_amd64_2e7cef2f8051560b\adl_rtkdrc_lib.bin, status = The request is not supported..
Information	26-11-2025 09:26:43	Intel-SST-OED	29	This task logs error codes to system event log.	FX module is not supported in BIOS:  {bb303551-0914-4d56-a3ff-20955c598a8f} from \??\C:\Windows\System32\DriverStore\FileRepository\intcoed_oemlibpath.inf_amd64_2e7cef2f8051560b\adl_rtkdrc_lib.bin.
Information	26-11-2025 09:26:43	Intel-SST-OED	28	This task logs error codes to system event log.	Library is not supported in BIOS: \??\C:\Windows\System32\DriverStore\FileRepository\intcoed_oemlibpath.inf_amd64_2e7cef2f8051560b\adl_nahimic_lib.bin, status = The request is not supported..
Information	26-11-2025 09:26:43	Intel-SST-OED	29	This task logs error codes to system event log.	FX module is not supported in BIOS:  {6522c274-b55b-41d7-8363-49cfe2e10580} from \??\C:\Windows\System32\DriverStore\FileRepository\intcoed_oemlibpath.inf_amd64_2e7cef2f8051560b\adl_nahimic_lib.bin.
Information	26-11-2025 09:26:43	Intel-SST-OED	28	This task logs error codes to system event log.	Library is not supported in BIOS: \??\C:\Windows\System32\DriverStore\FileRepository\intcoed_oemlibpath.inf_amd64_2e7cef2f8051560b\adl_cirrusaec_lib.bin, status = The request is not supported..
Information	26-11-2025 09:26:43	Intel-SST-OED	29	This task logs error codes to system event log.	FX module is not supported in BIOS:  {29606035-3bf7-4e96-a613-ca8c90022652} from \??\C:\Windows\System32\DriverStore\FileRepository\intcoed_oemlibpath.inf_amd64_2e7cef2f8051560b\adl_cirrusaec_lib.bin.
Information	26-11-2025 09:26:43	Intel-SST-OED	28	This task logs error codes to system event log.	Library is not supported in BIOS: \??\C:\Windows\System32\DriverStore\FileRepository\intcoed_oemlibpath.inf_amd64_2e7cef2f8051560b\adl_bandcalc_lib.bin, status = The request is not supported..
Information	26-11-2025 09:26:43	Intel-SST-OED	29	This task logs error codes to system event log.	FX module is not supported in BIOS:  {7cc564a1-e702-4876-9511-6e9e2f208007} from \??\C:\Windows\System32\DriverStore\FileRepository\intcoed_oemlibpath.inf_amd64_2e7cef2f8051560b\adl_bandcalc_lib.bin.
Information	26-11-2025 09:26:43	MEIx64	2	None	Intel(R) Management Engine Interface driver has started successfully.
Information	26-11-2025 09:26:43	Microsoft-Windows-Kernel-Power	521	(220)	Active battery count change.
Information	26-11-2025 09:26:43	Microsoft-Windows-Kernel-Power	105	(100)	Power source change.
Information	26-11-2025 09:26:43	Microsoft-Windows-Kernel-Power	521	(220)	Active battery count change.
Information	26-11-2025 09:26:42	Microsoft-Windows-Kernel-General	24	(11)	The time zone information was refreshed with exit reason 0. Current time zone bias is -330.
Information	26-11-2025 09:26:42	Netwtw14	7018	None	7018 - secure boot (SB4) configuration
Information	26-11-2025 09:26:42	Netwtw14	7017	None	7017 - secure boot (SB) configuration
Information	26-11-2025 09:26:42	Netwtw14	7010	None	7010 - driver enabled (miniport init)
Information	26-11-2025 09:26:42	Microsoft-Windows-Kernel-Processor-Power	55	(47)	"Processor 15 in group 0 exposes the following power management capabilities:

Idle state type: Micro Power Engine Plugin (11 state(s))

Performance state type: ACPI Collaborative Processor Performance Control
Nominal Frequency (MHz): 2400
Maximum performance percentage: 150
Minimum performance percentage: 54
Minimum throttle percentage: 4"
Information	26-11-2025 09:26:42	Netwtw14	7002	None	7002 - CTDP power limit value (SPLC)
Information	26-11-2025 09:26:42	Netwtw14	7005	None	7005 - SAR value max TX power (WRDS)
Information	26-11-2025 09:26:42	Microsoft-Windows-Kernel-Processor-Power	55	(47)	"Processor 14 in group 0 exposes the following power management capabilities:

Idle state type: Micro Power Engine Plugin (11 state(s))

Performance state type: ACPI Collaborative Processor Performance Control
Nominal Frequency (MHz): 2400
Maximum performance percentage: 150
Minimum performance percentage: 54
Minimum throttle percentage: 4"
Information	26-11-2025 09:26:42	Microsoft-Windows-Kernel-Processor-Power	55	(47)	"Processor 13 in group 0 exposes the following power management capabilities:

Idle state type: Micro Power Engine Plugin (11 state(s))

Performance state type: ACPI Collaborative Processor Performance Control
Nominal Frequency (MHz): 2400
Maximum performance percentage: 150
Minimum performance percentage: 50
Minimum throttle percentage: 4"
Information	26-11-2025 09:26:42	Microsoft-Windows-Kernel-Processor-Power	55	(47)	"Processor 12 in group 0 exposes the following power management capabilities:

Idle state type: Micro Power Engine Plugin (11 state(s))

Performance state type: ACPI Collaborative Processor Performance Control
Nominal Frequency (MHz): 2400
Maximum performance percentage: 150
Minimum performance percentage: 50
Minimum throttle percentage: 4"
Information	26-11-2025 09:26:42	Microsoft-Windows-Kernel-Processor-Power	55	(47)	"Processor 11 in group 0 exposes the following power management capabilities:

Idle state type: Micro Power Engine Plugin (11 state(s))

Performance state type: ACPI Collaborative Processor Performance Control
Nominal Frequency (MHz): 2400
Maximum performance percentage: 200
Minimum performance percentage: 56
Minimum throttle percentage: 3"
Information	26-11-2025 09:26:42	Microsoft-Windows-Kernel-Processor-Power	55	(47)	"Processor 10 in group 0 exposes the following power management capabilities:

Idle state type: Micro Power Engine Plugin (11 state(s))

Performance state type: ACPI Collaborative Processor Performance Control
Nominal Frequency (MHz): 2400
Maximum performance percentage: 200
Minimum performance percentage: 56
Minimum throttle percentage: 3"
Information	26-11-2025 09:26:42	Microsoft-Windows-Kernel-Processor-Power	55	(47)	"Processor 9 in group 0 exposes the following power management capabilities:

Idle state type: Micro Power Engine Plugin (11 state(s))

Performance state type: ACPI Collaborative Processor Performance Control
Nominal Frequency (MHz): 2400
Maximum performance percentage: 200
Minimum performance percentage: 56
Minimum throttle percentage: 3"
Information	26-11-2025 09:26:42	Microsoft-Windows-Kernel-Processor-Power	55	(47)	"Processor 8 in group 0 exposes the following power management capabilities:

Idle state type: Micro Power Engine Plugin (11 state(s))

Performance state type: ACPI Collaborative Processor Performance Control
Nominal Frequency (MHz): 2400
Maximum performance percentage: 200
Minimum performance percentage: 56
Minimum throttle percentage: 3"
Information	26-11-2025 09:26:42	Microsoft-Windows-Kernel-Processor-Power	55	(47)	"Processor 7 in group 0 exposes the following power management capabilities:

Idle state type: Micro Power Engine Plugin (11 state(s))

Performance state type: ACPI Collaborative Processor Performance Control
Nominal Frequency (MHz): 2400
Maximum performance percentage: 210
Minimum performance percentage: 53
Minimum throttle percentage: 3"
Information	26-11-2025 09:26:42	Microsoft-Windows-Kernel-Processor-Power	55	(47)	"Processor 6 in group 0 exposes the following power management capabilities:

Idle state type: Micro Power Engine Plugin (11 state(s))

Performance state type: ACPI Collaborative Processor Performance Control
Nominal Frequency (MHz): 2400
Maximum performance percentage: 210
Minimum performance percentage: 56
Minimum throttle percentage: 3"
Information	26-11-2025 09:26:42	Microsoft-Windows-Kernel-Processor-Power	55	(47)	"Processor 5 in group 0 exposes the following power management capabilities:

Idle state type: Micro Power Engine Plugin (11 state(s))

Performance state type: ACPI Collaborative Processor Performance Control
Nominal Frequency (MHz): 2400
Maximum performance percentage: 210
Minimum performance percentage: 56
Minimum throttle percentage: 3"
Information	26-11-2025 09:26:42	Microsoft-Windows-Kernel-Processor-Power	55	(47)	"Processor 4 in group 0 exposes the following power management capabilities:

Idle state type: Micro Power Engine Plugin (11 state(s))

Performance state type: ACPI Collaborative Processor Performance Control
Nominal Frequency (MHz): 2400
Maximum performance percentage: 210
Minimum performance percentage: 56
Minimum throttle percentage: 3"
Information	26-11-2025 09:26:42	Microsoft-Windows-Kernel-Processor-Power	55	(47)	"Processor 3 in group 0 exposes the following power management capabilities:

Idle state type: Micro Power Engine Plugin (11 state(s))

Performance state type: ACPI Collaborative Processor Performance Control
Nominal Frequency (MHz): 2400
Maximum performance percentage: 200
Minimum performance percentage: 53
Minimum throttle percentage: 3"
Information	26-11-2025 09:26:42	Microsoft-Windows-Kernel-Processor-Power	55	(47)	"Processor 2 in group 0 exposes the following power management capabilities:

Idle state type: Micro Power Engine Plugin (11 state(s))

Performance state type: ACPI Collaborative Processor Performance Control
Nominal Frequency (MHz): 2400
Maximum performance percentage: 200
Minimum performance percentage: 56
Minimum throttle percentage: 3"
Information	26-11-2025 09:26:42	Microsoft-Windows-Kernel-Processor-Power	55	(47)	"Processor 1 in group 0 exposes the following power management capabilities:

Idle state type: Micro Power Engine Plugin (11 state(s))

Performance state type: ACPI Collaborative Processor Performance Control
Nominal Frequency (MHz): 2400
Maximum performance percentage: 200
Minimum performance percentage: 56
Minimum throttle percentage: 3"
Information	26-11-2025 09:26:42	Microsoft-Windows-Kernel-Processor-Power	55	(47)	"Processor 0 in group 0 exposes the following power management capabilities:

Idle state type: Micro Power Engine Plugin (11 state(s))

Performance state type: ACPI Collaborative Processor Performance Control
Nominal Frequency (MHz): 2400
Maximum performance percentage: 200
Minimum performance percentage: 20
Minimum throttle percentage: 3"
Information	26-11-2025 09:26:42	Netwtw14	7027	None	7027 - get Nic Manufacturere on init
Information	26-11-2025 09:26:42	Netwtw14	7029	None	7029 - Driver initialization
Information	26-11-2025 09:26:42	Netwtw14	7036	None	The \Device\NDMP1 service entered the Intel(R) Wi-Fi 6 AX203 state.
Warning	26-11-2025 09:26:42	Microsoft-Windows-Kernel-PnP	219	(212)	"The driver \Driver\WUDFRd failed to load.
Device: ROOT\SYSTEM\0002
Status: 0xC0000365"
Information	26-11-2025 09:26:42	Microsoft-Windows-DriverFrameworks-UserMode	10118	Startup of the UMDF reflector	UMDF reflector is unable to connect to service control manager (SCM). This is expected during boot, when SCM has not started yet. Will retry when it starts.
Warning	26-11-2025 09:26:42	Microsoft-Windows-Kernel-PnP	219	(212)	"The driver \Driver\WUDFRd failed to load.
Device: ROOT\SYSTEM\0001
Status: 0xC0000365"
Information	26-11-2025 09:26:42	Microsoft-Windows-DriverFrameworks-UserMode	10118	Startup of the UMDF reflector	UMDF reflector is unable to connect to service control manager (SCM). This is expected during boot, when SCM has not started yet. Will retry when it starts.
Information	26-11-2025 09:26:42	Microsoft-Windows-Ntfs	98	None	Volume \\?\Volume{62de1141-d3e0-4619-a2fd-2ddc31761ed3} (\Device\HarddiskVolume5) is healthy.  No action is needed.
Warning	26-11-2025 09:26:41	Microsoft-Windows-Kernel-PnP	219	(212)	"The driver \Driver\WUDFRd failed to load.
Device: PCI\VEN_8086&DEV_A71D&SUBSYS_381D17AA&REV_00\3&11583659&1&20
Status: 0xC0000365"
Information	26-11-2025 09:26:41	Microsoft-Windows-DriverFrameworks-UserMode	10118	Startup of the UMDF reflector	UMDF reflector is unable to connect to service control manager (SCM). This is expected during boot, when SCM has not started yet. Will retry when it starts.
Information	26-11-2025 09:26:39	Microsoft-Windows-Kernel-Power	125	(86)	"ACPI thermal zone \_TZ.TZ00 has been enumerated.             
_PSV = 0K             
_TC1 = 0             
_TC2 = 0             
_TSP = 0ms             
_AC0 = 373K             
_AC1 = 328K             
_AC2 = 323K             
_AC3 = 318K             
_AC4 = 313K             
_AC5 = 0K             
_AC6 = 0K             
_AC7 = 0K             
_AC8 = 0K             
_AC9 = 0K             
_CRT = 378K             
_HOT = 0K             
minimum throttle = 0             
_CR3 = 0K"
Information	26-11-2025 09:26:39	googlehaxm	4	None	"The description for Event ID 4 from source googlehaxm cannot be found. Either the component that raises this event is not installed on your local computer or the installation is corrupted. You can install or repair the component on the local computer.

If the event originated on another computer, the display information had to be saved with the event.

The following information was included with the event: 


The message resource is present but the message was not found in the message table
"
Information	26-11-2025 09:26:39	Microsoft-Windows-FilterManager	6	None	File System Filter 'npsvctrig' (10.0, ‎1978‎-‎05‎-‎14T14:43:30.000000000Z) has successfully loaded and registered with Filter Manager.
Information	26-11-2025 09:26:39	Microsoft-Windows-FilterManager	6	None	File System Filter '360Box64' (6.1, ‎2024‎-‎10‎-‎08T14:49:39.000000000Z) has successfully loaded and registered with Filter Manager.
Information	26-11-2025 09:26:39	Microsoft-Windows-FilterManager	6	None	File System Filter '360FsFlt' (6.1, ‎2025‎-‎07‎-‎21T12:25:24.000000000Z) has successfully loaded and registered with Filter Manager.
Information	26-11-2025 09:26:39	Microsoft-Windows-FilterManager	6	None	File System Filter 'UCPD' (10.0, ‎1998‎-‎05‎-‎25T20:10:41.000000000Z) has successfully loaded and registered with Filter Manager.
Information	26-11-2025 09:26:39	Microsoft-Windows-FilterManager	6	None	File System Filter 'FileCrypt' (10.0, ‎2075‎-‎09‎-‎01T03:37:07.000000000Z) has successfully loaded and registered with Filter Manager.
Information	26-11-2025 09:26:38	Microsoft-Windows-Ntfs	98	None	Volume C: (\Device\HarddiskVolume3) is healthy.  No action is needed.
Information	26-11-2025 09:26:37	Microsoft-Windows-Ntfs	98	None	Volume S: (\Device\HarddiskVolume4) is healthy.  No action is needed.
Information	26-11-2025 09:26:37	Microsoft-Windows-BitLocker-Driver	24709	None	This event contains the boot-time final TPM PCR values and TCG log data.
Information	26-11-2025 09:26:37	Microsoft-Windows-BitLocker-Driver	24711	None	"A V2 TPM protector was used to start Windows.
Binding ID: {e0f3b476-a73e-4425-805b-0c939f260e04}."
Information	26-11-2025 09:26:37	Microsoft-Windows-BitLocker-Driver	24709	None	This event contains the boot-time final TPM PCR values and TCG log data.
Information	26-11-2025 09:26:37	Microsoft-Windows-FilterManager	6	None	File System Filter 'Wof' (10.0, ‎2089‎-‎07‎-‎15T08:28:05.000000000Z) has successfully loaded and registered with Filter Manager.
Information	26-11-2025 09:26:37	Microsoft-Windows-FilterManager	6	None	File System Filter 'FileInfo' (10.0, ‎2093‎-‎04‎-‎02T06:59:43.000000000Z) has successfully loaded and registered with Filter Manager.
Information	26-11-2025 09:26:35	Microsoft-Windows-HAL	16	None	IOMMU fault reporting has been initialized.
Information	26-11-2025 09:26:35	Microsoft-Windows-Kernel-General	20	(6)	"The leap second configuration has been updated.
Reason: Leap second data initialized from registry during boot
Leap seconds enabled: true
New leap second count: 0
Old leap second count: 0"
Information	26-11-2025 09:26:35	Microsoft-Windows-Kernel-Boot	30	(21)	The firmware reported boot metrics.
Information	26-11-2025 09:26:35	Microsoft-Windows-IsolatedUserMode	3	None	Secure Kernel started with status STATUS_SUCCESS and flags HvciEnabled,HvciStrictMode.
Warning	26-11-2025 09:26:35	Microsoft-Windows-Hyper-V-Hypervisor	167	None	The hypervisor did not enable mitigations for side channel vulnerabilities for virtual machines because HyperThreading is enabled. To enable mitigations for virtual machines, disable HyperThreading.
Information	26-11-2025 09:26:35	Microsoft-Windows-Hyper-V-Hypervisor	165	None	"Hypervisor configured mitigations for CVE-2019-11091, CVE-2018-12126, CVE-2018-12127, CVE-2018-12130 for virtual machines.

Processor not affected: true
Processor family not affected: false
Processor supports microarchitectural buffer flush: true
Buffer flush needed: true
"
Information	26-11-2025 09:26:35	Microsoft-Windows-Hyper-V-Hypervisor	156	None	"Hypervisor configured mitigations for CVE-2018-3646 for virtual machines.

Processor not affected: true
Processor family not affected: false
Processor supports cache flush: true
HyperThreading enabled: false
Parent hypervisor applies mitigations: false
Mitigations disabled by bcdedit: false
Mitigations enabled: true
Cache flush needed: false
"
Information	26-11-2025 09:26:35	Microsoft-Windows-Hyper-V-Hypervisor	129	None	"Hypervisor initialized I/O remapping.

Hardware present: true
Hardware enabled: true
Policy: 0x0
Enabled features: 0x43
Internal information: 0x0
Problems: 0x0
Additional information: 0x0"
Information	26-11-2025 09:26:35	Microsoft-Windows-Hyper-V-Hypervisor	2	None	Hypervisor scheduler type is 0x4.
Information	26-11-2025 09:26:35	Microsoft-Windows-Hyper-V-Hypervisor	1	None	Hypervisor successfully started.
Information	26-11-2025 09:26:35	Microsoft-Windows-Kernel-Boot	27	(33)	The boot type was 0x0.
Information	26-11-2025 09:26:35	Microsoft-Windows-Kernel-Boot	25	(32)	The boot menu policy was 0x1.
Information	26-11-2025 09:26:35	Microsoft-Windows-Kernel-Boot	238	(101)	EFI time zone bias: 2047. Daylight flags: 0. Firmware time: ‎2025‎-‎11‎-‎26T09:26:32.000000000Z.
Information	26-11-2025 09:26:35	Microsoft-Windows-Kernel-Boot	247	(99)	Unable to load Pluton-Windows firmware. StatusCode: STATUS_SUCCESS, Reason: Failed to apply firmware.
Information	26-11-2025 09:26:35	Microsoft-Windows-Kernel-Boot	20	(31)	The last shutdown's success status was true. The last boot's success status was true.
Information	26-11-2025 09:26:35	Microsoft-Windows-Kernel-Boot	32	(58)	The bootmgr spent 0 ms waiting for user input.
Information	26-11-2025 09:26:35	Microsoft-Windows-Kernel-Boot	18	(57)	There are 0x1 boot options on this system.
Information	26-11-2025 09:26:35	Microsoft-Windows-Kernel-Boot	153	(62)	Virtualization-based security (policies: VBS Enabled,VSM Required,Hvci,Boot Chain Signer Soft Enforced) is enabled due to VBS registry configuration.
Information	26-11-2025 09:26:35	Microsoft-Windows-Kernel-General	25	(12)	"The system time was initialized to ‎2025‎-‎11‎-‎26T03:56:34.500000000Z. 

Loader time: ‎2025‎-‎11‎-‎26T03:56:32.000000000Z
Internal boot flags: 0x2
HAL RTC error code: 0x0
RTC time is in UTC: false
Soft boot: false
Success: true
Phase: 0"
Information	26-11-2025 09:26:35	Microsoft-Windows-Kernel-General	12	(1)	The operating system started at system time ‎2025‎-‎11‎-‎26T03:56:34.500000000Z.
Information	25-11-2025 22:51:10	Microsoft-Windows-Kernel-General	13	(2)	The operating system is shutting down at system time ‎2025‎-‎11‎-‎25T17:21:10.157951200Z.
Information	25-11-2025 22:51:10	Microsoft-Windows-Kernel-Power	577	(280)	The system has prepared for a system initiated reboot from Active.
Information	25-11-2025 22:51:09	Microsoft-Windows-Kernel-Power	109	(103)	"The kernel power manager has initiated a shutdown transition.

Action: Power Action Shutdown Off 
Event Code: 0x0 
Reason: Kernel API"
Information	25-11-2025 22:51:05	Microsoft-Windows-WLAN-AutoConfig	4001	None	"WLAN AutoConfig service has successfully stopped.
"
Warning	25-11-2025 22:51:05	Microsoft-Windows-WLAN-AutoConfig	10002	None	"WLAN Extensibility Module has stopped.

Module Path: C:\Windows\system32\IntelIHVRouter14.dll
"
Information	26-11-2025 09:26:53	EventLog	6013	None	The system uptime is 18 seconds.
Information	26-11-2025 09:26:53	EventLog	6005	None	The Event log service was started.
Information	26-11-2025 09:26:53	EventLog	6009	None	Microsoft (R) Windows (R) 10.00. 26200  Multiprocessor Free.
Information	25-11-2025 22:51:04	Microsoft-Windows-Dhcp-Client	50037	Service State Event	DHCPv4 client service is stopped. ShutDown Flag value is 1
Information	25-11-2025 22:51:04	Microsoft-Windows-Dhcp-Client	50106	Service State Event	DHCPv4 is waiting on DHCPv6 service to stop
Information	25-11-2025 22:51:04	Microsoft-Windows-DHCPv6-Client	51057	Service State Event	DHCPv6 client service stop is almost done.DHCP Context Ref count is 1
Information	25-11-2025 22:51:04	Microsoft-Windows-DHCPv6-Client	51047	Service State Event	DHCPv6 client service is stopped. ShutDown Flag value is 1
Information	25-11-2025 22:51:04	Microsoft-Windows-Dhcp-Client	50105	Service State Event	DHCPv4 client ProcessDHCPRequestForever received TERMINATE_EVENT
Information	25-11-2025 22:51:04	Microsoft-Windows-Dhcp-Client	50104	Service State Event	DHCPv4 client received shutdown notification
Error	25-11-2025 22:51:04	Service Control Manager	7043	None	The Universal Device Client Service service did not shut down properly after receiving a preshutdown control.
