Information	26-11-2025 09:49:39	Netwtw14	7021	None	7021 - Connection telemetry fields and analysis usage
Information	26-11-2025 09:49:39	Netwtw14	7021	None	7021 - Connection telemetry fields and analysis usage
Information	26-11-2025 09:49:39	Netwtw14	7021	None	7021 - Connection telemetry fields and analysis usage
Information	26-11-2025 09:49:39	Netwtw14	7021	None	7021 - Connection telemetry fields and analysis usage
Information	26-11-2025 09:49:39	Netwtw14	7021	None	7021 - Connection telemetry fields and analysis usage
Information	26-11-2025 09:49:39	Netwtw14	7021	None	7021 - Connection telemetry fields and analysis usage
Information	26-11-2025 09:49:39	Netwtw14	7021	None	7021 - Connection telemetry fields and analysis usage
Information	26-11-2025 09:49:39	Netwtw14	7021	None	7021 - Connection telemetry fields and analysis usage
Information	26-11-2025 09:49:39	Netwtw14	7021	None	7021 - Connection telemetry fields and analysis usage
Information	26-11-2025 09:49:39	Netwtw14	7021	None	7021 - Connection telemetry fields and analysis usage
Information	26-11-2025 09:49:39	Netwtw14	7021	None	7021 - Connection telemetry fields and analysis usage
Information	26-11-2025 09:49:39	Netwtw14	7021	None	7021 - Connection telemetry fields and analysis usage
Information	26-11-2025 09:49:39	Netwtw14	7021	None	7021 - Connection telemetry fields and analysis usage
Information	26-11-2025 09:49:39	Netwtw14	7021	None	7021 - Connection telemetry fields and analysis usage
Information	26-11-2025 09:49:39	Netwtw14	7021	None	7021 - Connection telemetry fields and analysis usage
Information	26-11-2025 09:49:39	Netwtw14	7021	None	7021 - Connection telemetry fields and analysis usage
Information	26-11-2025 09:49:39	Netwtw14	7021	None	7021 - Connection telemetry fields and analysis usage
Information	26-11-2025 09:49:39	Netwtw14	7021	None	7021 - Connection telemetry fields and analysis usage
Information	26-11-2025 09:49:39	Netwtw14	7021	None	7021 - Connection telemetry fields and analysis usage
Information	26-11-2025 09:49:38	Netwtw14	7021	None	7021 - Connection telemetry fields and analysis usage
Information	26-11-2025 09:49:38	Netwtw14	7021	None	7021 - Connection telemetry fields and analysis usage
Information	26-11-2025 09:49:38	Netwtw14	7021	None	7021 - Connection telemetry fields and analysis usage
Information	26-11-2025 09:49:38	Netwtw14	7021	None	7021 - Connection telemetry fields and analysis usage
Information	26-11-2025 09:49:38	Netwtw14	7021	None	7021 - Connection telemetry fields and analysis usage
Information	26-11-2025 09:49:38	Netwtw14	7021	None	7021 - Connection telemetry fields and analysis usage
Information	26-11-2025 09:49:38	Netwtw14	7021	None	7021 - Connection telemetry fields and analysis usage
Information	26-11-2025 09:49:38	Netwtw14	7021	None	7021 - Connection telemetry fields and analysis usage
Information	26-11-2025 09:49:38	Netwtw14	7021	None	7021 - Connection telemetry fields and analysis usage
Information	26-11-2025 09:49:38	Netwtw14	7021	None	7021 - Connection telemetry fields and analysis usage
Information	26-11-2025 09:49:38	Netwtw14	7021	None	7021 - Connection telemetry fields and analysis usage
Information	26-11-2025 09:49:38	Netwtw14	7021	None	7021 - Connection telemetry fields and analysis usage
Information	26-11-2025 09:49:38	Netwtw14	7021	None	7021 - Connection telemetry fields and analysis usage
Information	26-11-2025 09:49:38	Netwtw14	7021	None	7021 - Connection telemetry fields and analysis usage
Information	26-11-2025 09:49:38	Netwtw14	7021	None	7021 - Connection telemetry fields and analysis usage
Information	26-11-2025 09:49:38	Netwtw14	7021	None	7021 - Connection telemetry fields and analysis usage
Information	26-11-2025 09:49:38	Netwtw14	7021	None	7021 - Connection telemetry fields and analysis usage
Information	26-11-2025 09:49:38	Netwtw14	7021	None	7021 - Connection telemetry fields and analysis usage
Information	26-11-2025 09:49:38	Netwtw14	7021	None	7021 - Connection telemetry fields and analysis usage
Information	26-11-2025 09:49:38	Netwtw14	7021	None	7021 - Connection telemetry fields and analysis usage
Information	26-11-2025 09:49:38	Netwtw14	7021	None	7021 - Connection telemetry fields and analysis usage
Information	26-11-2025 09:49:38	Netwtw14	7021	None	7021 - Connection telemetry fields and analysis usage
Information	26-11-2025 09:49:38	Netwtw14	7021	None	7021 - Connection telemetry fields and analysis usage
Information	26-11-2025 09:49:38	Netwtw14	7021	None	7021 - Connection telemetry fields and analysis usage
Information	26-11-2025 09:49:38	Netwtw14	7021	None	7021 - Connection telemetry fields and analysis usage
Information	26-11-2025 09:49:38	Netwtw14	7021	None	7021 - Connection telemetry fields and analysis usage
Information	26-11-2025 09:49:38	Netwtw14	7021	None	7021 - Connection telemetry fields and analysis usage
Information	26-11-2025 09:49:37	Netwtw14	7021	None	7021 - Connection telemetry fields and analysis usage
Information	26-11-2025 09:49:37	Netwtw14	7021	None	7021 - Connection telemetry fields and analysis usage
Information	26-11-2025 09:49:37	Netwtw14	7021	None	7021 - Connection telemetry fields and analysis usage
Information	26-11-2025 09:49:37	Netwtw14	7021	None	7021 - Connection telemetry fields and analysis usage
Information	26-11-2025 09:49:37	Netwtw14	7021	None	7021 - Connection telemetry fields and analysis usage
Information	26-11-2025 09:49:37	Netwtw14	7021	None	7021 - Connection telemetry fields and analysis usage
Information	26-11-2025 09:49:37	Netwtw14	7021	None	7021 - Connection telemetry fields and analysis usage
Information	26-11-2025 09:49:37	Netwtw14	7021	None	7021 - Connection telemetry fields and analysis usage
Information	26-11-2025 09:49:37	Netwtw14	7021	None	7021 - Connection telemetry fields and analysis usage
Information	26-11-2025 09:49:37	Netwtw14	7021	None	7021 - Connection telemetry fields and analysis usage
Information	26-11-2025 09:49:37	Netwtw14	7021	None	7021 - Connection telemetry fields and analysis usage
Information	26-11-2025 09:49:37	Netwtw14	7021	None	7021 - Connection telemetry fields and analysis usage
Information	26-11-2025 09:49:37	Netwtw14	7021	None	7021 - Connection telemetry fields and analysis usage
Information	26-11-2025 09:49:37	Netwtw14	7021	None	7021 - Connection telemetry fields and analysis usage
Information	26-11-2025 09:49:37	Netwtw14	7021	None	7021 - Connection telemetry fields and analysis usage
Information	26-11-2025 09:49:37	Netwtw14	7021	None	7021 - Connection telemetry fields and analysis usage
Information	26-11-2025 09:49:37	Netwtw14	7021	None	7021 - Connection telemetry fields and analysis usage
Information	26-11-2025 09:49:37	Netwtw14	7021	None	7021 - Connection telemetry fields and analysis usage
Information	26-11-2025 09:49:37	Netwtw14	7021	None	7021 - Connection telemetry fields and analysis usage
Information	26-11-2025 09:49:37	Netwtw14	7021	None	7021 - Connection telemetry fields and analysis usage
Information	26-11-2025 09:49:37	Netwtw14	7021	None	7021 - Connection telemetry fields and analysis usage
Information	26-11-2025 09:49:37	Netwtw14	7021	None	7021 - Connection telemetry fields and analysis usage
Information	26-11-2025 09:49:37	Netwtw14	7021	None	7021 - Connection telemetry fields and analysis usage
Information	26-11-2025 09:49:37	Netwtw14	7021	None	7021 - Connection telemetry fields and analysis usage
Information	26-11-2025 09:49:37	Netwtw14	7021	None	7021 - Connection telemetry fields and analysis usage
Information	26-11-2025 09:49:37	Netwtw14	7021	None	7021 - Connection telemetry fields and analysis usage
Information	26-11-2025 09:49:37	Netwtw14	7021	None	7021 - Connection telemetry fields and analysis usage
Information	26-11-2025 09:49:37	Netwtw14	7021	None	7021 - Connection telemetry fields and analysis usage
Information	26-11-2025 09:49:36	Netwtw14	7021	None	7021 - Connection telemetry fields and analysis usage
Information	26-11-2025 09:49:36	Netwtw14	7021	None	7021 - Connection telemetry fields and analysis usage
Information	26-11-2025 09:49:36	Netwtw14	7021	None	7021 - Connection telemetry fields and analysis usage
Information	26-11-2025 09:49:36	Netwtw14	7021	None	7021 - Connection telemetry fields and analysis usage
Information	26-11-2025 09:49:36	Netwtw14	7021	None	7021 - Connection telemetry fields and analysis usage
Information	26-11-2025 09:49:36	Netwtw14	7021	None	7021 - Connection telemetry fields and analysis usage
Information	26-11-2025 09:49:36	Netwtw14	7021	None	7021 - Connection telemetry fields and analysis usage
Information	26-11-2025 09:49:36	Netwtw14	7021	None	7021 - Connection telemetry fields and analysis usage
Information	26-11-2025 09:49:36	Netwtw14	7021	None	7021 - Connection telemetry fields and analysis usage
Information	26-11-2025 09:49:36	Netwtw14	7021	None	7021 - Connection telemetry fields and analysis usage
Information	26-11-2025 09:49:36	Netwtw14	7021	None	7021 - Connection telemetry fields and analysis usage
Information	26-11-2025 09:49:36	Netwtw14	7021	None	7021 - Connection telemetry fields and analysis usage
Information	26-11-2025 09:49:36	Netwtw14	7021	None	7021 - Connection telemetry fields and analysis usage
Information	26-11-2025 09:49:36	Netwtw14	7021	None	7021 - Connection telemetry fields and analysis usage
Information	26-11-2025 09:49:36	Netwtw14	7021	None	7021 - Connection telemetry fields and analysis usage
Information	26-11-2025 09:49:36	Netwtw14	7021	None	7021 - Connection telemetry fields and analysis usage
Information	26-11-2025 09:49:36	Netwtw14	7021	None	7021 - Connection telemetry fields and analysis usage
Information	26-11-2025 09:49:36	Netwtw14	7021	None	7021 - Connection telemetry fields and analysis usage
Information	26-11-2025 09:49:36	Netwtw14	7021	None	7021 - Connection telemetry fields and analysis usage
Information	26-11-2025 09:49:36	Netwtw14	7021	None	7021 - Connection telemetry fields and analysis usage
Information	26-11-2025 09:49:36	Netwtw14	7021	None	7021 - Connection telemetry fields and analysis usage
Information	26-11-2025 09:49:36	Netwtw14	7021	None	7021 - Connection telemetry fields and analysis usage
Information	26-11-2025 09:49:36	Netwtw14	7021	None	7021 - Connection telemetry fields and analysis usage
Information	26-11-2025 09:49:36	Netwtw14	7021	None	7021 - Connection telemetry fields and analysis usage
Information	26-11-2025 09:49:36	Netwtw14	7021	None	7021 - Connection telemetry fields and analysis usage
Information	26-11-2025 09:49:36	Netwtw14	7021	None	7021 - Connection telemetry fields and analysis usage
Information	26-11-2025 09:49:35	Netwtw14	7021	None	7021 - Connection telemetry fields and analysis usage
Information	26-11-2025 09:49:35	Netwtw14	7021	None	7021 - Connection telemetry fields and analysis usage
Information	26-11-2025 09:49:35	Netwtw14	7021	None	7021 - Connection telemetry fields and analysis usage
Information	26-11-2025 09:49:35	Netwtw14	7021	None	7021 - Connection telemetry fields and analysis usage
Information	26-11-2025 09:49:35	Netwtw14	7021	None	7021 - Connection telemetry fields and analysis usage
Information	26-11-2025 09:49:35	Netwtw14	7021	None	7021 - Connection telemetry fields and analysis usage
Information	26-11-2025 09:49:35	Netwtw14	7021	None	7021 - Connection telemetry fields and analysis usage
Information	26-11-2025 09:49:35	Netwtw14	7021	None	7021 - Connection telemetry fields and analysis usage
Information	26-11-2025 09:49:35	Netwtw14	7021	None	7021 - Connection telemetry fields and analysis usage
Information	26-11-2025 09:49:35	Netwtw14	7021	None	7021 - Connection telemetry fields and analysis usage
Information	26-11-2025 09:49:35	Netwtw14	7021	None	7021 - Connection telemetry fields and analysis usage
Information	26-11-2025 09:49:35	Netwtw14	7021	None	7021 - Connection telemetry fields and analysis usage
Information	26-11-2025 09:49:35	Netwtw14	7021	None	7021 - Connection telemetry fields and analysis usage
Information	26-11-2025 09:49:35	Netwtw14	7021	None	7021 - Connection telemetry fields and analysis usage
Information	26-11-2025 09:49:35	Netwtw14	7021	None	7021 - Connection telemetry fields and analysis usage
Information	26-11-2025 09:49:35	Netwtw14	7021	None	7021 - Connection telemetry fields and analysis usage
Information	26-11-2025 09:49:35	Netwtw14	7021	None	7021 - Connection telemetry fields and analysis usage
Information	26-11-2025 09:49:35	Netwtw14	7021	None	7021 - Connection telemetry fields and analysis usage
Information	26-11-2025 09:49:35	Netwtw14	7021	None	7021 - Connection telemetry fields and analysis usage
Information	26-11-2025 09:49:35	Netwtw14	7021	None	7021 - Connection telemetry fields and analysis usage
Information	26-11-2025 09:49:35	Netwtw14	7021	None	7021 - Connection telemetry fields and analysis usage
Warning	26-11-2025 09:49:35	Microsoft-Windows-DNS-Client	1014	(1014)	Name resolution for the name unleash.codeium.com timed out after none of the configured DNS servers responded. Client PID 13472.
Information	26-11-2025 09:49:35	Netwtw14	7021	None	7021 - Connection telemetry fields and analysis usage
Information	26-11-2025 09:49:35	Netwtw14	7021	None	7021 - Connection telemetry fields and analysis usage
Information	26-11-2025 09:49:35	Netwtw14	7021	None	7021 - Connection telemetry fields and analysis usage
Information	26-11-2025 09:49:35	Netwtw14	7021	None	7021 - Connection telemetry fields and analysis usage
Information	26-11-2025 09:49:35	Netwtw14	7021	None	7021 - Connection telemetry fields and analysis usage
Information	26-11-2025 09:49:34	Netwtw14	7021	None	7021 - Connection telemetry fields and analysis usage
Information	26-11-2025 09:49:34	Netwtw14	7021	None	7021 - Connection telemetry fields and analysis usage
Information	26-11-2025 09:49:34	Netwtw14	7021	None	7021 - Connection telemetry fields and analysis usage
Information	26-11-2025 09:49:34	Netwtw14	7021	None	7021 - Connection telemetry fields and analysis usage
Information	26-11-2025 09:49:34	Netwtw14	7021	None	7021 - Connection telemetry fields and analysis usage
Information	26-11-2025 09:49:34	Netwtw14	7021	None	7021 - Connection telemetry fields and analysis usage
Information	26-11-2025 09:49:34	Netwtw14	7021	None	7021 - Connection telemetry fields and analysis usage
Information	26-11-2025 09:49:34	Netwtw14	7021	None	7021 - Connection telemetry fields and analysis usage
Information	26-11-2025 09:49:34	Netwtw14	7021	None	7021 - Connection telemetry fields and analysis usage
Information	26-11-2025 09:49:34	Netwtw14	7021	None	7021 - Connection telemetry fields and analysis usage
Information	26-11-2025 09:49:34	Netwtw14	7021	None	7021 - Connection telemetry fields and analysis usage
Information	26-11-2025 09:49:34	Netwtw14	7021	None	7021 - Connection telemetry fields and analysis usage
Information	26-11-2025 09:49:34	Netwtw14	7021	None	7021 - Connection telemetry fields and analysis usage
Information	26-11-2025 09:49:34	Netwtw14	7021	None	7021 - Connection telemetry fields and analysis usage
Information	26-11-2025 09:49:34	Netwtw14	7021	None	7021 - Connection telemetry fields and analysis usage
Information	26-11-2025 09:49:34	Netwtw14	7021	None	7021 - Connection telemetry fields and analysis usage
Information	26-11-2025 09:49:34	Netwtw14	7021	None	7021 - Connection telemetry fields and analysis usage
Information	26-11-2025 09:49:34	Netwtw14	7021	None	7021 - Connection telemetry fields and analysis usage
Information	26-11-2025 09:49:34	Netwtw14	7021	None	7021 - Connection telemetry fields and analysis usage
Information	26-11-2025 09:49:34	Netwtw14	7021	None	7021 - Connection telemetry fields and analysis usage
Information	26-11-2025 09:49:34	Netwtw14	7021	None	7021 - Connection telemetry fields and analysis usage
Information	26-11-2025 09:49:34	Netwtw14	7021	None	7021 - Connection telemetry fields and analysis usage
Information	26-11-2025 09:49:34	Netwtw14	7021	None	7021 - Connection telemetry fields and analysis usage
Information	26-11-2025 09:49:34	Netwtw14	7021	None	7021 - Connection telemetry fields and analysis usage
Information	26-11-2025 09:49:34	Netwtw14	7021	None	7021 - Connection telemetry fields and analysis usage
Warning	26-11-2025 09:49:27	Microsoft-Windows-DNS-Client	1014	(1014)	Name resolution for the name fe3cr.delivery.mp.microsoft.com timed out after none of the configured DNS servers responded. Client PID 22344.
Information	26-11-2025 09:49:27	Netwtw14	7021	None	7021 - Connection telemetry fields and analysis usage
Information	26-11-2025 09:49:27	Netwtw14	7021	None	7021 - Connection telemetry fields and analysis usage
Information	26-11-2025 09:49:26	Netwtw14	7021	None	7021 - Connection telemetry fields and analysis usage
Information	26-11-2025 09:49:26	Netwtw14	7021	None	7021 - Connection telemetry fields and analysis usage
Information	26-11-2025 09:49:26	Netwtw14	7021	None	7021 - Connection telemetry fields and analysis usage
Information	26-11-2025 09:49:26	Netwtw14	7021	None	7021 - Connection telemetry fields and analysis usage
Information	26-11-2025 09:49:26	Netwtw14	7021	None	7021 - Connection telemetry fields and analysis usage
Information	26-11-2025 09:49:26	Netwtw14	7021	None	7021 - Connection telemetry fields and analysis usage
Information	26-11-2025 09:49:26	Netwtw14	7021	None	7021 - Connection telemetry fields and analysis usage
Information	26-11-2025 09:49:26	Netwtw14	7021	None	7021 - Connection telemetry fields and analysis usage
Information	26-11-2025 09:49:26	Netwtw14	7021	None	7021 - Connection telemetry fields and analysis usage
Information	26-11-2025 09:49:26	Netwtw14	7021	None	7021 - Connection telemetry fields and analysis usage
Information	26-11-2025 09:49:26	Netwtw14	7021	None	7021 - Connection telemetry fields and analysis usage
Information	26-11-2025 09:49:26	Netwtw14	7021	None	7021 - Connection telemetry fields and analysis usage
Information	26-11-2025 09:49:26	Netwtw14	7021	None	7021 - Connection telemetry fields and analysis usage
Information	26-11-2025 09:49:26	Netwtw14	7021	None	7021 - Connection telemetry fields and analysis usage
Information	26-11-2025 09:49:26	Netwtw14	7021	None	7021 - Connection telemetry fields and analysis usage
Information	26-11-2025 09:49:26	Netwtw14	7021	None	7021 - Connection telemetry fields and analysis usage
Information	26-11-2025 09:49:26	Netwtw14	7021	None	7021 - Connection telemetry fields and analysis usage
Warning	26-11-2025 09:49:24	Microsoft-Windows-DNS-Client	1014	(1014)	Name resolution for the name centralus-2.in.applicationinsights.azure.com timed out after none of the configured DNS servers responded. Client PID 1348.
Warning	26-11-2025 09:49:22	Microsoft-Windows-DNS-Client	1014	(1014)	Name resolution for the name filedownload.lenovo.com timed out after none of the configured DNS servers responded. Client PID 15412.
Warning	26-11-2025 09:49:19	Microsoft-Windows-DNS-Client	1014	(1014)	Name resolution for the name http-intake.logs.datadoghq.com timed out after none of the configured DNS servers responded. Client PID 22692.
Information	26-11-2025 09:49:19	Netwtw14	7021	None	7021 - Connection telemetry fields and analysis usage
Information	26-11-2025 09:49:19	Netwtw14	7021	None	7021 - Connection telemetry fields and analysis usage
Information	26-11-2025 09:49:19	Netwtw14	7021	None	7021 - Connection telemetry fields and analysis usage
Information	26-11-2025 09:49:18	Netwtw14	7021	None	7021 - Connection telemetry fields and analysis usage
Information	26-11-2025 09:49:18	Netwtw14	7021	None	7021 - Connection telemetry fields and analysis usage
Information	26-11-2025 09:49:18	Netwtw14	7021	None	7021 - Connection telemetry fields and analysis usage
Information	26-11-2025 09:49:18	Netwtw14	7021	None	7021 - Connection telemetry fields and analysis usage
Information	26-11-2025 09:49:18	Netwtw14	7021	None	7021 - Connection telemetry fields and analysis usage
Information	26-11-2025 09:49:18	Netwtw14	7021	None	7021 - Connection telemetry fields and analysis usage
Information	26-11-2025 09:49:18	Netwtw14	7021	None	7021 - Connection telemetry fields and analysis usage
Information	26-11-2025 09:49:18	Netwtw14	7021	None	7021 - Connection telemetry fields and analysis usage
Information	26-11-2025 09:49:18	Netwtw14	7021	None	7021 - Connection telemetry fields and analysis usage
Information	26-11-2025 09:49:18	Netwtw14	7021	None	7021 - Connection telemetry fields and analysis usage
Information	26-11-2025 09:49:18	Netwtw14	7021	None	7021 - Connection telemetry fields and analysis usage
Information	26-11-2025 09:49:18	Netwtw14	7021	None	7021 - Connection telemetry fields and analysis usage
Information	26-11-2025 09:49:18	Netwtw14	7021	None	7021 - Connection telemetry fields and analysis usage
Information	26-11-2025 09:49:18	Netwtw14	7021	None	7021 - Connection telemetry fields and analysis usage
Information	26-11-2025 09:49:18	Netwtw14	7021	None	7021 - Connection telemetry fields and analysis usage
Information	26-11-2025 09:49:18	Netwtw14	7021	None	7021 - Connection telemetry fields and analysis usage
Information	26-11-2025 09:49:18	Netwtw14	7021	None	7021 - Connection telemetry fields and analysis usage
Information	26-11-2025 09:49:18	Netwtw14	7021	None	7021 - Connection telemetry fields and analysis usage
Information	26-11-2025 09:49:18	Netwtw14	7021	None	7021 - Connection telemetry fields and analysis usage
Information	26-11-2025 09:49:18	Netwtw14	7021	None	7021 - Connection telemetry fields and analysis usage
Information	26-11-2025 09:49:18	Netwtw14	7021	None	7021 - Connection telemetry fields and analysis usage
Warning	26-11-2025 09:49:17	Microsoft-Windows-DNS-Client	1014	(1014)	Name resolution for the name server.codeium.com timed out after none of the configured DNS servers responded. Client PID 20244.
Information	26-11-2025 09:49:17	Netwtw14	7021	None	7021 - Connection telemetry fields and analysis usage
Information	26-11-2025 09:49:17	Netwtw14	7021	None	7021 - Connection telemetry fields and analysis usage
Information	26-11-2025 09:49:17	Netwtw14	7021	None	7021 - Connection telemetry fields and analysis usage
Information	26-11-2025 09:49:17	Netwtw14	7021	None	7021 - Connection telemetry fields and analysis usage
Information	26-11-2025 09:49:17	Netwtw14	7021	None	7021 - Connection telemetry fields and analysis usage
Information	26-11-2025 09:49:17	Netwtw14	7021	None	7021 - Connection telemetry fields and analysis usage
Information	26-11-2025 09:49:17	Netwtw14	7021	None	7021 - Connection telemetry fields and analysis usage
Information	26-11-2025 09:49:16	Netwtw14	7021	None	7021 - Connection telemetry fields and analysis usage
Information	26-11-2025 09:49:16	Netwtw14	7021	None	7021 - Connection telemetry fields and analysis usage
Information	26-11-2025 09:49:16	Netwtw14	7021	None	7021 - Connection telemetry fields and analysis usage
Information	26-11-2025 09:49:16	Netwtw14	7021	None	7021 - Connection telemetry fields and analysis usage
Information	26-11-2025 09:49:16	Netwtw14	7021	None	7021 - Connection telemetry fields and analysis usage
Warning	26-11-2025 09:49:10	Microsoft-Windows-DNS-Client	1014	(1014)	Name resolution for the name client.wns.windows.com timed out after none of the configured DNS servers responded. Client PID 5248.
Information	26-11-2025 09:49:09	Netwtw14	7021	None	7021 - Connection telemetry fields and analysis usage
Information	26-11-2025 09:49:09	Netwtw14	7021	None	7021 - Connection telemetry fields and analysis usage
Information	26-11-2025 09:49:09	Netwtw14	7021	None	7021 - Connection telemetry fields and analysis usage
Information	26-11-2025 09:49:09	Netwtw14	7021	None	7021 - Connection telemetry fields and analysis usage
Information	26-11-2025 09:49:09	Netwtw14	7021	None	7021 - Connection telemetry fields and analysis usage
Information	26-11-2025 09:49:09	Netwtw14	7021	None	7021 - Connection telemetry fields and analysis usage
Information	26-11-2025 09:49:09	Netwtw14	7021	None	7021 - Connection telemetry fields and analysis usage
Information	26-11-2025 09:49:09	Netwtw14	7021	None	7021 - Connection telemetry fields and analysis usage
Information	26-11-2025 09:49:09	Netwtw14	7021	None	7021 - Connection telemetry fields and analysis usage
Information	26-11-2025 09:49:09	Netwtw14	7021	None	7021 - Connection telemetry fields and analysis usage
Information	26-11-2025 09:49:09	Netwtw14	7021	None	7021 - Connection telemetry fields and analysis usage
Information	26-11-2025 09:49:09	Netwtw14	7021	None	7021 - Connection telemetry fields and analysis usage
Information	26-11-2025 09:49:09	Netwtw14	7021	None	7021 - Connection telemetry fields and analysis usage
Warning	26-11-2025 09:49:03	Microsoft-Windows-DNS-Client	1014	(1014)	Name resolution for the name edge.microsoft.com timed out after none of the configured DNS servers responded. Client PID 27088.
Information	26-11-2025 09:49:02	Netwtw14	7021	None	7021 - Connection telemetry fields and analysis usage
Information	26-11-2025 09:49:02	Netwtw14	7021	None	7021 - Connection telemetry fields and analysis usage
Information	26-11-2025 09:49:02	Netwtw14	7021	None	7021 - Connection telemetry fields and analysis usage
Information	26-11-2025 09:49:02	Netwtw14	7021	None	7021 - Connection telemetry fields and analysis usage
Information	26-11-2025 09:49:02	Netwtw14	7021	None	7021 - Connection telemetry fields and analysis usage
Information	26-11-2025 09:49:02	Netwtw14	7021	None	7021 - Connection telemetry fields and analysis usage
Information	26-11-2025 09:49:02	Netwtw14	7021	None	7021 - Connection telemetry fields and analysis usage
Information	26-11-2025 09:49:02	Netwtw14	7021	None	7021 - Connection telemetry fields and analysis usage
Information	26-11-2025 09:49:02	Netwtw14	7021	None	7021 - Connection telemetry fields and analysis usage
Information	26-11-2025 09:49:02	Netwtw14	7021	None	7021 - Connection telemetry fields and analysis usage
Warning	26-11-2025 09:49:01	Microsoft-Windows-DNS-Client	1014	(1014)	Name resolution for the name mobile.events.data.microsoft.com timed out after none of the configured DNS servers responded. Client PID 15616.
Information	26-11-2025 09:48:55	Netwtw14	7021	None	7021 - Connection telemetry fields and analysis usage
Information	26-11-2025 09:48:55	Netwtw14	7021	None	7021 - Connection telemetry fields and analysis usage
Information	26-11-2025 09:48:55	Netwtw14	7021	None	7021 - Connection telemetry fields and analysis usage
Information	26-11-2025 09:48:55	Netwtw14	7021	None	7021 - Connection telemetry fields and analysis usage
Information	26-11-2025 09:48:55	Netwtw14	7021	None	7021 - Connection telemetry fields and analysis usage
Information	26-11-2025 09:48:55	Netwtw14	7021	None	7021 - Connection telemetry fields and analysis usage
Information	26-11-2025 09:48:55	Netwtw14	7021	None	7021 - Connection telemetry fields and analysis usage
Information	26-11-2025 09:46:47	Microsoft-Windows-Kernel-General	16	None	The access history in hive \??\C:\Users\gunis\AppData\Local\Packages\Microsoft.Windows.ShellExperienceHost_cw5n1h2txyewy\Settings\settings.dat was cleared updating 2 keys and creating 1 modified pages.
Information	26-11-2025 09:46:45	Microsoft-Windows-Kernel-General	16	None	The access history in hive \??\C:\Users\gunis\AppData\Local\Packages\Microsoft.MicrosoftOfficeHub_8wekyb3d8bbwe\Settings\settings.dat was cleared updating 5 keys and creating 1 modified pages.
Warning	26-11-2025 09:45:27	Microsoft-Windows-DNS-Client	1014	(1014)	Name resolution for the name tconf2.cloud.360safe.com timed out after none of the configured DNS servers responded. Client PID 2512.
Warning	26-11-2025 09:45:20	Netwtw14	6062	None	6062 - Lso was triggered
Information	26-11-2025 09:45:13	Netwtw14	7021	None	7021 - Connection telemetry fields and analysis usage
Information	26-11-2025 09:45:06	Netwtw14	7021	None	7021 - Connection telemetry fields and analysis usage
Information	26-11-2025 09:45:06	Netwtw14	7021	None	7021 - Connection telemetry fields and analysis usage
Information	26-11-2025 09:45:06	Netwtw14	7021	None	7021 - Connection telemetry fields and analysis usage
Information	26-11-2025 09:45:06	Netwtw14	7021	None	7021 - Connection telemetry fields and analysis usage
Information	26-11-2025 09:45:06	Netwtw14	7021	None	7021 - Connection telemetry fields and analysis usage
Information	26-11-2025 09:45:06	Netwtw14	7021	None	7021 - Connection telemetry fields and analysis usage
Information	26-11-2025 09:45:06	Netwtw14	7021	None	7021 - Connection telemetry fields and analysis usage
Information	26-11-2025 09:45:06	Netwtw14	7021	None	7021 - Connection telemetry fields and analysis usage
Information	26-11-2025 09:45:06	Netwtw14	7021	None	7021 - Connection telemetry fields and analysis usage
Information	26-11-2025 09:45:06	Netwtw14	7021	None	7021 - Connection telemetry fields and analysis usage
Information	26-11-2025 09:45:06	Netwtw14	7021	None	7021 - Connection telemetry fields and analysis usage
Information	26-11-2025 09:45:06	Netwtw14	7021	None	7021 - Connection telemetry fields and analysis usage
Information	26-11-2025 09:45:06	Netwtw14	7021	None	7021 - Connection telemetry fields and analysis usage
Information	26-11-2025 09:45:06	Netwtw14	7021	None	7021 - Connection telemetry fields and analysis usage
Information	26-11-2025 09:45:06	Netwtw14	7021	None	7021 - Connection telemetry fields and analysis usage
Information	26-11-2025 09:45:06	Netwtw14	7021	None	7021 - Connection telemetry fields and analysis usage
Information	26-11-2025 09:45:06	Netwtw14	7021	None	7021 - Connection telemetry fields and analysis usage
Information	26-11-2025 09:45:06	Netwtw14	7021	None	7021 - Connection telemetry fields and analysis usage
Information	26-11-2025 09:45:06	Netwtw14	7021	None	7021 - Connection telemetry fields and analysis usage
Information	26-11-2025 09:45:06	Netwtw14	7021	None	7021 - Connection telemetry fields and analysis usage
Information	26-11-2025 09:45:06	Netwtw14	7021	None	7021 - Connection telemetry fields and analysis usage
Information	26-11-2025 09:45:06	Netwtw14	7021	None	7021 - Connection telemetry fields and analysis usage
Information	26-11-2025 09:45:06	Netwtw14	7021	None	7021 - Connection telemetry fields and analysis usage
Information	26-11-2025 09:45:06	Netwtw14	7021	None	7021 - Connection telemetry fields and analysis usage
Information	26-11-2025 09:45:06	Netwtw14	7021	None	7021 - Connection telemetry fields and analysis usage
Information	26-11-2025 09:45:06	Netwtw14	7021	None	7021 - Connection telemetry fields and analysis usage
Information	26-11-2025 09:45:05	Netwtw14	7021	None	7021 - Connection telemetry fields and analysis usage
Information	26-11-2025 09:45:05	Netwtw14	7021	None	7021 - Connection telemetry fields and analysis usage
Information	26-11-2025 09:45:05	Netwtw14	7021	None	7021 - Connection telemetry fields and analysis usage
Information	26-11-2025 09:45:05	Netwtw14	7021	None	7021 - Connection telemetry fields and analysis usage
Information	26-11-2025 09:45:05	Netwtw14	7021	None	7021 - Connection telemetry fields and analysis usage
Information	26-11-2025 09:45:05	Netwtw14	7021	None	7021 - Connection telemetry fields and analysis usage
Information	26-11-2025 09:45:05	Netwtw14	7021	None	7021 - Connection telemetry fields and analysis usage
Information	26-11-2025 09:45:05	Netwtw14	7021	None	7021 - Connection telemetry fields and analysis usage
Information	26-11-2025 09:45:05	Netwtw14	7021	None	7021 - Connection telemetry fields and analysis usage
Information	26-11-2025 09:44:57	Netwtw14	7021	None	7021 - Connection telemetry fields and analysis usage
Information	26-11-2025 09:44:57	Netwtw14	7021	None	7021 - Connection telemetry fields and analysis usage
Information	26-11-2025 09:44:57	Netwtw14	7021	None	7021 - Connection telemetry fields and analysis usage
Information	26-11-2025 09:44:57	Netwtw14	7021	None	7021 - Connection telemetry fields and analysis usage
Information	26-11-2025 09:44:57	Netwtw14	7021	None	7021 - Connection telemetry fields and analysis usage
Information	26-11-2025 09:44:57	Netwtw14	7021	None	7021 - Connection telemetry fields and analysis usage
Information	26-11-2025 09:44:57	Netwtw14	7021	None	7021 - Connection telemetry fields and analysis usage
Information	26-11-2025 09:44:57	Netwtw14	7021	None	7021 - Connection telemetry fields and analysis usage
Information	26-11-2025 09:44:57	Netwtw14	7021	None	7021 - Connection telemetry fields and analysis usage
Information	26-11-2025 09:44:57	Netwtw14	7021	None	7021 - Connection telemetry fields and analysis usage
Information	26-11-2025 09:44:57	Netwtw14	7021	None	7021 - Connection telemetry fields and analysis usage
Information	26-11-2025 09:44:57	Netwtw14	7021	None	7021 - Connection telemetry fields and analysis usage
Information	26-11-2025 09:44:57	Netwtw14	7021	None	7021 - Connection telemetry fields and analysis usage
Information	26-11-2025 09:44:57	Netwtw14	7021	None	7021 - Connection telemetry fields and analysis usage
Information	26-11-2025 09:44:56	Netwtw14	7021	None	7021 - Connection telemetry fields and analysis usage
Information	26-11-2025 09:44:56	Netwtw14	7021	None	7021 - Connection telemetry fields and analysis usage
Information	26-11-2025 09:44:56	Netwtw14	7021	None	7021 - Connection telemetry fields and analysis usage
Information	26-11-2025 09:44:56	Netwtw14	7021	None	7021 - Connection telemetry fields and analysis usage
Information	26-11-2025 09:44:56	Netwtw14	7021	None	7021 - Connection telemetry fields and analysis usage
Information	26-11-2025 09:44:56	Netwtw14	7021	None	7021 - Connection telemetry fields and analysis usage
Information	26-11-2025 09:44:56	Netwtw14	7021	None	7021 - Connection telemetry fields and analysis usage
Information	26-11-2025 09:44:56	Netwtw14	7021	None	7021 - Connection telemetry fields and analysis usage
Information	26-11-2025 09:44:56	Netwtw14	7021	None	7021 - Connection telemetry fields and analysis usage
Information	26-11-2025 09:44:56	Netwtw14	7021	None	7021 - Connection telemetry fields and analysis usage
Information	26-11-2025 09:44:56	Netwtw14	7021	None	7021 - Connection telemetry fields and analysis usage
Information	26-11-2025 09:44:56	Netwtw14	7021	None	7021 - Connection telemetry fields and analysis usage
Information	26-11-2025 09:44:56	Netwtw14	7021	None	7021 - Connection telemetry fields and analysis usage
Information	26-11-2025 09:44:56	Netwtw14	7021	None	7021 - Connection telemetry fields and analysis usage
Information	26-11-2025 09:44:56	Netwtw14	7021	None	7021 - Connection telemetry fields and analysis usage
Information	26-11-2025 09:44:56	Netwtw14	7021	None	7021 - Connection telemetry fields and analysis usage
Information	26-11-2025 09:44:56	Netwtw14	7021	None	7021 - Connection telemetry fields and analysis usage
Information	26-11-2025 09:44:56	Netwtw14	7021	None	7021 - Connection telemetry fields and analysis usage
Information	26-11-2025 09:44:56	Netwtw14	7021	None	7021 - Connection telemetry fields and analysis usage
Information	26-11-2025 09:44:56	Netwtw14	7021	None	7021 - Connection telemetry fields and analysis usage
Information	26-11-2025 09:44:56	Netwtw14	7021	None	7021 - Connection telemetry fields and analysis usage
Information	26-11-2025 09:44:49	Netwtw14	7021	None	7021 - Connection telemetry fields and analysis usage
Information	26-11-2025 09:44:49	Netwtw14	7021	None	7021 - Connection telemetry fields and analysis usage
Information	26-11-2025 09:44:49	Netwtw14	7021	None	7021 - Connection telemetry fields and analysis usage
Information	26-11-2025 09:44:49	Netwtw14	7021	None	7021 - Connection telemetry fields and analysis usage
Information	26-11-2025 09:44:49	Netwtw14	7021	None	7021 - Connection telemetry fields and analysis usage
Information	26-11-2025 09:44:49	Netwtw14	7021	None	7021 - Connection telemetry fields and analysis usage
Information	26-11-2025 09:44:49	Netwtw14	7021	None	7021 - Connection telemetry fields and analysis usage
Information	26-11-2025 09:44:49	Netwtw14	7021	None	7021 - Connection telemetry fields and analysis usage
Information	26-11-2025 09:44:49	Netwtw14	7021	None	7021 - Connection telemetry fields and analysis usage
Information	26-11-2025 09:44:49	Netwtw14	7021	None	7021 - Connection telemetry fields and analysis usage
Information	26-11-2025 09:44:49	Netwtw14	7021	None	7021 - Connection telemetry fields and analysis usage
Information	26-11-2025 09:44:49	Netwtw14	7021	None	7021 - Connection telemetry fields and analysis usage
Information	26-11-2025 09:44:49	Netwtw14	7021	None	7021 - Connection telemetry fields and analysis usage
Information	26-11-2025 09:44:49	Netwtw14	7021	None	7021 - Connection telemetry fields and analysis usage
Information	26-11-2025 09:44:49	Netwtw14	7021	None	7021 - Connection telemetry fields and analysis usage
Information	26-11-2025 09:44:48	Netwtw14	7021	None	7021 - Connection telemetry fields and analysis usage
Information	26-11-2025 09:44:48	Netwtw14	7021	None	7021 - Connection telemetry fields and analysis usage
Information	26-11-2025 09:44:48	Netwtw14	7021	None	7021 - Connection telemetry fields and analysis usage
Information	26-11-2025 09:44:48	Netwtw14	7021	None	7021 - Connection telemetry fields and analysis usage
Information	26-11-2025 09:44:47	Netwtw14	7021	None	7021 - Connection telemetry fields and analysis usage
Information	26-11-2025 09:44:47	Netwtw14	7021	None	7021 - Connection telemetry fields and analysis usage
Information	26-11-2025 09:44:47	Netwtw14	7021	None	7021 - Connection telemetry fields and analysis usage
Information	26-11-2025 09:44:47	Netwtw14	7021	None	7021 - Connection telemetry fields and analysis usage
Information	26-11-2025 09:44:47	Netwtw14	7021	None	7021 - Connection telemetry fields and analysis usage
Information	26-11-2025 09:44:47	Netwtw14	7021	None	7021 - Connection telemetry fields and analysis usage
Information	26-11-2025 09:43:55	Netwtw14	7021	None	7021 - Connection telemetry fields and analysis usage
Information	26-11-2025 09:43:55	Netwtw14	7021	None	7021 - Connection telemetry fields and analysis usage
Information	26-11-2025 09:43:54	Netwtw14	7021	None	7021 - Connection telemetry fields and analysis usage
Information	26-11-2025 09:43:54	Netwtw14	7021	None	7021 - Connection telemetry fields and analysis usage
Information	26-11-2025 09:43:49	Netwtw14	7021	None	7021 - Connection telemetry fields and analysis usage
Information	26-11-2025 09:43:48	Netwtw14	7021	None	7021 - Connection telemetry fields and analysis usage
Information	26-11-2025 09:43:48	Netwtw14	7021	None	7021 - Connection telemetry fields and analysis usage
Information	26-11-2025 09:43:47	Netwtw14	7021	None	7021 - Connection telemetry fields and analysis usage
Information	26-11-2025 09:42:44	Netwtw14	7021	None	7021 - Connection telemetry fields and analysis usage
Information	26-11-2025 09:42:44	Netwtw14	7021	None	7021 - Connection telemetry fields and analysis usage
Information	26-11-2025 09:42:43	Netwtw14	7021	None	7021 - Connection telemetry fields and analysis usage
Information	26-11-2025 09:42:43	Netwtw14	7021	None	7021 - Connection telemetry fields and analysis usage
Information	26-11-2025 09:42:38	Netwtw14	7021	None	7021 - Connection telemetry fields and analysis usage
Information	26-11-2025 09:42:37	Netwtw14	7021	None	7021 - Connection telemetry fields and analysis usage
Information	26-11-2025 09:42:37	Netwtw14	7021	None	7021 - Connection telemetry fields and analysis usage
Information	26-11-2025 09:42:36	Netwtw14	7021	None	7021 - Connection telemetry fields and analysis usage
Information	26-11-2025 09:41:33	Netwtw14	7021	None	7021 - Connection telemetry fields and analysis usage
Information	26-11-2025 09:41:33	Netwtw14	7021	None	7021 - Connection telemetry fields and analysis usage
Information	26-11-2025 09:41:32	Netwtw14	7021	None	7021 - Connection telemetry fields and analysis usage
Information	26-11-2025 09:41:31	Netwtw14	7021	None	7021 - Connection telemetry fields and analysis usage
Information	26-11-2025 09:41:27	Netwtw14	7021	None	7021 - Connection telemetry fields and analysis usage
Information	26-11-2025 09:41:26	Netwtw14	7021	None	7021 - Connection telemetry fields and analysis usage
Information	26-11-2025 09:41:26	Netwtw14	7021	None	7021 - Connection telemetry fields and analysis usage
Information	26-11-2025 09:41:25	Netwtw14	7021	None	7021 - Connection telemetry fields and analysis usage
Information	26-11-2025 09:40:22	Netwtw14	7021	None	7021 - Connection telemetry fields and analysis usage
Information	26-11-2025 09:40:21	Netwtw14	7021	None	7021 - Connection telemetry fields and analysis usage
Information	26-11-2025 09:40:21	Netwtw14	7021	None	7021 - Connection telemetry fields and analysis usage
Information	26-11-2025 09:40:20	Netwtw14	7021	None	7021 - Connection telemetry fields and analysis usage
Information	26-11-2025 09:40:16	Netwtw14	7021	None	7021 - Connection telemetry fields and analysis usage
Information	26-11-2025 09:40:15	Netwtw14	7021	None	7021 - Connection telemetry fields and analysis usage
Information	26-11-2025 09:40:15	Netwtw14	7021	None	7021 - Connection telemetry fields and analysis usage
Information	26-11-2025 09:40:14	Netwtw14	7021	None	7021 - Connection telemetry fields and analysis usage
Information	26-11-2025 09:40:01	Netwtw14	7021	None	7021 - Connection telemetry fields and analysis usage
Information	26-11-2025 09:40:00	Netwtw14	7021	None	7021 - Connection telemetry fields and analysis usage
Information	26-11-2025 09:40:00	Netwtw14	7021	None	7021 - Connection telemetry fields and analysis usage
Information	26-11-2025 09:39:59	Netwtw14	7021	None	7021 - Connection telemetry fields and analysis usage
Information	26-11-2025 09:39:55	Netwtw14	7021	None	7021 - Connection telemetry fields and analysis usage
Information	26-11-2025 09:39:54	Netwtw14	7021	None	7021 - Connection telemetry fields and analysis usage
Information	26-11-2025 09:39:54	Netwtw14	7021	None	7021 - Connection telemetry fields and analysis usage
Information	26-11-2025 09:39:53	Netwtw14	7021	None	7021 - Connection telemetry fields and analysis usage
Information	26-11-2025 09:39:45	Netwtw14	7021	None	7021 - Connection telemetry fields and analysis usage
Information	26-11-2025 09:39:45	Netwtw14	7021	None	7021 - Connection telemetry fields and analysis usage
Information	26-11-2025 09:39:44	Netwtw14	7021	None	7021 - Connection telemetry fields and analysis usage
Information	26-11-2025 09:39:44	Netwtw14	7021	None	7021 - Connection telemetry fields and analysis usage
Information	26-11-2025 09:39:39	Netwtw14	7021	None	7021 - Connection telemetry fields and analysis usage
Information	26-11-2025 09:39:39	Netwtw14	7021	None	7021 - Connection telemetry fields and analysis usage
Information	26-11-2025 09:39:38	Netwtw14	7021	None	7021 - Connection telemetry fields and analysis usage
Information	26-11-2025 09:39:37	Netwtw14	7021	None	7021 - Connection telemetry fields and analysis usage
Information	26-11-2025 09:39:36	Microsoft-Windows-Kernel-Power	566	(268)	"The system session has transitioned from 2 to 3.

Reason PolicyChange 

BootId: 615"
Information	26-11-2025 09:39:36	Microsoft-Windows-Kernel-Power	507	(158)	"The system is exiting Modern Standby 

Reason: Lid."
Information	26-11-2025 09:39:36	Microsoft-Windows-Kernel-Power	172	(203)	Connectivity state in standby: Connected, Reason: None
Warning	26-11-2025 09:39:36	Win32k	701	None	Power Manager has not requested suppression of all input (INPUT_SUPPRESS_REQUEST=0)
Warning	26-11-2025 09:39:36	Win32k	701	None	Power Manager has not requested suppression of all input (INPUT_SUPPRESS_REQUEST=0)
Information	26-11-2025 09:35:34	Microsoft-Windows-Kernel-Power	172	(203)	Connectivity state in standby: Disconnected, Reason: Adaptive Connected Standby
Information	26-11-2025 09:35:27	Microsoft-Windows-Kernel-Power	566	(268)	"The system session has transitioned from 1 to 2.

Reason PolicyChange 

BootId: 615"
Information	26-11-2025 09:35:27	Microsoft-Windows-Kernel-Power	506	(157)	"The system is entering Modern Standby 

Reason: Lid."
Information	26-11-2025 09:35:27	Microsoft-Windows-Kernel-Power	566	(268)	"The system session has transitioned from 0 to 1.

Reason PolicyChange 

BootId: 615"
Warning	26-11-2025 09:35:27	Win32k	700	None	Power Manager has requested suppression of all input (INPUT_SUPPRESS_REQUEST=1)
Warning	26-11-2025 09:35:27	Win32k	700	None	Power Manager has requested suppression of all input (INPUT_SUPPRESS_REQUEST=1)
Information	26-11-2025 09:35:27	Netwtw14	7021	None	7021 - Connection telemetry fields and analysis usage
Information	26-11-2025 09:35:27	Netwtw14	7021	None	7021 - Connection telemetry fields and analysis usage
Information	26-11-2025 09:35:26	Netwtw14	7021	None	7021 - Connection telemetry fields and analysis usage
Information	26-11-2025 09:35:25	Netwtw14	7021	None	7021 - Connection telemetry fields and analysis usage
Information	26-11-2025 09:35:20	Netwtw14	7021	None	7021 - Connection telemetry fields and analysis usage
Information	26-11-2025 09:35:20	Netwtw14	7021	None	7021 - Connection telemetry fields and analysis usage
Information	26-11-2025 09:35:19	Netwtw14	7021	None	7021 - Connection telemetry fields and analysis usage
Information	26-11-2025 09:35:19	Netwtw14	7021	None	7021 - Connection telemetry fields and analysis usage
Information	26-11-2025 09:34:16	Netwtw14	7021	None	7021 - Connection telemetry fields and analysis usage
Information	26-11-2025 09:34:15	Netwtw14	7021	None	7021 - Connection telemetry fields and analysis usage
Information	26-11-2025 09:34:15	Netwtw14	7021	None	7021 - Connection telemetry fields and analysis usage
Information	26-11-2025 09:34:14	Netwtw14	7021	None	7021 - Connection telemetry fields and analysis usage
Information	26-11-2025 09:34:09	Netwtw14	7021	None	7021 - Connection telemetry fields and analysis usage
Information	26-11-2025 09:34:09	Netwtw14	7021	None	7021 - Connection telemetry fields and analysis usage
Information	26-11-2025 09:34:08	Netwtw14	7021	None	7021 - Connection telemetry fields and analysis usage
Information	26-11-2025 09:34:08	Netwtw14	7021	None	7021 - Connection telemetry fields and analysis usage
Information	26-11-2025 09:33:05	Netwtw14	7021	None	7021 - Connection telemetry fields and analysis usage
Information	26-11-2025 09:33:04	Netwtw14	7021	None	7021 - Connection telemetry fields and analysis usage
Information	26-11-2025 09:33:04	Netwtw14	7021	None	7021 - Connection telemetry fields and analysis usage
Information	26-11-2025 09:33:03	Netwtw14	7021	None	7021 - Connection telemetry fields and analysis usage
Information	26-11-2025 09:32:58	Netwtw14	7021	None	7021 - Connection telemetry fields and analysis usage
Information	26-11-2025 09:32:58	Netwtw14	7021	None	7021 - Connection telemetry fields and analysis usage
Information	26-11-2025 09:32:57	Netwtw14	7021	None	7021 - Connection telemetry fields and analysis usage
Information	26-11-2025 09:32:57	Netwtw14	7021	None	7021 - Connection telemetry fields and analysis usage
Information	26-11-2025 09:32:32	Microsoft-Windows-Kernel-General	16	None	The access history in hive \??\C:\ProgramData\Packages\Microsoft.Copilot_8wekyb3d8bbwe\S-1-5-21-2782663264-3991100608-3008750438-1001\SystemAppData\Helium\Cache\acdef52c0f0cf84b_COM15.dat was cleared updating 1 keys and creating 1 modified pages.
Information	26-11-2025 09:31:54	Netwtw14	7021	None	7021 - Connection telemetry fields and analysis usage
Error	26-11-2025 09:31:54	Microsoft-Windows-TPM-WMI	1801	None	"Secure Boot CA/keys need to be updated. This device signature information is included here.
DeviceAttributes: FirmwareVersion:LTCN33WW;OEMManufacturerName:LENOVO;OEMModelSKU:LENOVO_MT_83EM_BU_idea_FM_IdeaPad Slim 3 15IRH8;OSArchitecture:amd64;
BucketId: 19f5521a9a11b038ff2fbabfc2e3398b7331dde01e995bceb019686a7da0c8d3
BucketConfidenceLevel: 
UpdateType: 0
HResult: The operation completed successfully."
Information	26-11-2025 09:31:54	Netwtw14	7021	None	7021 - Connection telemetry fields and analysis usage
Information	26-11-2025 09:31:53	Netwtw14	7021	None	7021 - Connection telemetry fields and analysis usage
Information	26-11-2025 09:31:53	Netwtw14	7021	None	7021 - Connection telemetry fields and analysis usage
Information	26-11-2025 09:31:48	Netwtw14	7021	None	7021 - Connection telemetry fields and analysis usage
Information	26-11-2025 09:31:47	Netwtw14	7021	None	7021 - Connection telemetry fields and analysis usage
Information	26-11-2025 09:31:47	Netwtw14	7021	None	7021 - Connection telemetry fields and analysis usage
Information	26-11-2025 09:31:46	Netwtw14	7021	None	7021 - Connection telemetry fields and analysis usage
Information	26-11-2025 09:30:44	Netwtw14	7021	None	7021 - Connection telemetry fields and analysis usage
Information	26-11-2025 09:30:43	Netwtw14	7021	None	7021 - Connection telemetry fields and analysis usage
Information	26-11-2025 09:30:43	Netwtw14	7021	None	7021 - Connection telemetry fields and analysis usage
Information	26-11-2025 09:30:42	Netwtw14	7021	None	7021 - Connection telemetry fields and analysis usage
Information	26-11-2025 09:30:37	Netwtw14	7021	None	7021 - Connection telemetry fields and analysis usage
Information	26-11-2025 09:30:37	Netwtw14	7021	None	7021 - Connection telemetry fields and analysis usage
Information	26-11-2025 09:30:36	Netwtw14	7021	None	7021 - Connection telemetry fields and analysis usage
Information	26-11-2025 09:30:36	Netwtw14	7021	None	7021 - Connection telemetry fields and analysis usage
Information	26-11-2025 09:30:31	Microsoft-Windows-IsolatedUserMode	5	None	Secure Trustlet NULL Id 0 and Pid 0 started with status STATUS_SUCCESS.
Information	26-11-2025 09:29:34	Netwtw14	7021	None	7021 - Connection telemetry fields and analysis usage
Information	26-11-2025 09:29:32	Netwtw14	7021	None	7021 - Connection telemetry fields and analysis usage
Information	26-11-2025 09:29:30	Netwtw14	7021	None	7021 - Connection telemetry fields and analysis usage
